=== Session Log - 2026-03-27T17:35:09.744494 ===
2026-03-27T17:35:09.745137 Initializing Parallel EDL Firmware Flash...
2026-03-27T17:35:09.760327 
--- Starting Parallel EDL Firmware Flashing Process ---
2026-03-27T17:35:09.760930 Using provided EDL targets: 3D43FFB7
2026-03-27T17:35:09.761295 EDL targets: 3D43FFB7
2026-03-27T17:35:09.764306 [EDL:3D43FFB7] Starting firmware flash...
2026-03-27T17:35:09.862511 [EDL:3D43FFB7] waiting for programmer...
2026-03-27T17:35:11.383484 [EDL:3D43FFB7] successfully erased 2349528+0x20000
2026-03-27T17:35:12.377411 [EDL:3D43FFB7] successfully erased 3677144+0xe00000
2026-03-27T17:35:12.478522 [EDL:3D43FFB7] successfully erased 18357208+0x0
2026-03-27T17:35:12.639406 [EDL:3D43FFB7] modem_a 2.77%
2026-03-27T17:35:12.763495 [EDL:3D43FFB7] modem_a 13.86%
2026-03-27T17:35:12.887319 [EDL:3D43FFB7] modem_a 24.95%
2026-03-27T17:35:13.012090 [EDL:3D43FFB7] modem_a 36.03%
2026-03-27T17:35:13.138469 [EDL:3D43FFB7] modem_a 47.12%
2026-03-27T17:35:13.263756 [EDL:3D43FFB7] modem_a 58.21%
2026-03-27T17:35:13.388978 [EDL:3D43FFB7] modem_a 69.30%
2026-03-27T17:35:13.513427 [EDL:3D43FFB7] modem_a 80.38%
2026-03-27T17:35:13.619628 [EDL:3D43FFB7] modem_a 91.47%
2026-03-27T17:35:13.721279 [EDL:3D43FFB7] modem_a 100.00%
2026-03-27T17:35:13.752499 [EDL:3D43FFB7] flashed "modem_a" successfully at 36942kB/s
2026-03-27T17:35:13.881932 [EDL:3D43FFB7] modem_b 2.77%
2026-03-27T17:35:14.008425 [EDL:3D43FFB7] modem_b 13.86%
2026-03-27T17:35:14.133306 [EDL:3D43FFB7] modem_b 24.95%
2026-03-27T17:35:14.258460 [EDL:3D43FFB7] modem_b 36.03%
2026-03-27T17:35:14.384480 [EDL:3D43FFB7] modem_b 47.12%
2026-03-27T17:35:14.509447 [EDL:3D43FFB7] modem_b 58.21%
2026-03-27T17:35:14.636065 [EDL:3D43FFB7] modem_b 69.30%
2026-03-27T17:35:14.760367 [EDL:3D43FFB7] modem_b 80.38%
2026-03-27T17:35:14.863802 [EDL:3D43FFB7] modem_b 91.47%
2026-03-27T17:35:14.965046 [EDL:3D43FFB7] modem_b 100.00%
2026-03-27T17:35:14.998614 [EDL:3D43FFB7] flashed "modem_b" successfully at 36942kB/s
2026-03-27T17:35:15.142873 [EDL:3D43FFB7] imagefv_a 49.71%
2026-03-27T17:35:15.176834 [EDL:3D43FFB7] flashed "imagefv_a" successfully at 2060kB/s
2026-03-27T17:35:15.323900 [EDL:3D43FFB7] imagefv_b 49.71%
2026-03-27T17:35:15.336440 [EDL:3D43FFB7] flashed "imagefv_b" successfully
2026-03-27T17:35:15.442461 [EDL:3D43FFB7] cmnlib_a 100.00%
2026-03-27T17:35:15.458105 [EDL:3D43FFB7] flashed "cmnlib_a" successfully
2026-03-27T17:35:15.564739 [EDL:3D43FFB7] cmnlib64_a 100.00%
2026-03-27T17:35:15.577024 [EDL:3D43FFB7] flashed "cmnlib64_a" successfully
2026-03-27T17:35:15.683895 [EDL:3D43FFB7] cmnlib_b 100.00%
2026-03-27T17:35:15.699959 [EDL:3D43FFB7] flashed "cmnlib_b" successfully
2026-03-27T17:35:15.808123 [EDL:3D43FFB7] cmnlib64_b 100.00%
2026-03-27T17:35:15.809958 [EDL:3D43FFB7] flashed "cmnlib64_b" successfully
2026-03-27T17:35:15.911956 [EDL:3D43FFB7] devcfg_a 100.00%
2026-03-27T17:35:15.916318 [EDL:3D43FFB7] flashed "devcfg_a" successfully
2026-03-27T17:35:16.015859 [EDL:3D43FFB7] devcfg_b 100.00%
2026-03-27T17:35:16.017169 [EDL:3D43FFB7] flashed "devcfg_b" successfully
2026-03-27T17:35:16.118207 [EDL:3D43FFB7] devinfo 100.00%
2026-03-27T17:35:16.150636 [EDL:3D43FFB7] flashed "devinfo" successfully
2026-03-27T17:35:16.274447 [EDL:3D43FFB7] dsp_a 3.12%
2026-03-27T17:35:16.399534 [EDL:3D43FFB7] dsp_a 15.62%
2026-03-27T17:35:16.523524 [EDL:3D43FFB7] dsp_a 28.12%
2026-03-27T17:35:16.650030 [EDL:3D43FFB7] dsp_a 40.62%
2026-03-27T17:35:16.773776 [EDL:3D43FFB7] dsp_a 53.12%
2026-03-27T17:35:16.897814 [EDL:3D43FFB7] dsp_a 65.62%
2026-03-27T17:35:17.021801 [EDL:3D43FFB7] dsp_a 78.12%
2026-03-27T17:35:17.227431 [EDL:3D43FFB7] dsp_a 90.62%
2026-03-27T17:35:17.259232 [EDL:3D43FFB7] flashed "dsp_a" successfully at 32768kB/s
2026-03-27T17:35:17.384205 [EDL:3D43FFB7] dsp_b 3.12%
2026-03-27T17:35:17.509565 [EDL:3D43FFB7] dsp_b 15.62%
2026-03-27T17:35:17.635359 [EDL:3D43FFB7] dsp_b 28.12%
2026-03-27T17:35:17.758765 [EDL:3D43FFB7] dsp_b 40.62%
2026-03-27T17:35:17.882846 [EDL:3D43FFB7] dsp_b 53.12%
2026-03-27T17:35:18.006146 [EDL:3D43FFB7] dsp_b 65.62%
2026-03-27T17:35:18.131924 [EDL:3D43FFB7] dsp_b 78.12%
2026-03-27T17:35:18.335630 [EDL:3D43FFB7] dsp_b 90.62%
2026-03-27T17:35:18.347718 [EDL:3D43FFB7] flashed "dsp_b" successfully at 32768kB/s
2026-03-27T17:35:18.453766 [EDL:3D43FFB7] hyp_a 100.00%
2026-03-27T17:35:18.466179 [EDL:3D43FFB7] flashed "hyp_a" successfully
2026-03-27T17:35:18.577152 [EDL:3D43FFB7] hyp_b 100.00%
2026-03-27T17:35:18.586426 [EDL:3D43FFB7] flashed "hyp_b" successfully
2026-03-27T17:35:18.691108 [EDL:3D43FFB7] keymaster_a 100.00%
2026-03-27T17:35:18.703705 [EDL:3D43FFB7] flashed "keymaster_a" successfully
2026-03-27T17:35:18.810762 [EDL:3D43FFB7] keymaster_b 100.00%
2026-03-27T17:35:18.815081 [EDL:3D43FFB7] flashed "keymaster_b" successfully
2026-03-27T17:35:18.913556 [EDL:3D43FFB7] logfs 100.00%
2026-03-27T17:35:18.918964 [EDL:3D43FFB7] flashed "logfs" successfully
2026-03-27T17:35:19.018198 [EDL:3D43FFB7] qupfw_a 100.00%
2026-03-27T17:35:19.025294 [EDL:3D43FFB7] flashed "qupfw_a" successfully
2026-03-27T17:35:19.122533 [EDL:3D43FFB7] qupfw_b 100.00%
2026-03-27T17:35:19.129915 [EDL:3D43FFB7] flashed "qupfw_b" successfully
2026-03-27T17:35:19.234576 [EDL:3D43FFB7] rpm_a 100.00%
2026-03-27T17:35:19.242603 [EDL:3D43FFB7] flashed "rpm_a" successfully
2026-03-27T17:35:19.346766 [EDL:3D43FFB7] rpm_b 100.00%
2026-03-27T17:35:19.351315 [EDL:3D43FFB7] flashed "rpm_b" successfully
2026-03-27T17:35:19.449799 [EDL:3D43FFB7] storsec 100.00%
2026-03-27T17:35:19.481579 [EDL:3D43FFB7] flashed "storsec" successfully
2026-03-27T17:35:19.621951 [EDL:3D43FFB7] tz_a 51.61%
2026-03-27T17:35:19.653844 [EDL:3D43FFB7] flashed "tz_a" successfully
2026-03-27T17:35:19.794148 [EDL:3D43FFB7] tz_b 51.61%
2026-03-27T17:35:19.798768 [EDL:3D43FFB7] flashed "tz_b" successfully
2026-03-27T17:35:19.901046 [EDL:3D43FFB7] uefisecapp_a 100.00%
2026-03-27T17:35:19.905716 [EDL:3D43FFB7] flashed "uefisecapp_a" successfully
2026-03-27T17:35:20.010200 [EDL:3D43FFB7] uefisecapp_b 100.00%
2026-03-27T17:35:20.042577 [EDL:3D43FFB7] flashed "uefisecapp_b" successfully
2026-03-27T17:35:20.213305 [EDL:3D43FFB7] xbl_a 34.94%
2026-03-27T17:35:20.246191 [EDL:3D43FFB7] flashed "xbl_a" successfully
2026-03-27T17:35:20.415373 [EDL:3D43FFB7] xbl_b 34.94%
2026-03-27T17:35:20.420010 [EDL:3D43FFB7] flashed "xbl_b" successfully
2026-03-27T17:35:20.522276 [EDL:3D43FFB7] xbl_config_a 100.00%
2026-03-27T17:35:20.526995 [EDL:3D43FFB7] flashed "xbl_config_a" successfully
2026-03-27T17:35:20.628047 [EDL:3D43FFB7] xbl_config_b 100.00%
2026-03-27T17:35:20.635612 [EDL:3D43FFB7] flashed "xbl_config_b" successfully
2026-03-27T17:35:20.739812 [EDL:3D43FFB7] abl_a 100.00%
2026-03-27T17:35:20.746930 [EDL:3D43FFB7] flashed "abl_a" successfully
2026-03-27T17:35:20.851041 [EDL:3D43FFB7] abl_b 100.00%
2026-03-27T17:35:20.883239 [EDL:3D43FFB7] flashed "abl_b" successfully
2026-03-27T17:35:21.009466 [EDL:3D43FFB7] boot_a 1.04%
2026-03-27T17:35:21.135534 [EDL:3D43FFB7] boot_a 5.21%
2026-03-27T17:35:21.260965 [EDL:3D43FFB7] boot_a 9.38%
2026-03-27T17:35:21.387104 [EDL:3D43FFB7] boot_a 13.54%
2026-03-27T17:35:21.512281 [EDL:3D43FFB7] boot_a 17.71%
2026-03-27T17:35:21.637165 [EDL:3D43FFB7] boot_a 21.88%
2026-03-27T17:35:21.762308 [EDL:3D43FFB7] boot_a 26.04%
2026-03-27T17:35:21.888955 [EDL:3D43FFB7] boot_a 30.21%
2026-03-27T17:35:22.014185 [EDL:3D43FFB7] boot_a 34.38%
2026-03-27T17:35:22.140439 [EDL:3D43FFB7] boot_a 38.54%
2026-03-27T17:35:22.267087 [EDL:3D43FFB7] boot_a 42.71%
2026-03-27T17:35:22.392485 [EDL:3D43FFB7] boot_a 46.88%
2026-03-27T17:35:22.517600 [EDL:3D43FFB7] boot_a 51.04%
2026-03-27T17:35:22.643302 [EDL:3D43FFB7] boot_a 55.21%
2026-03-27T17:35:22.767631 [EDL:3D43FFB7] boot_a 59.38%
2026-03-27T17:35:22.892445 [EDL:3D43FFB7] boot_a 63.54%
2026-03-27T17:35:23.015856 [EDL:3D43FFB7] boot_a 67.71%
2026-03-27T17:35:23.140090 [EDL:3D43FFB7] boot_a 71.88%
2026-03-27T17:35:23.263429 [EDL:3D43FFB7] boot_a 76.04%
2026-03-27T17:35:23.387753 [EDL:3D43FFB7] boot_a 80.21%
2026-03-27T17:35:23.512470 [EDL:3D43FFB7] boot_a 84.38%
2026-03-27T17:35:23.634347 [EDL:3D43FFB7] boot_a 88.54%
2026-03-27T17:35:23.757953 [EDL:3D43FFB7] boot_a 92.71%
2026-03-27T17:35:23.963390 [EDL:3D43FFB7] boot_a 96.88%
2026-03-27T17:35:23.994899 [EDL:3D43FFB7] flashed "boot_a" successfully at 32768kB/s
2026-03-27T17:35:24.120539 [EDL:3D43FFB7] boot_b 1.04%
2026-03-27T17:35:24.245180 [EDL:3D43FFB7] boot_b 5.21%
2026-03-27T17:35:24.369736 [EDL:3D43FFB7] boot_b 9.38%
2026-03-27T17:35:24.493753 [EDL:3D43FFB7] boot_b 13.54%
2026-03-27T17:35:24.622257 [EDL:3D43FFB7] boot_b 17.71%
2026-03-27T17:35:24.746945 [EDL:3D43FFB7] boot_b 21.88%
2026-03-27T17:35:24.870494 [EDL:3D43FFB7] boot_b 26.04%
2026-03-27T17:35:24.995084 [EDL:3D43FFB7] boot_b 30.21%
2026-03-27T17:35:25.118570 [EDL:3D43FFB7] boot_b 34.38%
2026-03-27T17:35:25.242576 [EDL:3D43FFB7] boot_b 38.54%
2026-03-27T17:35:25.367811 [EDL:3D43FFB7] boot_b 42.71%
2026-03-27T17:35:25.491811 [EDL:3D43FFB7] boot_b 46.88%
2026-03-27T17:35:25.617059 [EDL:3D43FFB7] boot_b 51.04%
2026-03-27T17:35:25.741537 [EDL:3D43FFB7] boot_b 55.21%
2026-03-27T17:35:25.865574 [EDL:3D43FFB7] boot_b 59.38%
2026-03-27T17:35:25.989995 [EDL:3D43FFB7] boot_b 63.54%
2026-03-27T17:35:26.116474 [EDL:3D43FFB7] boot_b 67.71%
2026-03-27T17:35:26.241719 [EDL:3D43FFB7] boot_b 71.88%
2026-03-27T17:35:26.364632 [EDL:3D43FFB7] boot_b 76.04%
2026-03-27T17:35:26.488900 [EDL:3D43FFB7] boot_b 80.21%
2026-03-27T17:35:26.614473 [EDL:3D43FFB7] boot_b 84.38%
2026-03-27T17:35:26.739440 [EDL:3D43FFB7] boot_b 88.54%
2026-03-27T17:35:26.864422 [EDL:3D43FFB7] boot_b 92.71%
2026-03-27T17:35:27.070365 [EDL:3D43FFB7] boot_b 96.88%
2026-03-27T17:35:27.102321 [EDL:3D43FFB7] flashed "boot_b" successfully at 32768kB/s
2026-03-27T17:35:27.226204 [EDL:3D43FFB7] dtbo_a 12.50%
2026-03-27T17:35:27.430551 [EDL:3D43FFB7] dtbo_a 62.50%
2026-03-27T17:35:27.462855 [EDL:3D43FFB7] flashed "dtbo_a" successfully
2026-03-27T17:35:27.586403 [EDL:3D43FFB7] dtbo_b 12.50%
2026-03-27T17:35:27.792610 [EDL:3D43FFB7] dtbo_b 62.50%
2026-03-27T17:35:27.824567 [EDL:3D43FFB7] flashed "dtbo_b" successfully
2026-03-27T17:35:27.948615 [EDL:3D43FFB7] init_boot_a 12.50%
2026-03-27T17:35:28.154643 [EDL:3D43FFB7] init_boot_a 62.50%
2026-03-27T17:35:28.186336 [EDL:3D43FFB7] flashed "init_boot_a" successfully at 8192kB/s
2026-03-27T17:35:28.310741 [EDL:3D43FFB7] init_boot_b 12.50%
2026-03-27T17:35:28.516273 [EDL:3D43FFB7] init_boot_b 62.50%
2026-03-27T17:35:28.520515 [EDL:3D43FFB7] flashed "init_boot_b" successfully
2026-03-27T17:35:28.618164 [EDL:3D43FFB7] metadata 100.00%
2026-03-27T17:35:28.627432 [EDL:3D43FFB7] flashed "metadata" successfully
2026-03-27T17:35:28.721503 [EDL:3D43FFB7] metadata 100.00%
2026-03-27T17:35:28.753422 [EDL:3D43FFB7] flashed "metadata" successfully
2026-03-27T17:35:28.877103 [EDL:3D43FFB7] metadata 9.95%
2026-03-27T17:35:29.001297 [EDL:3D43FFB7] metadata 49.75%
2026-03-27T17:35:29.146959 [EDL:3D43FFB7] metadata 89.55%
2026-03-27T17:35:29.152863 [EDL:3D43FFB7] flashed "metadata" successfully at 10292kB/s
2026-03-27T17:35:29.250027 [EDL:3D43FFB7] metadata 100.00%
2026-03-27T17:35:29.256080 [EDL:3D43FFB7] flashed "metadata" successfully
2026-03-27T17:35:29.353403 [EDL:3D43FFB7] metadata 100.00%
2026-03-27T17:35:29.385018 [EDL:3D43FFB7] flashed "metadata" successfully
2026-03-27T17:35:29.509206 [EDL:3D43FFB7] recovery_a 1.00%
2026-03-27T17:35:29.632839 [EDL:3D43FFB7] recovery_a 5.00%
2026-03-27T17:35:29.756441 [EDL:3D43FFB7] recovery_a 9.00%
2026-03-27T17:35:29.880233 [EDL:3D43FFB7] recovery_a 13.00%
2026-03-27T17:35:30.003320 [EDL:3D43FFB7] recovery_a 17.00%
2026-03-27T17:35:30.128246 [EDL:3D43FFB7] recovery_a 21.00%
2026-03-27T17:35:30.251916 [EDL:3D43FFB7] recovery_a 25.00%
2026-03-27T17:35:30.375366 [EDL:3D43FFB7] recovery_a 29.00%
2026-03-27T17:35:30.499167 [EDL:3D43FFB7] recovery_a 33.00%
2026-03-27T17:35:30.624404 [EDL:3D43FFB7] recovery_a 37.00%
2026-03-27T17:35:30.747437 [EDL:3D43FFB7] recovery_a 41.00%
2026-03-27T17:35:30.875657 [EDL:3D43FFB7] recovery_a 45.00%
2026-03-27T17:35:31.001132 [EDL:3D43FFB7] recovery_a 49.00%
2026-03-27T17:35:31.126400 [EDL:3D43FFB7] recovery_a 53.00%
2026-03-27T17:35:31.250430 [EDL:3D43FFB7] recovery_a 57.00%
2026-03-27T17:35:31.375476 [EDL:3D43FFB7] recovery_a 61.00%
2026-03-27T17:35:31.499320 [EDL:3D43FFB7] recovery_a 65.00%
2026-03-27T17:35:31.623183 [EDL:3D43FFB7] recovery_a 69.00%
2026-03-27T17:35:31.747221 [EDL:3D43FFB7] recovery_a 73.00%
2026-03-27T17:35:31.871217 [EDL:3D43FFB7] recovery_a 77.00%
2026-03-27T17:35:31.995383 [EDL:3D43FFB7] recovery_a 81.00%
2026-03-27T17:35:32.121195 [EDL:3D43FFB7] recovery_a 85.00%
2026-03-27T17:35:32.245263 [EDL:3D43FFB7] recovery_a 89.00%
2026-03-27T17:35:32.369084 [EDL:3D43FFB7] recovery_a 93.00%
2026-03-27T17:35:32.571960 [EDL:3D43FFB7] recovery_a 97.00%
2026-03-27T17:35:32.604956 [EDL:3D43FFB7] flashed "recovery_a" successfully at 34133kB/s
2026-03-27T17:35:32.730862 [EDL:3D43FFB7] recovery_b 1.00%
2026-03-27T17:35:32.854214 [EDL:3D43FFB7] recovery_b 5.00%
2026-03-27T17:35:32.978973 [EDL:3D43FFB7] recovery_b 9.00%
2026-03-27T17:35:33.103312 [EDL:3D43FFB7] recovery_b 13.00%
2026-03-27T17:35:33.229018 [EDL:3D43FFB7] recovery_b 17.00%
2026-03-27T17:35:33.353981 [EDL:3D43FFB7] recovery_b 21.00%
2026-03-27T17:35:33.479060 [EDL:3D43FFB7] recovery_b 25.00%
2026-03-27T17:35:33.604447 [EDL:3D43FFB7] recovery_b 29.00%
2026-03-27T17:35:33.729357 [EDL:3D43FFB7] recovery_b 33.00%
2026-03-27T17:35:33.854086 [EDL:3D43FFB7] recovery_b 37.00%
2026-03-27T17:35:33.979142 [EDL:3D43FFB7] recovery_b 41.00%
2026-03-27T17:35:34.104511 [EDL:3D43FFB7] recovery_b 45.00%
2026-03-27T17:35:34.227833 [EDL:3D43FFB7] recovery_b 49.00%
2026-03-27T17:35:34.351391 [EDL:3D43FFB7] recovery_b 53.00%
2026-03-27T17:35:34.475309 [EDL:3D43FFB7] recovery_b 57.00%
2026-03-27T17:35:34.600204 [EDL:3D43FFB7] recovery_b 61.00%
2026-03-27T17:35:34.725295 [EDL:3D43FFB7] recovery_b 65.00%
2026-03-27T17:35:34.849716 [EDL:3D43FFB7] recovery_b 69.00%
2026-03-27T17:35:34.974172 [EDL:3D43FFB7] recovery_b 73.00%
2026-03-27T17:35:35.099091 [EDL:3D43FFB7] recovery_b 77.00%
2026-03-27T17:35:35.223554 [EDL:3D43FFB7] recovery_b 81.00%
2026-03-27T17:35:35.348786 [EDL:3D43FFB7] recovery_b 85.00%
2026-03-27T17:35:35.473493 [EDL:3D43FFB7] recovery_b 89.00%
2026-03-27T17:35:35.598286 [EDL:3D43FFB7] recovery_b 93.00%
2026-03-27T17:35:35.804712 [EDL:3D43FFB7] recovery_b 97.00%
2026-03-27T17:35:35.805939 [EDL:3D43FFB7] flashed "recovery_b" successfully at 34133kB/s
2026-03-27T17:35:35.906931 [EDL:3D43FFB7] vbmeta_a 100.00%
2026-03-27T17:35:35.911321 [EDL:3D43FFB7] flashed "vbmeta_a" successfully
2026-03-27T17:35:36.009511 [EDL:3D43FFB7] vbmeta_b 100.00%
2026-03-27T17:35:36.041309 [EDL:3D43FFB7] flashed "vbmeta_b" successfully
2026-03-27T17:35:36.166998 [EDL:3D43FFB7] vendor_boot_a 1.04%
2026-03-27T17:35:36.290951 [EDL:3D43FFB7] vendor_boot_a 5.21%
2026-03-27T17:35:36.415027 [EDL:3D43FFB7] vendor_boot_a 9.38%
2026-03-27T17:35:36.538280 [EDL:3D43FFB7] vendor_boot_a 13.54%
2026-03-27T17:35:36.663805 [EDL:3D43FFB7] vendor_boot_a 17.71%
2026-03-27T17:35:36.787314 [EDL:3D43FFB7] vendor_boot_a 21.88%
2026-03-27T17:35:36.910564 [EDL:3D43FFB7] vendor_boot_a 26.04%
2026-03-27T17:35:37.034821 [EDL:3D43FFB7] vendor_boot_a 30.21%
2026-03-27T17:35:37.158635 [EDL:3D43FFB7] vendor_boot_a 34.38%
2026-03-27T17:35:37.281427 [EDL:3D43FFB7] vendor_boot_a 38.54%
2026-03-27T17:35:37.404805 [EDL:3D43FFB7] vendor_boot_a 42.71%
2026-03-27T17:35:37.528300 [EDL:3D43FFB7] vendor_boot_a 46.88%
2026-03-27T17:35:37.652498 [EDL:3D43FFB7] vendor_boot_a 51.04%
2026-03-27T17:35:37.775747 [EDL:3D43FFB7] vendor_boot_a 55.21%
2026-03-27T17:35:37.899495 [EDL:3D43FFB7] vendor_boot_a 59.38%
2026-03-27T17:35:38.023073 [EDL:3D43FFB7] vendor_boot_a 63.54%
2026-03-27T17:35:38.148633 [EDL:3D43FFB7] vendor_boot_a 67.71%
2026-03-27T17:35:38.272828 [EDL:3D43FFB7] vendor_boot_a 71.88%
2026-03-27T17:35:38.396228 [EDL:3D43FFB7] vendor_boot_a 76.04%
2026-03-27T17:35:38.521008 [EDL:3D43FFB7] vendor_boot_a 80.21%
2026-03-27T17:35:38.645363 [EDL:3D43FFB7] vendor_boot_a 84.38%
2026-03-27T17:35:38.769515 [EDL:3D43FFB7] vendor_boot_a 88.54%
2026-03-27T17:35:38.894092 [EDL:3D43FFB7] vendor_boot_a 92.71%
2026-03-27T17:35:39.099322 [EDL:3D43FFB7] vendor_boot_a 96.88%
2026-03-27T17:35:39.130742 [EDL:3D43FFB7] flashed "vendor_boot_a" successfully at 49152kB/s
2026-03-27T17:35:39.254615 [EDL:3D43FFB7] vendor_boot_b 1.04%
2026-03-27T17:35:39.379228 [EDL:3D43FFB7] vendor_boot_b 5.21%
2026-03-27T17:35:39.503015 [EDL:3D43FFB7] vendor_boot_b 9.38%
2026-03-27T17:35:39.625573 [EDL:3D43FFB7] vendor_boot_b 13.54%
2026-03-27T17:35:39.749344 [EDL:3D43FFB7] vendor_boot_b 17.71%
2026-03-27T17:35:39.873437 [EDL:3D43FFB7] vendor_boot_b 21.88%
2026-03-27T17:35:39.996568 [EDL:3D43FFB7] vendor_boot_b 26.04%
2026-03-27T17:35:40.122309 [EDL:3D43FFB7] vendor_boot_b 30.21%
2026-03-27T17:35:40.245713 [EDL:3D43FFB7] vendor_boot_b 34.38%
2026-03-27T17:35:40.370493 [EDL:3D43FFB7] vendor_boot_b 38.54%
2026-03-27T17:35:40.494530 [EDL:3D43FFB7] vendor_boot_b 42.71%
2026-03-27T17:35:40.618884 [EDL:3D43FFB7] vendor_boot_b 46.88%
2026-03-27T17:35:40.742524 [EDL:3D43FFB7] vendor_boot_b 51.04%
2026-03-27T17:35:40.866359 [EDL:3D43FFB7] vendor_boot_b 55.21%
2026-03-27T17:35:40.990767 [EDL:3D43FFB7] vendor_boot_b 59.38%
2026-03-27T17:35:41.114392 [EDL:3D43FFB7] vendor_boot_b 63.54%
2026-03-27T17:35:41.238622 [EDL:3D43FFB7] vendor_boot_b 67.71%
2026-03-27T17:35:41.362136 [EDL:3D43FFB7] vendor_boot_b 71.88%
2026-03-27T17:35:41.486752 [EDL:3D43FFB7] vendor_boot_b 76.04%
2026-03-27T17:35:41.610647 [EDL:3D43FFB7] vendor_boot_b 80.21%
2026-03-27T17:35:41.733414 [EDL:3D43FFB7] vendor_boot_b 84.38%
2026-03-27T17:35:41.857269 [EDL:3D43FFB7] vendor_boot_b 88.54%
2026-03-27T17:35:41.981536 [EDL:3D43FFB7] vendor_boot_b 92.71%
2026-03-27T17:35:42.188050 [EDL:3D43FFB7] vendor_boot_b 96.88%
2026-03-27T17:35:42.188707 [EDL:3D43FFB7] flashed "vendor_boot_b" successfully at 32768kB/s
2026-03-27T17:35:42.290260 [EDL:3D43FFB7] vbmeta_system_a 100.00%
2026-03-27T17:35:42.290815 [EDL:3D43FFB7] flashed "vbmeta_system_a" successfully
2026-03-27T17:35:42.392437 [EDL:3D43FFB7] vbmeta_system_b 100.00%
2026-03-27T17:35:42.405350 [EDL:3D43FFB7] flashed "vbmeta_system_b" successfully
2026-03-27T17:35:42.511887 [EDL:3D43FFB7] super 100.00%
2026-03-27T17:35:42.542872 [EDL:3D43FFB7] flashed "super" successfully
2026-03-27T17:35:42.660234 [EDL:3D43FFB7] super 73.99%
2026-03-27T17:35:42.692223 [EDL:3D43FFB7] flashed "super" successfully
2026-03-27T17:35:42.817138 [EDL:3D43FFB7] super 0.03%
2026-03-27T17:35:42.941806 [EDL:3D43FFB7] super 0.17%
2026-03-27T17:35:43.067318 [EDL:3D43FFB7] super 0.30%
2026-03-27T17:35:43.190744 [EDL:3D43FFB7] super 0.44%
2026-03-27T17:35:43.315059 [EDL:3D43FFB7] super 0.57%
2026-03-27T17:35:43.439780 [EDL:3D43FFB7] super 0.70%
2026-03-27T17:35:43.565597 [EDL:3D43FFB7] super 0.84%
2026-03-27T17:35:43.690572 [EDL:3D43FFB7] super 0.97%
2026-03-27T17:35:43.814514 [EDL:3D43FFB7] super 1.11%
2026-03-27T17:35:43.938444 [EDL:3D43FFB7] super 1.24%
2026-03-27T17:35:44.062358 [EDL:3D43FFB7] super 1.37%
2026-03-27T17:35:44.186949 [EDL:3D43FFB7] super 1.51%
2026-03-27T17:35:44.310454 [EDL:3D43FFB7] super 1.64%
2026-03-27T17:35:44.433780 [EDL:3D43FFB7] super 1.78%
2026-03-27T17:35:44.578179 [EDL:3D43FFB7] super 1.91%
2026-03-27T17:35:44.682410 [EDL:3D43FFB7] super 2.04%
2026-03-27T17:35:44.806429 [EDL:3D43FFB7] super 2.18%
2026-03-27T17:35:44.930507 [EDL:3D43FFB7] super 2.31%
2026-03-27T17:35:45.055512 [EDL:3D43FFB7] super 2.45%
2026-03-27T17:35:45.180073 [EDL:3D43FFB7] super 2.58%
2026-03-27T17:35:45.305484 [EDL:3D43FFB7] super 2.72%
2026-03-27T17:35:45.429289 [EDL:3D43FFB7] super 2.85%
2026-03-27T17:35:45.553219 [EDL:3D43FFB7] super 2.98%
2026-03-27T17:35:45.676590 [EDL:3D43FFB7] super 3.12%
2026-03-27T17:35:45.799607 [EDL:3D43FFB7] super 3.25%
2026-03-27T17:35:45.923801 [EDL:3D43FFB7] super 3.39%
2026-03-27T17:35:46.049299 [EDL:3D43FFB7] super 3.52%
2026-03-27T17:35:46.174893 [EDL:3D43FFB7] super 3.65%
2026-03-27T17:35:46.299231 [EDL:3D43FFB7] super 3.79%
2026-03-27T17:35:46.422808 [EDL:3D43FFB7] super 3.92%
2026-03-27T17:35:46.546885 [EDL:3D43FFB7] super 4.06%
2026-03-27T17:35:46.672381 [EDL:3D43FFB7] super 4.19%
2026-03-27T17:35:46.797811 [EDL:3D43FFB7] super 4.32%
2026-03-27T17:35:46.921998 [EDL:3D43FFB7] super 4.46%
2026-03-27T17:35:47.045868 [EDL:3D43FFB7] super 4.59%
2026-03-27T17:35:47.172218 [EDL:3D43FFB7] super 4.73%
2026-03-27T17:35:47.295792 [EDL:3D43FFB7] super 4.86%
2026-03-27T17:35:47.420515 [EDL:3D43FFB7] super 4.99%
2026-03-27T17:35:47.545191 [EDL:3D43FFB7] super 5.13%
2026-03-27T17:35:47.668693 [EDL:3D43FFB7] super 5.26%
2026-03-27T17:35:47.792538 [EDL:3D43FFB7] super 5.40%
2026-03-27T17:35:47.916864 [EDL:3D43FFB7] super 5.53%
2026-03-27T17:35:48.041111 [EDL:3D43FFB7] super 5.67%
2026-03-27T17:35:48.166324 [EDL:3D43FFB7] super 5.80%
2026-03-27T17:35:48.288654 [EDL:3D43FFB7] super 5.93%
2026-03-27T17:35:48.412881 [EDL:3D43FFB7] super 6.07%
2026-03-27T17:35:48.537461 [EDL:3D43FFB7] super 6.20%
2026-03-27T17:35:48.663278 [EDL:3D43FFB7] super 6.34%
2026-03-27T17:35:48.786431 [EDL:3D43FFB7] super 6.47%
2026-03-27T17:35:48.909843 [EDL:3D43FFB7] super 6.60%
2026-03-27T17:35:49.034950 [EDL:3D43FFB7] super 6.74%
2026-03-27T17:35:49.159204 [EDL:3D43FFB7] super 6.87%
2026-03-27T17:35:49.282971 [EDL:3D43FFB7] super 7.01%
2026-03-27T17:35:49.407452 [EDL:3D43FFB7] super 7.14%
2026-03-27T17:35:49.532559 [EDL:3D43FFB7] super 7.27%
2026-03-27T17:35:49.656609 [EDL:3D43FFB7] super 7.41%
2026-03-27T17:35:49.782452 [EDL:3D43FFB7] super 7.54%
2026-03-27T17:35:49.906461 [EDL:3D43FFB7] super 7.68%
2026-03-27T17:35:50.030360 [EDL:3D43FFB7] super 7.81%
2026-03-27T17:35:50.156620 [EDL:3D43FFB7] super 7.94%
2026-03-27T17:35:50.279585 [EDL:3D43FFB7] super 8.08%
2026-03-27T17:35:50.402149 [EDL:3D43FFB7] super 8.21%
2026-03-27T17:35:50.525833 [EDL:3D43FFB7] super 8.35%
2026-03-27T17:35:50.650542 [EDL:3D43FFB7] super 8.48%
2026-03-27T17:35:50.774462 [EDL:3D43FFB7] super 8.62%
2026-03-27T17:35:50.897860 [EDL:3D43FFB7] super 8.75%
2026-03-27T17:35:51.020985 [EDL:3D43FFB7] super 8.88%
2026-03-27T17:35:51.147326 [EDL:3D43FFB7] super 9.02%
2026-03-27T17:35:51.268863 [EDL:3D43FFB7] super 9.15%
2026-03-27T17:35:51.392348 [EDL:3D43FFB7] super 9.29%
2026-03-27T17:35:51.515020 [EDL:3D43FFB7] super 9.42%
2026-03-27T17:35:51.638069 [EDL:3D43FFB7] super 9.55%
2026-03-27T17:35:51.761503 [EDL:3D43FFB7] super 9.69%
2026-03-27T17:35:51.884844 [EDL:3D43FFB7] super 9.82%
2026-03-27T17:35:52.008511 [EDL:3D43FFB7] super 9.96%
2026-03-27T17:35:52.133009 [EDL:3D43FFB7] super 10.09%
2026-03-27T17:35:52.255543 [EDL:3D43FFB7] super 10.22%
2026-03-27T17:35:52.378388 [EDL:3D43FFB7] super 10.36%
2026-03-27T17:35:52.502959 [EDL:3D43FFB7] super 10.49%
2026-03-27T17:35:52.627491 [EDL:3D43FFB7] super 10.63%
2026-03-27T17:35:52.750958 [EDL:3D43FFB7] super 10.76%
2026-03-27T17:35:52.874385 [EDL:3D43FFB7] super 10.89%
2026-03-27T17:35:52.997915 [EDL:3D43FFB7] super 11.03%
2026-03-27T17:35:53.121541 [EDL:3D43FFB7] super 11.16%
2026-03-27T17:35:53.245471 [EDL:3D43FFB7] super 11.30%
2026-03-27T17:35:53.369794 [EDL:3D43FFB7] super 11.43%
2026-03-27T17:35:53.494164 [EDL:3D43FFB7] super 11.57%
2026-03-27T17:35:53.616762 [EDL:3D43FFB7] super 11.70%
2026-03-27T17:35:53.742068 [EDL:3D43FFB7] super 11.83%
2026-03-27T17:35:53.867563 [EDL:3D43FFB7] super 11.97%
2026-03-27T17:35:53.991758 [EDL:3D43FFB7] super 12.10%
2026-03-27T17:35:54.119422 [EDL:3D43FFB7] super 12.24%
2026-03-27T17:35:54.244794 [EDL:3D43FFB7] super 12.37%
2026-03-27T17:35:54.370121 [EDL:3D43FFB7] super 12.50%
2026-03-27T17:35:54.493477 [EDL:3D43FFB7] super 12.64%
2026-03-27T17:35:54.617990 [EDL:3D43FFB7] super 12.77%
2026-03-27T17:35:54.740947 [EDL:3D43FFB7] super 12.91%
2026-03-27T17:35:54.864011 [EDL:3D43FFB7] super 13.04%
2026-03-27T17:35:54.988006 [EDL:3D43FFB7] super 13.17%
2026-03-27T17:35:55.111290 [EDL:3D43FFB7] super 13.31%
2026-03-27T17:35:55.235308 [EDL:3D43FFB7] super 13.44%
2026-03-27T17:35:55.359414 [EDL:3D43FFB7] super 13.58%
2026-03-27T17:35:55.483314 [EDL:3D43FFB7] super 13.71%
2026-03-27T17:35:55.606587 [EDL:3D43FFB7] super 13.84%
2026-03-27T17:35:55.730472 [EDL:3D43FFB7] super 13.98%
2026-03-27T17:35:55.855904 [EDL:3D43FFB7] super 14.11%
2026-03-27T17:35:55.979226 [EDL:3D43FFB7] super 14.25%
2026-03-27T17:35:56.103295 [EDL:3D43FFB7] super 14.38%
2026-03-27T17:35:56.226798 [EDL:3D43FFB7] super 14.51%
2026-03-27T17:35:56.350285 [EDL:3D43FFB7] super 14.65%
2026-03-27T17:35:56.473534 [EDL:3D43FFB7] super 14.78%
2026-03-27T17:35:56.599253 [EDL:3D43FFB7] super 14.92%
2026-03-27T17:35:56.722981 [EDL:3D43FFB7] super 15.05%
2026-03-27T17:35:56.846789 [EDL:3D43FFB7] super 15.19%
2026-03-27T17:35:56.971305 [EDL:3D43FFB7] super 15.32%
2026-03-27T17:35:57.094988 [EDL:3D43FFB7] super 15.45%
2026-03-27T17:35:57.218222 [EDL:3D43FFB7] super 15.59%
2026-03-27T17:35:57.340940 [EDL:3D43FFB7] super 15.72%
2026-03-27T17:35:57.463555 [EDL:3D43FFB7] super 15.86%
2026-03-27T17:35:57.586264 [EDL:3D43FFB7] super 15.99%
2026-03-27T17:35:57.709491 [EDL:3D43FFB7] super 16.12%
2026-03-27T17:35:57.833461 [EDL:3D43FFB7] super 16.26%
2026-03-27T17:35:57.952921 [EDL:3D43FFB7] super 16.39%
2026-03-27T17:35:58.078815 [EDL:3D43FFB7] super 16.53%
2026-03-27T17:35:58.206401 [EDL:3D43FFB7] super 16.66%
2026-03-27T17:35:58.330212 [EDL:3D43FFB7] super 16.79%
2026-03-27T17:35:58.454258 [EDL:3D43FFB7] super 16.93%
2026-03-27T17:35:58.578710 [EDL:3D43FFB7] super 17.06%
2026-03-27T17:35:58.702779 [EDL:3D43FFB7] super 17.20%
2026-03-27T17:35:58.826598 [EDL:3D43FFB7] super 17.33%
2026-03-27T17:35:58.950679 [EDL:3D43FFB7] super 17.46%
2026-03-27T17:35:59.074349 [EDL:3D43FFB7] super 17.60%
2026-03-27T17:35:59.197461 [EDL:3D43FFB7] super 17.73%
2026-03-27T17:35:59.321494 [EDL:3D43FFB7] super 17.87%
2026-03-27T17:35:59.444759 [EDL:3D43FFB7] super 18.00%
2026-03-27T17:35:59.568514 [EDL:3D43FFB7] super 18.14%
2026-03-27T17:35:59.692155 [EDL:3D43FFB7] super 18.27%
2026-03-27T17:35:59.817535 [EDL:3D43FFB7] super 18.40%
2026-03-27T17:35:59.942037 [EDL:3D43FFB7] super 18.54%
2026-03-27T17:36:00.066156 [EDL:3D43FFB7] super 18.67%
2026-03-27T17:36:00.193203 [EDL:3D43FFB7] super 18.81%
2026-03-27T17:36:00.317300 [EDL:3D43FFB7] super 18.94%
2026-03-27T17:36:00.441911 [EDL:3D43FFB7] super 19.07%
2026-03-27T17:36:00.579849 [EDL:3D43FFB7] super 19.21%
2026-03-27T17:36:00.695010 [EDL:3D43FFB7] super 19.34%
2026-03-27T17:36:00.822018 [EDL:3D43FFB7] super 19.48%
2026-03-27T17:36:00.949476 [EDL:3D43FFB7] super 19.61%
2026-03-27T17:36:01.074383 [EDL:3D43FFB7] super 19.74%
2026-03-27T17:36:01.198294 [EDL:3D43FFB7] super 19.88%
2026-03-27T17:36:01.322660 [EDL:3D43FFB7] super 20.01%
2026-03-27T17:36:01.446982 [EDL:3D43FFB7] super 20.15%
2026-03-27T17:36:01.571330 [EDL:3D43FFB7] super 20.28%
2026-03-27T17:36:01.695641 [EDL:3D43FFB7] super 20.41%
2026-03-27T17:36:01.821375 [EDL:3D43FFB7] super 20.55%
2026-03-27T17:36:01.947263 [EDL:3D43FFB7] super 20.68%
2026-03-27T17:36:02.073249 [EDL:3D43FFB7] super 20.82%
2026-03-27T17:36:02.197149 [EDL:3D43FFB7] super 20.95%
2026-03-27T17:36:02.321126 [EDL:3D43FFB7] super 21.09%
2026-03-27T17:36:02.446043 [EDL:3D43FFB7] super 21.22%
2026-03-27T17:36:02.582893 [EDL:3D43FFB7] super 21.35%
2026-03-27T17:36:02.695540 [EDL:3D43FFB7] super 21.49%
2026-03-27T17:36:02.820471 [EDL:3D43FFB7] super 21.62%
2026-03-27T17:36:02.945363 [EDL:3D43FFB7] super 21.76%
2026-03-27T17:36:03.070418 [EDL:3D43FFB7] super 21.89%
2026-03-27T17:36:03.196900 [EDL:3D43FFB7] super 22.02%
2026-03-27T17:36:03.322088 [EDL:3D43FFB7] super 22.16%
2026-03-27T17:36:03.445830 [EDL:3D43FFB7] super 22.29%
2026-03-27T17:36:03.570514 [EDL:3D43FFB7] super 22.43%
2026-03-27T17:36:03.694014 [EDL:3D43FFB7] super 22.56%
2026-03-27T17:36:03.816290 [EDL:3D43FFB7] super 22.69%
2026-03-27T17:36:03.939796 [EDL:3D43FFB7] super 22.83%
2026-03-27T17:36:04.064127 [EDL:3D43FFB7] super 22.96%
2026-03-27T17:36:04.187848 [EDL:3D43FFB7] super 23.10%
2026-03-27T17:36:04.313428 [EDL:3D43FFB7] super 23.23%
2026-03-27T17:36:04.437583 [EDL:3D43FFB7] super 23.36%
2026-03-27T17:36:04.577323 [EDL:3D43FFB7] super 23.50%
2026-03-27T17:36:04.689613 [EDL:3D43FFB7] super 23.63%
2026-03-27T17:36:04.815073 [EDL:3D43FFB7] super 23.77%
2026-03-27T17:36:04.940379 [EDL:3D43FFB7] super 23.90%
2026-03-27T17:36:05.065475 [EDL:3D43FFB7] super 24.04%
2026-03-27T17:36:05.189884 [EDL:3D43FFB7] super 24.17%
2026-03-27T17:36:05.315401 [EDL:3D43FFB7] super 24.30%
2026-03-27T17:36:05.438980 [EDL:3D43FFB7] super 24.44%
2026-03-27T17:36:05.564324 [EDL:3D43FFB7] super 24.57%
2026-03-27T17:36:05.690867 [EDL:3D43FFB7] super 24.71%
2026-03-27T17:36:05.818029 [EDL:3D43FFB7] super 24.84%
2026-03-27T17:36:05.943127 [EDL:3D43FFB7] super 24.97%
2026-03-27T17:36:06.067261 [EDL:3D43FFB7] super 25.11%
2026-03-27T17:36:06.190625 [EDL:3D43FFB7] super 25.24%
2026-03-27T17:36:06.314008 [EDL:3D43FFB7] super 25.38%
2026-03-27T17:36:06.437940 [EDL:3D43FFB7] super 25.51%
2026-03-27T17:36:06.577324 [EDL:3D43FFB7] super 25.64%
2026-03-27T17:36:06.687257 [EDL:3D43FFB7] super 25.78%
2026-03-27T17:36:06.809785 [EDL:3D43FFB7] super 25.91%
2026-03-27T17:36:06.933088 [EDL:3D43FFB7] super 26.05%
2026-03-27T17:36:07.057723 [EDL:3D43FFB7] super 26.18%
2026-03-27T17:36:07.181414 [EDL:3D43FFB7] super 26.31%
2026-03-27T17:36:07.305031 [EDL:3D43FFB7] super 26.45%
2026-03-27T17:36:07.428322 [EDL:3D43FFB7] super 26.58%
2026-03-27T17:36:07.552530 [EDL:3D43FFB7] super 26.72%
2026-03-27T17:36:07.675598 [EDL:3D43FFB7] super 26.85%
2026-03-27T17:36:07.799580 [EDL:3D43FFB7] super 26.99%
2026-03-27T17:36:07.922820 [EDL:3D43FFB7] super 27.12%
2026-03-27T17:36:08.046568 [EDL:3D43FFB7] super 27.25%
2026-03-27T17:36:08.170582 [EDL:3D43FFB7] super 27.39%
2026-03-27T17:36:08.294486 [EDL:3D43FFB7] super 27.52%
2026-03-27T17:36:08.419116 [EDL:3D43FFB7] super 27.66%
2026-03-27T17:36:08.543169 [EDL:3D43FFB7] super 27.79%
2026-03-27T17:36:08.667907 [EDL:3D43FFB7] super 27.92%
2026-03-27T17:36:08.792170 [EDL:3D43FFB7] super 28.06%
2026-03-27T17:36:08.915691 [EDL:3D43FFB7] super 28.19%
2026-03-27T17:36:09.039756 [EDL:3D43FFB7] super 28.33%
2026-03-27T17:36:09.164432 [EDL:3D43FFB7] super 28.46%
2026-03-27T17:36:09.287469 [EDL:3D43FFB7] super 28.59%
2026-03-27T17:36:09.411442 [EDL:3D43FFB7] super 28.73%
2026-03-27T17:36:09.534896 [EDL:3D43FFB7] super 28.86%
2026-03-27T17:36:09.659711 [EDL:3D43FFB7] super 29.00%
2026-03-27T17:36:09.785438 [EDL:3D43FFB7] super 29.13%
2026-03-27T17:36:09.909327 [EDL:3D43FFB7] super 29.26%
2026-03-27T17:36:10.034474 [EDL:3D43FFB7] super 29.40%
2026-03-27T17:36:10.159858 [EDL:3D43FFB7] super 29.53%
2026-03-27T17:36:10.282409 [EDL:3D43FFB7] super 29.67%
2026-03-27T17:36:10.405643 [EDL:3D43FFB7] super 29.80%
2026-03-27T17:36:10.529203 [EDL:3D43FFB7] super 29.94%
2026-03-27T17:36:10.656633 [EDL:3D43FFB7] super 30.07%
2026-03-27T17:36:10.779453 [EDL:3D43FFB7] super 30.20%
2026-03-27T17:36:10.903133 [EDL:3D43FFB7] super 30.34%
2026-03-27T17:36:11.026002 [EDL:3D43FFB7] super 30.47%
2026-03-27T17:36:11.149991 [EDL:3D43FFB7] super 30.61%
2026-03-27T17:36:11.272959 [EDL:3D43FFB7] super 30.74%
2026-03-27T17:36:11.397313 [EDL:3D43FFB7] super 30.87%
2026-03-27T17:36:11.521720 [EDL:3D43FFB7] super 31.01%
2026-03-27T17:36:11.646303 [EDL:3D43FFB7] super 31.14%
2026-03-27T17:36:11.770235 [EDL:3D43FFB7] super 31.28%
2026-03-27T17:36:11.894402 [EDL:3D43FFB7] super 31.41%
2026-03-27T17:36:12.018362 [EDL:3D43FFB7] super 31.54%
2026-03-27T17:36:12.143316 [EDL:3D43FFB7] super 31.68%
2026-03-27T17:36:12.266516 [EDL:3D43FFB7] super 31.81%
2026-03-27T17:36:12.390334 [EDL:3D43FFB7] super 31.95%
2026-03-27T17:36:12.514338 [EDL:3D43FFB7] super 32.08%
2026-03-27T17:36:12.639273 [EDL:3D43FFB7] super 32.21%
2026-03-27T17:36:12.763400 [EDL:3D43FFB7] super 32.35%
2026-03-27T17:36:12.887459 [EDL:3D43FFB7] super 32.48%
2026-03-27T17:36:13.011035 [EDL:3D43FFB7] super 32.62%
2026-03-27T17:36:13.135383 [EDL:3D43FFB7] super 32.75%
2026-03-27T17:36:13.258474 [EDL:3D43FFB7] super 32.88%
2026-03-27T17:36:13.382344 [EDL:3D43FFB7] super 33.02%
2026-03-27T17:36:13.505800 [EDL:3D43FFB7] super 33.15%
2026-03-27T17:36:13.631800 [EDL:3D43FFB7] super 33.29%
2026-03-27T17:36:13.755540 [EDL:3D43FFB7] super 33.42%
2026-03-27T17:36:13.879416 [EDL:3D43FFB7] super 33.56%
2026-03-27T17:36:14.001910 [EDL:3D43FFB7] super 33.69%
2026-03-27T17:36:14.130253 [EDL:3D43FFB7] super 33.82%
2026-03-27T17:36:14.256197 [EDL:3D43FFB7] super 33.96%
2026-03-27T17:36:14.380519 [EDL:3D43FFB7] super 34.09%
2026-03-27T17:36:14.504278 [EDL:3D43FFB7] super 34.23%
2026-03-27T17:36:14.631507 [EDL:3D43FFB7] super 34.36%
2026-03-27T17:36:14.756321 [EDL:3D43FFB7] super 34.49%
2026-03-27T17:36:14.881413 [EDL:3D43FFB7] super 34.63%
2026-03-27T17:36:15.007388 [EDL:3D43FFB7] super 34.76%
2026-03-27T17:36:15.132754 [EDL:3D43FFB7] super 34.90%
2026-03-27T17:36:15.256018 [EDL:3D43FFB7] super 35.03%
2026-03-27T17:36:15.380274 [EDL:3D43FFB7] super 35.16%
2026-03-27T17:36:15.503399 [EDL:3D43FFB7] super 35.30%
2026-03-27T17:36:15.626825 [EDL:3D43FFB7] super 35.43%
2026-03-27T17:36:15.750544 [EDL:3D43FFB7] super 35.57%
2026-03-27T17:36:15.873826 [EDL:3D43FFB7] super 35.70%
2026-03-27T17:36:15.997960 [EDL:3D43FFB7] super 35.83%
2026-03-27T17:36:16.122496 [EDL:3D43FFB7] super 35.97%
2026-03-27T17:36:16.246157 [EDL:3D43FFB7] super 36.10%
2026-03-27T17:36:16.368859 [EDL:3D43FFB7] super 36.24%
2026-03-27T17:36:16.492590 [EDL:3D43FFB7] super 36.37%
2026-03-27T17:36:16.617537 [EDL:3D43FFB7] super 36.51%
2026-03-27T17:36:16.741919 [EDL:3D43FFB7] super 36.64%
2026-03-27T17:36:16.865278 [EDL:3D43FFB7] super 36.77%
2026-03-27T17:36:16.990134 [EDL:3D43FFB7] super 36.91%
2026-03-27T17:36:17.113131 [EDL:3D43FFB7] super 37.04%
2026-03-27T17:36:17.236157 [EDL:3D43FFB7] super 37.18%
2026-03-27T17:36:17.360173 [EDL:3D43FFB7] super 37.31%
2026-03-27T17:36:17.483572 [EDL:3D43FFB7] super 37.44%
2026-03-27T17:36:17.607092 [EDL:3D43FFB7] super 37.58%
2026-03-27T17:36:17.730631 [EDL:3D43FFB7] super 37.71%
2026-03-27T17:36:17.854534 [EDL:3D43FFB7] super 37.85%
2026-03-27T17:36:17.978277 [EDL:3D43FFB7] super 37.98%
2026-03-27T17:36:18.103226 [EDL:3D43FFB7] super 38.11%
2026-03-27T17:36:18.230177 [EDL:3D43FFB7] super 38.25%
2026-03-27T17:36:18.354992 [EDL:3D43FFB7] super 38.38%
2026-03-27T17:36:18.478886 [EDL:3D43FFB7] super 38.52%
2026-03-27T17:36:18.603459 [EDL:3D43FFB7] super 38.65%
2026-03-27T17:36:18.726741 [EDL:3D43FFB7] super 38.78%
2026-03-27T17:36:18.850937 [EDL:3D43FFB7] super 38.92%
2026-03-27T17:36:18.974885 [EDL:3D43FFB7] super 39.05%
2026-03-27T17:36:19.099213 [EDL:3D43FFB7] super 39.19%
2026-03-27T17:36:19.222373 [EDL:3D43FFB7] super 39.32%
2026-03-27T17:36:19.345600 [EDL:3D43FFB7] super 39.46%
2026-03-27T17:36:19.469562 [EDL:3D43FFB7] super 39.59%
2026-03-27T17:36:19.594230 [EDL:3D43FFB7] super 39.72%
2026-03-27T17:36:19.716702 [EDL:3D43FFB7] super 39.86%
2026-03-27T17:36:19.841902 [EDL:3D43FFB7] super 39.99%
2026-03-27T17:36:19.966510 [EDL:3D43FFB7] super 40.13%
2026-03-27T17:36:20.091612 [EDL:3D43FFB7] super 40.26%
2026-03-27T17:36:20.215543 [EDL:3D43FFB7] super 40.39%
2026-03-27T17:36:20.338821 [EDL:3D43FFB7] super 40.53%
2026-03-27T17:36:20.461801 [EDL:3D43FFB7] super 40.66%
2026-03-27T17:36:20.586395 [EDL:3D43FFB7] super 40.80%
2026-03-27T17:36:20.709796 [EDL:3D43FFB7] super 40.93%
2026-03-27T17:36:20.833447 [EDL:3D43FFB7] super 41.06%
2026-03-27T17:36:20.957351 [EDL:3D43FFB7] super 41.20%
2026-03-27T17:36:21.081942 [EDL:3D43FFB7] super 41.33%
2026-03-27T17:36:21.206440 [EDL:3D43FFB7] super 41.47%
2026-03-27T17:36:21.329528 [EDL:3D43FFB7] super 41.60%
2026-03-27T17:36:21.453645 [EDL:3D43FFB7] super 41.73%
2026-03-27T17:36:21.577325 [EDL:3D43FFB7] super 41.87%
2026-03-27T17:36:21.701548 [EDL:3D43FFB7] super 42.00%
2026-03-27T17:36:21.825549 [EDL:3D43FFB7] super 42.14%
2026-03-27T17:36:21.949635 [EDL:3D43FFB7] super 42.27%
2026-03-27T17:36:22.074518 [EDL:3D43FFB7] super 42.41%
2026-03-27T17:36:22.197742 [EDL:3D43FFB7] super 42.54%
2026-03-27T17:36:22.321840 [EDL:3D43FFB7] super 42.67%
2026-03-27T17:36:22.445926 [EDL:3D43FFB7] super 42.81%
2026-03-27T17:36:22.583376 [EDL:3D43FFB7] super 42.94%
2026-03-27T17:36:22.694998 [EDL:3D43FFB7] super 43.08%
2026-03-27T17:36:22.818434 [EDL:3D43FFB7] super 43.21%
2026-03-27T17:36:22.942796 [EDL:3D43FFB7] super 43.34%
2026-03-27T17:36:23.066879 [EDL:3D43FFB7] super 43.48%
2026-03-27T17:36:23.190374 [EDL:3D43FFB7] super 43.61%
2026-03-27T17:36:23.314629 [EDL:3D43FFB7] super 43.75%
2026-03-27T17:36:23.438962 [EDL:3D43FFB7] super 43.88%
2026-03-27T17:36:23.563360 [EDL:3D43FFB7] super 44.01%
2026-03-27T17:36:23.690874 [EDL:3D43FFB7] super 44.15%
2026-03-27T17:36:23.815734 [EDL:3D43FFB7] super 44.28%
2026-03-27T17:36:23.939382 [EDL:3D43FFB7] super 44.42%
2026-03-27T17:36:24.063621 [EDL:3D43FFB7] super 44.55%
2026-03-27T17:36:24.187408 [EDL:3D43FFB7] super 44.68%
2026-03-27T17:36:24.310809 [EDL:3D43FFB7] super 44.82%
2026-03-27T17:36:24.434729 [EDL:3D43FFB7] super 44.95%
2026-03-27T17:36:24.573569 [EDL:3D43FFB7] super 45.09%
2026-03-27T17:36:24.683284 [EDL:3D43FFB7] super 45.22%
2026-03-27T17:36:24.807004 [EDL:3D43FFB7] super 45.36%
2026-03-27T17:36:24.930946 [EDL:3D43FFB7] super 45.49%
2026-03-27T17:36:25.054849 [EDL:3D43FFB7] super 45.62%
2026-03-27T17:36:25.179532 [EDL:3D43FFB7] super 45.76%
2026-03-27T17:36:25.303640 [EDL:3D43FFB7] super 45.89%
2026-03-27T17:36:25.426742 [EDL:3D43FFB7] super 46.03%
2026-03-27T17:36:25.550788 [EDL:3D43FFB7] super 46.16%
2026-03-27T17:36:25.674644 [EDL:3D43FFB7] super 46.29%
2026-03-27T17:36:25.798439 [EDL:3D43FFB7] super 46.43%
2026-03-27T17:36:25.922483 [EDL:3D43FFB7] super 46.56%
2026-03-27T17:36:26.045758 [EDL:3D43FFB7] super 46.70%
2026-03-27T17:36:26.169146 [EDL:3D43FFB7] super 46.83%
2026-03-27T17:36:26.292516 [EDL:3D43FFB7] super 46.96%
2026-03-27T17:36:26.416607 [EDL:3D43FFB7] super 47.10%
2026-03-27T17:36:26.541689 [EDL:3D43FFB7] super 47.23%
2026-03-27T17:36:26.667113 [EDL:3D43FFB7] super 47.37%
2026-03-27T17:36:26.790949 [EDL:3D43FFB7] super 47.50%
2026-03-27T17:36:26.915399 [EDL:3D43FFB7] super 47.63%
2026-03-27T17:36:27.038950 [EDL:3D43FFB7] super 47.77%
2026-03-27T17:36:27.163658 [EDL:3D43FFB7] super 47.90%
2026-03-27T17:36:27.287414 [EDL:3D43FFB7] super 48.04%
2026-03-27T17:36:27.410983 [EDL:3D43FFB7] super 48.17%
2026-03-27T17:36:27.535026 [EDL:3D43FFB7] super 48.30%
2026-03-27T17:36:27.659377 [EDL:3D43FFB7] super 48.44%
2026-03-27T17:36:27.783612 [EDL:3D43FFB7] super 48.57%
2026-03-27T17:36:27.907600 [EDL:3D43FFB7] super 48.71%
2026-03-27T17:36:28.033278 [EDL:3D43FFB7] super 48.84%
2026-03-27T17:36:28.157994 [EDL:3D43FFB7] super 48.98%
2026-03-27T17:36:28.281356 [EDL:3D43FFB7] super 49.11%
2026-03-27T17:36:28.405323 [EDL:3D43FFB7] super 49.24%
2026-03-27T17:36:28.528741 [EDL:3D43FFB7] super 49.38%
2026-03-27T17:36:28.654190 [EDL:3D43FFB7] super 49.51%
2026-03-27T17:36:28.777764 [EDL:3D43FFB7] super 49.65%
2026-03-27T17:36:28.900948 [EDL:3D43FFB7] super 49.78%
2026-03-27T17:36:29.024734 [EDL:3D43FFB7] super 49.91%
2026-03-27T17:36:29.148519 [EDL:3D43FFB7] super 50.05%
2026-03-27T17:36:29.272170 [EDL:3D43FFB7] super 50.18%
2026-03-27T17:36:29.395877 [EDL:3D43FFB7] super 50.32%
2026-03-27T17:36:29.519927 [EDL:3D43FFB7] super 50.45%
2026-03-27T17:36:29.644347 [EDL:3D43FFB7] super 50.58%
2026-03-27T17:36:29.772506 [EDL:3D43FFB7] super 50.72%
2026-03-27T17:36:29.896781 [EDL:3D43FFB7] super 50.85%
2026-03-27T17:36:30.021032 [EDL:3D43FFB7] super 50.99%
2026-03-27T17:36:30.146937 [EDL:3D43FFB7] super 51.12%
2026-03-27T17:36:30.271318 [EDL:3D43FFB7] super 51.25%
2026-03-27T17:36:30.395934 [EDL:3D43FFB7] super 51.39%
2026-03-27T17:36:30.520786 [EDL:3D43FFB7] super 51.52%
2026-03-27T17:36:30.649462 [EDL:3D43FFB7] super 51.66%
2026-03-27T17:36:30.774294 [EDL:3D43FFB7] super 51.79%
2026-03-27T17:36:30.899720 [EDL:3D43FFB7] super 51.93%
2026-03-27T17:36:31.027929 [EDL:3D43FFB7] super 52.06%
2026-03-27T17:36:31.150955 [EDL:3D43FFB7] super 52.19%
2026-03-27T17:36:31.274170 [EDL:3D43FFB7] super 52.33%
2026-03-27T17:36:31.397697 [EDL:3D43FFB7] super 52.46%
2026-03-27T17:36:31.522702 [EDL:3D43FFB7] super 52.60%
2026-03-27T17:36:31.646437 [EDL:3D43FFB7] super 52.73%
2026-03-27T17:36:31.770315 [EDL:3D43FFB7] super 52.86%
2026-03-27T17:36:31.894046 [EDL:3D43FFB7] super 53.00%
2026-03-27T17:36:32.018597 [EDL:3D43FFB7] super 53.13%
2026-03-27T17:36:32.145523 [EDL:3D43FFB7] super 53.27%
2026-03-27T17:36:32.269635 [EDL:3D43FFB7] super 53.40%
2026-03-27T17:36:32.394413 [EDL:3D43FFB7] super 53.53%
2026-03-27T17:36:32.519022 [EDL:3D43FFB7] super 53.67%
2026-03-27T17:36:32.643543 [EDL:3D43FFB7] super 53.80%
2026-03-27T17:36:32.767505 [EDL:3D43FFB7] super 53.94%
2026-03-27T17:36:32.890747 [EDL:3D43FFB7] super 54.07%
2026-03-27T17:36:33.014613 [EDL:3D43FFB7] super 54.20%
2026-03-27T17:36:33.138742 [EDL:3D43FFB7] super 54.34%
2026-03-27T17:36:33.261586 [EDL:3D43FFB7] super 54.47%
2026-03-27T17:36:33.385832 [EDL:3D43FFB7] super 54.61%
2026-03-27T17:36:33.509770 [EDL:3D43FFB7] super 54.74%
2026-03-27T17:36:33.634100 [EDL:3D43FFB7] super 54.88%
2026-03-27T17:36:33.758507 [EDL:3D43FFB7] super 55.01%
2026-03-27T17:36:33.882936 [EDL:3D43FFB7] super 55.14%
2026-03-27T17:36:34.007465 [EDL:3D43FFB7] super 55.28%
2026-03-27T17:36:34.132878 [EDL:3D43FFB7] super 55.41%
2026-03-27T17:36:34.256233 [EDL:3D43FFB7] super 55.55%
2026-03-27T17:36:34.379818 [EDL:3D43FFB7] super 55.68%
2026-03-27T17:36:34.503258 [EDL:3D43FFB7] super 55.81%
2026-03-27T17:36:34.628049 [EDL:3D43FFB7] super 55.95%
2026-03-27T17:36:34.752171 [EDL:3D43FFB7] super 56.08%
2026-03-27T17:36:34.875943 [EDL:3D43FFB7] super 56.22%
2026-03-27T17:36:35.002501 [EDL:3D43FFB7] super 56.35%
2026-03-27T17:36:35.126605 [EDL:3D43FFB7] super 56.48%
2026-03-27T17:36:35.249139 [EDL:3D43FFB7] super 56.62%
2026-03-27T17:36:35.372260 [EDL:3D43FFB7] super 56.75%
2026-03-27T17:36:35.495756 [EDL:3D43FFB7] super 56.89%
2026-03-27T17:36:35.619528 [EDL:3D43FFB7] super 57.02%
2026-03-27T17:36:35.742012 [EDL:3D43FFB7] super 57.15%
2026-03-27T17:36:35.865384 [EDL:3D43FFB7] super 57.29%
2026-03-27T17:36:35.988514 [EDL:3D43FFB7] super 57.42%
2026-03-27T17:36:36.113069 [EDL:3D43FFB7] super 57.56%
2026-03-27T17:36:36.236109 [EDL:3D43FFB7] super 57.69%
2026-03-27T17:36:36.358492 [EDL:3D43FFB7] super 57.83%
2026-03-27T17:36:36.482016 [EDL:3D43FFB7] super 57.96%
2026-03-27T17:36:36.605877 [EDL:3D43FFB7] super 58.09%
2026-03-27T17:36:36.729655 [EDL:3D43FFB7] super 58.23%
2026-03-27T17:36:36.852984 [EDL:3D43FFB7] super 58.36%
2026-03-27T17:36:36.976375 [EDL:3D43FFB7] super 58.50%
2026-03-27T17:36:37.100035 [EDL:3D43FFB7] super 58.63%
2026-03-27T17:36:37.222730 [EDL:3D43FFB7] super 58.76%
2026-03-27T17:36:37.345775 [EDL:3D43FFB7] super 58.90%
2026-03-27T17:36:37.469440 [EDL:3D43FFB7] super 59.03%
2026-03-27T17:36:37.593418 [EDL:3D43FFB7] super 59.17%
2026-03-27T17:36:37.718573 [EDL:3D43FFB7] super 59.30%
2026-03-27T17:36:37.842576 [EDL:3D43FFB7] super 59.43%
2026-03-27T17:36:37.965990 [EDL:3D43FFB7] super 59.57%
2026-03-27T17:36:38.090554 [EDL:3D43FFB7] super 59.70%
2026-03-27T17:36:38.214621 [EDL:3D43FFB7] super 59.84%
2026-03-27T17:36:38.338401 [EDL:3D43FFB7] super 59.97%
2026-03-27T17:36:38.462614 [EDL:3D43FFB7] super 60.10%
2026-03-27T17:36:38.588998 [EDL:3D43FFB7] super 60.24%
2026-03-27T17:36:38.713718 [EDL:3D43FFB7] super 60.37%
2026-03-27T17:36:38.839347 [EDL:3D43FFB7] super 60.51%
2026-03-27T17:36:38.963208 [EDL:3D43FFB7] super 60.64%
2026-03-27T17:36:39.087434 [EDL:3D43FFB7] super 60.78%
2026-03-27T17:36:39.212003 [EDL:3D43FFB7] super 60.91%
2026-03-27T17:36:39.336809 [EDL:3D43FFB7] super 61.04%
2026-03-27T17:36:39.462787 [EDL:3D43FFB7] super 61.18%
2026-03-27T17:36:39.587485 [EDL:3D43FFB7] super 61.31%
2026-03-27T17:36:39.710807 [EDL:3D43FFB7] super 61.45%
2026-03-27T17:36:39.834330 [EDL:3D43FFB7] super 61.58%
2026-03-27T17:36:39.958126 [EDL:3D43FFB7] super 61.71%
2026-03-27T17:36:40.083040 [EDL:3D43FFB7] super 61.85%
2026-03-27T17:36:40.205944 [EDL:3D43FFB7] super 61.98%
2026-03-27T17:36:40.329747 [EDL:3D43FFB7] super 62.12%
2026-03-27T17:36:40.453374 [EDL:3D43FFB7] super 62.25%
2026-03-27T17:36:40.576891 [EDL:3D43FFB7] super 62.38%
2026-03-27T17:36:40.700359 [EDL:3D43FFB7] super 62.52%
2026-03-27T17:36:40.824783 [EDL:3D43FFB7] super 62.65%
2026-03-27T17:36:40.947850 [EDL:3D43FFB7] super 62.79%
2026-03-27T17:36:41.071646 [EDL:3D43FFB7] super 62.92%
2026-03-27T17:36:41.194469 [EDL:3D43FFB7] super 63.05%
2026-03-27T17:36:41.317847 [EDL:3D43FFB7] super 63.19%
2026-03-27T17:36:41.441718 [EDL:3D43FFB7] super 63.32%
2026-03-27T17:36:41.566237 [EDL:3D43FFB7] super 63.46%
2026-03-27T17:36:41.689757 [EDL:3D43FFB7] super 63.59%
2026-03-27T17:36:41.813008 [EDL:3D43FFB7] super 63.73%
2026-03-27T17:36:41.936441 [EDL:3D43FFB7] super 63.86%
2026-03-27T17:36:42.060731 [EDL:3D43FFB7] super 63.99%
2026-03-27T17:36:42.184175 [EDL:3D43FFB7] super 64.13%
2026-03-27T17:36:42.309837 [EDL:3D43FFB7] super 64.26%
2026-03-27T17:36:42.435910 [EDL:3D43FFB7] super 64.40%
2026-03-27T17:36:42.574826 [EDL:3D43FFB7] super 64.53%
2026-03-27T17:36:42.685021 [EDL:3D43FFB7] super 64.66%
2026-03-27T17:36:42.809175 [EDL:3D43FFB7] super 64.80%
2026-03-27T17:36:42.933554 [EDL:3D43FFB7] super 64.93%
2026-03-27T17:36:43.057710 [EDL:3D43FFB7] super 65.07%
2026-03-27T17:36:43.181729 [EDL:3D43FFB7] super 65.20%
2026-03-27T17:36:43.304483 [EDL:3D43FFB7] super 65.33%
2026-03-27T17:36:43.428016 [EDL:3D43FFB7] super 65.47%
2026-03-27T17:36:43.551553 [EDL:3D43FFB7] super 65.60%
2026-03-27T17:36:43.675819 [EDL:3D43FFB7] super 65.74%
2026-03-27T17:36:43.799244 [EDL:3D43FFB7] super 65.87%
2026-03-27T17:36:43.923452 [EDL:3D43FFB7] super 66.00%
2026-03-27T17:36:44.046607 [EDL:3D43FFB7] super 66.14%
2026-03-27T17:36:44.171617 [EDL:3D43FFB7] super 66.27%
2026-03-27T17:36:44.295511 [EDL:3D43FFB7] super 66.41%
2026-03-27T17:36:44.420549 [EDL:3D43FFB7] super 66.54%
2026-03-27T17:36:44.544242 [EDL:3D43FFB7] super 66.67%
2026-03-27T17:36:44.670540 [EDL:3D43FFB7] super 66.81%
2026-03-27T17:36:44.794136 [EDL:3D43FFB7] super 66.94%
2026-03-27T17:36:44.916599 [EDL:3D43FFB7] super 67.08%
2026-03-27T17:36:45.039193 [EDL:3D43FFB7] super 67.21%
2026-03-27T17:36:45.164467 [EDL:3D43FFB7] super 67.35%
2026-03-27T17:36:45.288792 [EDL:3D43FFB7] super 67.48%
2026-03-27T17:36:45.413906 [EDL:3D43FFB7] super 67.61%
2026-03-27T17:36:45.538859 [EDL:3D43FFB7] super 67.75%
2026-03-27T17:36:45.663914 [EDL:3D43FFB7] super 67.88%
2026-03-27T17:36:45.787265 [EDL:3D43FFB7] super 68.02%
2026-03-27T17:36:45.911036 [EDL:3D43FFB7] super 68.15%
2026-03-27T17:36:46.035112 [EDL:3D43FFB7] super 68.28%
2026-03-27T17:36:46.160003 [EDL:3D43FFB7] super 68.42%
2026-03-27T17:36:46.283562 [EDL:3D43FFB7] super 68.55%
2026-03-27T17:36:46.407594 [EDL:3D43FFB7] super 68.69%
2026-03-27T17:36:46.530962 [EDL:3D43FFB7] super 68.82%
2026-03-27T17:36:46.655614 [EDL:3D43FFB7] super 68.95%
2026-03-27T17:36:46.778696 [EDL:3D43FFB7] super 69.09%
2026-03-27T17:36:46.901830 [EDL:3D43FFB7] super 69.22%
2026-03-27T17:36:47.026303 [EDL:3D43FFB7] super 69.36%
2026-03-27T17:36:47.151941 [EDL:3D43FFB7] super 69.49%
2026-03-27T17:36:47.274602 [EDL:3D43FFB7] super 69.62%
2026-03-27T17:36:47.398152 [EDL:3D43FFB7] super 69.76%
2026-03-27T17:36:47.521901 [EDL:3D43FFB7] super 69.89%
2026-03-27T17:36:47.644733 [EDL:3D43FFB7] super 70.03%
2026-03-27T17:36:47.768699 [EDL:3D43FFB7] super 70.16%
2026-03-27T17:36:47.893552 [EDL:3D43FFB7] super 70.30%
2026-03-27T17:36:48.016989 [EDL:3D43FFB7] super 70.43%
2026-03-27T17:36:48.141475 [EDL:3D43FFB7] super 70.56%
2026-03-27T17:36:48.265529 [EDL:3D43FFB7] super 70.70%
2026-03-27T17:36:48.389472 [EDL:3D43FFB7] super 70.83%
2026-03-27T17:36:48.514430 [EDL:3D43FFB7] super 70.97%
2026-03-27T17:36:48.638857 [EDL:3D43FFB7] super 71.10%
2026-03-27T17:36:48.763497 [EDL:3D43FFB7] super 71.23%
2026-03-27T17:36:48.886901 [EDL:3D43FFB7] super 71.37%
2026-03-27T17:36:49.011371 [EDL:3D43FFB7] super 71.50%
2026-03-27T17:36:49.135918 [EDL:3D43FFB7] super 71.64%
2026-03-27T17:36:49.259947 [EDL:3D43FFB7] super 71.77%
2026-03-27T17:36:49.383907 [EDL:3D43FFB7] super 71.90%
2026-03-27T17:36:49.508248 [EDL:3D43FFB7] super 72.04%
2026-03-27T17:36:49.631916 [EDL:3D43FFB7] super 72.17%
2026-03-27T17:36:49.755865 [EDL:3D43FFB7] super 72.31%
2026-03-27T17:36:49.880516 [EDL:3D43FFB7] super 72.44%
2026-03-27T17:36:50.006003 [EDL:3D43FFB7] super 72.57%
2026-03-27T17:36:50.131095 [EDL:3D43FFB7] super 72.71%
2026-03-27T17:36:50.254499 [EDL:3D43FFB7] super 72.84%
2026-03-27T17:36:50.378540 [EDL:3D43FFB7] super 72.98%
2026-03-27T17:36:50.502300 [EDL:3D43FFB7] super 73.11%
2026-03-27T17:36:50.625420 [EDL:3D43FFB7] super 73.25%
2026-03-27T17:36:50.749891 [EDL:3D43FFB7] super 73.38%
2026-03-27T17:36:50.872716 [EDL:3D43FFB7] super 73.51%
2026-03-27T17:36:50.998285 [EDL:3D43FFB7] super 73.65%
2026-03-27T17:36:51.130495 [EDL:3D43FFB7] super 73.78%
2026-03-27T17:36:51.256319 [EDL:3D43FFB7] super 73.92%
2026-03-27T17:36:51.378431 [EDL:3D43FFB7] super 74.05%
2026-03-27T17:36:51.501638 [EDL:3D43FFB7] super 74.18%
2026-03-27T17:36:51.623557 [EDL:3D43FFB7] super 74.32%
2026-03-27T17:36:51.746575 [EDL:3D43FFB7] super 74.45%
2026-03-27T17:36:51.869917 [EDL:3D43FFB7] super 74.59%
2026-03-27T17:36:51.993185 [EDL:3D43FFB7] super 74.72%
2026-03-27T17:36:52.116624 [EDL:3D43FFB7] super 74.85%
2026-03-27T17:36:52.239635 [EDL:3D43FFB7] super 74.99%
2026-03-27T17:36:52.362425 [EDL:3D43FFB7] super 75.12%
2026-03-27T17:36:52.485365 [EDL:3D43FFB7] super 75.26%
2026-03-27T17:36:52.608643 [EDL:3D43FFB7] super 75.39%
2026-03-27T17:36:52.730854 [EDL:3D43FFB7] super 75.52%
2026-03-27T17:36:52.853292 [EDL:3D43FFB7] super 75.66%
2026-03-27T17:36:52.977062 [EDL:3D43FFB7] super 75.79%
2026-03-27T17:36:53.099616 [EDL:3D43FFB7] super 75.93%
2026-03-27T17:36:53.221828 [EDL:3D43FFB7] super 76.06%
2026-03-27T17:36:53.345355 [EDL:3D43FFB7] super 76.20%
2026-03-27T17:36:53.467930 [EDL:3D43FFB7] super 76.33%
2026-03-27T17:36:53.590897 [EDL:3D43FFB7] super 76.46%
2026-03-27T17:36:53.714021 [EDL:3D43FFB7] super 76.60%
2026-03-27T17:36:53.837549 [EDL:3D43FFB7] super 76.73%
2026-03-27T17:36:53.960940 [EDL:3D43FFB7] super 76.87%
2026-03-27T17:36:54.085184 [EDL:3D43FFB7] super 77.00%
2026-03-27T17:36:54.209773 [EDL:3D43FFB7] super 77.13%
2026-03-27T17:36:54.333153 [EDL:3D43FFB7] super 77.27%
2026-03-27T17:36:54.458406 [EDL:3D43FFB7] super 77.40%
2026-03-27T17:36:54.582657 [EDL:3D43FFB7] super 77.54%
2026-03-27T17:36:54.705914 [EDL:3D43FFB7] super 77.67%
2026-03-27T17:36:54.829439 [EDL:3D43FFB7] super 77.80%
2026-03-27T17:36:54.953373 [EDL:3D43FFB7] super 77.94%
2026-03-27T17:36:55.078337 [EDL:3D43FFB7] super 78.07%
2026-03-27T17:36:55.202189 [EDL:3D43FFB7] super 78.21%
2026-03-27T17:36:55.325338 [EDL:3D43FFB7] super 78.34%
2026-03-27T17:36:55.449815 [EDL:3D43FFB7] super 78.47%
2026-03-27T17:36:55.574131 [EDL:3D43FFB7] super 78.61%
2026-03-27T17:36:55.698349 [EDL:3D43FFB7] super 78.74%
2026-03-27T17:36:55.822982 [EDL:3D43FFB7] super 78.88%
2026-03-27T17:36:55.947628 [EDL:3D43FFB7] super 79.01%
2026-03-27T17:36:56.073043 [EDL:3D43FFB7] super 79.15%
2026-03-27T17:36:56.198959 [EDL:3D43FFB7] super 79.28%
2026-03-27T17:36:56.323413 [EDL:3D43FFB7] super 79.41%
2026-03-27T17:36:56.446831 [EDL:3D43FFB7] super 79.55%
2026-03-27T17:36:56.585195 [EDL:3D43FFB7] super 79.68%
2026-03-27T17:36:56.693253 [EDL:3D43FFB7] super 79.82%
2026-03-27T17:36:56.817094 [EDL:3D43FFB7] super 79.95%
2026-03-27T17:36:56.939509 [EDL:3D43FFB7] super 80.08%
2026-03-27T17:36:57.062939 [EDL:3D43FFB7] super 80.22%
2026-03-27T17:36:57.186732 [EDL:3D43FFB7] super 80.35%
2026-03-27T17:36:57.310071 [EDL:3D43FFB7] super 80.49%
2026-03-27T17:36:57.433622 [EDL:3D43FFB7] super 80.62%
2026-03-27T17:36:57.557448 [EDL:3D43FFB7] super 80.75%
2026-03-27T17:36:57.680828 [EDL:3D43FFB7] super 80.89%
2026-03-27T17:36:57.804273 [EDL:3D43FFB7] super 81.02%
2026-03-27T17:36:57.929480 [EDL:3D43FFB7] super 81.16%
2026-03-27T17:36:58.052446 [EDL:3D43FFB7] super 81.29%
2026-03-27T17:36:58.177096 [EDL:3D43FFB7] super 81.42%
2026-03-27T17:36:58.300340 [EDL:3D43FFB7] super 81.56%
2026-03-27T17:36:58.423420 [EDL:3D43FFB7] super 81.69%
2026-03-27T17:36:58.547392 [EDL:3D43FFB7] super 81.83%
2026-03-27T17:36:58.671896 [EDL:3D43FFB7] super 81.96%
2026-03-27T17:36:58.796659 [EDL:3D43FFB7] super 82.10%
2026-03-27T17:36:58.919888 [EDL:3D43FFB7] super 82.23%
2026-03-27T17:36:59.043142 [EDL:3D43FFB7] super 82.36%
2026-03-27T17:36:59.166603 [EDL:3D43FFB7] super 82.50%
2026-03-27T17:36:59.288776 [EDL:3D43FFB7] super 82.63%
2026-03-27T17:36:59.407587 [EDL:3D43FFB7] super 82.77%
2026-03-27T17:36:59.531412 [EDL:3D43FFB7] super 82.90%
2026-03-27T17:36:59.655225 [EDL:3D43FFB7] super 83.03%
2026-03-27T17:36:59.779899 [EDL:3D43FFB7] super 83.17%
2026-03-27T17:36:59.904545 [EDL:3D43FFB7] super 83.30%
2026-03-27T17:37:00.026946 [EDL:3D43FFB7] super 83.44%
2026-03-27T17:37:00.149568 [EDL:3D43FFB7] super 83.57%
2026-03-27T17:37:00.272832 [EDL:3D43FFB7] super 83.70%
2026-03-27T17:37:00.395220 [EDL:3D43FFB7] super 83.84%
2026-03-27T17:37:00.519052 [EDL:3D43FFB7] super 83.97%
2026-03-27T17:37:00.644291 [EDL:3D43FFB7] super 84.11%
2026-03-27T17:37:00.767497 [EDL:3D43FFB7] super 84.24%
2026-03-27T17:37:00.889736 [EDL:3D43FFB7] super 84.37%
2026-03-27T17:37:01.011417 [EDL:3D43FFB7] super 84.51%
2026-03-27T17:37:01.135986 [EDL:3D43FFB7] super 84.64%
2026-03-27T17:37:01.257900 [EDL:3D43FFB7] super 84.78%
2026-03-27T17:37:01.381493 [EDL:3D43FFB7] super 84.91%
2026-03-27T17:37:01.503876 [EDL:3D43FFB7] super 85.04%
2026-03-27T17:37:01.626232 [EDL:3D43FFB7] super 85.18%
2026-03-27T17:37:01.749332 [EDL:3D43FFB7] super 85.31%
2026-03-27T17:37:01.871593 [EDL:3D43FFB7] super 85.45%
2026-03-27T17:37:01.994522 [EDL:3D43FFB7] super 85.58%
2026-03-27T17:37:02.117715 [EDL:3D43FFB7] super 85.72%
2026-03-27T17:37:02.241595 [EDL:3D43FFB7] super 85.85%
2026-03-27T17:37:02.366078 [EDL:3D43FFB7] super 85.98%
2026-03-27T17:37:02.489232 [EDL:3D43FFB7] super 86.12%
2026-03-27T17:37:02.613812 [EDL:3D43FFB7] super 86.25%
2026-03-27T17:37:02.735944 [EDL:3D43FFB7] super 86.39%
2026-03-27T17:37:02.858522 [EDL:3D43FFB7] super 86.52%
2026-03-27T17:37:02.981230 [EDL:3D43FFB7] super 86.65%
2026-03-27T17:37:03.104027 [EDL:3D43FFB7] super 86.79%
2026-03-27T17:37:03.231086 [EDL:3D43FFB7] super 86.92%
2026-03-27T17:37:03.355532 [EDL:3D43FFB7] super 87.06%
2026-03-27T17:37:03.479650 [EDL:3D43FFB7] super 87.19%
2026-03-27T17:37:03.601801 [EDL:3D43FFB7] super 87.32%
2026-03-27T17:37:03.724613 [EDL:3D43FFB7] super 87.46%
2026-03-27T17:37:03.847819 [EDL:3D43FFB7] super 87.59%
2026-03-27T17:37:03.972088 [EDL:3D43FFB7] super 87.73%
2026-03-27T17:37:04.096778 [EDL:3D43FFB7] super 87.86%
2026-03-27T17:37:04.220889 [EDL:3D43FFB7] super 87.99%
2026-03-27T17:37:04.343843 [EDL:3D43FFB7] super 88.13%
2026-03-27T17:37:04.467269 [EDL:3D43FFB7] super 88.26%
2026-03-27T17:37:04.590503 [EDL:3D43FFB7] super 88.40%
2026-03-27T17:37:04.714244 [EDL:3D43FFB7] super 88.53%
2026-03-27T17:37:04.837505 [EDL:3D43FFB7] super 88.67%
2026-03-27T17:37:04.961051 [EDL:3D43FFB7] super 88.80%
2026-03-27T17:37:05.083708 [EDL:3D43FFB7] super 88.93%
2026-03-27T17:37:05.206419 [EDL:3D43FFB7] super 89.07%
2026-03-27T17:37:05.330541 [EDL:3D43FFB7] super 89.20%
2026-03-27T17:37:05.453576 [EDL:3D43FFB7] super 89.34%
2026-03-27T17:37:05.577346 [EDL:3D43FFB7] super 89.47%
2026-03-27T17:37:05.700438 [EDL:3D43FFB7] super 89.60%
2026-03-27T17:37:05.823493 [EDL:3D43FFB7] super 89.74%
2026-03-27T17:37:05.946577 [EDL:3D43FFB7] super 89.87%
2026-03-27T17:37:06.071599 [EDL:3D43FFB7] super 90.01%
2026-03-27T17:37:06.196989 [EDL:3D43FFB7] super 90.14%
2026-03-27T17:37:06.324309 [EDL:3D43FFB7] super 90.27%
2026-03-27T17:37:06.451789 [EDL:3D43FFB7] super 90.41%
2026-03-27T17:37:06.577473 [EDL:3D43FFB7] super 90.54%
2026-03-27T17:37:06.702543 [EDL:3D43FFB7] super 90.68%
2026-03-27T17:37:06.825754 [EDL:3D43FFB7] super 90.81%
2026-03-27T17:37:06.948648 [EDL:3D43FFB7] super 90.94%
2026-03-27T17:37:07.072330 [EDL:3D43FFB7] super 91.08%
2026-03-27T17:37:07.195906 [EDL:3D43FFB7] super 91.21%
2026-03-27T17:37:07.319112 [EDL:3D43FFB7] super 91.35%
2026-03-27T17:37:07.442998 [EDL:3D43FFB7] super 91.48%
2026-03-27T17:37:07.567102 [EDL:3D43FFB7] super 91.62%
2026-03-27T17:37:07.690974 [EDL:3D43FFB7] super 91.75%
2026-03-27T17:37:07.814475 [EDL:3D43FFB7] super 91.88%
2026-03-27T17:37:07.936782 [EDL:3D43FFB7] super 92.02%
2026-03-27T17:37:08.059396 [EDL:3D43FFB7] super 92.15%
2026-03-27T17:37:08.182018 [EDL:3D43FFB7] super 92.29%
2026-03-27T17:37:08.305894 [EDL:3D43FFB7] super 92.42%
2026-03-27T17:37:08.430319 [EDL:3D43FFB7] super 92.55%
2026-03-27T17:37:08.571991 [EDL:3D43FFB7] super 92.69%
2026-03-27T17:37:08.678613 [EDL:3D43FFB7] super 92.82%
2026-03-27T17:37:08.802741 [EDL:3D43FFB7] super 92.96%
2026-03-27T17:37:08.926277 [EDL:3D43FFB7] super 93.09%
2026-03-27T17:37:09.050312 [EDL:3D43FFB7] super 93.22%
2026-03-27T17:37:09.174289 [EDL:3D43FFB7] super 93.36%
2026-03-27T17:37:09.298300 [EDL:3D43FFB7] super 93.49%
2026-03-27T17:37:09.422259 [EDL:3D43FFB7] super 93.63%
2026-03-27T17:37:09.547278 [EDL:3D43FFB7] super 93.76%
2026-03-27T17:37:09.670346 [EDL:3D43FFB7] super 93.89%
2026-03-27T17:37:09.794371 [EDL:3D43FFB7] super 94.03%
2026-03-27T17:37:09.919106 [EDL:3D43FFB7] super 94.16%
2026-03-27T17:37:10.043963 [EDL:3D43FFB7] super 94.30%
2026-03-27T17:37:10.169354 [EDL:3D43FFB7] super 94.43%
2026-03-27T17:37:10.293302 [EDL:3D43FFB7] super 94.57%
2026-03-27T17:37:10.415552 [EDL:3D43FFB7] super 94.70%
2026-03-27T17:37:10.540590 [EDL:3D43FFB7] super 94.83%
2026-03-27T17:37:10.667013 [EDL:3D43FFB7] super 94.97%
2026-03-27T17:37:10.792500 [EDL:3D43FFB7] super 95.10%
2026-03-27T17:37:10.918499 [EDL:3D43FFB7] super 95.24%
2026-03-27T17:37:11.042795 [EDL:3D43FFB7] super 95.37%
2026-03-27T17:37:11.170225 [EDL:3D43FFB7] super 95.50%
2026-03-27T17:37:11.293436 [EDL:3D43FFB7] super 95.64%
2026-03-27T17:37:11.416954 [EDL:3D43FFB7] super 95.77%
2026-03-27T17:37:11.540127 [EDL:3D43FFB7] super 95.91%
2026-03-27T17:37:11.663180 [EDL:3D43FFB7] super 96.04%
2026-03-27T17:37:11.786245 [EDL:3D43FFB7] super 96.17%
2026-03-27T17:37:11.909882 [EDL:3D43FFB7] super 96.31%
2026-03-27T17:37:12.037870 [EDL:3D43FFB7] super 96.44%
2026-03-27T17:37:12.160991 [EDL:3D43FFB7] super 96.58%
2026-03-27T17:37:12.283926 [EDL:3D43FFB7] super 96.71%
2026-03-27T17:37:12.408054 [EDL:3D43FFB7] super 96.84%
2026-03-27T17:37:12.531310 [EDL:3D43FFB7] super 96.98%
2026-03-27T17:37:12.655418 [EDL:3D43FFB7] super 97.11%
2026-03-27T17:37:12.778605 [EDL:3D43FFB7] super 97.25%
2026-03-27T17:37:12.901201 [EDL:3D43FFB7] super 97.38%
2026-03-27T17:37:13.024023 [EDL:3D43FFB7] super 97.52%
2026-03-27T17:37:13.146389 [EDL:3D43FFB7] super 97.65%
2026-03-27T17:37:13.269720 [EDL:3D43FFB7] super 97.78%
2026-03-27T17:37:13.392648 [EDL:3D43FFB7] super 97.92%
2026-03-27T17:37:13.516480 [EDL:3D43FFB7] super 98.05%
2026-03-27T17:37:13.639816 [EDL:3D43FFB7] super 98.19%
2026-03-27T17:37:13.762782 [EDL:3D43FFB7] super 98.32%
2026-03-27T17:37:13.886179 [EDL:3D43FFB7] super 98.45%
2026-03-27T17:37:14.009115 [EDL:3D43FFB7] super 98.59%
2026-03-27T17:37:14.133603 [EDL:3D43FFB7] super 98.72%
2026-03-27T17:37:14.257000 [EDL:3D43FFB7] super 98.86%
2026-03-27T17:37:14.379843 [EDL:3D43FFB7] super 98.99%
2026-03-27T17:37:14.504207 [EDL:3D43FFB7] super 99.12%
2026-03-27T17:37:14.628752 [EDL:3D43FFB7] super 99.26%
2026-03-27T17:37:14.752401 [EDL:3D43FFB7] super 99.39%
2026-03-27T17:37:14.875300 [EDL:3D43FFB7] super 99.53%
2026-03-27T17:37:14.999415 [EDL:3D43FFB7] super 99.66%
2026-03-27T17:37:15.122762 [EDL:3D43FFB7] super 99.79%
2026-03-27T17:37:15.309504 [EDL:3D43FFB7] super 99.93%
2026-03-27T17:37:15.340489 [EDL:3D43FFB7] flashed "super" successfully at 32846kB/s
2026-03-27T17:37:15.463947 [EDL:3D43FFB7] super 0.10%
2026-03-27T17:37:15.587130 [EDL:3D43FFB7] super 0.52%
2026-03-27T17:37:15.710436 [EDL:3D43FFB7] super 0.93%
2026-03-27T17:37:15.834874 [EDL:3D43FFB7] super 1.35%
2026-03-27T17:37:15.957083 [EDL:3D43FFB7] super 1.77%
2026-03-27T17:37:16.081772 [EDL:3D43FFB7] super 2.18%
2026-03-27T17:37:16.205227 [EDL:3D43FFB7] super 2.60%
2026-03-27T17:37:16.328757 [EDL:3D43FFB7] super 3.01%
2026-03-27T17:37:16.452564 [EDL:3D43FFB7] super 3.43%
2026-03-27T17:37:16.589159 [EDL:3D43FFB7] super 3.84%
2026-03-27T17:37:16.698815 [EDL:3D43FFB7] super 4.26%
2026-03-27T17:37:16.822925 [EDL:3D43FFB7] super 4.67%
2026-03-27T17:37:16.947026 [EDL:3D43FFB7] super 5.09%
2026-03-27T17:37:17.071126 [EDL:3D43FFB7] super 5.50%
2026-03-27T17:37:17.194124 [EDL:3D43FFB7] super 5.92%
2026-03-27T17:37:17.318357 [EDL:3D43FFB7] super 6.34%
2026-03-27T17:37:17.441431 [EDL:3D43FFB7] super 6.75%
2026-03-27T17:37:17.564860 [EDL:3D43FFB7] super 7.17%
2026-03-27T17:37:17.687538 [EDL:3D43FFB7] super 7.58%
2026-03-27T17:37:17.809179 [EDL:3D43FFB7] super 8.00%
2026-03-27T17:37:17.932494 [EDL:3D43FFB7] super 8.41%
2026-03-27T17:37:18.055505 [EDL:3D43FFB7] super 8.83%
2026-03-27T17:37:18.179938 [EDL:3D43FFB7] super 9.24%
2026-03-27T17:37:18.303968 [EDL:3D43FFB7] super 9.66%
2026-03-27T17:37:18.430576 [EDL:3D43FFB7] super 10.07%
2026-03-27T17:37:18.570803 [EDL:3D43FFB7] super 10.49%
2026-03-27T17:37:18.678699 [EDL:3D43FFB7] super 10.90%
2026-03-27T17:37:18.802241 [EDL:3D43FFB7] super 11.32%
2026-03-27T17:37:18.924810 [EDL:3D43FFB7] super 11.74%
2026-03-27T17:37:19.048058 [EDL:3D43FFB7] super 12.15%
2026-03-27T17:37:19.171290 [EDL:3D43FFB7] super 12.57%
2026-03-27T17:37:19.293746 [EDL:3D43FFB7] super 12.98%
2026-03-27T17:37:19.417025 [EDL:3D43FFB7] super 13.40%
2026-03-27T17:37:19.540888 [EDL:3D43FFB7] super 13.81%
2026-03-27T17:37:19.664027 [EDL:3D43FFB7] super 14.23%
2026-03-27T17:37:19.787103 [EDL:3D43FFB7] super 14.64%
2026-03-27T17:37:19.910456 [EDL:3D43FFB7] super 15.06%
2026-03-27T17:37:20.033542 [EDL:3D43FFB7] super 15.47%
2026-03-27T17:37:20.157555 [EDL:3D43FFB7] super 15.89%
2026-03-27T17:37:20.280658 [EDL:3D43FFB7] super 16.30%
2026-03-27T17:37:20.404706 [EDL:3D43FFB7] super 16.72%
2026-03-27T17:37:20.527234 [EDL:3D43FFB7] super 17.14%
2026-03-27T17:37:20.651948 [EDL:3D43FFB7] super 17.55%
2026-03-27T17:37:20.774594 [EDL:3D43FFB7] super 17.97%
2026-03-27T17:37:20.898749 [EDL:3D43FFB7] super 18.38%
2026-03-27T17:37:21.021881 [EDL:3D43FFB7] super 18.80%
2026-03-27T17:37:21.145202 [EDL:3D43FFB7] super 19.21%
2026-03-27T17:37:21.271398 [EDL:3D43FFB7] super 19.63%
2026-03-27T17:37:21.396450 [EDL:3D43FFB7] super 20.04%
2026-03-27T17:37:21.521459 [EDL:3D43FFB7] super 20.46%
2026-03-27T17:37:21.646818 [EDL:3D43FFB7] super 20.87%
2026-03-27T17:37:21.771058 [EDL:3D43FFB7] super 21.29%
2026-03-27T17:37:21.895318 [EDL:3D43FFB7] super 21.71%
2026-03-27T17:37:22.020253 [EDL:3D43FFB7] super 22.12%
2026-03-27T17:37:22.146057 [EDL:3D43FFB7] super 22.54%
2026-03-27T17:37:22.270974 [EDL:3D43FFB7] super 22.95%
2026-03-27T17:37:22.395618 [EDL:3D43FFB7] super 23.37%
2026-03-27T17:37:22.520624 [EDL:3D43FFB7] super 23.78%
2026-03-27T17:37:22.648712 [EDL:3D43FFB7] super 24.20%
2026-03-27T17:37:22.775847 [EDL:3D43FFB7] super 24.61%
2026-03-27T17:37:22.900048 [EDL:3D43FFB7] super 25.03%
2026-03-27T17:37:23.022828 [EDL:3D43FFB7] super 25.44%
2026-03-27T17:37:23.146699 [EDL:3D43FFB7] super 25.86%
2026-03-27T17:37:23.270079 [EDL:3D43FFB7] super 26.27%
2026-03-27T17:37:23.394603 [EDL:3D43FFB7] super 26.69%
2026-03-27T17:37:23.518561 [EDL:3D43FFB7] super 27.11%
2026-03-27T17:37:23.641354 [EDL:3D43FFB7] super 27.52%
2026-03-27T17:37:23.763612 [EDL:3D43FFB7] super 27.94%
2026-03-27T17:37:23.887651 [EDL:3D43FFB7] super 28.35%
2026-03-27T17:37:24.011358 [EDL:3D43FFB7] super 28.77%
2026-03-27T17:37:24.135785 [EDL:3D43FFB7] super 29.18%
2026-03-27T17:37:24.258584 [EDL:3D43FFB7] super 29.60%
2026-03-27T17:37:24.381492 [EDL:3D43FFB7] super 30.01%
2026-03-27T17:37:24.505828 [EDL:3D43FFB7] super 30.43%
2026-03-27T17:37:24.628946 [EDL:3D43FFB7] super 30.84%
2026-03-27T17:37:24.753360 [EDL:3D43FFB7] super 31.26%
2026-03-27T17:37:24.875527 [EDL:3D43FFB7] super 31.68%
2026-03-27T17:37:24.999359 [EDL:3D43FFB7] super 32.09%
2026-03-27T17:37:25.122157 [EDL:3D43FFB7] super 32.51%
2026-03-27T17:37:25.245219 [EDL:3D43FFB7] super 32.92%
2026-03-27T17:37:25.368518 [EDL:3D43FFB7] super 33.34%
2026-03-27T17:37:25.492747 [EDL:3D43FFB7] super 33.75%
2026-03-27T17:37:25.616045 [EDL:3D43FFB7] super 34.17%
2026-03-27T17:37:25.739100 [EDL:3D43FFB7] super 34.58%
2026-03-27T17:37:25.862419 [EDL:3D43FFB7] super 35.00%
2026-03-27T17:37:25.985761 [EDL:3D43FFB7] super 35.41%
2026-03-27T17:37:26.109743 [EDL:3D43FFB7] super 35.83%
2026-03-27T17:37:26.232834 [EDL:3D43FFB7] super 36.24%
2026-03-27T17:37:26.355776 [EDL:3D43FFB7] super 36.66%
2026-03-27T17:37:26.479072 [EDL:3D43FFB7] super 37.08%
2026-03-27T17:37:26.603137 [EDL:3D43FFB7] super 37.49%
2026-03-27T17:37:26.726081 [EDL:3D43FFB7] super 37.91%
2026-03-27T17:37:26.849205 [EDL:3D43FFB7] super 38.32%
2026-03-27T17:37:26.973742 [EDL:3D43FFB7] super 38.74%
2026-03-27T17:37:27.097550 [EDL:3D43FFB7] super 39.15%
2026-03-27T17:37:27.220689 [EDL:3D43FFB7] super 39.57%
2026-03-27T17:37:27.343088 [EDL:3D43FFB7] super 39.98%
2026-03-27T17:37:27.466017 [EDL:3D43FFB7] super 40.40%
2026-03-27T17:37:27.588528 [EDL:3D43FFB7] super 40.81%
2026-03-27T17:37:27.711105 [EDL:3D43FFB7] super 41.23%
2026-03-27T17:37:27.833790 [EDL:3D43FFB7] super 41.65%
2026-03-27T17:37:27.957374 [EDL:3D43FFB7] super 42.06%
2026-03-27T17:37:28.081031 [EDL:3D43FFB7] super 42.48%
2026-03-27T17:37:28.206833 [EDL:3D43FFB7] super 42.89%
2026-03-27T17:37:28.329851 [EDL:3D43FFB7] super 43.31%
2026-03-27T17:37:28.453089 [EDL:3D43FFB7] super 43.72%
2026-03-27T17:37:28.577973 [EDL:3D43FFB7] super 44.14%
2026-03-27T17:37:28.702401 [EDL:3D43FFB7] super 44.55%
2026-03-27T17:37:28.824926 [EDL:3D43FFB7] super 44.97%
2026-03-27T17:37:28.948101 [EDL:3D43FFB7] super 45.38%
2026-03-27T17:37:29.070964 [EDL:3D43FFB7] super 45.80%
2026-03-27T17:37:29.197406 [EDL:3D43FFB7] super 46.21%
2026-03-27T17:37:29.323036 [EDL:3D43FFB7] super 46.63%
2026-03-27T17:37:29.444774 [EDL:3D43FFB7] super 47.05%
2026-03-27T17:37:29.568875 [EDL:3D43FFB7] super 47.46%
2026-03-27T17:37:29.691858 [EDL:3D43FFB7] super 47.88%
2026-03-27T17:37:29.818233 [EDL:3D43FFB7] super 48.29%
2026-03-27T17:37:29.941775 [EDL:3D43FFB7] super 48.71%
2026-03-27T17:37:30.065012 [EDL:3D43FFB7] super 49.12%
2026-03-27T17:37:30.190486 [EDL:3D43FFB7] super 49.54%
2026-03-27T17:37:30.317852 [EDL:3D43FFB7] super 49.95%
2026-03-27T17:37:30.443769 [EDL:3D43FFB7] super 50.37%
2026-03-27T17:37:30.581233 [EDL:3D43FFB7] super 50.78%
2026-03-27T17:37:30.691606 [EDL:3D43FFB7] super 51.20%
2026-03-27T17:37:30.814313 [EDL:3D43FFB7] super 51.61%
2026-03-27T17:37:30.937275 [EDL:3D43FFB7] super 52.03%
2026-03-27T17:37:31.059993 [EDL:3D43FFB7] super 52.45%
2026-03-27T17:37:31.184471 [EDL:3D43FFB7] super 52.86%
2026-03-27T17:37:31.307318 [EDL:3D43FFB7] super 53.28%
2026-03-27T17:37:31.429783 [EDL:3D43FFB7] super 53.69%
2026-03-27T17:37:31.553722 [EDL:3D43FFB7] super 54.11%
2026-03-27T17:37:31.676797 [EDL:3D43FFB7] super 54.52%
2026-03-27T17:37:31.800177 [EDL:3D43FFB7] super 54.94%
2026-03-27T17:37:31.922476 [EDL:3D43FFB7] super 55.35%
2026-03-27T17:37:32.045202 [EDL:3D43FFB7] super 55.77%
2026-03-27T17:37:32.171807 [EDL:3D43FFB7] super 56.18%
2026-03-27T17:37:32.294947 [EDL:3D43FFB7] super 56.60%
2026-03-27T17:37:32.417973 [EDL:3D43FFB7] super 57.02%
2026-03-27T17:37:32.542346 [EDL:3D43FFB7] super 57.43%
2026-03-27T17:37:32.666645 [EDL:3D43FFB7] super 57.85%
2026-03-27T17:37:32.790329 [EDL:3D43FFB7] super 58.26%
2026-03-27T17:37:32.914714 [EDL:3D43FFB7] super 58.68%
2026-03-27T17:37:33.040032 [EDL:3D43FFB7] super 59.09%
2026-03-27T17:37:33.165361 [EDL:3D43FFB7] super 59.51%
2026-03-27T17:37:33.289587 [EDL:3D43FFB7] super 59.92%
2026-03-27T17:37:33.412773 [EDL:3D43FFB7] super 60.34%
2026-03-27T17:37:33.536364 [EDL:3D43FFB7] super 60.75%
2026-03-27T17:37:33.659511 [EDL:3D43FFB7] super 61.17%
2026-03-27T17:37:33.782526 [EDL:3D43FFB7] super 61.58%
2026-03-27T17:37:33.906572 [EDL:3D43FFB7] super 62.00%
2026-03-27T17:37:34.028760 [EDL:3D43FFB7] super 62.42%
2026-03-27T17:37:34.154910 [EDL:3D43FFB7] super 62.83%
2026-03-27T17:37:34.278878 [EDL:3D43FFB7] super 63.25%
2026-03-27T17:37:34.402527 [EDL:3D43FFB7] super 63.66%
2026-03-27T17:37:34.525706 [EDL:3D43FFB7] super 64.08%
2026-03-27T17:37:34.648644 [EDL:3D43FFB7] super 64.49%
2026-03-27T17:37:34.772747 [EDL:3D43FFB7] super 64.91%
2026-03-27T17:37:34.897285 [EDL:3D43FFB7] super 65.32%
2026-03-27T17:37:35.021345 [EDL:3D43FFB7] super 65.74%
2026-03-27T17:37:35.145711 [EDL:3D43FFB7] super 66.15%
2026-03-27T17:37:35.268331 [EDL:3D43FFB7] super 66.57%
2026-03-27T17:37:35.392415 [EDL:3D43FFB7] super 66.99%
2026-03-27T17:37:35.516890 [EDL:3D43FFB7] super 67.40%
2026-03-27T17:37:35.641984 [EDL:3D43FFB7] super 67.82%
2026-03-27T17:37:35.766987 [EDL:3D43FFB7] super 68.23%
2026-03-27T17:37:35.890745 [EDL:3D43FFB7] super 68.65%
2026-03-27T17:37:36.015375 [EDL:3D43FFB7] super 69.06%
2026-03-27T17:37:36.139026 [EDL:3D43FFB7] super 69.48%
2026-03-27T17:37:36.262295 [EDL:3D43FFB7] super 69.89%
2026-03-27T17:37:36.385966 [EDL:3D43FFB7] super 70.31%
2026-03-27T17:37:36.509602 [EDL:3D43FFB7] super 70.72%
2026-03-27T17:37:36.635447 [EDL:3D43FFB7] super 71.14%
2026-03-27T17:37:36.757824 [EDL:3D43FFB7] super 71.55%
2026-03-27T17:37:36.881211 [EDL:3D43FFB7] super 71.97%
2026-03-27T17:37:37.005504 [EDL:3D43FFB7] super 72.39%
2026-03-27T17:37:37.127981 [EDL:3D43FFB7] super 72.80%
2026-03-27T17:37:37.251632 [EDL:3D43FFB7] super 73.22%
2026-03-27T17:37:37.375012 [EDL:3D43FFB7] super 73.63%
2026-03-27T17:37:37.499603 [EDL:3D43FFB7] super 74.05%
2026-03-27T17:37:37.623542 [EDL:3D43FFB7] super 74.46%
2026-03-27T17:37:37.746791 [EDL:3D43FFB7] super 74.88%
2026-03-27T17:37:37.869288 [EDL:3D43FFB7] super 75.29%
2026-03-27T17:37:37.993047 [EDL:3D43FFB7] super 75.71%
2026-03-27T17:37:38.117617 [EDL:3D43FFB7] super 76.12%
2026-03-27T17:37:38.242754 [EDL:3D43FFB7] super 76.54%
2026-03-27T17:37:38.367393 [EDL:3D43FFB7] super 76.96%
2026-03-27T17:37:38.491559 [EDL:3D43FFB7] super 77.37%
2026-03-27T17:37:38.616293 [EDL:3D43FFB7] super 77.79%
2026-03-27T17:37:38.740869 [EDL:3D43FFB7] super 78.20%
2026-03-27T17:37:38.864899 [EDL:3D43FFB7] super 78.62%
2026-03-27T17:37:38.987811 [EDL:3D43FFB7] super 79.03%
2026-03-27T17:37:39.111087 [EDL:3D43FFB7] super 79.45%
2026-03-27T17:37:39.235998 [EDL:3D43FFB7] super 79.86%
2026-03-27T17:37:39.359330 [EDL:3D43FFB7] super 80.28%
2026-03-27T17:37:39.483216 [EDL:3D43FFB7] super 80.69%
2026-03-27T17:37:39.607818 [EDL:3D43FFB7] super 81.11%
2026-03-27T17:37:39.731884 [EDL:3D43FFB7] super 81.52%
2026-03-27T17:37:39.857235 [EDL:3D43FFB7] super 81.94%
2026-03-27T17:37:39.981209 [EDL:3D43FFB7] super 82.36%
2026-03-27T17:37:40.105356 [EDL:3D43FFB7] super 82.77%
2026-03-27T17:37:40.229416 [EDL:3D43FFB7] super 83.19%
2026-03-27T17:37:40.354784 [EDL:3D43FFB7] super 83.60%
2026-03-27T17:37:40.479529 [EDL:3D43FFB7] super 84.02%
2026-03-27T17:37:40.604017 [EDL:3D43FFB7] super 84.43%
2026-03-27T17:37:40.728475 [EDL:3D43FFB7] super 84.85%
2026-03-27T17:37:40.852615 [EDL:3D43FFB7] super 85.26%
2026-03-27T17:37:40.976998 [EDL:3D43FFB7] super 85.68%
2026-03-27T17:37:41.100760 [EDL:3D43FFB7] super 86.09%
2026-03-27T17:37:41.226012 [EDL:3D43FFB7] super 86.51%
2026-03-27T17:37:41.349331 [EDL:3D43FFB7] super 86.93%
2026-03-27T17:37:41.473187 [EDL:3D43FFB7] super 87.34%
2026-03-27T17:37:41.596401 [EDL:3D43FFB7] super 87.76%
2026-03-27T17:37:41.719883 [EDL:3D43FFB7] super 88.17%
2026-03-27T17:37:41.843350 [EDL:3D43FFB7] super 88.59%
2026-03-27T17:37:41.967085 [EDL:3D43FFB7] super 89.00%
2026-03-27T17:37:42.092491 [EDL:3D43FFB7] super 89.42%
2026-03-27T17:37:42.217203 [EDL:3D43FFB7] super 89.83%
2026-03-27T17:37:42.341632 [EDL:3D43FFB7] super 90.25%
2026-03-27T17:37:42.466212 [EDL:3D43FFB7] super 90.66%
2026-03-27T17:37:42.590443 [EDL:3D43FFB7] super 91.08%
2026-03-27T17:37:42.713729 [EDL:3D43FFB7] super 91.49%
2026-03-27T17:37:42.838407 [EDL:3D43FFB7] super 91.91%
2026-03-27T17:37:42.962040 [EDL:3D43FFB7] super 92.33%
2026-03-27T17:37:43.086284 [EDL:3D43FFB7] super 92.74%
2026-03-27T17:37:43.210482 [EDL:3D43FFB7] super 93.16%
2026-03-27T17:37:43.334423 [EDL:3D43FFB7] super 93.57%
2026-03-27T17:37:43.458289 [EDL:3D43FFB7] super 93.99%
2026-03-27T17:37:43.582626 [EDL:3D43FFB7] super 94.40%
2026-03-27T17:37:43.705701 [EDL:3D43FFB7] super 94.82%
2026-03-27T17:37:43.828359 [EDL:3D43FFB7] super 95.23%
2026-03-27T17:37:43.951335 [EDL:3D43FFB7] super 95.65%
2026-03-27T17:37:44.074650 [EDL:3D43FFB7] super 96.06%
2026-03-27T17:37:44.197536 [EDL:3D43FFB7] super 96.48%
2026-03-27T17:37:44.320807 [EDL:3D43FFB7] super 96.89%
2026-03-27T17:37:44.444419 [EDL:3D43FFB7] super 97.31%
2026-03-27T17:37:44.583255 [EDL:3D43FFB7] super 97.73%
2026-03-27T17:37:44.692092 [EDL:3D43FFB7] super 98.14%
2026-03-27T17:37:44.815314 [EDL:3D43FFB7] super 98.56%
2026-03-27T17:37:44.938467 [EDL:3D43FFB7] super 98.97%
2026-03-27T17:37:45.061583 [EDL:3D43FFB7] super 99.39%
2026-03-27T17:37:45.231805 [EDL:3D43FFB7] super 99.80%
2026-03-27T17:37:45.245763 [EDL:3D43FFB7] flashed "super" successfully at 32866kB/s
2026-03-27T17:37:45.351869 [EDL:3D43FFB7] super 100.00%
2026-03-27T17:37:45.383625 [EDL:3D43FFB7] flashed "super" successfully
2026-03-27T17:37:45.507486 [EDL:3D43FFB7] super 0.14%
2026-03-27T17:37:45.631380 [EDL:3D43FFB7] super 0.68%
2026-03-27T17:37:45.754351 [EDL:3D43FFB7] super 1.23%
2026-03-27T17:37:45.877492 [EDL:3D43FFB7] super 1.77%
2026-03-27T17:37:46.002131 [EDL:3D43FFB7] super 2.32%
2026-03-27T17:37:46.129060 [EDL:3D43FFB7] super 2.87%
2026-03-27T17:37:46.255603 [EDL:3D43FFB7] super 3.41%
2026-03-27T17:37:46.378213 [EDL:3D43FFB7] super 3.96%
2026-03-27T17:37:46.500947 [EDL:3D43FFB7] super 4.51%
2026-03-27T17:37:46.624342 [EDL:3D43FFB7] super 5.05%
2026-03-27T17:37:46.747491 [EDL:3D43FFB7] super 5.60%
2026-03-27T17:37:46.870924 [EDL:3D43FFB7] super 6.14%
2026-03-27T17:37:46.994026 [EDL:3D43FFB7] super 6.69%
2026-03-27T17:37:47.116465 [EDL:3D43FFB7] super 7.24%
2026-03-27T17:37:47.238930 [EDL:3D43FFB7] super 7.78%
2026-03-27T17:37:47.362855 [EDL:3D43FFB7] super 8.33%
2026-03-27T17:37:47.487812 [EDL:3D43FFB7] super 8.87%
2026-03-27T17:37:47.612042 [EDL:3D43FFB7] super 9.42%
2026-03-27T17:37:47.736597 [EDL:3D43FFB7] super 9.97%
2026-03-27T17:37:47.860550 [EDL:3D43FFB7] super 10.51%
2026-03-27T17:37:47.984986 [EDL:3D43FFB7] super 11.06%
2026-03-27T17:37:48.109257 [EDL:3D43FFB7] super 11.61%
2026-03-27T17:37:48.233112 [EDL:3D43FFB7] super 12.15%
2026-03-27T17:37:48.358365 [EDL:3D43FFB7] super 12.70%
2026-03-27T17:37:48.482135 [EDL:3D43FFB7] super 13.24%
2026-03-27T17:37:48.607845 [EDL:3D43FFB7] super 13.79%
2026-03-27T17:37:48.731028 [EDL:3D43FFB7] super 14.34%
2026-03-27T17:37:48.854105 [EDL:3D43FFB7] super 14.88%
2026-03-27T17:37:48.979075 [EDL:3D43FFB7] super 15.43%
2026-03-27T17:37:49.102900 [EDL:3D43FFB7] super 15.97%
2026-03-27T17:37:49.225441 [EDL:3D43FFB7] super 16.52%
2026-03-27T17:37:49.348222 [EDL:3D43FFB7] super 17.07%
2026-03-27T17:37:49.472005 [EDL:3D43FFB7] super 17.61%
2026-03-27T17:37:49.594940 [EDL:3D43FFB7] super 18.16%
2026-03-27T17:37:49.718638 [EDL:3D43FFB7] super 18.71%
2026-03-27T17:37:49.842001 [EDL:3D43FFB7] super 19.25%
2026-03-27T17:37:49.964519 [EDL:3D43FFB7] super 19.80%
2026-03-27T17:37:50.089201 [EDL:3D43FFB7] super 20.34%
2026-03-27T17:37:50.212123 [EDL:3D43FFB7] super 20.89%
2026-03-27T17:37:50.335085 [EDL:3D43FFB7] super 21.44%
2026-03-27T17:37:50.460039 [EDL:3D43FFB7] super 21.98%
2026-03-27T17:37:50.583413 [EDL:3D43FFB7] super 22.53%
2026-03-27T17:37:50.708456 [EDL:3D43FFB7] super 23.07%
2026-03-27T17:37:50.832329 [EDL:3D43FFB7] super 23.62%
2026-03-27T17:37:50.956888 [EDL:3D43FFB7] super 24.17%
2026-03-27T17:37:51.080649 [EDL:3D43FFB7] super 24.71%
2026-03-27T17:37:51.203574 [EDL:3D43FFB7] super 25.26%
2026-03-27T17:37:51.326583 [EDL:3D43FFB7] super 25.81%
2026-03-27T17:37:51.450601 [EDL:3D43FFB7] super 26.35%
2026-03-27T17:37:51.573138 [EDL:3D43FFB7] super 26.90%
2026-03-27T17:37:51.696397 [EDL:3D43FFB7] super 27.44%
2026-03-27T17:37:51.819325 [EDL:3D43FFB7] super 27.99%
2026-03-27T17:37:51.942699 [EDL:3D43FFB7] super 28.54%
2026-03-27T17:37:52.065681 [EDL:3D43FFB7] super 29.08%
2026-03-27T17:37:52.188379 [EDL:3D43FFB7] super 29.63%
2026-03-27T17:37:52.311772 [EDL:3D43FFB7] super 30.17%
2026-03-27T17:37:52.435520 [EDL:3D43FFB7] super 30.72%
2026-03-27T17:37:52.578333 [EDL:3D43FFB7] super 31.27%
2026-03-27T17:37:52.683928 [EDL:3D43FFB7] super 31.81%
2026-03-27T17:37:52.808162 [EDL:3D43FFB7] super 32.36%
2026-03-27T17:37:52.931714 [EDL:3D43FFB7] super 32.91%
2026-03-27T17:37:53.054583 [EDL:3D43FFB7] super 33.45%
2026-03-27T17:37:53.177119 [EDL:3D43FFB7] super 34.00%
2026-03-27T17:37:53.299833 [EDL:3D43FFB7] super 34.54%
2026-03-27T17:37:53.422458 [EDL:3D43FFB7] super 35.09%
2026-03-27T17:37:53.545703 [EDL:3D43FFB7] super 35.64%
2026-03-27T17:37:53.667126 [EDL:3D43FFB7] super 36.18%
2026-03-27T17:37:53.790651 [EDL:3D43FFB7] super 36.73%
2026-03-27T17:37:53.914228 [EDL:3D43FFB7] super 37.27%
2026-03-27T17:37:54.036941 [EDL:3D43FFB7] super 37.82%
2026-03-27T17:37:54.161203 [EDL:3D43FFB7] super 38.37%
2026-03-27T17:37:54.283988 [EDL:3D43FFB7] super 38.91%
2026-03-27T17:37:54.407073 [EDL:3D43FFB7] super 39.46%
2026-03-27T17:37:54.531190 [EDL:3D43FFB7] super 40.01%
2026-03-27T17:37:54.655583 [EDL:3D43FFB7] super 40.55%
2026-03-27T17:37:54.780475 [EDL:3D43FFB7] super 41.10%
2026-03-27T17:37:54.904594 [EDL:3D43FFB7] super 41.64%
2026-03-27T17:37:55.027841 [EDL:3D43FFB7] super 42.19%
2026-03-27T17:37:55.151186 [EDL:3D43FFB7] super 42.74%
2026-03-27T17:37:55.274900 [EDL:3D43FFB7] super 43.28%
2026-03-27T17:37:55.397270 [EDL:3D43FFB7] super 43.83%
2026-03-27T17:37:55.519783 [EDL:3D43FFB7] super 44.37%
2026-03-27T17:37:55.641988 [EDL:3D43FFB7] super 44.92%
2026-03-27T17:37:55.765188 [EDL:3D43FFB7] super 45.47%
2026-03-27T17:37:55.887866 [EDL:3D43FFB7] super 46.01%
2026-03-27T17:37:56.011831 [EDL:3D43FFB7] super 46.56%
2026-03-27T17:37:56.136246 [EDL:3D43FFB7] super 47.11%
2026-03-27T17:37:56.259957 [EDL:3D43FFB7] super 47.65%
2026-03-27T17:37:56.383202 [EDL:3D43FFB7] super 48.20%
2026-03-27T17:37:56.506456 [EDL:3D43FFB7] super 48.74%
2026-03-27T17:37:56.632343 [EDL:3D43FFB7] super 49.29%
2026-03-27T17:37:56.754417 [EDL:3D43FFB7] super 49.84%
2026-03-27T17:37:56.878029 [EDL:3D43FFB7] super 50.38%
2026-03-27T17:37:57.000795 [EDL:3D43FFB7] super 50.93%
2026-03-27T17:37:57.124200 [EDL:3D43FFB7] super 51.47%
2026-03-27T17:37:57.248238 [EDL:3D43FFB7] super 52.02%
2026-03-27T17:37:57.371026 [EDL:3D43FFB7] super 52.57%
2026-03-27T17:37:57.494454 [EDL:3D43FFB7] super 53.11%
2026-03-27T17:37:57.616967 [EDL:3D43FFB7] super 53.66%
2026-03-27T17:37:57.740368 [EDL:3D43FFB7] super 54.21%
2026-03-27T17:37:57.863837 [EDL:3D43FFB7] super 54.75%
2026-03-27T17:37:57.987289 [EDL:3D43FFB7] super 55.30%
2026-03-27T17:37:58.113065 [EDL:3D43FFB7] super 55.84%
2026-03-27T17:37:58.239087 [EDL:3D43FFB7] super 56.39%
2026-03-27T17:37:58.361184 [EDL:3D43FFB7] super 56.94%
2026-03-27T17:37:58.484999 [EDL:3D43FFB7] super 57.48%
2026-03-27T17:37:58.610199 [EDL:3D43FFB7] super 58.03%
2026-03-27T17:37:58.732745 [EDL:3D43FFB7] super 58.57%
2026-03-27T17:37:58.856362 [EDL:3D43FFB7] super 59.12%
2026-03-27T17:37:58.980834 [EDL:3D43FFB7] super 59.67%
2026-03-27T17:37:59.104488 [EDL:3D43FFB7] super 60.21%
2026-03-27T17:37:59.226722 [EDL:3D43FFB7] super 60.76%
2026-03-27T17:37:59.349848 [EDL:3D43FFB7] super 61.31%
2026-03-27T17:37:59.472956 [EDL:3D43FFB7] super 61.85%
2026-03-27T17:37:59.595812 [EDL:3D43FFB7] super 62.40%
2026-03-27T17:37:59.718922 [EDL:3D43FFB7] super 62.94%
2026-03-27T17:37:59.841729 [EDL:3D43FFB7] super 63.49%
2026-03-27T17:37:59.965137 [EDL:3D43FFB7] super 64.04%
2026-03-27T17:38:00.090194 [EDL:3D43FFB7] super 64.58%
2026-03-27T17:38:00.214479 [EDL:3D43FFB7] super 65.13%
2026-03-27T17:38:00.339169 [EDL:3D43FFB7] super 65.67%
2026-03-27T17:38:00.462235 [EDL:3D43FFB7] super 66.22%
2026-03-27T17:38:00.587280 [EDL:3D43FFB7] super 66.77%
2026-03-27T17:38:00.711215 [EDL:3D43FFB7] super 67.31%
2026-03-27T17:38:00.830639 [EDL:3D43FFB7] super 67.86%
2026-03-27T17:38:00.952306 [EDL:3D43FFB7] super 68.41%
2026-03-27T17:38:01.072346 [EDL:3D43FFB7] super 68.95%
2026-03-27T17:38:01.191816 [EDL:3D43FFB7] super 69.50%
2026-03-27T17:38:01.311424 [EDL:3D43FFB7] super 70.04%
2026-03-27T17:38:01.434080 [EDL:3D43FFB7] super 70.59%
2026-03-27T17:38:01.555042 [EDL:3D43FFB7] super 71.14%
2026-03-27T17:38:01.674916 [EDL:3D43FFB7] super 71.68%
2026-03-27T17:38:01.798825 [EDL:3D43FFB7] super 72.23%
2026-03-27T17:38:01.919866 [EDL:3D43FFB7] super 72.77%
2026-03-27T17:38:02.041735 [EDL:3D43FFB7] super 73.32%
2026-03-27T17:38:02.162979 [EDL:3D43FFB7] super 73.87%
2026-03-27T17:38:02.283755 [EDL:3D43FFB7] super 74.41%
2026-03-27T17:38:02.406042 [EDL:3D43FFB7] super 74.96%
2026-03-27T17:38:02.527307 [EDL:3D43FFB7] super 75.50%
2026-03-27T17:38:02.648876 [EDL:3D43FFB7] super 76.05%
2026-03-27T17:38:02.770048 [EDL:3D43FFB7] super 76.60%
2026-03-27T17:38:02.896398 [EDL:3D43FFB7] super 77.14%
2026-03-27T17:38:03.019712 [EDL:3D43FFB7] super 77.69%
2026-03-27T17:38:03.140408 [EDL:3D43FFB7] super 78.24%
2026-03-27T17:38:03.261263 [EDL:3D43FFB7] super 78.78%
2026-03-27T17:38:03.382651 [EDL:3D43FFB7] super 79.33%
2026-03-27T17:38:03.503920 [EDL:3D43FFB7] super 79.87%
2026-03-27T17:38:03.625903 [EDL:3D43FFB7] super 80.42%
2026-03-27T17:38:03.755385 [EDL:3D43FFB7] super 80.97%
2026-03-27T17:38:03.877841 [EDL:3D43FFB7] super 81.51%
2026-03-27T17:38:03.999265 [EDL:3D43FFB7] super 82.06%
2026-03-27T17:38:04.121101 [EDL:3D43FFB7] super 82.60%
2026-03-27T17:38:04.242977 [EDL:3D43FFB7] super 83.15%
2026-03-27T17:38:04.362625 [EDL:3D43FFB7] super 83.70%
2026-03-27T17:38:04.483034 [EDL:3D43FFB7] super 84.24%
2026-03-27T17:38:04.606522 [EDL:3D43FFB7] super 84.79%
2026-03-27T17:38:04.726859 [EDL:3D43FFB7] super 85.34%
2026-03-27T17:38:04.845740 [EDL:3D43FFB7] super 85.88%
2026-03-27T17:38:04.964589 [EDL:3D43FFB7] super 86.43%
2026-03-27T17:38:05.085623 [EDL:3D43FFB7] super 86.97%
2026-03-27T17:38:05.208129 [EDL:3D43FFB7] super 87.52%
2026-03-27T17:38:05.332084 [EDL:3D43FFB7] super 88.07%
2026-03-27T17:38:05.454744 [EDL:3D43FFB7] super 88.61%
2026-03-27T17:38:05.581556 [EDL:3D43FFB7] super 89.16%
2026-03-27T17:38:05.701528 [EDL:3D43FFB7] super 89.70%
2026-03-27T17:38:05.826387 [EDL:3D43FFB7] super 90.25%
2026-03-27T17:38:05.954903 [EDL:3D43FFB7] super 90.80%
2026-03-27T17:38:06.082778 [EDL:3D43FFB7] super 91.34%
2026-03-27T17:38:06.206125 [EDL:3D43FFB7] super 91.89%
2026-03-27T17:38:06.329306 [EDL:3D43FFB7] super 92.44%
2026-03-27T17:38:06.450848 [EDL:3D43FFB7] super 92.98%
2026-03-27T17:38:06.573232 [EDL:3D43FFB7] super 93.53%
2026-03-27T17:38:06.695469 [EDL:3D43FFB7] super 94.07%
2026-03-27T17:38:06.819251 [EDL:3D43FFB7] super 94.62%
2026-03-27T17:38:06.941344 [EDL:3D43FFB7] super 95.17%
2026-03-27T17:38:07.062984 [EDL:3D43FFB7] super 95.71%
2026-03-27T17:38:07.184453 [EDL:3D43FFB7] super 96.26%
2026-03-27T17:38:07.312056 [EDL:3D43FFB7] super 96.80%
2026-03-27T17:38:07.435615 [EDL:3D43FFB7] super 97.35%
2026-03-27T17:38:07.556640 [EDL:3D43FFB7] super 97.90%
2026-03-27T17:38:07.683526 [EDL:3D43FFB7] super 98.44%
2026-03-27T17:38:07.805013 [EDL:3D43FFB7] super 98.99%
2026-03-27T17:38:07.907895 [EDL:3D43FFB7] super 99.54%
2026-03-27T17:38:08.013718 [EDL:3D43FFB7] super 100.00%
2026-03-27T17:38:08.044414 [EDL:3D43FFB7] flashed "super" successfully at 34090kB/s
2026-03-27T17:38:08.166472 [EDL:3D43FFB7] super 0.17%
2026-03-27T17:38:08.288091 [EDL:3D43FFB7] super 0.83%
2026-03-27T17:38:08.409786 [EDL:3D43FFB7] super 1.49%
2026-03-27T17:38:08.530400 [EDL:3D43FFB7] super 2.16%
2026-03-27T17:38:08.657038 [EDL:3D43FFB7] super 2.82%
2026-03-27T17:38:08.780728 [EDL:3D43FFB7] super 3.48%
2026-03-27T17:38:08.905314 [EDL:3D43FFB7] super 4.15%
2026-03-27T17:38:09.028328 [EDL:3D43FFB7] super 4.81%
2026-03-27T17:38:09.149224 [EDL:3D43FFB7] super 5.47%
2026-03-27T17:38:09.270401 [EDL:3D43FFB7] super 6.14%
2026-03-27T17:38:09.390260 [EDL:3D43FFB7] super 6.80%
2026-03-27T17:38:09.516604 [EDL:3D43FFB7] super 7.46%
2026-03-27T17:38:09.636229 [EDL:3D43FFB7] super 8.13%
2026-03-27T17:38:09.757891 [EDL:3D43FFB7] super 8.79%
2026-03-27T17:38:09.879326 [EDL:3D43FFB7] super 9.45%
2026-03-27T17:38:10.001733 [EDL:3D43FFB7] super 10.12%
2026-03-27T17:38:10.123301 [EDL:3D43FFB7] super 10.78%
2026-03-27T17:38:10.244949 [EDL:3D43FFB7] super 11.44%
2026-03-27T17:38:10.372086 [EDL:3D43FFB7] super 12.11%
2026-03-27T17:38:10.494570 [EDL:3D43FFB7] super 12.77%
2026-03-27T17:38:10.618084 [EDL:3D43FFB7] super 13.44%
2026-03-27T17:38:10.741415 [EDL:3D43FFB7] super 14.10%
2026-03-27T17:38:10.863101 [EDL:3D43FFB7] super 14.76%
2026-03-27T17:38:10.984529 [EDL:3D43FFB7] super 15.43%
2026-03-27T17:38:11.106996 [EDL:3D43FFB7] super 16.09%
2026-03-27T17:38:11.228731 [EDL:3D43FFB7] super 16.75%
2026-03-27T17:38:11.349795 [EDL:3D43FFB7] super 17.42%
2026-03-27T17:38:11.471569 [EDL:3D43FFB7] super 18.08%
2026-03-27T17:38:11.598285 [EDL:3D43FFB7] super 18.74%
2026-03-27T17:38:11.721147 [EDL:3D43FFB7] super 19.41%
2026-03-27T17:38:11.842647 [EDL:3D43FFB7] super 20.07%
2026-03-27T17:38:11.967709 [EDL:3D43FFB7] super 20.73%
2026-03-27T17:38:12.088433 [EDL:3D43FFB7] super 21.40%
2026-03-27T17:38:12.209934 [EDL:3D43FFB7] super 22.06%
2026-03-27T17:38:12.331543 [EDL:3D43FFB7] super 22.72%
2026-03-27T17:38:12.452955 [EDL:3D43FFB7] super 23.39%
2026-03-27T17:38:12.574676 [EDL:3D43FFB7] super 24.05%
2026-03-27T17:38:12.697220 [EDL:3D43FFB7] super 24.71%
2026-03-27T17:38:12.816627 [EDL:3D43FFB7] super 25.38%
2026-03-27T17:38:12.937465 [EDL:3D43FFB7] super 26.04%
2026-03-27T17:38:13.063257 [EDL:3D43FFB7] super 26.70%
2026-03-27T17:38:13.187993 [EDL:3D43FFB7] super 27.37%
2026-03-27T17:38:13.310085 [EDL:3D43FFB7] super 28.03%
2026-03-27T17:38:13.432215 [EDL:3D43FFB7] super 28.69%
2026-03-27T17:38:13.554163 [EDL:3D43FFB7] super 29.36%
2026-03-27T17:38:13.675990 [EDL:3D43FFB7] super 30.02%
2026-03-27T17:38:13.797934 [EDL:3D43FFB7] super 30.68%
2026-03-27T17:38:13.919506 [EDL:3D43FFB7] super 31.35%
2026-03-27T17:38:14.040846 [EDL:3D43FFB7] super 32.01%
2026-03-27T17:38:14.163039 [EDL:3D43FFB7] super 32.68%
2026-03-27T17:38:14.283584 [EDL:3D43FFB7] super 33.34%
2026-03-27T17:38:14.405239 [EDL:3D43FFB7] super 34.00%
2026-03-27T17:38:14.529635 [EDL:3D43FFB7] super 34.67%
2026-03-27T17:38:14.654583 [EDL:3D43FFB7] super 35.33%
2026-03-27T17:38:14.777159 [EDL:3D43FFB7] super 35.99%
2026-03-27T17:38:14.900094 [EDL:3D43FFB7] super 36.66%
2026-03-27T17:38:15.023923 [EDL:3D43FFB7] super 37.32%
2026-03-27T17:38:15.146285 [EDL:3D43FFB7] super 37.98%
2026-03-27T17:38:15.269405 [EDL:3D43FFB7] super 38.65%
2026-03-27T17:38:15.394796 [EDL:3D43FFB7] super 39.31%
2026-03-27T17:38:15.519089 [EDL:3D43FFB7] super 39.97%
2026-03-27T17:38:15.640224 [EDL:3D43FFB7] super 40.64%
2026-03-27T17:38:15.761062 [EDL:3D43FFB7] super 41.30%
2026-03-27T17:38:15.882347 [EDL:3D43FFB7] super 41.96%
2026-03-27T17:38:16.003414 [EDL:3D43FFB7] super 42.63%
2026-03-27T17:38:16.125203 [EDL:3D43FFB7] super 43.29%
2026-03-27T17:38:16.246021 [EDL:3D43FFB7] super 43.95%
2026-03-27T17:38:16.367224 [EDL:3D43FFB7] super 44.62%
2026-03-27T17:38:16.487600 [EDL:3D43FFB7] super 45.28%
2026-03-27T17:38:16.608773 [EDL:3D43FFB7] super 45.94%
2026-03-27T17:38:16.734621 [EDL:3D43FFB7] super 46.61%
2026-03-27T17:38:16.858486 [EDL:3D43FFB7] super 47.27%
2026-03-27T17:38:16.982729 [EDL:3D43FFB7] super 47.93%
2026-03-27T17:38:17.105585 [EDL:3D43FFB7] super 48.60%
2026-03-27T17:38:17.228867 [EDL:3D43FFB7] super 49.26%
2026-03-27T17:38:17.352244 [EDL:3D43FFB7] super 49.93%
2026-03-27T17:38:17.476718 [EDL:3D43FFB7] super 50.59%
2026-03-27T17:38:17.600349 [EDL:3D43FFB7] super 51.25%
2026-03-27T17:38:17.723852 [EDL:3D43FFB7] super 51.92%
2026-03-27T17:38:17.848501 [EDL:3D43FFB7] super 52.58%
2026-03-27T17:38:17.968295 [EDL:3D43FFB7] super 53.24%
2026-03-27T17:38:18.092324 [EDL:3D43FFB7] super 53.91%
2026-03-27T17:38:18.215790 [EDL:3D43FFB7] super 54.57%
2026-03-27T17:38:18.332273 [EDL:3D43FFB7] super 55.23%
2026-03-27T17:38:18.453315 [EDL:3D43FFB7] super 55.90%
2026-03-27T17:38:18.581161 [EDL:3D43FFB7] super 56.56%
2026-03-27T17:38:18.703719 [EDL:3D43FFB7] super 57.22%
2026-03-27T17:38:18.819471 [EDL:3D43FFB7] super 57.89%
2026-03-27T17:38:18.943641 [EDL:3D43FFB7] super 58.55%
2026-03-27T17:38:19.070856 [EDL:3D43FFB7] super 59.21%
2026-03-27T17:38:19.191267 [EDL:3D43FFB7] super 59.88%
2026-03-27T17:38:19.313954 [EDL:3D43FFB7] super 60.54%
2026-03-27T17:38:19.437472 [EDL:3D43FFB7] super 61.20%
2026-03-27T17:38:19.561744 [EDL:3D43FFB7] super 61.87%
2026-03-27T17:38:19.685845 [EDL:3D43FFB7] super 62.53%
2026-03-27T17:38:19.806366 [EDL:3D43FFB7] super 63.19%
2026-03-27T17:38:19.927651 [EDL:3D43FFB7] super 63.86%
2026-03-27T17:38:20.049152 [EDL:3D43FFB7] super 64.52%
2026-03-27T17:38:20.171480 [EDL:3D43FFB7] super 65.18%
2026-03-27T17:38:20.292438 [EDL:3D43FFB7] super 65.85%
2026-03-27T17:38:20.414167 [EDL:3D43FFB7] super 66.51%
2026-03-27T17:38:20.535067 [EDL:3D43FFB7] super 67.18%
2026-03-27T17:38:20.657568 [EDL:3D43FFB7] super 67.84%
2026-03-27T17:38:20.782189 [EDL:3D43FFB7] super 68.50%
2026-03-27T17:38:20.909568 [EDL:3D43FFB7] super 69.17%
2026-03-27T17:38:21.036849 [EDL:3D43FFB7] super 69.83%
2026-03-27T17:38:21.164162 [EDL:3D43FFB7] super 70.49%
2026-03-27T17:38:21.288379 [EDL:3D43FFB7] super 71.16%
2026-03-27T17:38:21.413046 [EDL:3D43FFB7] super 71.82%
2026-03-27T17:38:21.537199 [EDL:3D43FFB7] super 72.48%
2026-03-27T17:38:21.660826 [EDL:3D43FFB7] super 73.15%
2026-03-27T17:38:21.784116 [EDL:3D43FFB7] super 73.81%
2026-03-27T17:38:21.908140 [EDL:3D43FFB7] super 74.47%
2026-03-27T17:38:22.032263 [EDL:3D43FFB7] super 75.14%
2026-03-27T17:38:22.159403 [EDL:3D43FFB7] super 75.80%
2026-03-27T17:38:22.286773 [EDL:3D43FFB7] super 76.46%
2026-03-27T17:38:22.414927 [EDL:3D43FFB7] super 77.13%
2026-03-27T17:38:22.539619 [EDL:3D43FFB7] super 77.79%
2026-03-27T17:38:22.664447 [EDL:3D43FFB7] super 78.45%
2026-03-27T17:38:22.791378 [EDL:3D43FFB7] super 79.12%
2026-03-27T17:38:22.917325 [EDL:3D43FFB7] super 79.78%
2026-03-27T17:38:23.041695 [EDL:3D43FFB7] super 80.44%
2026-03-27T17:38:23.165312 [EDL:3D43FFB7] super 81.11%
2026-03-27T17:38:23.291014 [EDL:3D43FFB7] super 81.77%
2026-03-27T17:38:23.418170 [EDL:3D43FFB7] super 82.43%
2026-03-27T17:38:23.544482 [EDL:3D43FFB7] super 83.10%
2026-03-27T17:38:23.669349 [EDL:3D43FFB7] super 83.76%
2026-03-27T17:38:23.793388 [EDL:3D43FFB7] super 84.42%
2026-03-27T17:38:23.917531 [EDL:3D43FFB7] super 85.09%
2026-03-27T17:38:24.043491 [EDL:3D43FFB7] super 85.75%
2026-03-27T17:38:24.171278 [EDL:3D43FFB7] super 86.42%
2026-03-27T17:38:24.298679 [EDL:3D43FFB7] super 87.08%
2026-03-27T17:38:24.426021 [EDL:3D43FFB7] super 87.74%
2026-03-27T17:38:24.571944 [EDL:3D43FFB7] super 88.41%
2026-03-27T17:38:24.675550 [EDL:3D43FFB7] super 89.07%
2026-03-27T17:38:24.798993 [EDL:3D43FFB7] super 89.73%
2026-03-27T17:38:24.924851 [EDL:3D43FFB7] super 90.40%
2026-03-27T17:38:25.049616 [EDL:3D43FFB7] super 91.06%
2026-03-27T17:38:25.172762 [EDL:3D43FFB7] super 91.72%
2026-03-27T17:38:25.297608 [EDL:3D43FFB7] super 92.39%
2026-03-27T17:38:25.422312 [EDL:3D43FFB7] super 93.05%
2026-03-27T17:38:25.546377 [EDL:3D43FFB7] super 93.71%
2026-03-27T17:38:25.671253 [EDL:3D43FFB7] super 94.38%
2026-03-27T17:38:25.796098 [EDL:3D43FFB7] super 95.04%
2026-03-27T17:38:25.921111 [EDL:3D43FFB7] super 95.70%
2026-03-27T17:38:26.047951 [EDL:3D43FFB7] super 96.37%
2026-03-27T17:38:26.174752 [EDL:3D43FFB7] super 97.03%
2026-03-27T17:38:26.298939 [EDL:3D43FFB7] super 97.69%
2026-03-27T17:38:26.422908 [EDL:3D43FFB7] super 98.36%
2026-03-27T17:38:26.545133 [EDL:3D43FFB7] super 99.02%
2026-03-27T17:38:26.714392 [EDL:3D43FFB7] super 99.68%
2026-03-27T17:38:26.746379 [EDL:3D43FFB7] flashed "super" successfully at 34298kB/s
2026-03-27T17:38:26.871695 [EDL:3D43FFB7] super 1.52%
2026-03-27T17:38:26.997639 [EDL:3D43FFB7] super 7.58%
2026-03-27T17:38:27.123142 [EDL:3D43FFB7] super 13.65%
2026-03-27T17:38:27.246515 [EDL:3D43FFB7] super 19.71%
2026-03-27T17:38:27.373899 [EDL:3D43FFB7] super 25.78%
2026-03-27T17:38:27.498371 [EDL:3D43FFB7] super 31.84%
2026-03-27T17:38:27.621473 [EDL:3D43FFB7] super 37.91%
2026-03-27T17:38:27.742561 [EDL:3D43FFB7] super 43.98%
2026-03-27T17:38:27.862804 [EDL:3D43FFB7] super 50.04%
2026-03-27T17:38:27.983764 [EDL:3D43FFB7] super 56.11%
2026-03-27T17:38:28.107757 [EDL:3D43FFB7] super 62.17%
2026-03-27T17:38:28.226715 [EDL:3D43FFB7] super 68.24%
2026-03-27T17:38:28.348524 [EDL:3D43FFB7] super 74.30%
2026-03-27T17:38:28.474785 [EDL:3D43FFB7] super 80.37%
2026-03-27T17:38:28.601600 [EDL:3D43FFB7] super 86.44%
2026-03-27T17:38:28.722446 [EDL:3D43FFB7] super 92.50%
2026-03-27T17:38:28.862217 [EDL:3D43FFB7] super 98.57%
2026-03-27T17:38:28.867150 [EDL:3D43FFB7] flashed "super" successfully at 33764kB/s
2026-03-27T17:38:28.965449 [EDL:3D43FFB7] userdata 100.00%
2026-03-27T17:38:28.996364 [EDL:3D43FFB7] flashed "userdata" successfully
2026-03-27T17:38:29.141815 [EDL:3D43FFB7] userdata 45.96%
2026-03-27T17:38:29.143406 [EDL:3D43FFB7] flashed "userdata" successfully at 2228kB/s
2026-03-27T17:38:29.245496 [EDL:3D43FFB7] userdata 100.00%
2026-03-27T17:38:29.246463 [EDL:3D43FFB7] flashed "userdata" successfully
2026-03-27T17:38:29.347359 [EDL:3D43FFB7] userdata 100.00%
2026-03-27T17:38:29.351921 [EDL:3D43FFB7] flashed "userdata" successfully
2026-03-27T17:38:29.449643 [EDL:3D43FFB7] userdata 100.00%
2026-03-27T17:38:29.454245 [EDL:3D43FFB7] flashed "userdata" successfully
2026-03-27T17:38:29.551887 [EDL:3D43FFB7] userdata 100.00%
2026-03-27T17:38:29.552590 [EDL:3D43FFB7] flashed "userdata" successfully
2026-03-27T17:38:29.654182 [EDL:3D43FFB7] userdata 100.00%
2026-03-27T17:38:29.658938 [EDL:3D43FFB7] flashed "userdata" successfully
2026-03-27T17:38:29.757339 [EDL:3D43FFB7] userdata 100.00%
2026-03-27T17:38:29.758821 [EDL:3D43FFB7] flashed "userdata" successfully
2026-03-27T17:38:29.860633 [EDL:3D43FFB7] PrimaryGPT 100.00%
2026-03-27T17:38:29.861800 [EDL:3D43FFB7] flashed "PrimaryGPT" successfully
2026-03-27T17:38:29.964226 [EDL:3D43FFB7] BackupGPT 100.00%
2026-03-27T17:38:30.065569 [EDL:3D43FFB7] flashed "BackupGPT" successfully
2026-03-27T17:38:30.167345 [EDL:3D43FFB7] Applying patches 0.00%
2026-03-27T17:38:30.269219 [EDL:3D43FFB7] Applying patches 7.69%
2026-03-27T17:38:30.371120 [EDL:3D43FFB7] Applying patches 15.38%
2026-03-27T17:38:30.473235 [EDL:3D43FFB7] Applying patches 23.08%
2026-03-27T17:38:30.574949 [EDL:3D43FFB7] Applying patches 30.77%
2026-03-27T17:38:30.676979 [EDL:3D43FFB7] Applying patches 38.46%
2026-03-27T17:38:30.779642 [EDL:3D43FFB7] Applying patches 46.15%
2026-03-27T17:38:30.882148 [EDL:3D43FFB7] Applying patches 53.85%
2026-03-27T17:38:30.983941 [EDL:3D43FFB7] Applying patches 61.54%
2026-03-27T17:38:31.086131 [EDL:3D43FFB7] Applying patches 69.23%
2026-03-27T17:38:31.188073 [EDL:3D43FFB7] Applying patches 76.92%
2026-03-27T17:38:31.290061 [EDL:3D43FFB7] Applying patches 84.62%
2026-03-27T17:38:31.390487 [EDL:3D43FFB7] Applying patches 92.31%
2026-03-27T17:38:31.391021 [EDL:3D43FFB7] 13 patches applied
2026-03-27T17:38:31.391538 [EDL:3D43FFB7] partition 0 is now bootable
2026-03-27T17:38:32.500824 --- Parallel Firmware Flash Report ---
2026-03-27T17:38:32.501755 
========================================
       MULTI-DEVICE SESSION REPORT
========================================
Time: 2026-03-27 17:38:32
----------------------------------------
AIO: 3D43FFB7       | HW: n/a          | SW: n/a            | ✅ PASS | Firmware flashed successfully.
----------------------------------------
TOTAL: 1 | PASSED: 1 | FAILED: 0
========================================
Firmware Flash Elapsed Time: 00:03:22

2026-03-27T17:38:32.502783 Parallel firmware flashing completed successfully. Total firmware flash time: 00:03:22.
2026-03-27T17:41:46.580536 Keybox ready for AT070AA2600033: /home/flasher02/keys_flashing_tool/data/keyboxes/AT070AA2600033.xml
2026-03-27T17:42:02.593058 Keybox ready for AT070AA2600032: /home/flasher02/keys_flashing_tool/data/keyboxes/AT070AA2600032.xml
2026-03-27T17:42:26.581225 Keybox ready for AT070AA2600036: /home/flasher02/keys_flashing_tool/data/keyboxes/AT070AA2600036.xml
2026-03-27T17:42:40.590481 Keybox ready for AT070AA2600037: /home/flasher02/keys_flashing_tool/data/keyboxes/AT070AA2600037.xml
2026-03-27T17:43:40.584216 Keybox ready for AT070AA2600038: /home/flasher02/keys_flashing_tool/data/keyboxes/AT070AA2600038.xml
2026-03-27T17:44:02.582691 Keybox ready for AT070AA2600032: /home/flasher02/keys_flashing_tool/data/keyboxes/AT070AA2600032.xml
2026-03-27T17:44:02.583749 Keybox ready for AT070AA2600033: /home/flasher02/keys_flashing_tool/data/keyboxes/AT070AA2600033.xml
2026-03-27T17:44:02.584704 Keybox ready for AT070AA2600038: /home/flasher02/keys_flashing_tool/data/keyboxes/AT070AA2600038.xml
