=== Session Log - 2026-03-27T17:44:08.081354 ===
2026-03-27T17:44:08.081676 Initializing Parallel EDL Firmware Flash...
2026-03-27T17:44:08.094627 
--- Starting Parallel EDL Firmware Flashing Process ---
2026-03-27T17:44:08.095220 ADB devices selected for EDL reboot: 1
2026-03-27T17:44:08.095619 Rebooting AT070AA2600032 to EDL...
2026-03-27T17:44:11.904564 Waiting for EDL devices via `qdl list`...
2026-03-27T17:44:11.905064 Restricting firmware flashing to approved EDL/HW serials: 47EED9D1
2026-03-27T17:44:11.922892 Detected approved EDL devices: 0/1
2026-03-27T17:44:17.986217 EDL targets: 47EED9D1
2026-03-27T17:44:17.988866 [EDL:47EED9D1] Starting firmware flash...
2026-03-27T17:44:18.112073 [EDL:47EED9D1] waiting for programmer...
2026-03-27T17:44:19.636716 [EDL:47EED9D1] successfully erased 2349528+0x20000
2026-03-27T17:44:20.740479 [EDL:47EED9D1] successfully erased 3677144+0xe00000
2026-03-27T17:44:20.841986 [EDL:47EED9D1] successfully erased 18357208+0x0
2026-03-27T17:44:20.978708 [EDL:47EED9D1] modem_a 2.77%
2026-03-27T17:44:21.084626 [EDL:47EED9D1] modem_a 13.86%
2026-03-27T17:44:21.190660 [EDL:47EED9D1] modem_a 24.95%
2026-03-27T17:44:21.297484 [EDL:47EED9D1] modem_a 36.03%
2026-03-27T17:44:21.405552 [EDL:47EED9D1] modem_a 47.12%
2026-03-27T17:44:21.513644 [EDL:47EED9D1] modem_a 58.21%
2026-03-27T17:44:21.619187 [EDL:47EED9D1] modem_a 69.30%
2026-03-27T17:44:21.726036 [EDL:47EED9D1] modem_a 80.38%
2026-03-27T17:44:21.919117 [EDL:47EED9D1] modem_a 91.47%
2026-03-27T17:44:21.945933 [EDL:47EED9D1] flashed "modem_a" successfully at 36942kB/s
2026-03-27T17:44:22.054927 [EDL:47EED9D1] modem_b 2.77%
2026-03-27T17:44:22.163802 [EDL:47EED9D1] modem_b 13.86%
2026-03-27T17:44:22.269069 [EDL:47EED9D1] modem_b 24.95%
2026-03-27T17:44:22.374600 [EDL:47EED9D1] modem_b 36.03%
2026-03-27T17:44:22.483106 [EDL:47EED9D1] modem_b 47.12%
2026-03-27T17:44:22.590421 [EDL:47EED9D1] modem_b 58.21%
2026-03-27T17:44:22.696634 [EDL:47EED9D1] modem_b 69.30%
2026-03-27T17:44:22.802547 [EDL:47EED9D1] modem_b 80.38%
2026-03-27T17:44:22.993415 [EDL:47EED9D1] modem_b 91.47%
2026-03-27T17:44:23.022575 [EDL:47EED9D1] flashed "modem_b" successfully at 36942kB/s
2026-03-27T17:44:23.162735 [EDL:47EED9D1] imagefv_a 49.71%
2026-03-27T17:44:23.191861 [EDL:47EED9D1] flashed "imagefv_a" successfully at 2060kB/s
2026-03-27T17:44:23.333407 [EDL:47EED9D1] imagefv_b 49.71%
2026-03-27T17:44:23.344011 [EDL:47EED9D1] flashed "imagefv_b" successfully
2026-03-27T17:44:23.449498 [EDL:47EED9D1] cmnlib_a 100.00%
2026-03-27T17:44:23.463073 [EDL:47EED9D1] flashed "cmnlib_a" successfully
2026-03-27T17:44:23.569756 [EDL:47EED9D1] cmnlib64_a 100.00%
2026-03-27T17:44:23.580198 [EDL:47EED9D1] flashed "cmnlib64_a" successfully
2026-03-27T17:44:23.686763 [EDL:47EED9D1] cmnlib_b 100.00%
2026-03-27T17:44:23.700213 [EDL:47EED9D1] flashed "cmnlib_b" successfully
2026-03-27T17:44:23.807653 [EDL:47EED9D1] cmnlib64_b 100.00%
2026-03-27T17:44:23.809534 [EDL:47EED9D1] flashed "cmnlib64_b" successfully
2026-03-27T17:44:23.911742 [EDL:47EED9D1] devcfg_a 100.00%
2026-03-27T17:44:23.914106 [EDL:47EED9D1] flashed "devcfg_a" successfully
2026-03-27T17:44:24.015527 [EDL:47EED9D1] devcfg_b 100.00%
2026-03-27T17:44:24.019832 [EDL:47EED9D1] flashed "devcfg_b" successfully
2026-03-27T17:44:24.119084 [EDL:47EED9D1] devinfo 100.00%
2026-03-27T17:44:24.146464 [EDL:47EED9D1] flashed "devinfo" successfully
2026-03-27T17:44:24.253194 [EDL:47EED9D1] dsp_a 3.12%
2026-03-27T17:44:24.359704 [EDL:47EED9D1] dsp_a 15.62%
2026-03-27T17:44:24.466295 [EDL:47EED9D1] dsp_a 28.12%
2026-03-27T17:44:24.585773 [EDL:47EED9D1] dsp_a 40.62%
2026-03-27T17:44:24.683045 [EDL:47EED9D1] dsp_a 53.12%
2026-03-27T17:44:24.789166 [EDL:47EED9D1] dsp_a 65.62%
2026-03-27T17:44:24.895699 [EDL:47EED9D1] dsp_a 78.12%
2026-03-27T17:44:25.086272 [EDL:47EED9D1] dsp_a 90.62%
2026-03-27T17:44:25.113862 [EDL:47EED9D1] flashed "dsp_a" successfully
2026-03-27T17:44:25.220307 [EDL:47EED9D1] dsp_b 3.12%
2026-03-27T17:44:25.327062 [EDL:47EED9D1] dsp_b 15.62%
2026-03-27T17:44:25.433311 [EDL:47EED9D1] dsp_b 28.12%
2026-03-27T17:44:25.540082 [EDL:47EED9D1] dsp_b 40.62%
2026-03-27T17:44:25.646582 [EDL:47EED9D1] dsp_b 53.12%
2026-03-27T17:44:25.753068 [EDL:47EED9D1] dsp_b 65.62%
2026-03-27T17:44:25.859712 [EDL:47EED9D1] dsp_b 78.12%
2026-03-27T17:44:26.050019 [EDL:47EED9D1] dsp_b 90.62%
2026-03-27T17:44:26.060112 [EDL:47EED9D1] flashed "dsp_b" successfully
2026-03-27T17:44:26.166183 [EDL:47EED9D1] hyp_a 100.00%
2026-03-27T17:44:26.176773 [EDL:47EED9D1] flashed "hyp_a" successfully
2026-03-27T17:44:26.282566 [EDL:47EED9D1] hyp_b 100.00%
2026-03-27T17:44:26.292943 [EDL:47EED9D1] flashed "hyp_b" successfully
2026-03-27T17:44:26.400107 [EDL:47EED9D1] keymaster_a 100.00%
2026-03-27T17:44:26.410982 [EDL:47EED9D1] flashed "keymaster_a" successfully
2026-03-27T17:44:26.517715 [EDL:47EED9D1] keymaster_b 100.00%
2026-03-27T17:44:26.521975 [EDL:47EED9D1] flashed "keymaster_b" successfully
2026-03-27T17:44:26.620158 [EDL:47EED9D1] logfs 100.00%
2026-03-27T17:44:26.624146 [EDL:47EED9D1] flashed "logfs" successfully
2026-03-27T17:44:26.724860 [EDL:47EED9D1] qupfw_a 100.00%
2026-03-27T17:44:26.735551 [EDL:47EED9D1] flashed "qupfw_a" successfully
2026-03-27T17:44:26.829174 [EDL:47EED9D1] qupfw_b 100.00%
2026-03-27T17:44:26.835104 [EDL:47EED9D1] flashed "qupfw_b" successfully
2026-03-27T17:44:26.939876 [EDL:47EED9D1] rpm_a 100.00%
2026-03-27T17:44:26.946365 [EDL:47EED9D1] flashed "rpm_a" successfully
2026-03-27T17:44:27.050806 [EDL:47EED9D1] rpm_b 100.00%
2026-03-27T17:44:27.057066 [EDL:47EED9D1] flashed "rpm_b" successfully
2026-03-27T17:44:27.154274 [EDL:47EED9D1] storsec 100.00%
2026-03-27T17:44:27.180975 [EDL:47EED9D1] flashed "storsec" successfully
2026-03-27T17:44:27.316779 [EDL:47EED9D1] tz_a 51.61%
2026-03-27T17:44:27.343834 [EDL:47EED9D1] flashed "tz_a" successfully
2026-03-27T17:44:27.479557 [EDL:47EED9D1] tz_b 51.61%
2026-03-27T17:44:27.484449 [EDL:47EED9D1] flashed "tz_b" successfully
2026-03-27T17:44:27.585339 [EDL:47EED9D1] uefisecapp_a 100.00%
2026-03-27T17:44:27.589610 [EDL:47EED9D1] flashed "uefisecapp_a" successfully
2026-03-27T17:44:27.693356 [EDL:47EED9D1] uefisecapp_b 100.00%
2026-03-27T17:44:27.720738 [EDL:47EED9D1] flashed "uefisecapp_b" successfully
2026-03-27T17:44:27.880025 [EDL:47EED9D1] xbl_a 34.94%
2026-03-27T17:44:27.906796 [EDL:47EED9D1] flashed "xbl_a" successfully
2026-03-27T17:44:28.066118 [EDL:47EED9D1] xbl_b 34.94%
2026-03-27T17:44:28.070585 [EDL:47EED9D1] flashed "xbl_b" successfully
2026-03-27T17:44:28.172558 [EDL:47EED9D1] xbl_config_a 100.00%
2026-03-27T17:44:28.176799 [EDL:47EED9D1] flashed "xbl_config_a" successfully
2026-03-27T17:44:28.278928 [EDL:47EED9D1] xbl_config_b 100.00%
2026-03-27T17:44:28.286243 [EDL:47EED9D1] flashed "xbl_config_b" successfully
2026-03-27T17:44:28.390043 [EDL:47EED9D1] abl_a 100.00%
2026-03-27T17:44:28.397414 [EDL:47EED9D1] flashed "abl_a" successfully
2026-03-27T17:44:28.501286 [EDL:47EED9D1] abl_b 100.00%
2026-03-27T17:44:28.528307 [EDL:47EED9D1] flashed "abl_b" successfully
2026-03-27T17:44:28.638264 [EDL:47EED9D1] boot_a 1.04%
2026-03-27T17:44:28.745515 [EDL:47EED9D1] boot_a 5.21%
2026-03-27T17:44:28.852722 [EDL:47EED9D1] boot_a 9.38%
2026-03-27T17:44:28.960217 [EDL:47EED9D1] boot_a 13.54%
2026-03-27T17:44:29.067044 [EDL:47EED9D1] boot_a 17.71%
2026-03-27T17:44:29.174228 [EDL:47EED9D1] boot_a 21.88%
2026-03-27T17:44:29.280651 [EDL:47EED9D1] boot_a 26.04%
2026-03-27T17:44:29.387427 [EDL:47EED9D1] boot_a 30.21%
2026-03-27T17:44:29.493897 [EDL:47EED9D1] boot_a 34.38%
2026-03-27T17:44:29.600595 [EDL:47EED9D1] boot_a 38.54%
2026-03-27T17:44:29.707557 [EDL:47EED9D1] boot_a 42.71%
2026-03-27T17:44:29.813582 [EDL:47EED9D1] boot_a 46.88%
2026-03-27T17:44:29.919028 [EDL:47EED9D1] boot_a 51.04%
2026-03-27T17:44:30.025363 [EDL:47EED9D1] boot_a 55.21%
2026-03-27T17:44:30.131830 [EDL:47EED9D1] boot_a 59.38%
2026-03-27T17:44:30.238099 [EDL:47EED9D1] boot_a 63.54%
2026-03-27T17:44:30.344377 [EDL:47EED9D1] boot_a 67.71%
2026-03-27T17:44:30.451015 [EDL:47EED9D1] boot_a 71.88%
2026-03-27T17:44:30.576039 [EDL:47EED9D1] boot_a 76.04%
2026-03-27T17:44:30.663389 [EDL:47EED9D1] boot_a 80.21%
2026-03-27T17:44:30.769714 [EDL:47EED9D1] boot_a 84.38%
2026-03-27T17:44:30.875415 [EDL:47EED9D1] boot_a 88.54%
2026-03-27T17:44:30.982231 [EDL:47EED9D1] boot_a 92.71%
2026-03-27T17:44:31.174744 [EDL:47EED9D1] boot_a 96.88%
2026-03-27T17:44:31.202026 [EDL:47EED9D1] flashed "boot_a" successfully at 32768kB/s
2026-03-27T17:44:31.308774 [EDL:47EED9D1] boot_b 1.04%
2026-03-27T17:44:31.415285 [EDL:47EED9D1] boot_b 5.21%
2026-03-27T17:44:31.522258 [EDL:47EED9D1] boot_b 9.38%
2026-03-27T17:44:31.629171 [EDL:47EED9D1] boot_b 13.54%
2026-03-27T17:44:31.735935 [EDL:47EED9D1] boot_b 17.71%
2026-03-27T17:44:31.841586 [EDL:47EED9D1] boot_b 21.88%
2026-03-27T17:44:31.946849 [EDL:47EED9D1] boot_b 26.04%
2026-03-27T17:44:32.052183 [EDL:47EED9D1] boot_b 30.21%
2026-03-27T17:44:32.158957 [EDL:47EED9D1] boot_b 34.38%
2026-03-27T17:44:32.264503 [EDL:47EED9D1] boot_b 38.54%
2026-03-27T17:44:32.371547 [EDL:47EED9D1] boot_b 42.71%
2026-03-27T17:44:32.478038 [EDL:47EED9D1] boot_b 46.88%
2026-03-27T17:44:32.583714 [EDL:47EED9D1] boot_b 51.04%
2026-03-27T17:44:32.689266 [EDL:47EED9D1] boot_b 55.21%
2026-03-27T17:44:32.794525 [EDL:47EED9D1] boot_b 59.38%
2026-03-27T17:44:32.900033 [EDL:47EED9D1] boot_b 63.54%
2026-03-27T17:44:33.004630 [EDL:47EED9D1] boot_b 67.71%
2026-03-27T17:44:33.110164 [EDL:47EED9D1] boot_b 71.88%
2026-03-27T17:44:33.215312 [EDL:47EED9D1] boot_b 76.04%
2026-03-27T17:44:33.320484 [EDL:47EED9D1] boot_b 80.21%
2026-03-27T17:44:33.425774 [EDL:47EED9D1] boot_b 84.38%
2026-03-27T17:44:33.531308 [EDL:47EED9D1] boot_b 88.54%
2026-03-27T17:44:33.636217 [EDL:47EED9D1] boot_b 92.71%
2026-03-27T17:44:33.828222 [EDL:47EED9D1] boot_b 96.88%
2026-03-27T17:44:33.855321 [EDL:47EED9D1] flashed "boot_b" successfully at 49152kB/s
2026-03-27T17:44:33.960910 [EDL:47EED9D1] dtbo_a 12.50%
2026-03-27T17:44:34.150589 [EDL:47EED9D1] dtbo_a 62.50%
2026-03-27T17:44:34.177605 [EDL:47EED9D1] flashed "dtbo_a" successfully at 8192kB/s
2026-03-27T17:44:34.282981 [EDL:47EED9D1] dtbo_b 12.50%
2026-03-27T17:44:34.474575 [EDL:47EED9D1] dtbo_b 62.50%
2026-03-27T17:44:34.501087 [EDL:47EED9D1] flashed "dtbo_b" successfully
2026-03-27T17:44:34.606796 [EDL:47EED9D1] init_boot_a 12.50%
2026-03-27T17:44:34.798159 [EDL:47EED9D1] init_boot_a 62.50%
2026-03-27T17:44:34.824603 [EDL:47EED9D1] flashed "init_boot_a" successfully
2026-03-27T17:44:34.930566 [EDL:47EED9D1] init_boot_b 12.50%
2026-03-27T17:44:35.121895 [EDL:47EED9D1] init_boot_b 62.50%
2026-03-27T17:44:35.122515 [EDL:47EED9D1] flashed "init_boot_b" successfully at 8192kB/s
2026-03-27T17:44:35.223776 [EDL:47EED9D1] metadata 100.00%
2026-03-27T17:44:35.227959 [EDL:47EED9D1] flashed "metadata" successfully
2026-03-27T17:44:35.326764 [EDL:47EED9D1] metadata 100.00%
2026-03-27T17:44:35.353436 [EDL:47EED9D1] flashed "metadata" successfully
2026-03-27T17:44:35.459517 [EDL:47EED9D1] metadata 9.95%
2026-03-27T17:44:35.565160 [EDL:47EED9D1] metadata 49.75%
2026-03-27T17:44:35.704291 [EDL:47EED9D1] metadata 89.55%
2026-03-27T17:44:35.708686 [EDL:47EED9D1] flashed "metadata" successfully
2026-03-27T17:44:35.807046 [EDL:47EED9D1] metadata 100.00%
2026-03-27T17:44:35.811380 [EDL:47EED9D1] flashed "metadata" successfully
2026-03-27T17:44:35.910432 [EDL:47EED9D1] metadata 100.00%
2026-03-27T17:44:35.937644 [EDL:47EED9D1] flashed "metadata" successfully
2026-03-27T17:44:36.043692 [EDL:47EED9D1] recovery_a 1.00%
2026-03-27T17:44:36.152317 [EDL:47EED9D1] recovery_a 5.00%
2026-03-27T17:44:36.257802 [EDL:47EED9D1] recovery_a 9.00%
2026-03-27T17:44:36.363068 [EDL:47EED9D1] recovery_a 13.00%
2026-03-27T17:44:36.468587 [EDL:47EED9D1] recovery_a 17.00%
2026-03-27T17:44:36.587832 [EDL:47EED9D1] recovery_a 21.00%
2026-03-27T17:44:36.681288 [EDL:47EED9D1] recovery_a 25.00%
2026-03-27T17:44:36.787110 [EDL:47EED9D1] recovery_a 29.00%
2026-03-27T17:44:36.892321 [EDL:47EED9D1] recovery_a 33.00%
2026-03-27T17:44:36.997403 [EDL:47EED9D1] recovery_a 37.00%
2026-03-27T17:44:37.103491 [EDL:47EED9D1] recovery_a 41.00%
2026-03-27T17:44:37.208392 [EDL:47EED9D1] recovery_a 45.00%
2026-03-27T17:44:37.313831 [EDL:47EED9D1] recovery_a 49.00%
2026-03-27T17:44:37.418544 [EDL:47EED9D1] recovery_a 53.00%
2026-03-27T17:44:37.523593 [EDL:47EED9D1] recovery_a 57.00%
2026-03-27T17:44:37.628456 [EDL:47EED9D1] recovery_a 61.00%
2026-03-27T17:44:37.733414 [EDL:47EED9D1] recovery_a 65.00%
2026-03-27T17:44:37.838713 [EDL:47EED9D1] recovery_a 69.00%
2026-03-27T17:44:37.943758 [EDL:47EED9D1] recovery_a 73.00%
2026-03-27T17:44:38.048890 [EDL:47EED9D1] recovery_a 77.00%
2026-03-27T17:44:38.156638 [EDL:47EED9D1] recovery_a 81.00%
2026-03-27T17:44:38.261632 [EDL:47EED9D1] recovery_a 85.00%
2026-03-27T17:44:38.368174 [EDL:47EED9D1] recovery_a 89.00%
2026-03-27T17:44:38.473306 [EDL:47EED9D1] recovery_a 93.00%
2026-03-27T17:44:38.662294 [EDL:47EED9D1] recovery_a 97.00%
2026-03-27T17:44:38.689225 [EDL:47EED9D1] flashed "recovery_a" successfully at 34133kB/s
2026-03-27T17:44:38.794407 [EDL:47EED9D1] recovery_b 1.00%
2026-03-27T17:44:38.899752 [EDL:47EED9D1] recovery_b 5.00%
2026-03-27T17:44:39.005230 [EDL:47EED9D1] recovery_b 9.00%
2026-03-27T17:44:39.111018 [EDL:47EED9D1] recovery_b 13.00%
2026-03-27T17:44:39.216393 [EDL:47EED9D1] recovery_b 17.00%
2026-03-27T17:44:39.322116 [EDL:47EED9D1] recovery_b 21.00%
2026-03-27T17:44:39.427628 [EDL:47EED9D1] recovery_b 25.00%
2026-03-27T17:44:39.533237 [EDL:47EED9D1] recovery_b 29.00%
2026-03-27T17:44:39.638719 [EDL:47EED9D1] recovery_b 33.00%
2026-03-27T17:44:39.744167 [EDL:47EED9D1] recovery_b 37.00%
2026-03-27T17:44:39.849347 [EDL:47EED9D1] recovery_b 41.00%
2026-03-27T17:44:39.954999 [EDL:47EED9D1] recovery_b 45.00%
2026-03-27T17:44:40.060746 [EDL:47EED9D1] recovery_b 49.00%
2026-03-27T17:44:40.166570 [EDL:47EED9D1] recovery_b 53.00%
2026-03-27T17:44:40.272303 [EDL:47EED9D1] recovery_b 57.00%
2026-03-27T17:44:40.377707 [EDL:47EED9D1] recovery_b 61.00%
2026-03-27T17:44:40.482990 [EDL:47EED9D1] recovery_b 65.00%
2026-03-27T17:44:40.588012 [EDL:47EED9D1] recovery_b 69.00%
2026-03-27T17:44:40.693611 [EDL:47EED9D1] recovery_b 73.00%
2026-03-27T17:44:40.798435 [EDL:47EED9D1] recovery_b 77.00%
2026-03-27T17:44:40.903946 [EDL:47EED9D1] recovery_b 81.00%
2026-03-27T17:44:41.009473 [EDL:47EED9D1] recovery_b 85.00%
2026-03-27T17:44:41.114388 [EDL:47EED9D1] recovery_b 89.00%
2026-03-27T17:44:41.219765 [EDL:47EED9D1] recovery_b 93.00%
2026-03-27T17:44:41.411691 [EDL:47EED9D1] recovery_b 97.00%
2026-03-27T17:44:41.415878 [EDL:47EED9D1] flashed "recovery_b" successfully at 34133kB/s
2026-03-27T17:44:41.513995 [EDL:47EED9D1] vbmeta_a 100.00%
2026-03-27T17:44:41.518177 [EDL:47EED9D1] flashed "vbmeta_a" successfully
2026-03-27T17:44:41.616511 [EDL:47EED9D1] vbmeta_b 100.00%
2026-03-27T17:44:41.643435 [EDL:47EED9D1] flashed "vbmeta_b" successfully
2026-03-27T17:44:41.748595 [EDL:47EED9D1] vendor_boot_a 1.04%
2026-03-27T17:44:41.853721 [EDL:47EED9D1] vendor_boot_a 5.21%
2026-03-27T17:44:41.958509 [EDL:47EED9D1] vendor_boot_a 9.38%
2026-03-27T17:44:42.063727 [EDL:47EED9D1] vendor_boot_a 13.54%
2026-03-27T17:44:42.170597 [EDL:47EED9D1] vendor_boot_a 17.71%
2026-03-27T17:44:42.275472 [EDL:47EED9D1] vendor_boot_a 21.88%
2026-03-27T17:44:42.380656 [EDL:47EED9D1] vendor_boot_a 26.04%
2026-03-27T17:44:42.486523 [EDL:47EED9D1] vendor_boot_a 30.21%
2026-03-27T17:44:42.593338 [EDL:47EED9D1] vendor_boot_a 34.38%
2026-03-27T17:44:42.699536 [EDL:47EED9D1] vendor_boot_a 38.54%
2026-03-27T17:44:42.805224 [EDL:47EED9D1] vendor_boot_a 42.71%
2026-03-27T17:44:42.910270 [EDL:47EED9D1] vendor_boot_a 46.88%
2026-03-27T17:44:43.015315 [EDL:47EED9D1] vendor_boot_a 51.04%
2026-03-27T17:44:43.120376 [EDL:47EED9D1] vendor_boot_a 55.21%
2026-03-27T17:44:43.225389 [EDL:47EED9D1] vendor_boot_a 59.38%
2026-03-27T17:44:43.331220 [EDL:47EED9D1] vendor_boot_a 63.54%
2026-03-27T17:44:43.436540 [EDL:47EED9D1] vendor_boot_a 67.71%
2026-03-27T17:44:43.541459 [EDL:47EED9D1] vendor_boot_a 71.88%
2026-03-27T17:44:43.646634 [EDL:47EED9D1] vendor_boot_a 76.04%
2026-03-27T17:44:43.751401 [EDL:47EED9D1] vendor_boot_a 80.21%
2026-03-27T17:44:43.856597 [EDL:47EED9D1] vendor_boot_a 84.38%
2026-03-27T17:44:43.961591 [EDL:47EED9D1] vendor_boot_a 88.54%
2026-03-27T17:44:44.067881 [EDL:47EED9D1] vendor_boot_a 92.71%
2026-03-27T17:44:44.270277 [EDL:47EED9D1] vendor_boot_a 96.88%
2026-03-27T17:44:44.296657 [EDL:47EED9D1] flashed "vendor_boot_a" successfully at 32768kB/s
2026-03-27T17:44:44.402012 [EDL:47EED9D1] vendor_boot_b 1.04%
2026-03-27T17:44:44.507563 [EDL:47EED9D1] vendor_boot_b 5.21%
2026-03-27T17:44:44.613179 [EDL:47EED9D1] vendor_boot_b 9.38%
2026-03-27T17:44:44.717922 [EDL:47EED9D1] vendor_boot_b 13.54%
2026-03-27T17:44:44.823360 [EDL:47EED9D1] vendor_boot_b 17.71%
2026-03-27T17:44:44.928964 [EDL:47EED9D1] vendor_boot_b 21.88%
2026-03-27T17:44:45.034228 [EDL:47EED9D1] vendor_boot_b 26.04%
2026-03-27T17:44:45.139256 [EDL:47EED9D1] vendor_boot_b 30.21%
2026-03-27T17:44:45.244420 [EDL:47EED9D1] vendor_boot_b 34.38%
2026-03-27T17:44:45.349564 [EDL:47EED9D1] vendor_boot_b 38.54%
2026-03-27T17:44:45.454828 [EDL:47EED9D1] vendor_boot_b 42.71%
2026-03-27T17:44:45.559961 [EDL:47EED9D1] vendor_boot_b 46.88%
2026-03-27T17:44:45.665425 [EDL:47EED9D1] vendor_boot_b 51.04%
2026-03-27T17:44:45.770732 [EDL:47EED9D1] vendor_boot_b 55.21%
2026-03-27T17:44:45.875903 [EDL:47EED9D1] vendor_boot_b 59.38%
2026-03-27T17:44:45.981011 [EDL:47EED9D1] vendor_boot_b 63.54%
2026-03-27T17:44:46.086747 [EDL:47EED9D1] vendor_boot_b 67.71%
2026-03-27T17:44:46.194313 [EDL:47EED9D1] vendor_boot_b 71.88%
2026-03-27T17:44:46.301104 [EDL:47EED9D1] vendor_boot_b 76.04%
2026-03-27T17:44:46.407257 [EDL:47EED9D1] vendor_boot_b 80.21%
2026-03-27T17:44:46.513447 [EDL:47EED9D1] vendor_boot_b 84.38%
2026-03-27T17:44:46.621634 [EDL:47EED9D1] vendor_boot_b 88.54%
2026-03-27T17:44:46.727879 [EDL:47EED9D1] vendor_boot_b 92.71%
2026-03-27T17:44:46.919706 [EDL:47EED9D1] vendor_boot_b 96.88%
2026-03-27T17:44:46.924318 [EDL:47EED9D1] flashed "vendor_boot_b" successfully at 49152kB/s
2026-03-27T17:44:47.022250 [EDL:47EED9D1] vbmeta_system_a 100.00%
2026-03-27T17:44:47.026439 [EDL:47EED9D1] flashed "vbmeta_system_a" successfully
2026-03-27T17:44:47.124807 [EDL:47EED9D1] vbmeta_system_b 100.00%
2026-03-27T17:44:47.136080 [EDL:47EED9D1] flashed "vbmeta_system_b" successfully
2026-03-27T17:44:47.242550 [EDL:47EED9D1] super 100.00%
2026-03-27T17:44:47.268961 [EDL:47EED9D1] flashed "super" successfully
2026-03-27T17:44:47.385791 [EDL:47EED9D1] super 73.99%
2026-03-27T17:44:47.412591 [EDL:47EED9D1] flashed "super" successfully
2026-03-27T17:44:47.517774 [EDL:47EED9D1] super 0.03%
2026-03-27T17:44:47.624010 [EDL:47EED9D1] super 0.17%
2026-03-27T17:44:47.729570 [EDL:47EED9D1] super 0.30%
2026-03-27T17:44:47.835587 [EDL:47EED9D1] super 0.44%
2026-03-27T17:44:47.941393 [EDL:47EED9D1] super 0.57%
2026-03-27T17:44:48.046777 [EDL:47EED9D1] super 0.70%
2026-03-27T17:44:48.155334 [EDL:47EED9D1] super 0.84%
2026-03-27T17:44:48.262610 [EDL:47EED9D1] super 0.97%
2026-03-27T17:44:48.367708 [EDL:47EED9D1] super 1.11%
2026-03-27T17:44:48.473358 [EDL:47EED9D1] super 1.24%
2026-03-27T17:44:48.578953 [EDL:47EED9D1] super 1.37%
2026-03-27T17:44:48.684627 [EDL:47EED9D1] super 1.51%
2026-03-27T17:44:48.789820 [EDL:47EED9D1] super 1.64%
2026-03-27T17:44:48.895298 [EDL:47EED9D1] super 1.78%
2026-03-27T17:44:49.000528 [EDL:47EED9D1] super 1.91%
2026-03-27T17:44:49.106305 [EDL:47EED9D1] super 2.04%
2026-03-27T17:44:49.211637 [EDL:47EED9D1] super 2.18%
2026-03-27T17:44:49.318243 [EDL:47EED9D1] super 2.31%
2026-03-27T17:44:49.424660 [EDL:47EED9D1] super 2.45%
2026-03-27T17:44:49.530246 [EDL:47EED9D1] super 2.58%
2026-03-27T17:44:49.635557 [EDL:47EED9D1] super 2.72%
2026-03-27T17:44:49.741045 [EDL:47EED9D1] super 2.85%
2026-03-27T17:44:49.846622 [EDL:47EED9D1] super 2.98%
2026-03-27T17:44:49.952022 [EDL:47EED9D1] super 3.12%
2026-03-27T17:44:50.056958 [EDL:47EED9D1] super 3.25%
2026-03-27T17:44:50.162495 [EDL:47EED9D1] super 3.39%
2026-03-27T17:44:50.268899 [EDL:47EED9D1] super 3.52%
2026-03-27T17:44:50.375642 [EDL:47EED9D1] super 3.65%
2026-03-27T17:44:50.480566 [EDL:47EED9D1] super 3.79%
2026-03-27T17:44:50.586089 [EDL:47EED9D1] super 3.92%
2026-03-27T17:44:50.691789 [EDL:47EED9D1] super 4.06%
2026-03-27T17:44:50.797073 [EDL:47EED9D1] super 4.19%
2026-03-27T17:44:50.903087 [EDL:47EED9D1] super 4.32%
2026-03-27T17:44:51.008642 [EDL:47EED9D1] super 4.46%
2026-03-27T17:44:51.114206 [EDL:47EED9D1] super 4.59%
2026-03-27T17:44:51.223607 [EDL:47EED9D1] super 4.73%
2026-03-27T17:44:51.329488 [EDL:47EED9D1] super 4.86%
2026-03-27T17:44:51.434778 [EDL:47EED9D1] super 4.99%
2026-03-27T17:44:51.540512 [EDL:47EED9D1] super 5.13%
2026-03-27T17:44:51.646302 [EDL:47EED9D1] super 5.26%
2026-03-27T17:44:51.751584 [EDL:47EED9D1] super 5.40%
2026-03-27T17:44:51.857087 [EDL:47EED9D1] super 5.53%
2026-03-27T17:44:51.962747 [EDL:47EED9D1] super 5.67%
2026-03-27T17:44:52.068426 [EDL:47EED9D1] super 5.80%
2026-03-27T17:44:52.176051 [EDL:47EED9D1] super 5.93%
2026-03-27T17:44:52.281757 [EDL:47EED9D1] super 6.07%
2026-03-27T17:44:52.387974 [EDL:47EED9D1] super 6.20%
2026-03-27T17:44:52.493926 [EDL:47EED9D1] super 6.34%
2026-03-27T17:44:52.602116 [EDL:47EED9D1] super 6.47%
2026-03-27T17:44:52.707866 [EDL:47EED9D1] super 6.60%
2026-03-27T17:44:52.814654 [EDL:47EED9D1] super 6.74%
2026-03-27T17:44:52.920903 [EDL:47EED9D1] super 6.87%
2026-03-27T17:44:53.026265 [EDL:47EED9D1] super 7.01%
2026-03-27T17:44:53.131481 [EDL:47EED9D1] super 7.14%
2026-03-27T17:44:53.236393 [EDL:47EED9D1] super 7.27%
2026-03-27T17:44:53.341952 [EDL:47EED9D1] super 7.41%
2026-03-27T17:44:53.447609 [EDL:47EED9D1] super 7.54%
2026-03-27T17:44:53.553504 [EDL:47EED9D1] super 7.68%
2026-03-27T17:44:53.659359 [EDL:47EED9D1] super 7.81%
2026-03-27T17:44:53.765450 [EDL:47EED9D1] super 7.94%
2026-03-27T17:44:53.871895 [EDL:47EED9D1] super 8.08%
2026-03-27T17:44:53.978805 [EDL:47EED9D1] super 8.21%
2026-03-27T17:44:54.085428 [EDL:47EED9D1] super 8.35%
2026-03-27T17:44:54.193826 [EDL:47EED9D1] super 8.48%
2026-03-27T17:44:54.300440 [EDL:47EED9D1] super 8.62%
2026-03-27T17:44:54.406914 [EDL:47EED9D1] super 8.75%
2026-03-27T17:44:54.512407 [EDL:47EED9D1] super 8.88%
2026-03-27T17:44:54.620461 [EDL:47EED9D1] super 9.02%
2026-03-27T17:44:54.727085 [EDL:47EED9D1] super 9.15%
2026-03-27T17:44:54.833632 [EDL:47EED9D1] super 9.29%
2026-03-27T17:44:54.940783 [EDL:47EED9D1] super 9.42%
2026-03-27T17:44:55.045993 [EDL:47EED9D1] super 9.55%
2026-03-27T17:44:55.152229 [EDL:47EED9D1] super 9.69%
2026-03-27T17:44:55.257868 [EDL:47EED9D1] super 9.82%
2026-03-27T17:44:55.363394 [EDL:47EED9D1] super 9.96%
2026-03-27T17:44:55.469526 [EDL:47EED9D1] super 10.09%
2026-03-27T17:44:55.575511 [EDL:47EED9D1] super 10.22%
2026-03-27T17:44:55.682039 [EDL:47EED9D1] super 10.36%
2026-03-27T17:44:55.788227 [EDL:47EED9D1] super 10.49%
2026-03-27T17:44:55.894273 [EDL:47EED9D1] super 10.63%
2026-03-27T17:44:56.000475 [EDL:47EED9D1] super 10.76%
2026-03-27T17:44:56.106863 [EDL:47EED9D1] super 10.89%
2026-03-27T17:44:56.213444 [EDL:47EED9D1] super 11.03%
2026-03-27T17:44:56.319537 [EDL:47EED9D1] super 11.16%
2026-03-27T17:44:56.425089 [EDL:47EED9D1] super 11.30%
2026-03-27T17:44:56.531076 [EDL:47EED9D1] super 11.43%
2026-03-27T17:44:56.637689 [EDL:47EED9D1] super 11.57%
2026-03-27T17:44:56.744013 [EDL:47EED9D1] super 11.70%
2026-03-27T17:44:56.852993 [EDL:47EED9D1] super 11.83%
2026-03-27T17:44:56.960282 [EDL:47EED9D1] super 11.97%
2026-03-27T17:44:57.067249 [EDL:47EED9D1] super 12.10%
2026-03-27T17:44:57.174161 [EDL:47EED9D1] super 12.24%
2026-03-27T17:44:57.281140 [EDL:47EED9D1] super 12.37%
2026-03-27T17:44:57.388369 [EDL:47EED9D1] super 12.50%
2026-03-27T17:44:57.494680 [EDL:47EED9D1] super 12.64%
2026-03-27T17:44:57.600979 [EDL:47EED9D1] super 12.77%
2026-03-27T17:44:57.706734 [EDL:47EED9D1] super 12.91%
2026-03-27T17:44:57.812740 [EDL:47EED9D1] super 13.04%
2026-03-27T17:44:57.918946 [EDL:47EED9D1] super 13.17%
2026-03-27T17:44:58.025626 [EDL:47EED9D1] super 13.31%
2026-03-27T17:44:58.134790 [EDL:47EED9D1] super 13.44%
2026-03-27T17:44:58.241189 [EDL:47EED9D1] super 13.58%
2026-03-27T17:44:58.347338 [EDL:47EED9D1] super 13.71%
2026-03-27T17:44:58.453344 [EDL:47EED9D1] super 13.84%
2026-03-27T17:44:58.578125 [EDL:47EED9D1] super 13.98%
2026-03-27T17:44:58.667228 [EDL:47EED9D1] super 14.11%
2026-03-27T17:44:58.773452 [EDL:47EED9D1] super 14.25%
2026-03-27T17:44:58.879236 [EDL:47EED9D1] super 14.38%
2026-03-27T17:44:58.984517 [EDL:47EED9D1] super 14.51%
2026-03-27T17:44:59.089926 [EDL:47EED9D1] super 14.65%
2026-03-27T17:44:59.195596 [EDL:47EED9D1] super 14.78%
2026-03-27T17:44:59.301471 [EDL:47EED9D1] super 14.92%
2026-03-27T17:44:59.406718 [EDL:47EED9D1] super 15.05%
2026-03-27T17:44:59.512250 [EDL:47EED9D1] super 15.19%
2026-03-27T17:44:59.617578 [EDL:47EED9D1] super 15.32%
2026-03-27T17:44:59.722363 [EDL:47EED9D1] super 15.45%
2026-03-27T17:44:59.827793 [EDL:47EED9D1] super 15.59%
2026-03-27T17:44:59.932899 [EDL:47EED9D1] super 15.72%
2026-03-27T17:45:00.038564 [EDL:47EED9D1] super 15.86%
2026-03-27T17:45:00.145652 [EDL:47EED9D1] super 15.99%
2026-03-27T17:45:00.250837 [EDL:47EED9D1] super 16.12%
2026-03-27T17:45:00.356594 [EDL:47EED9D1] super 16.26%
2026-03-27T17:45:00.461690 [EDL:47EED9D1] super 16.39%
2026-03-27T17:45:00.580448 [EDL:47EED9D1] super 16.53%
2026-03-27T17:45:00.678019 [EDL:47EED9D1] super 16.66%
2026-03-27T17:45:00.782769 [EDL:47EED9D1] super 16.79%
2026-03-27T17:45:00.888038 [EDL:47EED9D1] super 16.93%
2026-03-27T17:45:00.992412 [EDL:47EED9D1] super 17.06%
2026-03-27T17:45:01.100611 [EDL:47EED9D1] super 17.20%
2026-03-27T17:45:01.207087 [EDL:47EED9D1] super 17.33%
2026-03-27T17:45:01.314017 [EDL:47EED9D1] super 17.46%
2026-03-27T17:45:01.420323 [EDL:47EED9D1] super 17.60%
2026-03-27T17:45:01.526198 [EDL:47EED9D1] super 17.73%
2026-03-27T17:45:01.632722 [EDL:47EED9D1] super 17.87%
2026-03-27T17:45:01.739044 [EDL:47EED9D1] super 18.00%
2026-03-27T17:45:01.846014 [EDL:47EED9D1] super 18.14%
2026-03-27T17:45:01.952460 [EDL:47EED9D1] super 18.27%
2026-03-27T17:45:02.058034 [EDL:47EED9D1] super 18.40%
2026-03-27T17:45:02.164851 [EDL:47EED9D1] super 18.54%
2026-03-27T17:45:02.271324 [EDL:47EED9D1] super 18.67%
2026-03-27T17:45:02.376818 [EDL:47EED9D1] super 18.81%
2026-03-27T17:45:02.483897 [EDL:47EED9D1] super 18.94%
2026-03-27T17:45:02.590034 [EDL:47EED9D1] super 19.07%
2026-03-27T17:45:02.698292 [EDL:47EED9D1] super 19.21%
2026-03-27T17:45:02.804550 [EDL:47EED9D1] super 19.34%
2026-03-27T17:45:02.913553 [EDL:47EED9D1] super 19.48%
2026-03-27T17:45:03.022111 [EDL:47EED9D1] super 19.61%
2026-03-27T17:45:03.129044 [EDL:47EED9D1] super 19.74%
2026-03-27T17:45:03.235345 [EDL:47EED9D1] super 19.88%
2026-03-27T17:45:03.341636 [EDL:47EED9D1] super 20.01%
2026-03-27T17:45:03.448802 [EDL:47EED9D1] super 20.15%
2026-03-27T17:45:03.556882 [EDL:47EED9D1] super 20.28%
2026-03-27T17:45:03.662983 [EDL:47EED9D1] super 20.41%
2026-03-27T17:45:03.769311 [EDL:47EED9D1] super 20.55%
2026-03-27T17:45:03.875485 [EDL:47EED9D1] super 20.68%
2026-03-27T17:45:03.981954 [EDL:47EED9D1] super 20.82%
2026-03-27T17:45:04.088542 [EDL:47EED9D1] super 20.95%
2026-03-27T17:45:04.195238 [EDL:47EED9D1] super 21.09%
2026-03-27T17:45:04.301345 [EDL:47EED9D1] super 21.22%
2026-03-27T17:45:04.407373 [EDL:47EED9D1] super 21.35%
2026-03-27T17:45:04.513652 [EDL:47EED9D1] super 21.49%
2026-03-27T17:45:04.620389 [EDL:47EED9D1] super 21.62%
2026-03-27T17:45:04.725658 [EDL:47EED9D1] super 21.76%
2026-03-27T17:45:04.831362 [EDL:47EED9D1] super 21.89%
2026-03-27T17:45:04.938811 [EDL:47EED9D1] super 22.02%
2026-03-27T17:45:05.044561 [EDL:47EED9D1] super 22.16%
2026-03-27T17:45:05.149976 [EDL:47EED9D1] super 22.29%
2026-03-27T17:45:05.255634 [EDL:47EED9D1] super 22.43%
2026-03-27T17:45:05.361486 [EDL:47EED9D1] super 22.56%
2026-03-27T17:45:05.466549 [EDL:47EED9D1] super 22.69%
2026-03-27T17:45:05.571766 [EDL:47EED9D1] super 22.83%
2026-03-27T17:45:05.677505 [EDL:47EED9D1] super 22.96%
2026-03-27T17:45:05.783544 [EDL:47EED9D1] super 23.10%
2026-03-27T17:45:05.888701 [EDL:47EED9D1] super 23.23%
2026-03-27T17:45:05.993949 [EDL:47EED9D1] super 23.36%
2026-03-27T17:45:06.102426 [EDL:47EED9D1] super 23.50%
2026-03-27T17:45:06.208488 [EDL:47EED9D1] super 23.63%
2026-03-27T17:45:06.313617 [EDL:47EED9D1] super 23.77%
2026-03-27T17:45:06.419443 [EDL:47EED9D1] super 23.90%
2026-03-27T17:45:06.524923 [EDL:47EED9D1] super 24.04%
2026-03-27T17:45:06.633425 [EDL:47EED9D1] super 24.17%
2026-03-27T17:45:06.738337 [EDL:47EED9D1] super 24.30%
2026-03-27T17:45:06.843884 [EDL:47EED9D1] super 24.44%
2026-03-27T17:45:06.949500 [EDL:47EED9D1] super 24.57%
2026-03-27T17:45:07.055508 [EDL:47EED9D1] super 24.71%
2026-03-27T17:45:07.161713 [EDL:47EED9D1] super 24.84%
2026-03-27T17:45:07.267731 [EDL:47EED9D1] super 24.97%
2026-03-27T17:45:07.373391 [EDL:47EED9D1] super 25.11%
2026-03-27T17:45:07.479840 [EDL:47EED9D1] super 25.24%
2026-03-27T17:45:07.586121 [EDL:47EED9D1] super 25.38%
2026-03-27T17:45:07.692006 [EDL:47EED9D1] super 25.51%
2026-03-27T17:45:07.798103 [EDL:47EED9D1] super 25.64%
2026-03-27T17:45:07.904253 [EDL:47EED9D1] super 25.78%
2026-03-27T17:45:08.010546 [EDL:47EED9D1] super 25.91%
2026-03-27T17:45:08.116744 [EDL:47EED9D1] super 26.05%
2026-03-27T17:45:08.222293 [EDL:47EED9D1] super 26.18%
2026-03-27T17:45:08.327998 [EDL:47EED9D1] super 26.31%
2026-03-27T17:45:08.433339 [EDL:47EED9D1] super 26.45%
2026-03-27T17:45:08.539872 [EDL:47EED9D1] super 26.58%
2026-03-27T17:45:08.647974 [EDL:47EED9D1] super 26.72%
2026-03-27T17:45:08.754274 [EDL:47EED9D1] super 26.85%
2026-03-27T17:45:08.860918 [EDL:47EED9D1] super 26.99%
2026-03-27T17:45:08.966463 [EDL:47EED9D1] super 27.12%
2026-03-27T17:45:09.073017 [EDL:47EED9D1] super 27.25%
2026-03-27T17:45:09.179254 [EDL:47EED9D1] super 27.39%
2026-03-27T17:45:09.285534 [EDL:47EED9D1] super 27.52%
2026-03-27T17:45:09.392019 [EDL:47EED9D1] super 27.66%
2026-03-27T17:45:09.498278 [EDL:47EED9D1] super 27.79%
2026-03-27T17:45:09.603939 [EDL:47EED9D1] super 27.92%
2026-03-27T17:45:09.709344 [EDL:47EED9D1] super 28.06%
2026-03-27T17:45:09.814773 [EDL:47EED9D1] super 28.19%
2026-03-27T17:45:09.920572 [EDL:47EED9D1] super 28.33%
2026-03-27T17:45:10.026242 [EDL:47EED9D1] super 28.46%
2026-03-27T17:45:10.133035 [EDL:47EED9D1] super 28.59%
2026-03-27T17:45:10.237849 [EDL:47EED9D1] super 28.73%
2026-03-27T17:45:10.343571 [EDL:47EED9D1] super 28.86%
2026-03-27T17:45:10.448859 [EDL:47EED9D1] super 29.00%
2026-03-27T17:45:10.583688 [EDL:47EED9D1] super 29.13%
2026-03-27T17:45:10.663297 [EDL:47EED9D1] super 29.26%
2026-03-27T17:45:10.770359 [EDL:47EED9D1] super 29.40%
2026-03-27T17:45:10.874792 [EDL:47EED9D1] super 29.53%
2026-03-27T17:45:10.980506 [EDL:47EED9D1] super 29.67%
2026-03-27T17:45:11.086438 [EDL:47EED9D1] super 29.80%
2026-03-27T17:45:11.192349 [EDL:47EED9D1] super 29.94%
2026-03-27T17:45:11.298427 [EDL:47EED9D1] super 30.07%
2026-03-27T17:45:11.403732 [EDL:47EED9D1] super 30.20%
2026-03-27T17:45:11.508939 [EDL:47EED9D1] super 30.34%
2026-03-27T17:45:11.614177 [EDL:47EED9D1] super 30.47%
2026-03-27T17:45:11.719533 [EDL:47EED9D1] super 30.61%
2026-03-27T17:45:11.825043 [EDL:47EED9D1] super 30.74%
2026-03-27T17:45:11.930515 [EDL:47EED9D1] super 30.87%
2026-03-27T17:45:12.036222 [EDL:47EED9D1] super 31.01%
2026-03-27T17:45:12.142129 [EDL:47EED9D1] super 31.14%
2026-03-27T17:45:12.247311 [EDL:47EED9D1] super 31.28%
2026-03-27T17:45:12.352615 [EDL:47EED9D1] super 31.41%
2026-03-27T17:45:12.457641 [EDL:47EED9D1] super 31.54%
2026-03-27T17:45:12.577055 [EDL:47EED9D1] super 31.68%
2026-03-27T17:45:12.668508 [EDL:47EED9D1] super 31.81%
2026-03-27T17:45:12.773832 [EDL:47EED9D1] super 31.95%
2026-03-27T17:45:12.879202 [EDL:47EED9D1] super 32.08%
2026-03-27T17:45:12.984565 [EDL:47EED9D1] super 32.21%
2026-03-27T17:45:13.089818 [EDL:47EED9D1] super 32.35%
2026-03-27T17:45:13.195392 [EDL:47EED9D1] super 32.48%
2026-03-27T17:45:13.300742 [EDL:47EED9D1] super 32.62%
2026-03-27T17:45:13.405832 [EDL:47EED9D1] super 32.75%
2026-03-27T17:45:13.511555 [EDL:47EED9D1] super 32.88%
2026-03-27T17:45:13.616841 [EDL:47EED9D1] super 33.02%
2026-03-27T17:45:13.721951 [EDL:47EED9D1] super 33.15%
2026-03-27T17:45:13.827946 [EDL:47EED9D1] super 33.29%
2026-03-27T17:45:13.933439 [EDL:47EED9D1] super 33.42%
2026-03-27T17:45:14.038293 [EDL:47EED9D1] super 33.56%
2026-03-27T17:45:14.143929 [EDL:47EED9D1] super 33.69%
2026-03-27T17:45:14.248742 [EDL:47EED9D1] super 33.82%
2026-03-27T17:45:14.353962 [EDL:47EED9D1] super 33.96%
2026-03-27T17:45:14.459691 [EDL:47EED9D1] super 34.09%
2026-03-27T17:45:14.578056 [EDL:47EED9D1] super 34.23%
2026-03-27T17:45:14.669932 [EDL:47EED9D1] super 34.36%
2026-03-27T17:45:14.774740 [EDL:47EED9D1] super 34.49%
2026-03-27T17:45:14.879463 [EDL:47EED9D1] super 34.63%
2026-03-27T17:45:14.986822 [EDL:47EED9D1] super 34.76%
2026-03-27T17:45:15.092164 [EDL:47EED9D1] super 34.90%
2026-03-27T17:45:15.197744 [EDL:47EED9D1] super 35.03%
2026-03-27T17:45:15.304412 [EDL:47EED9D1] super 35.16%
2026-03-27T17:45:15.409481 [EDL:47EED9D1] super 35.30%
2026-03-27T17:45:15.514759 [EDL:47EED9D1] super 35.43%
2026-03-27T17:45:15.619702 [EDL:47EED9D1] super 35.57%
2026-03-27T17:45:15.725017 [EDL:47EED9D1] super 35.70%
2026-03-27T17:45:15.830441 [EDL:47EED9D1] super 35.83%
2026-03-27T17:45:15.936173 [EDL:47EED9D1] super 35.97%
2026-03-27T17:45:16.042408 [EDL:47EED9D1] super 36.10%
2026-03-27T17:45:16.149180 [EDL:47EED9D1] super 36.24%
2026-03-27T17:45:16.255276 [EDL:47EED9D1] super 36.37%
2026-03-27T17:45:16.361018 [EDL:47EED9D1] super 36.51%
2026-03-27T17:45:16.467337 [EDL:47EED9D1] super 36.64%
2026-03-27T17:45:16.587190 [EDL:47EED9D1] super 36.77%
2026-03-27T17:45:16.682189 [EDL:47EED9D1] super 36.91%
2026-03-27T17:45:16.788402 [EDL:47EED9D1] super 37.04%
2026-03-27T17:45:16.894558 [EDL:47EED9D1] super 37.18%
2026-03-27T17:45:17.000921 [EDL:47EED9D1] super 37.31%
2026-03-27T17:45:17.105802 [EDL:47EED9D1] super 37.44%
2026-03-27T17:45:17.211100 [EDL:47EED9D1] super 37.58%
2026-03-27T17:45:17.316537 [EDL:47EED9D1] super 37.71%
2026-03-27T17:45:17.421817 [EDL:47EED9D1] super 37.85%
2026-03-27T17:45:17.526839 [EDL:47EED9D1] super 37.98%
2026-03-27T17:45:17.632114 [EDL:47EED9D1] super 38.11%
2026-03-27T17:45:17.737509 [EDL:47EED9D1] super 38.25%
2026-03-27T17:45:17.842697 [EDL:47EED9D1] super 38.38%
2026-03-27T17:45:17.947990 [EDL:47EED9D1] super 38.52%
2026-03-27T17:45:18.053503 [EDL:47EED9D1] super 38.65%
2026-03-27T17:45:18.162100 [EDL:47EED9D1] super 38.78%
2026-03-27T17:45:18.267219 [EDL:47EED9D1] super 38.92%
2026-03-27T17:45:18.372120 [EDL:47EED9D1] super 39.05%
2026-03-27T17:45:18.477545 [EDL:47EED9D1] super 39.19%
2026-03-27T17:45:18.583451 [EDL:47EED9D1] super 39.32%
2026-03-27T17:45:18.690738 [EDL:47EED9D1] super 39.46%
2026-03-27T17:45:18.796558 [EDL:47EED9D1] super 39.59%
2026-03-27T17:45:18.902837 [EDL:47EED9D1] super 39.72%
2026-03-27T17:45:19.007982 [EDL:47EED9D1] super 39.86%
2026-03-27T17:45:19.116016 [EDL:47EED9D1] super 39.99%
2026-03-27T17:45:19.221938 [EDL:47EED9D1] super 40.13%
2026-03-27T17:45:19.326889 [EDL:47EED9D1] super 40.26%
2026-03-27T17:45:19.431835 [EDL:47EED9D1] super 40.39%
2026-03-27T17:45:19.537504 [EDL:47EED9D1] super 40.53%
2026-03-27T17:45:19.642212 [EDL:47EED9D1] super 40.66%
2026-03-27T17:45:19.748044 [EDL:47EED9D1] super 40.80%
2026-03-27T17:45:19.854304 [EDL:47EED9D1] super 40.93%
2026-03-27T17:45:19.960149 [EDL:47EED9D1] super 41.06%
2026-03-27T17:45:20.066366 [EDL:47EED9D1] super 41.20%
2026-03-27T17:45:20.173758 [EDL:47EED9D1] super 41.33%
2026-03-27T17:45:20.279227 [EDL:47EED9D1] super 41.47%
2026-03-27T17:45:20.384710 [EDL:47EED9D1] super 41.60%
2026-03-27T17:45:20.490560 [EDL:47EED9D1] super 41.73%
2026-03-27T17:45:20.597552 [EDL:47EED9D1] super 41.87%
2026-03-27T17:45:20.703546 [EDL:47EED9D1] super 42.00%
2026-03-27T17:45:20.809520 [EDL:47EED9D1] super 42.14%
2026-03-27T17:45:20.915448 [EDL:47EED9D1] super 42.27%
2026-03-27T17:45:21.021848 [EDL:47EED9D1] super 42.41%
2026-03-27T17:45:21.128037 [EDL:47EED9D1] super 42.54%
2026-03-27T17:45:21.234024 [EDL:47EED9D1] super 42.67%
2026-03-27T17:45:21.339920 [EDL:47EED9D1] super 42.81%
2026-03-27T17:45:21.446229 [EDL:47EED9D1] super 42.94%
2026-03-27T17:45:21.551958 [EDL:47EED9D1] super 43.08%
2026-03-27T17:45:21.657550 [EDL:47EED9D1] super 43.21%
2026-03-27T17:45:21.762167 [EDL:47EED9D1] super 43.34%
2026-03-27T17:45:21.867553 [EDL:47EED9D1] super 43.48%
2026-03-27T17:45:21.973980 [EDL:47EED9D1] super 43.61%
2026-03-27T17:45:22.079933 [EDL:47EED9D1] super 43.75%
2026-03-27T17:45:22.187560 [EDL:47EED9D1] super 43.88%
2026-03-27T17:45:22.293707 [EDL:47EED9D1] super 44.01%
2026-03-27T17:45:22.404629 [EDL:47EED9D1] super 44.15%
2026-03-27T17:45:22.512492 [EDL:47EED9D1] super 44.28%
2026-03-27T17:45:22.619834 [EDL:47EED9D1] super 44.42%
2026-03-27T17:45:22.725480 [EDL:47EED9D1] super 44.55%
2026-03-27T17:45:22.831914 [EDL:47EED9D1] super 44.68%
2026-03-27T17:45:22.938217 [EDL:47EED9D1] super 44.82%
2026-03-27T17:45:23.044060 [EDL:47EED9D1] super 44.95%
2026-03-27T17:45:23.150044 [EDL:47EED9D1] super 45.09%
2026-03-27T17:45:23.256113 [EDL:47EED9D1] super 45.22%
2026-03-27T17:45:23.361705 [EDL:47EED9D1] super 45.36%
2026-03-27T17:45:23.468098 [EDL:47EED9D1] super 45.49%
2026-03-27T17:45:23.574316 [EDL:47EED9D1] super 45.62%
2026-03-27T17:45:23.679874 [EDL:47EED9D1] super 45.76%
2026-03-27T17:45:23.786115 [EDL:47EED9D1] super 45.89%
2026-03-27T17:45:23.892171 [EDL:47EED9D1] super 46.03%
2026-03-27T17:45:23.997875 [EDL:47EED9D1] super 46.16%
2026-03-27T17:45:24.104761 [EDL:47EED9D1] super 46.29%
2026-03-27T17:45:24.210430 [EDL:47EED9D1] super 46.43%
2026-03-27T17:45:24.315832 [EDL:47EED9D1] super 46.56%
2026-03-27T17:45:24.421118 [EDL:47EED9D1] super 46.70%
2026-03-27T17:45:24.526698 [EDL:47EED9D1] super 46.83%
2026-03-27T17:45:24.632232 [EDL:47EED9D1] super 46.96%
2026-03-27T17:45:24.737949 [EDL:47EED9D1] super 47.10%
2026-03-27T17:45:24.843761 [EDL:47EED9D1] super 47.23%
2026-03-27T17:45:24.949208 [EDL:47EED9D1] super 47.37%
2026-03-27T17:45:25.054512 [EDL:47EED9D1] super 47.50%
2026-03-27T17:45:25.160297 [EDL:47EED9D1] super 47.63%
2026-03-27T17:45:25.265568 [EDL:47EED9D1] super 47.77%
2026-03-27T17:45:25.371155 [EDL:47EED9D1] super 47.90%
2026-03-27T17:45:25.476522 [EDL:47EED9D1] super 48.04%
2026-03-27T17:45:25.582642 [EDL:47EED9D1] super 48.17%
2026-03-27T17:45:25.688260 [EDL:47EED9D1] super 48.30%
2026-03-27T17:45:25.793598 [EDL:47EED9D1] super 48.44%
2026-03-27T17:45:25.899354 [EDL:47EED9D1] super 48.57%
2026-03-27T17:45:26.004789 [EDL:47EED9D1] super 48.71%
2026-03-27T17:45:26.110718 [EDL:47EED9D1] super 48.84%
2026-03-27T17:45:26.216248 [EDL:47EED9D1] super 48.98%
2026-03-27T17:45:26.323519 [EDL:47EED9D1] super 49.11%
2026-03-27T17:45:26.429574 [EDL:47EED9D1] super 49.24%
2026-03-27T17:45:26.535492 [EDL:47EED9D1] super 49.38%
2026-03-27T17:45:26.641284 [EDL:47EED9D1] super 49.51%
2026-03-27T17:45:26.746849 [EDL:47EED9D1] super 49.65%
2026-03-27T17:45:26.854043 [EDL:47EED9D1] super 49.78%
2026-03-27T17:45:26.960704 [EDL:47EED9D1] super 49.91%
2026-03-27T17:45:27.067057 [EDL:47EED9D1] super 50.05%
2026-03-27T17:45:27.173241 [EDL:47EED9D1] super 50.18%
2026-03-27T17:45:27.279351 [EDL:47EED9D1] super 50.32%
2026-03-27T17:45:27.385370 [EDL:47EED9D1] super 50.45%
2026-03-27T17:45:27.491800 [EDL:47EED9D1] super 50.58%
2026-03-27T17:45:27.598175 [EDL:47EED9D1] super 50.72%
2026-03-27T17:45:27.704190 [EDL:47EED9D1] super 50.85%
2026-03-27T17:45:27.810178 [EDL:47EED9D1] super 50.99%
2026-03-27T17:45:27.916700 [EDL:47EED9D1] super 51.12%
2026-03-27T17:45:28.023343 [EDL:47EED9D1] super 51.25%
2026-03-27T17:45:28.132999 [EDL:47EED9D1] super 51.39%
2026-03-27T17:45:28.239282 [EDL:47EED9D1] super 51.52%
2026-03-27T17:45:28.345646 [EDL:47EED9D1] super 51.66%
2026-03-27T17:45:28.451776 [EDL:47EED9D1] super 51.79%
2026-03-27T17:45:28.584224 [EDL:47EED9D1] super 51.93%
2026-03-27T17:45:28.668335 [EDL:47EED9D1] super 52.06%
2026-03-27T17:45:28.774348 [EDL:47EED9D1] super 52.19%
2026-03-27T17:45:28.880514 [EDL:47EED9D1] super 52.33%
2026-03-27T17:45:28.986915 [EDL:47EED9D1] super 52.46%
2026-03-27T17:45:29.093314 [EDL:47EED9D1] super 52.60%
2026-03-27T17:45:29.198953 [EDL:47EED9D1] super 52.73%
2026-03-27T17:45:29.304736 [EDL:47EED9D1] super 52.86%
2026-03-27T17:45:29.411406 [EDL:47EED9D1] super 53.00%
2026-03-27T17:45:29.518583 [EDL:47EED9D1] super 53.13%
2026-03-27T17:45:29.624782 [EDL:47EED9D1] super 53.27%
2026-03-27T17:45:29.731406 [EDL:47EED9D1] super 53.40%
2026-03-27T17:45:29.837661 [EDL:47EED9D1] super 53.53%
2026-03-27T17:45:29.943956 [EDL:47EED9D1] super 53.67%
2026-03-27T17:45:30.050320 [EDL:47EED9D1] super 53.80%
2026-03-27T17:45:30.158202 [EDL:47EED9D1] super 53.94%
2026-03-27T17:45:30.263513 [EDL:47EED9D1] super 54.07%
2026-03-27T17:45:30.369603 [EDL:47EED9D1] super 54.20%
2026-03-27T17:45:30.474844 [EDL:47EED9D1] super 54.34%
2026-03-27T17:45:30.580213 [EDL:47EED9D1] super 54.47%
2026-03-27T17:45:30.686646 [EDL:47EED9D1] super 54.61%
2026-03-27T17:45:30.792190 [EDL:47EED9D1] super 54.74%
2026-03-27T17:45:30.898203 [EDL:47EED9D1] super 54.88%
2026-03-27T17:45:31.003913 [EDL:47EED9D1] super 55.01%
2026-03-27T17:45:31.109547 [EDL:47EED9D1] super 55.14%
2026-03-27T17:45:31.215158 [EDL:47EED9D1] super 55.28%
2026-03-27T17:45:31.320820 [EDL:47EED9D1] super 55.41%
2026-03-27T17:45:31.427152 [EDL:47EED9D1] super 55.55%
2026-03-27T17:45:31.532430 [EDL:47EED9D1] super 55.68%
2026-03-27T17:45:31.637980 [EDL:47EED9D1] super 55.81%
2026-03-27T17:45:31.742987 [EDL:47EED9D1] super 55.95%
2026-03-27T17:45:31.848395 [EDL:47EED9D1] super 56.08%
2026-03-27T17:45:31.953254 [EDL:47EED9D1] super 56.22%
2026-03-27T17:45:32.060369 [EDL:47EED9D1] super 56.35%
2026-03-27T17:45:32.168080 [EDL:47EED9D1] super 56.48%
2026-03-27T17:45:32.272945 [EDL:47EED9D1] super 56.62%
2026-03-27T17:45:32.377930 [EDL:47EED9D1] super 56.75%
2026-03-27T17:45:32.482937 [EDL:47EED9D1] super 56.89%
2026-03-27T17:45:32.590462 [EDL:47EED9D1] super 57.02%
2026-03-27T17:45:32.696192 [EDL:47EED9D1] super 57.15%
2026-03-27T17:45:32.803355 [EDL:47EED9D1] super 57.29%
2026-03-27T17:45:32.908988 [EDL:47EED9D1] super 57.42%
2026-03-27T17:45:33.015254 [EDL:47EED9D1] super 57.56%
2026-03-27T17:45:33.121877 [EDL:47EED9D1] super 57.69%
2026-03-27T17:45:33.228021 [EDL:47EED9D1] super 57.83%
2026-03-27T17:45:33.334643 [EDL:47EED9D1] super 57.96%
2026-03-27T17:45:33.440921 [EDL:47EED9D1] super 58.09%
2026-03-27T17:45:33.547198 [EDL:47EED9D1] super 58.23%
2026-03-27T17:45:33.653067 [EDL:47EED9D1] super 58.36%
2026-03-27T17:45:33.759538 [EDL:47EED9D1] super 58.50%
2026-03-27T17:45:33.866016 [EDL:47EED9D1] super 58.63%
2026-03-27T17:45:33.972018 [EDL:47EED9D1] super 58.76%
2026-03-27T17:45:34.077976 [EDL:47EED9D1] super 58.90%
2026-03-27T17:45:34.184579 [EDL:47EED9D1] super 59.03%
2026-03-27T17:45:34.290500 [EDL:47EED9D1] super 59.17%
2026-03-27T17:45:34.395552 [EDL:47EED9D1] super 59.30%
2026-03-27T17:45:34.501544 [EDL:47EED9D1] super 59.43%
2026-03-27T17:45:34.607405 [EDL:47EED9D1] super 59.57%
2026-03-27T17:45:34.713298 [EDL:47EED9D1] super 59.70%
2026-03-27T17:45:34.818988 [EDL:47EED9D1] super 59.84%
2026-03-27T17:45:34.923585 [EDL:47EED9D1] super 59.97%
2026-03-27T17:45:35.029032 [EDL:47EED9D1] super 60.10%
2026-03-27T17:45:35.134802 [EDL:47EED9D1] super 60.24%
2026-03-27T17:45:35.240432 [EDL:47EED9D1] super 60.37%
2026-03-27T17:45:35.346447 [EDL:47EED9D1] super 60.51%
2026-03-27T17:45:35.451502 [EDL:47EED9D1] super 60.64%
2026-03-27T17:45:35.556721 [EDL:47EED9D1] super 60.78%
2026-03-27T17:45:35.662815 [EDL:47EED9D1] super 60.91%
2026-03-27T17:45:35.768719 [EDL:47EED9D1] super 61.04%
2026-03-27T17:45:35.874340 [EDL:47EED9D1] super 61.18%
2026-03-27T17:45:35.979812 [EDL:47EED9D1] super 61.31%
2026-03-27T17:45:36.085423 [EDL:47EED9D1] super 61.45%
2026-03-27T17:45:36.191525 [EDL:47EED9D1] super 61.58%
2026-03-27T17:45:36.296071 [EDL:47EED9D1] super 61.71%
2026-03-27T17:45:36.401779 [EDL:47EED9D1] super 61.85%
2026-03-27T17:45:36.507551 [EDL:47EED9D1] super 61.98%
2026-03-27T17:45:36.612850 [EDL:47EED9D1] super 62.12%
2026-03-27T17:45:36.718776 [EDL:47EED9D1] super 62.25%
2026-03-27T17:45:36.823300 [EDL:47EED9D1] super 62.38%
2026-03-27T17:45:36.928489 [EDL:47EED9D1] super 62.52%
2026-03-27T17:45:37.034334 [EDL:47EED9D1] super 62.65%
2026-03-27T17:45:37.139620 [EDL:47EED9D1] super 62.79%
2026-03-27T17:45:37.244409 [EDL:47EED9D1] super 62.92%
2026-03-27T17:45:37.349827 [EDL:47EED9D1] super 63.05%
2026-03-27T17:45:37.455611 [EDL:47EED9D1] super 63.19%
2026-03-27T17:45:37.560999 [EDL:47EED9D1] super 63.32%
2026-03-27T17:45:37.666371 [EDL:47EED9D1] super 63.46%
2026-03-27T17:45:37.771744 [EDL:47EED9D1] super 63.59%
2026-03-27T17:45:37.877281 [EDL:47EED9D1] super 63.73%
2026-03-27T17:45:37.982276 [EDL:47EED9D1] super 63.86%
2026-03-27T17:45:38.088104 [EDL:47EED9D1] super 63.99%
2026-03-27T17:45:38.193631 [EDL:47EED9D1] super 64.13%
2026-03-27T17:45:38.302139 [EDL:47EED9D1] super 64.26%
2026-03-27T17:45:38.410864 [EDL:47EED9D1] super 64.40%
2026-03-27T17:45:38.516595 [EDL:47EED9D1] super 64.53%
2026-03-27T17:45:38.623954 [EDL:47EED9D1] super 64.66%
2026-03-27T17:45:38.729315 [EDL:47EED9D1] super 64.80%
2026-03-27T17:45:38.833909 [EDL:47EED9D1] super 64.93%
2026-03-27T17:45:38.939600 [EDL:47EED9D1] super 65.07%
2026-03-27T17:45:39.045955 [EDL:47EED9D1] super 65.20%
2026-03-27T17:45:39.151477 [EDL:47EED9D1] super 65.33%
2026-03-27T17:45:39.256779 [EDL:47EED9D1] super 65.47%
2026-03-27T17:45:39.362014 [EDL:47EED9D1] super 65.60%
2026-03-27T17:45:39.467063 [EDL:47EED9D1] super 65.74%
2026-03-27T17:45:39.572277 [EDL:47EED9D1] super 65.87%
2026-03-27T17:45:39.678084 [EDL:47EED9D1] super 66.00%
2026-03-27T17:45:39.783410 [EDL:47EED9D1] super 66.14%
2026-03-27T17:45:39.888858 [EDL:47EED9D1] super 66.27%
2026-03-27T17:45:39.994096 [EDL:47EED9D1] super 66.41%
2026-03-27T17:45:40.102950 [EDL:47EED9D1] super 66.54%
2026-03-27T17:45:40.208585 [EDL:47EED9D1] super 66.67%
2026-03-27T17:45:40.313911 [EDL:47EED9D1] super 66.81%
2026-03-27T17:45:40.418971 [EDL:47EED9D1] super 66.94%
2026-03-27T17:45:40.523804 [EDL:47EED9D1] super 67.08%
2026-03-27T17:45:40.629218 [EDL:47EED9D1] super 67.21%
2026-03-27T17:45:40.734723 [EDL:47EED9D1] super 67.35%
2026-03-27T17:45:40.840116 [EDL:47EED9D1] super 67.48%
2026-03-27T17:45:40.946773 [EDL:47EED9D1] super 67.61%
2026-03-27T17:45:41.052145 [EDL:47EED9D1] super 67.75%
2026-03-27T17:45:41.158006 [EDL:47EED9D1] super 67.88%
2026-03-27T17:45:41.263542 [EDL:47EED9D1] super 68.02%
2026-03-27T17:45:41.369364 [EDL:47EED9D1] super 68.15%
2026-03-27T17:45:41.473632 [EDL:47EED9D1] super 68.28%
2026-03-27T17:45:41.578004 [EDL:47EED9D1] super 68.42%
2026-03-27T17:45:41.683848 [EDL:47EED9D1] super 68.55%
2026-03-27T17:45:41.789482 [EDL:47EED9D1] super 68.69%
2026-03-27T17:45:41.895057 [EDL:47EED9D1] super 68.82%
2026-03-27T17:45:42.000468 [EDL:47EED9D1] super 68.95%
2026-03-27T17:45:42.108757 [EDL:47EED9D1] super 69.09%
2026-03-27T17:45:42.214302 [EDL:47EED9D1] super 69.22%
2026-03-27T17:45:42.319379 [EDL:47EED9D1] super 69.36%
2026-03-27T17:45:42.424838 [EDL:47EED9D1] super 69.49%
2026-03-27T17:45:42.530380 [EDL:47EED9D1] super 69.62%
2026-03-27T17:45:42.637389 [EDL:47EED9D1] super 69.76%
2026-03-27T17:45:42.742760 [EDL:47EED9D1] super 69.89%
2026-03-27T17:45:42.848704 [EDL:47EED9D1] super 70.03%
2026-03-27T17:45:42.953845 [EDL:47EED9D1] super 70.16%
2026-03-27T17:45:43.059379 [EDL:47EED9D1] super 70.30%
2026-03-27T17:45:43.164942 [EDL:47EED9D1] super 70.43%
2026-03-27T17:45:43.269879 [EDL:47EED9D1] super 70.56%
2026-03-27T17:45:43.375498 [EDL:47EED9D1] super 70.70%
2026-03-27T17:45:43.481180 [EDL:47EED9D1] super 70.83%
2026-03-27T17:45:43.585847 [EDL:47EED9D1] super 70.97%
2026-03-27T17:45:43.691238 [EDL:47EED9D1] super 71.10%
2026-03-27T17:45:43.796930 [EDL:47EED9D1] super 71.23%
2026-03-27T17:45:43.902494 [EDL:47EED9D1] super 71.37%
2026-03-27T17:45:44.007293 [EDL:47EED9D1] super 71.50%
2026-03-27T17:45:44.114238 [EDL:47EED9D1] super 71.64%
2026-03-27T17:45:44.219427 [EDL:47EED9D1] super 71.77%
2026-03-27T17:45:44.324743 [EDL:47EED9D1] super 71.90%
2026-03-27T17:45:44.429841 [EDL:47EED9D1] super 72.04%
2026-03-27T17:45:44.535534 [EDL:47EED9D1] super 72.17%
2026-03-27T17:45:44.641969 [EDL:47EED9D1] super 72.31%
2026-03-27T17:45:44.747353 [EDL:47EED9D1] super 72.44%
2026-03-27T17:45:44.853209 [EDL:47EED9D1] super 72.57%
2026-03-27T17:45:44.958591 [EDL:47EED9D1] super 72.71%
2026-03-27T17:45:45.063761 [EDL:47EED9D1] super 72.84%
2026-03-27T17:45:45.169397 [EDL:47EED9D1] super 72.98%
2026-03-27T17:45:45.274648 [EDL:47EED9D1] super 73.11%
2026-03-27T17:45:45.380532 [EDL:47EED9D1] super 73.25%
2026-03-27T17:45:45.486109 [EDL:47EED9D1] super 73.38%
2026-03-27T17:45:45.590756 [EDL:47EED9D1] super 73.51%
2026-03-27T17:45:45.698262 [EDL:47EED9D1] super 73.65%
2026-03-27T17:45:45.811530 [EDL:47EED9D1] super 73.78%
2026-03-27T17:45:45.922261 [EDL:47EED9D1] super 73.92%
2026-03-27T17:45:46.028583 [EDL:47EED9D1] super 74.05%
2026-03-27T17:45:46.135367 [EDL:47EED9D1] super 74.18%
2026-03-27T17:45:46.242017 [EDL:47EED9D1] super 74.32%
2026-03-27T17:45:46.348386 [EDL:47EED9D1] super 74.45%
2026-03-27T17:45:46.455699 [EDL:47EED9D1] super 74.59%
2026-03-27T17:45:46.581530 [EDL:47EED9D1] super 74.72%
2026-03-27T17:45:46.670060 [EDL:47EED9D1] super 74.85%
2026-03-27T17:45:46.776377 [EDL:47EED9D1] super 74.99%
2026-03-27T17:45:46.882845 [EDL:47EED9D1] super 75.12%
2026-03-27T17:45:46.989016 [EDL:47EED9D1] super 75.26%
2026-03-27T17:45:47.095291 [EDL:47EED9D1] super 75.39%
2026-03-27T17:45:47.201466 [EDL:47EED9D1] super 75.52%
2026-03-27T17:45:47.307756 [EDL:47EED9D1] super 75.66%
2026-03-27T17:45:47.414042 [EDL:47EED9D1] super 75.79%
2026-03-27T17:45:47.520223 [EDL:47EED9D1] super 75.93%
2026-03-27T17:45:47.625939 [EDL:47EED9D1] super 76.06%
2026-03-27T17:45:47.732457 [EDL:47EED9D1] super 76.20%
2026-03-27T17:45:47.838648 [EDL:47EED9D1] super 76.33%
2026-03-27T17:45:47.944711 [EDL:47EED9D1] super 76.46%
2026-03-27T17:45:48.050709 [EDL:47EED9D1] super 76.60%
2026-03-27T17:45:48.159358 [EDL:47EED9D1] super 76.73%
2026-03-27T17:45:48.265571 [EDL:47EED9D1] super 76.87%
2026-03-27T17:45:48.371283 [EDL:47EED9D1] super 77.00%
2026-03-27T17:45:48.476517 [EDL:47EED9D1] super 77.13%
2026-03-27T17:45:48.582301 [EDL:47EED9D1] super 77.27%
2026-03-27T17:45:48.690278 [EDL:47EED9D1] super 77.40%
2026-03-27T17:45:48.796744 [EDL:47EED9D1] super 77.54%
2026-03-27T17:45:48.902389 [EDL:47EED9D1] super 77.67%
2026-03-27T17:45:49.007730 [EDL:47EED9D1] super 77.80%
2026-03-27T17:45:49.113358 [EDL:47EED9D1] super 77.94%
2026-03-27T17:45:49.218406 [EDL:47EED9D1] super 78.07%
2026-03-27T17:45:49.323983 [EDL:47EED9D1] super 78.21%
2026-03-27T17:45:49.430087 [EDL:47EED9D1] super 78.34%
2026-03-27T17:45:49.535569 [EDL:47EED9D1] super 78.47%
2026-03-27T17:45:49.640419 [EDL:47EED9D1] super 78.61%
2026-03-27T17:45:49.745287 [EDL:47EED9D1] super 78.74%
2026-03-27T17:45:49.850515 [EDL:47EED9D1] super 78.88%
2026-03-27T17:45:49.955452 [EDL:47EED9D1] super 79.01%
2026-03-27T17:45:50.060805 [EDL:47EED9D1] super 79.15%
2026-03-27T17:45:50.167012 [EDL:47EED9D1] super 79.28%
2026-03-27T17:45:50.272240 [EDL:47EED9D1] super 79.41%
2026-03-27T17:45:50.377418 [EDL:47EED9D1] super 79.55%
2026-03-27T17:45:50.482297 [EDL:47EED9D1] super 79.68%
2026-03-27T17:45:50.588157 [EDL:47EED9D1] super 79.82%
2026-03-27T17:45:50.694322 [EDL:47EED9D1] super 79.95%
2026-03-27T17:45:50.799957 [EDL:47EED9D1] super 80.08%
2026-03-27T17:45:50.904985 [EDL:47EED9D1] super 80.22%
2026-03-27T17:45:51.010529 [EDL:47EED9D1] super 80.35%
2026-03-27T17:45:51.116580 [EDL:47EED9D1] super 80.49%
2026-03-27T17:45:51.221908 [EDL:47EED9D1] super 80.62%
2026-03-27T17:45:51.327589 [EDL:47EED9D1] super 80.75%
2026-03-27T17:45:51.433713 [EDL:47EED9D1] super 80.89%
2026-03-27T17:45:51.539626 [EDL:47EED9D1] super 81.02%
2026-03-27T17:45:51.645609 [EDL:47EED9D1] super 81.16%
2026-03-27T17:45:51.752284 [EDL:47EED9D1] super 81.29%
2026-03-27T17:45:51.859157 [EDL:47EED9D1] super 81.42%
2026-03-27T17:45:51.965244 [EDL:47EED9D1] super 81.56%
2026-03-27T17:45:52.071772 [EDL:47EED9D1] super 81.69%
2026-03-27T17:45:52.181129 [EDL:47EED9D1] super 81.83%
2026-03-27T17:45:52.287814 [EDL:47EED9D1] super 81.96%
2026-03-27T17:45:52.394194 [EDL:47EED9D1] super 82.10%
2026-03-27T17:45:52.500765 [EDL:47EED9D1] super 82.23%
2026-03-27T17:45:52.608394 [EDL:47EED9D1] super 82.36%
2026-03-27T17:45:52.714732 [EDL:47EED9D1] super 82.50%
2026-03-27T17:45:52.821115 [EDL:47EED9D1] super 82.63%
2026-03-27T17:45:52.927369 [EDL:47EED9D1] super 82.77%
2026-03-27T17:45:53.033478 [EDL:47EED9D1] super 82.90%
2026-03-27T17:45:53.141169 [EDL:47EED9D1] super 83.03%
2026-03-27T17:45:53.248704 [EDL:47EED9D1] super 83.17%
2026-03-27T17:45:53.356092 [EDL:47EED9D1] super 83.30%
2026-03-27T17:45:53.462147 [EDL:47EED9D1] super 83.44%
2026-03-27T17:45:53.568088 [EDL:47EED9D1] super 83.57%
2026-03-27T17:45:53.673599 [EDL:47EED9D1] super 83.70%
2026-03-27T17:45:53.779632 [EDL:47EED9D1] super 83.84%
2026-03-27T17:45:53.885935 [EDL:47EED9D1] super 83.97%
2026-03-27T17:45:53.991847 [EDL:47EED9D1] super 84.11%
2026-03-27T17:45:54.098084 [EDL:47EED9D1] super 84.24%
2026-03-27T17:45:54.203722 [EDL:47EED9D1] super 84.37%
2026-03-27T17:45:54.308718 [EDL:47EED9D1] super 84.51%
2026-03-27T17:45:54.414026 [EDL:47EED9D1] super 84.64%
2026-03-27T17:45:54.519100 [EDL:47EED9D1] super 84.78%
2026-03-27T17:45:54.625972 [EDL:47EED9D1] super 84.91%
2026-03-27T17:45:54.730802 [EDL:47EED9D1] super 85.04%
2026-03-27T17:45:54.836177 [EDL:47EED9D1] super 85.18%
2026-03-27T17:45:54.941427 [EDL:47EED9D1] super 85.31%
2026-03-27T17:45:55.046785 [EDL:47EED9D1] super 85.45%
2026-03-27T17:45:55.152347 [EDL:47EED9D1] super 85.58%
2026-03-27T17:45:55.257580 [EDL:47EED9D1] super 85.72%
2026-03-27T17:45:55.363164 [EDL:47EED9D1] super 85.85%
2026-03-27T17:45:55.468489 [EDL:47EED9D1] super 85.98%
2026-03-27T17:45:55.573720 [EDL:47EED9D1] super 86.12%
2026-03-27T17:45:55.679183 [EDL:47EED9D1] super 86.25%
2026-03-27T17:45:55.784273 [EDL:47EED9D1] super 86.39%
2026-03-27T17:45:55.890226 [EDL:47EED9D1] super 86.52%
2026-03-27T17:45:55.995493 [EDL:47EED9D1] super 86.65%
2026-03-27T17:45:56.103938 [EDL:47EED9D1] super 86.79%
2026-03-27T17:45:56.212588 [EDL:47EED9D1] super 86.92%
2026-03-27T17:45:56.319621 [EDL:47EED9D1] super 87.06%
2026-03-27T17:45:56.426573 [EDL:47EED9D1] super 87.19%
2026-03-27T17:45:56.531973 [EDL:47EED9D1] super 87.32%
2026-03-27T17:45:56.638018 [EDL:47EED9D1] super 87.46%
2026-03-27T17:45:56.743314 [EDL:47EED9D1] super 87.59%
2026-03-27T17:45:56.849174 [EDL:47EED9D1] super 87.73%
2026-03-27T17:45:56.956327 [EDL:47EED9D1] super 87.86%
2026-03-27T17:45:57.062915 [EDL:47EED9D1] super 87.99%
2026-03-27T17:45:57.169647 [EDL:47EED9D1] super 88.13%
2026-03-27T17:45:57.276501 [EDL:47EED9D1] super 88.26%
2026-03-27T17:45:57.382718 [EDL:47EED9D1] super 88.40%
2026-03-27T17:45:57.489428 [EDL:47EED9D1] super 88.53%
2026-03-27T17:45:57.596308 [EDL:47EED9D1] super 88.67%
2026-03-27T17:45:57.702274 [EDL:47EED9D1] super 88.80%
2026-03-27T17:45:57.808022 [EDL:47EED9D1] super 88.93%
2026-03-27T17:45:57.914285 [EDL:47EED9D1] super 89.07%
2026-03-27T17:45:58.020639 [EDL:47EED9D1] super 89.20%
2026-03-27T17:45:58.128088 [EDL:47EED9D1] super 89.34%
2026-03-27T17:45:58.234260 [EDL:47EED9D1] super 89.47%
2026-03-27T17:45:58.340310 [EDL:47EED9D1] super 89.60%
2026-03-27T17:45:58.446564 [EDL:47EED9D1] super 89.74%
2026-03-27T17:45:58.590809 [EDL:47EED9D1] super 89.87%
2026-03-27T17:45:58.659021 [EDL:47EED9D1] super 90.01%
2026-03-27T17:45:58.763950 [EDL:47EED9D1] super 90.14%
2026-03-27T17:45:58.869033 [EDL:47EED9D1] super 90.27%
2026-03-27T17:45:58.974265 [EDL:47EED9D1] super 90.41%
2026-03-27T17:45:59.079889 [EDL:47EED9D1] super 90.54%
2026-03-27T17:45:59.185156 [EDL:47EED9D1] super 90.68%
2026-03-27T17:45:59.290228 [EDL:47EED9D1] super 90.81%
2026-03-27T17:45:59.395590 [EDL:47EED9D1] super 90.94%
2026-03-27T17:45:59.500489 [EDL:47EED9D1] super 91.08%
2026-03-27T17:45:59.605342 [EDL:47EED9D1] super 91.21%
2026-03-27T17:45:59.710638 [EDL:47EED9D1] super 91.35%
2026-03-27T17:45:59.815801 [EDL:47EED9D1] super 91.48%
2026-03-27T17:45:59.921606 [EDL:47EED9D1] super 91.62%
2026-03-27T17:46:00.027341 [EDL:47EED9D1] super 91.75%
2026-03-27T17:46:00.136434 [EDL:47EED9D1] super 91.88%
2026-03-27T17:46:00.241997 [EDL:47EED9D1] super 92.02%
2026-03-27T17:46:00.347311 [EDL:47EED9D1] super 92.15%
2026-03-27T17:46:00.452893 [EDL:47EED9D1] super 92.29%
2026-03-27T17:46:00.577143 [EDL:47EED9D1] super 92.42%
2026-03-27T17:46:00.665231 [EDL:47EED9D1] super 92.55%
2026-03-27T17:46:00.770780 [EDL:47EED9D1] super 92.69%
2026-03-27T17:46:00.875986 [EDL:47EED9D1] super 92.82%
2026-03-27T17:46:00.981274 [EDL:47EED9D1] super 92.96%
2026-03-27T17:46:01.087027 [EDL:47EED9D1] super 93.09%
2026-03-27T17:46:01.192259 [EDL:47EED9D1] super 93.22%
2026-03-27T17:46:01.297272 [EDL:47EED9D1] super 93.36%
2026-03-27T17:46:01.402444 [EDL:47EED9D1] super 93.49%
2026-03-27T17:46:01.507656 [EDL:47EED9D1] super 93.63%
2026-03-27T17:46:01.613231 [EDL:47EED9D1] super 93.76%
2026-03-27T17:46:01.717940 [EDL:47EED9D1] super 93.89%
2026-03-27T17:46:01.823518 [EDL:47EED9D1] super 94.03%
2026-03-27T17:46:01.928397 [EDL:47EED9D1] super 94.16%
2026-03-27T17:46:02.034071 [EDL:47EED9D1] super 94.30%
2026-03-27T17:46:02.139656 [EDL:47EED9D1] super 94.43%
2026-03-27T17:46:02.244575 [EDL:47EED9D1] super 94.57%
2026-03-27T17:46:02.349579 [EDL:47EED9D1] super 94.70%
2026-03-27T17:46:02.455327 [EDL:47EED9D1] super 94.83%
2026-03-27T17:46:02.576510 [EDL:47EED9D1] super 94.97%
2026-03-27T17:46:02.671307 [EDL:47EED9D1] super 95.10%
2026-03-27T17:46:02.777738 [EDL:47EED9D1] super 95.24%
2026-03-27T17:46:02.883327 [EDL:47EED9D1] super 95.37%
2026-03-27T17:46:02.994016 [EDL:47EED9D1] super 95.50%
2026-03-27T17:46:03.100252 [EDL:47EED9D1] super 95.64%
2026-03-27T17:46:03.205363 [EDL:47EED9D1] super 95.77%
2026-03-27T17:46:03.310608 [EDL:47EED9D1] super 95.91%
2026-03-27T17:46:03.415961 [EDL:47EED9D1] super 96.04%
2026-03-27T17:46:03.521420 [EDL:47EED9D1] super 96.17%
2026-03-27T17:46:03.626661 [EDL:47EED9D1] super 96.31%
2026-03-27T17:46:03.738129 [EDL:47EED9D1] super 96.44%
2026-03-27T17:46:03.843298 [EDL:47EED9D1] super 96.58%
2026-03-27T17:46:03.948318 [EDL:47EED9D1] super 96.71%
2026-03-27T17:46:04.052981 [EDL:47EED9D1] super 96.84%
2026-03-27T17:46:04.158446 [EDL:47EED9D1] super 96.98%
2026-03-27T17:46:04.264019 [EDL:47EED9D1] super 97.11%
2026-03-27T17:46:04.369529 [EDL:47EED9D1] super 97.25%
2026-03-27T17:46:04.475007 [EDL:47EED9D1] super 97.38%
2026-03-27T17:46:04.593412 [EDL:47EED9D1] super 97.52%
2026-03-27T17:46:04.688874 [EDL:47EED9D1] super 97.65%
2026-03-27T17:46:04.794529 [EDL:47EED9D1] super 97.78%
2026-03-27T17:46:04.899622 [EDL:47EED9D1] super 97.92%
2026-03-27T17:46:05.004580 [EDL:47EED9D1] super 98.05%
2026-03-27T17:46:05.109622 [EDL:47EED9D1] super 98.19%
2026-03-27T17:46:05.214513 [EDL:47EED9D1] super 98.32%
2026-03-27T17:46:05.319980 [EDL:47EED9D1] super 98.45%
2026-03-27T17:46:05.425358 [EDL:47EED9D1] super 98.59%
2026-03-27T17:46:05.530729 [EDL:47EED9D1] super 98.72%
2026-03-27T17:46:05.636385 [EDL:47EED9D1] super 98.86%
2026-03-27T17:46:05.741484 [EDL:47EED9D1] super 98.99%
2026-03-27T17:46:05.846735 [EDL:47EED9D1] super 99.12%
2026-03-27T17:46:05.952076 [EDL:47EED9D1] super 99.26%
2026-03-27T17:46:06.056863 [EDL:47EED9D1] super 99.39%
2026-03-27T17:46:06.161925 [EDL:47EED9D1] super 99.53%
2026-03-27T17:46:06.267342 [EDL:47EED9D1] super 99.66%
2026-03-27T17:46:06.373264 [EDL:47EED9D1] super 99.79%
2026-03-27T17:46:06.540648 [EDL:47EED9D1] super 99.93%
2026-03-27T17:46:06.586334 [EDL:47EED9D1] flashed "super" successfully at 38667kB/s
2026-03-27T17:46:06.674613 [EDL:47EED9D1] super 0.10%
2026-03-27T17:46:06.780356 [EDL:47EED9D1] super 0.52%
2026-03-27T17:46:06.885322 [EDL:47EED9D1] super 0.93%
2026-03-27T17:46:06.990116 [EDL:47EED9D1] super 1.35%
2026-03-27T17:46:07.095443 [EDL:47EED9D1] super 1.77%
2026-03-27T17:46:07.201021 [EDL:47EED9D1] super 2.18%
2026-03-27T17:46:07.306727 [EDL:47EED9D1] super 2.60%
2026-03-27T17:46:07.412316 [EDL:47EED9D1] super 3.01%
2026-03-27T17:46:07.517627 [EDL:47EED9D1] super 3.43%
2026-03-27T17:46:07.623323 [EDL:47EED9D1] super 3.84%
2026-03-27T17:46:07.728392 [EDL:47EED9D1] super 4.26%
2026-03-27T17:46:07.834536 [EDL:47EED9D1] super 4.67%
2026-03-27T17:46:07.939452 [EDL:47EED9D1] super 5.09%
2026-03-27T17:46:08.045200 [EDL:47EED9D1] super 5.50%
2026-03-27T17:46:08.151934 [EDL:47EED9D1] super 5.92%
2026-03-27T17:46:08.256900 [EDL:47EED9D1] super 6.34%
2026-03-27T17:46:08.362066 [EDL:47EED9D1] super 6.75%
2026-03-27T17:46:08.467343 [EDL:47EED9D1] super 7.17%
2026-03-27T17:46:08.587285 [EDL:47EED9D1] super 7.58%
2026-03-27T17:46:08.680572 [EDL:47EED9D1] super 8.00%
2026-03-27T17:46:08.786129 [EDL:47EED9D1] super 8.41%
2026-03-27T17:46:08.891570 [EDL:47EED9D1] super 8.83%
2026-03-27T17:46:08.997503 [EDL:47EED9D1] super 9.24%
2026-03-27T17:46:09.102734 [EDL:47EED9D1] super 9.66%
2026-03-27T17:46:09.207953 [EDL:47EED9D1] super 10.07%
2026-03-27T17:46:09.313973 [EDL:47EED9D1] super 10.49%
2026-03-27T17:46:09.418920 [EDL:47EED9D1] super 10.90%
2026-03-27T17:46:09.524168 [EDL:47EED9D1] super 11.32%
2026-03-27T17:46:09.629526 [EDL:47EED9D1] super 11.74%
2026-03-27T17:46:09.734859 [EDL:47EED9D1] super 12.15%
2026-03-27T17:46:09.840101 [EDL:47EED9D1] super 12.57%
2026-03-27T17:46:09.945300 [EDL:47EED9D1] super 12.98%
2026-03-27T17:46:10.051634 [EDL:47EED9D1] super 13.40%
2026-03-27T17:46:10.161465 [EDL:47EED9D1] super 13.81%
2026-03-27T17:46:10.269438 [EDL:47EED9D1] super 14.23%
2026-03-27T17:46:10.375406 [EDL:47EED9D1] super 14.64%
2026-03-27T17:46:10.481575 [EDL:47EED9D1] super 15.06%
2026-03-27T17:46:10.588464 [EDL:47EED9D1] super 15.47%
2026-03-27T17:46:10.695260 [EDL:47EED9D1] super 15.89%
2026-03-27T17:46:10.801627 [EDL:47EED9D1] super 16.30%
2026-03-27T17:46:10.908268 [EDL:47EED9D1] super 16.72%
2026-03-27T17:46:11.015320 [EDL:47EED9D1] super 17.14%
2026-03-27T17:46:11.121559 [EDL:47EED9D1] super 17.55%
2026-03-27T17:46:11.227661 [EDL:47EED9D1] super 17.97%
2026-03-27T17:46:11.334764 [EDL:47EED9D1] super 18.38%
2026-03-27T17:46:11.440801 [EDL:47EED9D1] super 18.80%
2026-03-27T17:46:11.546855 [EDL:47EED9D1] super 19.21%
2026-03-27T17:46:11.652404 [EDL:47EED9D1] super 19.63%
2026-03-27T17:46:11.757725 [EDL:47EED9D1] super 20.04%
2026-03-27T17:46:11.863049 [EDL:47EED9D1] super 20.46%
2026-03-27T17:46:11.968316 [EDL:47EED9D1] super 20.87%
2026-03-27T17:46:12.073749 [EDL:47EED9D1] super 21.29%
2026-03-27T17:46:12.179900 [EDL:47EED9D1] super 21.71%
2026-03-27T17:46:12.284076 [EDL:47EED9D1] super 22.12%
2026-03-27T17:46:12.388345 [EDL:47EED9D1] super 22.54%
2026-03-27T17:46:12.493512 [EDL:47EED9D1] super 22.95%
2026-03-27T17:46:12.601185 [EDL:47EED9D1] super 23.37%
2026-03-27T17:46:12.708603 [EDL:47EED9D1] super 23.78%
2026-03-27T17:46:12.814525 [EDL:47EED9D1] super 24.20%
2026-03-27T17:46:12.921230 [EDL:47EED9D1] super 24.61%
2026-03-27T17:46:13.027010 [EDL:47EED9D1] super 25.03%
2026-03-27T17:46:13.131835 [EDL:47EED9D1] super 25.44%
2026-03-27T17:46:13.237553 [EDL:47EED9D1] super 25.86%
2026-03-27T17:46:13.342765 [EDL:47EED9D1] super 26.27%
2026-03-27T17:46:13.448012 [EDL:47EED9D1] super 26.69%
2026-03-27T17:46:13.553714 [EDL:47EED9D1] super 27.11%
2026-03-27T17:46:13.659090 [EDL:47EED9D1] super 27.52%
2026-03-27T17:46:13.764507 [EDL:47EED9D1] super 27.94%
2026-03-27T17:46:13.870155 [EDL:47EED9D1] super 28.35%
2026-03-27T17:46:13.975683 [EDL:47EED9D1] super 28.77%
2026-03-27T17:46:14.080815 [EDL:47EED9D1] super 29.18%
2026-03-27T17:46:14.187350 [EDL:47EED9D1] super 29.60%
2026-03-27T17:46:14.292465 [EDL:47EED9D1] super 30.01%
2026-03-27T17:46:14.397755 [EDL:47EED9D1] super 30.43%
2026-03-27T17:46:14.502191 [EDL:47EED9D1] super 30.84%
2026-03-27T17:46:14.608686 [EDL:47EED9D1] super 31.26%
2026-03-27T17:46:14.714653 [EDL:47EED9D1] super 31.68%
2026-03-27T17:46:14.820361 [EDL:47EED9D1] super 32.09%
2026-03-27T17:46:14.925518 [EDL:47EED9D1] super 32.51%
2026-03-27T17:46:15.030842 [EDL:47EED9D1] super 32.92%
2026-03-27T17:46:15.136631 [EDL:47EED9D1] super 33.34%
2026-03-27T17:46:15.242055 [EDL:47EED9D1] super 33.75%
2026-03-27T17:46:15.347497 [EDL:47EED9D1] super 34.17%
2026-03-27T17:46:15.452805 [EDL:47EED9D1] super 34.58%
2026-03-27T17:46:15.558324 [EDL:47EED9D1] super 35.00%
2026-03-27T17:46:15.663983 [EDL:47EED9D1] super 35.41%
2026-03-27T17:46:15.769657 [EDL:47EED9D1] super 35.83%
2026-03-27T17:46:15.874925 [EDL:47EED9D1] super 36.24%
2026-03-27T17:46:15.980184 [EDL:47EED9D1] super 36.66%
2026-03-27T17:46:16.087963 [EDL:47EED9D1] super 37.08%
2026-03-27T17:46:16.194329 [EDL:47EED9D1] super 37.49%
2026-03-27T17:46:16.300544 [EDL:47EED9D1] super 37.91%
2026-03-27T17:46:16.406515 [EDL:47EED9D1] super 38.32%
2026-03-27T17:46:16.513309 [EDL:47EED9D1] super 38.74%
2026-03-27T17:46:16.619686 [EDL:47EED9D1] super 39.15%
2026-03-27T17:46:16.726168 [EDL:47EED9D1] super 39.57%
2026-03-27T17:46:16.832654 [EDL:47EED9D1] super 39.98%
2026-03-27T17:46:16.938968 [EDL:47EED9D1] super 40.40%
2026-03-27T17:46:17.045754 [EDL:47EED9D1] super 40.81%
2026-03-27T17:46:17.152374 [EDL:47EED9D1] super 41.23%
2026-03-27T17:46:17.258182 [EDL:47EED9D1] super 41.65%
2026-03-27T17:46:17.364521 [EDL:47EED9D1] super 42.06%
2026-03-27T17:46:17.471106 [EDL:47EED9D1] super 42.48%
2026-03-27T17:46:17.577635 [EDL:47EED9D1] super 42.89%
2026-03-27T17:46:17.684042 [EDL:47EED9D1] super 43.31%
2026-03-27T17:46:17.790359 [EDL:47EED9D1] super 43.72%
2026-03-27T17:46:17.896253 [EDL:47EED9D1] super 44.14%
2026-03-27T17:46:18.002319 [EDL:47EED9D1] super 44.55%
2026-03-27T17:46:18.108761 [EDL:47EED9D1] super 44.97%
2026-03-27T17:46:18.215353 [EDL:47EED9D1] super 45.38%
2026-03-27T17:46:18.321727 [EDL:47EED9D1] super 45.80%
2026-03-27T17:46:18.427811 [EDL:47EED9D1] super 46.21%
2026-03-27T17:46:18.533849 [EDL:47EED9D1] super 46.63%
2026-03-27T17:46:18.640960 [EDL:47EED9D1] super 47.05%
2026-03-27T17:46:18.746698 [EDL:47EED9D1] super 47.46%
2026-03-27T17:46:18.852282 [EDL:47EED9D1] super 47.88%
2026-03-27T17:46:18.957095 [EDL:47EED9D1] super 48.29%
2026-03-27T17:46:19.062145 [EDL:47EED9D1] super 48.71%
2026-03-27T17:46:19.167592 [EDL:47EED9D1] super 49.12%
2026-03-27T17:46:19.272732 [EDL:47EED9D1] super 49.54%
2026-03-27T17:46:19.378430 [EDL:47EED9D1] super 49.95%
2026-03-27T17:46:19.483771 [EDL:47EED9D1] super 50.37%
2026-03-27T17:46:19.588305 [EDL:47EED9D1] super 50.78%
2026-03-27T17:46:19.693380 [EDL:47EED9D1] super 51.20%
2026-03-27T17:46:19.799208 [EDL:47EED9D1] super 51.61%
2026-03-27T17:46:19.904428 [EDL:47EED9D1] super 52.03%
2026-03-27T17:46:20.009770 [EDL:47EED9D1] super 52.45%
2026-03-27T17:46:20.115686 [EDL:47EED9D1] super 52.86%
2026-03-27T17:46:20.221055 [EDL:47EED9D1] super 53.28%
2026-03-27T17:46:20.326552 [EDL:47EED9D1] super 53.69%
2026-03-27T17:46:20.432232 [EDL:47EED9D1] super 54.11%
2026-03-27T17:46:20.537511 [EDL:47EED9D1] super 54.52%
2026-03-27T17:46:20.643958 [EDL:47EED9D1] super 54.94%
2026-03-27T17:46:20.749245 [EDL:47EED9D1] super 55.35%
2026-03-27T17:46:20.854094 [EDL:47EED9D1] super 55.77%
2026-03-27T17:46:20.959274 [EDL:47EED9D1] super 56.18%
2026-03-27T17:46:21.064354 [EDL:47EED9D1] super 56.60%
2026-03-27T17:46:21.169801 [EDL:47EED9D1] super 57.02%
2026-03-27T17:46:21.274913 [EDL:47EED9D1] super 57.43%
2026-03-27T17:46:21.380524 [EDL:47EED9D1] super 57.85%
2026-03-27T17:46:21.486602 [EDL:47EED9D1] super 58.26%
2026-03-27T17:46:21.591796 [EDL:47EED9D1] super 58.68%
2026-03-27T17:46:21.696623 [EDL:47EED9D1] super 59.09%
2026-03-27T17:46:21.802270 [EDL:47EED9D1] super 59.51%
2026-03-27T17:46:21.907232 [EDL:47EED9D1] super 59.92%
2026-03-27T17:46:22.012837 [EDL:47EED9D1] super 60.34%
2026-03-27T17:46:22.119454 [EDL:47EED9D1] super 60.75%
2026-03-27T17:46:22.225006 [EDL:47EED9D1] super 61.17%
2026-03-27T17:46:22.330878 [EDL:47EED9D1] super 61.58%
2026-03-27T17:46:22.436316 [EDL:47EED9D1] super 62.00%
2026-03-27T17:46:22.541755 [EDL:47EED9D1] super 62.42%
2026-03-27T17:46:22.647932 [EDL:47EED9D1] super 62.83%
2026-03-27T17:46:22.753176 [EDL:47EED9D1] super 63.25%
2026-03-27T17:46:22.858302 [EDL:47EED9D1] super 63.66%
2026-03-27T17:46:22.963274 [EDL:47EED9D1] super 64.08%
2026-03-27T17:46:23.067732 [EDL:47EED9D1] super 64.49%
2026-03-27T17:46:23.173063 [EDL:47EED9D1] super 64.91%
2026-03-27T17:46:23.278734 [EDL:47EED9D1] super 65.32%
2026-03-27T17:46:23.384338 [EDL:47EED9D1] super 65.74%
2026-03-27T17:46:23.489414 [EDL:47EED9D1] super 66.15%
2026-03-27T17:46:23.595063 [EDL:47EED9D1] super 66.57%
2026-03-27T17:46:23.700310 [EDL:47EED9D1] super 66.99%
2026-03-27T17:46:23.805534 [EDL:47EED9D1] super 67.40%
2026-03-27T17:46:23.910490 [EDL:47EED9D1] super 67.82%
2026-03-27T17:46:24.015486 [EDL:47EED9D1] super 68.23%
2026-03-27T17:46:24.122465 [EDL:47EED9D1] super 68.65%
2026-03-27T17:46:24.227585 [EDL:47EED9D1] super 69.06%
2026-03-27T17:46:24.332763 [EDL:47EED9D1] super 69.48%
2026-03-27T17:46:24.438061 [EDL:47EED9D1] super 69.89%
2026-03-27T17:46:24.544153 [EDL:47EED9D1] super 70.31%
2026-03-27T17:46:24.651612 [EDL:47EED9D1] super 70.72%
2026-03-27T17:46:24.756625 [EDL:47EED9D1] super 71.14%
2026-03-27T17:46:24.862575 [EDL:47EED9D1] super 71.55%
2026-03-27T17:46:24.967347 [EDL:47EED9D1] super 71.97%
2026-03-27T17:46:25.072483 [EDL:47EED9D1] super 72.39%
2026-03-27T17:46:25.177805 [EDL:47EED9D1] super 72.80%
2026-03-27T17:46:25.283440 [EDL:47EED9D1] super 73.22%
2026-03-27T17:46:25.388603 [EDL:47EED9D1] super 73.63%
2026-03-27T17:46:25.494085 [EDL:47EED9D1] super 74.05%
2026-03-27T17:46:25.599516 [EDL:47EED9D1] super 74.46%
2026-03-27T17:46:25.704777 [EDL:47EED9D1] super 74.88%
2026-03-27T17:46:25.809760 [EDL:47EED9D1] super 75.29%
2026-03-27T17:46:25.915389 [EDL:47EED9D1] super 75.71%
2026-03-27T17:46:26.021623 [EDL:47EED9D1] super 76.12%
2026-03-27T17:46:26.128304 [EDL:47EED9D1] super 76.54%
2026-03-27T17:46:26.232796 [EDL:47EED9D1] super 76.96%
2026-03-27T17:46:26.338201 [EDL:47EED9D1] super 77.37%
2026-03-27T17:46:26.443456 [EDL:47EED9D1] super 77.79%
2026-03-27T17:46:26.548941 [EDL:47EED9D1] super 78.20%
2026-03-27T17:46:26.656601 [EDL:47EED9D1] super 78.62%
2026-03-27T17:46:26.762064 [EDL:47EED9D1] super 79.03%
2026-03-27T17:46:26.867297 [EDL:47EED9D1] super 79.45%
2026-03-27T17:46:26.973034 [EDL:47EED9D1] super 79.86%
2026-03-27T17:46:27.078458 [EDL:47EED9D1] super 80.28%
2026-03-27T17:46:27.184055 [EDL:47EED9D1] super 80.69%
2026-03-27T17:46:27.289599 [EDL:47EED9D1] super 81.11%
2026-03-27T17:46:27.394625 [EDL:47EED9D1] super 81.52%
2026-03-27T17:46:27.499929 [EDL:47EED9D1] super 81.94%
2026-03-27T17:46:27.605185 [EDL:47EED9D1] super 82.36%
2026-03-27T17:46:27.711616 [EDL:47EED9D1] super 82.77%
2026-03-27T17:46:27.817550 [EDL:47EED9D1] super 83.19%
2026-03-27T17:46:27.923127 [EDL:47EED9D1] super 83.60%
2026-03-27T17:46:28.028986 [EDL:47EED9D1] super 84.02%
2026-03-27T17:46:28.135726 [EDL:47EED9D1] super 84.43%
2026-03-27T17:46:28.240716 [EDL:47EED9D1] super 84.85%
2026-03-27T17:46:28.346068 [EDL:47EED9D1] super 85.26%
2026-03-27T17:46:28.451759 [EDL:47EED9D1] super 85.68%
2026-03-27T17:46:28.577479 [EDL:47EED9D1] super 86.09%
2026-03-27T17:46:28.664623 [EDL:47EED9D1] super 86.51%
2026-03-27T17:46:28.769481 [EDL:47EED9D1] super 86.93%
2026-03-27T17:46:28.874777 [EDL:47EED9D1] super 87.34%
2026-03-27T17:46:28.980549 [EDL:47EED9D1] super 87.76%
2026-03-27T17:46:29.085439 [EDL:47EED9D1] super 88.17%
2026-03-27T17:46:29.191109 [EDL:47EED9D1] super 88.59%
2026-03-27T17:46:29.296815 [EDL:47EED9D1] super 89.00%
2026-03-27T17:46:29.402094 [EDL:47EED9D1] super 89.42%
2026-03-27T17:46:29.507654 [EDL:47EED9D1] super 89.83%
2026-03-27T17:46:29.612077 [EDL:47EED9D1] super 90.25%
2026-03-27T17:46:29.717560 [EDL:47EED9D1] super 90.66%
2026-03-27T17:46:29.822483 [EDL:47EED9D1] super 91.08%
2026-03-27T17:46:29.927448 [EDL:47EED9D1] super 91.49%
2026-03-27T17:46:30.032438 [EDL:47EED9D1] super 91.91%
2026-03-27T17:46:30.138295 [EDL:47EED9D1] super 92.33%
2026-03-27T17:46:30.244629 [EDL:47EED9D1] super 92.74%
2026-03-27T17:46:30.349325 [EDL:47EED9D1] super 93.16%
2026-03-27T17:46:30.454975 [EDL:47EED9D1] super 93.57%
2026-03-27T17:46:30.577776 [EDL:47EED9D1] super 93.99%
2026-03-27T17:46:30.666220 [EDL:47EED9D1] super 94.40%
2026-03-27T17:46:30.771652 [EDL:47EED9D1] super 94.82%
2026-03-27T17:46:30.876815 [EDL:47EED9D1] super 95.23%
2026-03-27T17:46:30.982224 [EDL:47EED9D1] super 95.65%
2026-03-27T17:46:31.087306 [EDL:47EED9D1] super 96.06%
2026-03-27T17:46:31.192768 [EDL:47EED9D1] super 96.48%
2026-03-27T17:46:31.298307 [EDL:47EED9D1] super 96.89%
2026-03-27T17:46:31.403306 [EDL:47EED9D1] super 97.31%
2026-03-27T17:46:31.508095 [EDL:47EED9D1] super 97.73%
2026-03-27T17:46:31.613504 [EDL:47EED9D1] super 98.14%
2026-03-27T17:46:31.718794 [EDL:47EED9D1] super 98.56%
2026-03-27T17:46:31.824046 [EDL:47EED9D1] super 98.97%
2026-03-27T17:46:31.929529 [EDL:47EED9D1] super 99.39%
2026-03-27T17:46:32.090430 [EDL:47EED9D1] super 99.80%
2026-03-27T17:46:32.102024 [EDL:47EED9D1] flashed "super" successfully at 39440kB/s
2026-03-27T17:46:32.207979 [EDL:47EED9D1] super 100.00%
2026-03-27T17:46:32.234730 [EDL:47EED9D1] flashed "super" successfully
2026-03-27T17:46:32.340171 [EDL:47EED9D1] super 0.14%
2026-03-27T17:46:32.445703 [EDL:47EED9D1] super 0.68%
2026-03-27T17:46:32.576968 [EDL:47EED9D1] super 1.23%
2026-03-27T17:46:32.656280 [EDL:47EED9D1] super 1.77%
2026-03-27T17:46:32.761744 [EDL:47EED9D1] super 2.32%
2026-03-27T17:46:32.866830 [EDL:47EED9D1] super 2.87%
2026-03-27T17:46:32.972291 [EDL:47EED9D1] super 3.41%
2026-03-27T17:46:33.077108 [EDL:47EED9D1] super 3.96%
2026-03-27T17:46:33.181732 [EDL:47EED9D1] super 4.51%
2026-03-27T17:46:33.287011 [EDL:47EED9D1] super 5.05%
2026-03-27T17:46:33.392064 [EDL:47EED9D1] super 5.60%
2026-03-27T17:46:33.497383 [EDL:47EED9D1] super 6.14%
2026-03-27T17:46:33.603615 [EDL:47EED9D1] super 6.69%
2026-03-27T17:46:33.709408 [EDL:47EED9D1] super 7.24%
2026-03-27T17:46:33.815560 [EDL:47EED9D1] super 7.78%
2026-03-27T17:46:33.921246 [EDL:47EED9D1] super 8.33%
2026-03-27T17:46:34.027466 [EDL:47EED9D1] super 8.87%
2026-03-27T17:46:34.134866 [EDL:47EED9D1] super 9.42%
2026-03-27T17:46:34.239988 [EDL:47EED9D1] super 9.97%
2026-03-27T17:46:34.345308 [EDL:47EED9D1] super 10.51%
2026-03-27T17:46:34.450741 [EDL:47EED9D1] super 11.06%
2026-03-27T17:46:34.595200 [EDL:47EED9D1] super 11.61%
2026-03-27T17:46:34.663304 [EDL:47EED9D1] super 12.15%
2026-03-27T17:46:34.768806 [EDL:47EED9D1] super 12.70%
2026-03-27T17:46:34.873802 [EDL:47EED9D1] super 13.24%
2026-03-27T17:46:34.979359 [EDL:47EED9D1] super 13.79%
2026-03-27T17:46:35.084534 [EDL:47EED9D1] super 14.34%
2026-03-27T17:46:35.189564 [EDL:47EED9D1] super 14.88%
2026-03-27T17:46:35.295154 [EDL:47EED9D1] super 15.43%
2026-03-27T17:46:35.399817 [EDL:47EED9D1] super 15.97%
2026-03-27T17:46:35.505755 [EDL:47EED9D1] super 16.52%
2026-03-27T17:46:35.611526 [EDL:47EED9D1] super 17.07%
2026-03-27T17:46:35.716613 [EDL:47EED9D1] super 17.61%
2026-03-27T17:46:35.821802 [EDL:47EED9D1] super 18.16%
2026-03-27T17:46:35.926994 [EDL:47EED9D1] super 18.71%
2026-03-27T17:46:36.031930 [EDL:47EED9D1] super 19.25%
2026-03-27T17:46:36.138504 [EDL:47EED9D1] super 19.80%
2026-03-27T17:46:36.243967 [EDL:47EED9D1] super 20.34%
2026-03-27T17:46:36.349426 [EDL:47EED9D1] super 20.89%
2026-03-27T17:46:36.454562 [EDL:47EED9D1] super 21.44%
2026-03-27T17:46:36.577062 [EDL:47EED9D1] super 21.98%
2026-03-27T17:46:36.665846 [EDL:47EED9D1] super 22.53%
2026-03-27T17:46:36.771482 [EDL:47EED9D1] super 23.07%
2026-03-27T17:46:36.877435 [EDL:47EED9D1] super 23.62%
2026-03-27T17:46:36.982974 [EDL:47EED9D1] super 24.17%
2026-03-27T17:46:37.087864 [EDL:47EED9D1] super 24.71%
2026-03-27T17:46:37.193310 [EDL:47EED9D1] super 25.26%
2026-03-27T17:46:37.298589 [EDL:47EED9D1] super 25.81%
2026-03-27T17:46:37.403883 [EDL:47EED9D1] super 26.35%
2026-03-27T17:46:37.509059 [EDL:47EED9D1] super 26.90%
2026-03-27T17:46:37.614624 [EDL:47EED9D1] super 27.44%
2026-03-27T17:46:37.719967 [EDL:47EED9D1] super 27.99%
2026-03-27T17:46:37.825908 [EDL:47EED9D1] super 28.54%
2026-03-27T17:46:37.931252 [EDL:47EED9D1] super 29.08%
2026-03-27T17:46:38.036752 [EDL:47EED9D1] super 29.63%
2026-03-27T17:46:38.141797 [EDL:47EED9D1] super 30.17%
2026-03-27T17:46:38.246974 [EDL:47EED9D1] super 30.72%
2026-03-27T17:46:38.352506 [EDL:47EED9D1] super 31.27%
2026-03-27T17:46:38.457874 [EDL:47EED9D1] super 31.81%
2026-03-27T17:46:38.577025 [EDL:47EED9D1] super 32.36%
2026-03-27T17:46:38.669564 [EDL:47EED9D1] super 32.91%
2026-03-27T17:46:38.775575 [EDL:47EED9D1] super 33.45%
2026-03-27T17:46:38.881129 [EDL:47EED9D1] super 34.00%
2026-03-27T17:46:38.986030 [EDL:47EED9D1] super 34.54%
2026-03-27T17:46:39.091259 [EDL:47EED9D1] super 35.09%
2026-03-27T17:46:39.196629 [EDL:47EED9D1] super 35.64%
2026-03-27T17:46:39.301996 [EDL:47EED9D1] super 36.18%
2026-03-27T17:46:39.407579 [EDL:47EED9D1] super 36.73%
2026-03-27T17:46:39.512947 [EDL:47EED9D1] super 37.27%
2026-03-27T17:46:39.618303 [EDL:47EED9D1] super 37.82%
2026-03-27T17:46:39.723919 [EDL:47EED9D1] super 38.37%
2026-03-27T17:46:39.829457 [EDL:47EED9D1] super 38.91%
2026-03-27T17:46:39.935085 [EDL:47EED9D1] super 39.46%
2026-03-27T17:46:40.040693 [EDL:47EED9D1] super 40.01%
2026-03-27T17:46:40.147161 [EDL:47EED9D1] super 40.55%
2026-03-27T17:46:40.252657 [EDL:47EED9D1] super 41.10%
2026-03-27T17:46:40.358088 [EDL:47EED9D1] super 41.64%
2026-03-27T17:46:40.463393 [EDL:47EED9D1] super 42.19%
2026-03-27T17:46:40.582925 [EDL:47EED9D1] super 42.74%
2026-03-27T17:46:40.676293 [EDL:47EED9D1] super 43.28%
2026-03-27T17:46:40.781611 [EDL:47EED9D1] super 43.83%
2026-03-27T17:46:40.886624 [EDL:47EED9D1] super 44.37%
2026-03-27T17:46:40.992027 [EDL:47EED9D1] super 44.92%
2026-03-27T17:46:41.097496 [EDL:47EED9D1] super 45.47%
2026-03-27T17:46:41.202660 [EDL:47EED9D1] super 46.01%
2026-03-27T17:46:41.307690 [EDL:47EED9D1] super 46.56%
2026-03-27T17:46:41.412767 [EDL:47EED9D1] super 47.11%
2026-03-27T17:46:41.517481 [EDL:47EED9D1] super 47.65%
2026-03-27T17:46:41.622765 [EDL:47EED9D1] super 48.20%
2026-03-27T17:46:41.727653 [EDL:47EED9D1] super 48.74%
2026-03-27T17:46:41.832626 [EDL:47EED9D1] super 49.29%
2026-03-27T17:46:41.938241 [EDL:47EED9D1] super 49.84%
2026-03-27T17:46:42.043311 [EDL:47EED9D1] super 50.38%
2026-03-27T17:46:42.150450 [EDL:47EED9D1] super 50.93%
2026-03-27T17:46:42.255624 [EDL:47EED9D1] super 51.47%
2026-03-27T17:46:42.360839 [EDL:47EED9D1] super 52.02%
2026-03-27T17:46:42.466180 [EDL:47EED9D1] super 52.57%
2026-03-27T17:46:42.586300 [EDL:47EED9D1] super 53.11%
2026-03-27T17:46:42.677829 [EDL:47EED9D1] super 53.66%
2026-03-27T17:46:42.783422 [EDL:47EED9D1] super 54.21%
2026-03-27T17:46:42.888593 [EDL:47EED9D1] super 54.75%
2026-03-27T17:46:42.994160 [EDL:47EED9D1] super 55.30%
2026-03-27T17:46:43.099127 [EDL:47EED9D1] super 55.84%
2026-03-27T17:46:43.204486 [EDL:47EED9D1] super 56.39%
2026-03-27T17:46:43.310699 [EDL:47EED9D1] super 56.94%
2026-03-27T17:46:43.416719 [EDL:47EED9D1] super 57.48%
2026-03-27T17:46:43.523070 [EDL:47EED9D1] super 58.03%
2026-03-27T17:46:43.629961 [EDL:47EED9D1] super 58.57%
2026-03-27T17:46:43.736316 [EDL:47EED9D1] super 59.12%
2026-03-27T17:46:43.841944 [EDL:47EED9D1] super 59.67%
2026-03-27T17:46:43.947785 [EDL:47EED9D1] super 60.21%
2026-03-27T17:46:44.054832 [EDL:47EED9D1] super 60.76%
2026-03-27T17:46:44.161226 [EDL:47EED9D1] super 61.31%
2026-03-27T17:46:44.267078 [EDL:47EED9D1] super 61.85%
2026-03-27T17:46:44.373199 [EDL:47EED9D1] super 62.40%
2026-03-27T17:46:44.479879 [EDL:47EED9D1] super 62.94%
2026-03-27T17:46:44.587208 [EDL:47EED9D1] super 63.49%
2026-03-27T17:46:44.694213 [EDL:47EED9D1] super 64.04%
2026-03-27T17:46:44.799810 [EDL:47EED9D1] super 64.58%
2026-03-27T17:46:44.905757 [EDL:47EED9D1] super 65.13%
2026-03-27T17:46:45.011997 [EDL:47EED9D1] super 65.67%
2026-03-27T17:46:45.118503 [EDL:47EED9D1] super 66.22%
2026-03-27T17:46:45.224369 [EDL:47EED9D1] super 66.77%
2026-03-27T17:46:45.330529 [EDL:47EED9D1] super 67.31%
2026-03-27T17:46:45.436151 [EDL:47EED9D1] super 67.86%
2026-03-27T17:46:45.542214 [EDL:47EED9D1] super 68.41%
2026-03-27T17:46:45.648294 [EDL:47EED9D1] super 68.95%
2026-03-27T17:46:45.753833 [EDL:47EED9D1] super 69.50%
2026-03-27T17:46:45.858759 [EDL:47EED9D1] super 70.04%
2026-03-27T17:46:45.963980 [EDL:47EED9D1] super 70.59%
2026-03-27T17:46:46.068886 [EDL:47EED9D1] super 71.14%
2026-03-27T17:46:46.176286 [EDL:47EED9D1] super 71.68%
2026-03-27T17:46:46.282769 [EDL:47EED9D1] super 72.23%
2026-03-27T17:46:46.387847 [EDL:47EED9D1] super 72.77%
2026-03-27T17:46:46.493283 [EDL:47EED9D1] super 73.32%
2026-03-27T17:46:46.599582 [EDL:47EED9D1] super 73.87%
2026-03-27T17:46:46.705219 [EDL:47EED9D1] super 74.41%
2026-03-27T17:46:46.809185 [EDL:47EED9D1] super 74.96%
2026-03-27T17:46:46.914161 [EDL:47EED9D1] super 75.50%
2026-03-27T17:46:47.019250 [EDL:47EED9D1] super 76.05%
2026-03-27T17:46:47.123928 [EDL:47EED9D1] super 76.60%
2026-03-27T17:46:47.228958 [EDL:47EED9D1] super 77.14%
2026-03-27T17:46:47.333732 [EDL:47EED9D1] super 77.69%
2026-03-27T17:46:47.439409 [EDL:47EED9D1] super 78.24%
2026-03-27T17:46:47.544232 [EDL:47EED9D1] super 78.78%
2026-03-27T17:46:47.648981 [EDL:47EED9D1] super 79.33%
2026-03-27T17:46:47.754585 [EDL:47EED9D1] super 79.87%
2026-03-27T17:46:47.860122 [EDL:47EED9D1] super 80.42%
2026-03-27T17:46:47.965201 [EDL:47EED9D1] super 80.97%
2026-03-27T17:46:48.070194 [EDL:47EED9D1] super 81.51%
2026-03-27T17:46:48.175774 [EDL:47EED9D1] super 82.06%
2026-03-27T17:46:48.280541 [EDL:47EED9D1] super 82.60%
2026-03-27T17:46:48.385636 [EDL:47EED9D1] super 83.15%
2026-03-27T17:46:48.490688 [EDL:47EED9D1] super 83.70%
2026-03-27T17:46:48.597732 [EDL:47EED9D1] super 84.24%
2026-03-27T17:46:48.703388 [EDL:47EED9D1] super 84.79%
2026-03-27T17:46:48.808614 [EDL:47EED9D1] super 85.34%
2026-03-27T17:46:48.913952 [EDL:47EED9D1] super 85.88%
2026-03-27T17:46:49.018896 [EDL:47EED9D1] super 86.43%
2026-03-27T17:46:49.124814 [EDL:47EED9D1] super 86.97%
2026-03-27T17:46:49.230641 [EDL:47EED9D1] super 87.52%
2026-03-27T17:46:49.339570 [EDL:47EED9D1] super 88.07%
2026-03-27T17:46:49.445208 [EDL:47EED9D1] super 88.61%
2026-03-27T17:46:49.551089 [EDL:47EED9D1] super 89.16%
2026-03-27T17:46:49.657631 [EDL:47EED9D1] super 89.70%
2026-03-27T17:46:49.764931 [EDL:47EED9D1] super 90.25%
2026-03-27T17:46:49.871957 [EDL:47EED9D1] super 90.80%
2026-03-27T17:46:49.977908 [EDL:47EED9D1] super 91.34%
2026-03-27T17:46:50.084713 [EDL:47EED9D1] super 91.89%
2026-03-27T17:46:50.190226 [EDL:47EED9D1] super 92.44%
2026-03-27T17:46:50.296125 [EDL:47EED9D1] super 92.98%
2026-03-27T17:46:50.402247 [EDL:47EED9D1] super 93.53%
2026-03-27T17:46:50.507962 [EDL:47EED9D1] super 94.07%
2026-03-27T17:46:50.613743 [EDL:47EED9D1] super 94.62%
2026-03-27T17:46:50.719633 [EDL:47EED9D1] super 95.17%
2026-03-27T17:46:50.827748 [EDL:47EED9D1] super 95.71%
2026-03-27T17:46:50.933727 [EDL:47EED9D1] super 96.26%
2026-03-27T17:46:51.040169 [EDL:47EED9D1] super 96.80%
2026-03-27T17:46:51.146352 [EDL:47EED9D1] super 97.35%
2026-03-27T17:46:51.251967 [EDL:47EED9D1] super 97.90%
2026-03-27T17:46:51.358498 [EDL:47EED9D1] super 98.44%
2026-03-27T17:46:51.464949 [EDL:47EED9D1] super 98.99%
2026-03-27T17:46:51.663585 [EDL:47EED9D1] super 99.54%
2026-03-27T17:46:51.691341 [EDL:47EED9D1] flashed "super" successfully at 39472kB/s
2026-03-27T17:46:51.797237 [EDL:47EED9D1] super 0.17%
2026-03-27T17:46:51.903470 [EDL:47EED9D1] super 0.83%
2026-03-27T17:46:52.008639 [EDL:47EED9D1] super 1.49%
2026-03-27T17:46:52.113750 [EDL:47EED9D1] super 2.16%
2026-03-27T17:46:52.219155 [EDL:47EED9D1] super 2.82%
2026-03-27T17:46:52.324478 [EDL:47EED9D1] super 3.48%
2026-03-27T17:46:52.429622 [EDL:47EED9D1] super 4.15%
2026-03-27T17:46:52.535098 [EDL:47EED9D1] super 4.81%
2026-03-27T17:46:52.641407 [EDL:47EED9D1] super 5.47%
2026-03-27T17:46:52.745893 [EDL:47EED9D1] super 6.14%
2026-03-27T17:46:52.851028 [EDL:47EED9D1] super 6.80%
2026-03-27T17:46:52.956301 [EDL:47EED9D1] super 7.46%
2026-03-27T17:46:53.061769 [EDL:47EED9D1] super 8.13%
2026-03-27T17:46:53.167763 [EDL:47EED9D1] super 8.79%
2026-03-27T17:46:53.273151 [EDL:47EED9D1] super 9.45%
2026-03-27T17:46:53.378648 [EDL:47EED9D1] super 10.12%
2026-03-27T17:46:53.484314 [EDL:47EED9D1] super 10.78%
2026-03-27T17:46:53.589312 [EDL:47EED9D1] super 11.44%
2026-03-27T17:46:53.694547 [EDL:47EED9D1] super 12.11%
2026-03-27T17:46:53.799903 [EDL:47EED9D1] super 12.77%
2026-03-27T17:46:53.905702 [EDL:47EED9D1] super 13.44%
2026-03-27T17:46:54.010834 [EDL:47EED9D1] super 14.10%
2026-03-27T17:46:54.116831 [EDL:47EED9D1] super 14.76%
2026-03-27T17:46:54.222280 [EDL:47EED9D1] super 15.43%
2026-03-27T17:46:54.327643 [EDL:47EED9D1] super 16.09%
2026-03-27T17:46:54.432844 [EDL:47EED9D1] super 16.75%
2026-03-27T17:46:54.538204 [EDL:47EED9D1] super 17.42%
2026-03-27T17:46:54.645498 [EDL:47EED9D1] super 18.08%
2026-03-27T17:46:54.751754 [EDL:47EED9D1] super 18.74%
2026-03-27T17:46:54.858368 [EDL:47EED9D1] super 19.41%
2026-03-27T17:46:54.964981 [EDL:47EED9D1] super 20.07%
2026-03-27T17:46:55.071994 [EDL:47EED9D1] super 20.73%
2026-03-27T17:46:55.178276 [EDL:47EED9D1] super 21.40%
2026-03-27T17:46:55.284300 [EDL:47EED9D1] super 22.06%
2026-03-27T17:46:55.390369 [EDL:47EED9D1] super 22.72%
2026-03-27T17:46:55.496660 [EDL:47EED9D1] super 23.39%
2026-03-27T17:46:55.602722 [EDL:47EED9D1] super 24.05%
2026-03-27T17:46:55.709404 [EDL:47EED9D1] super 24.71%
2026-03-27T17:46:55.815805 [EDL:47EED9D1] super 25.38%
2026-03-27T17:46:55.922297 [EDL:47EED9D1] super 26.04%
2026-03-27T17:46:56.028073 [EDL:47EED9D1] super 26.70%
2026-03-27T17:46:56.135289 [EDL:47EED9D1] super 27.37%
2026-03-27T17:46:56.241721 [EDL:47EED9D1] super 28.03%
2026-03-27T17:46:56.347809 [EDL:47EED9D1] super 28.69%
2026-03-27T17:46:56.454233 [EDL:47EED9D1] super 29.36%
2026-03-27T17:46:56.585806 [EDL:47EED9D1] super 30.02%
2026-03-27T17:46:56.667925 [EDL:47EED9D1] super 30.68%
2026-03-27T17:46:56.773039 [EDL:47EED9D1] super 31.35%
2026-03-27T17:46:56.878635 [EDL:47EED9D1] super 32.01%
2026-03-27T17:46:56.983529 [EDL:47EED9D1] super 32.68%
2026-03-27T17:46:57.089113 [EDL:47EED9D1] super 33.34%
2026-03-27T17:46:57.195563 [EDL:47EED9D1] super 34.00%
2026-03-27T17:46:57.300777 [EDL:47EED9D1] super 34.67%
2026-03-27T17:46:57.406236 [EDL:47EED9D1] super 35.33%
2026-03-27T17:46:57.511467 [EDL:47EED9D1] super 35.99%
2026-03-27T17:46:57.617314 [EDL:47EED9D1] super 36.66%
2026-03-27T17:46:57.722380 [EDL:47EED9D1] super 37.32%
2026-03-27T17:46:57.827564 [EDL:47EED9D1] super 37.98%
2026-03-27T17:46:57.933203 [EDL:47EED9D1] super 38.65%
2026-03-27T17:46:58.038499 [EDL:47EED9D1] super 39.31%
2026-03-27T17:46:58.144967 [EDL:47EED9D1] super 39.97%
2026-03-27T17:46:58.253357 [EDL:47EED9D1] super 40.64%
2026-03-27T17:46:58.359433 [EDL:47EED9D1] super 41.30%
2026-03-27T17:46:58.465832 [EDL:47EED9D1] super 41.96%
2026-03-27T17:46:58.584546 [EDL:47EED9D1] super 42.63%
2026-03-27T17:46:58.680332 [EDL:47EED9D1] super 43.29%
2026-03-27T17:46:58.786573 [EDL:47EED9D1] super 43.95%
2026-03-27T17:46:58.892641 [EDL:47EED9D1] super 44.62%
2026-03-27T17:46:58.998898 [EDL:47EED9D1] super 45.28%
2026-03-27T17:46:59.105153 [EDL:47EED9D1] super 45.94%
2026-03-27T17:46:59.210072 [EDL:47EED9D1] super 46.61%
2026-03-27T17:46:59.315219 [EDL:47EED9D1] super 47.27%
2026-03-27T17:46:59.420383 [EDL:47EED9D1] super 47.93%
2026-03-27T17:46:59.525042 [EDL:47EED9D1] super 48.60%
2026-03-27T17:46:59.629648 [EDL:47EED9D1] super 49.26%
2026-03-27T17:46:59.734968 [EDL:47EED9D1] super 49.93%
2026-03-27T17:46:59.840521 [EDL:47EED9D1] super 50.59%
2026-03-27T17:46:59.945802 [EDL:47EED9D1] super 51.25%
2026-03-27T17:47:00.050827 [EDL:47EED9D1] super 51.92%
2026-03-27T17:47:00.158413 [EDL:47EED9D1] super 52.58%
2026-03-27T17:47:00.263872 [EDL:47EED9D1] super 53.24%
2026-03-27T17:47:00.369530 [EDL:47EED9D1] super 53.91%
2026-03-27T17:47:00.475168 [EDL:47EED9D1] super 54.57%
2026-03-27T17:47:00.581547 [EDL:47EED9D1] super 55.23%
2026-03-27T17:47:00.687458 [EDL:47EED9D1] super 55.90%
2026-03-27T17:47:00.792548 [EDL:47EED9D1] super 56.56%
2026-03-27T17:47:00.897935 [EDL:47EED9D1] super 57.22%
2026-03-27T17:47:01.002896 [EDL:47EED9D1] super 57.89%
2026-03-27T17:47:01.109098 [EDL:47EED9D1] super 58.55%
2026-03-27T17:47:01.214392 [EDL:47EED9D1] super 59.21%
2026-03-27T17:47:01.319938 [EDL:47EED9D1] super 59.88%
2026-03-27T17:47:01.425382 [EDL:47EED9D1] super 60.54%
2026-03-27T17:47:01.530642 [EDL:47EED9D1] super 61.20%
2026-03-27T17:47:01.635637 [EDL:47EED9D1] super 61.87%
2026-03-27T17:47:01.741243 [EDL:47EED9D1] super 62.53%
2026-03-27T17:47:01.846739 [EDL:47EED9D1] super 63.19%
2026-03-27T17:47:01.951942 [EDL:47EED9D1] super 63.86%
2026-03-27T17:47:02.057338 [EDL:47EED9D1] super 64.52%
2026-03-27T17:47:02.163292 [EDL:47EED9D1] super 65.18%
2026-03-27T17:47:02.268271 [EDL:47EED9D1] super 65.85%
2026-03-27T17:47:02.375048 [EDL:47EED9D1] super 66.51%
2026-03-27T17:47:02.481073 [EDL:47EED9D1] super 67.18%
2026-03-27T17:47:02.586835 [EDL:47EED9D1] super 67.84%
2026-03-27T17:47:02.693793 [EDL:47EED9D1] super 68.50%
2026-03-27T17:47:02.799964 [EDL:47EED9D1] super 69.17%
2026-03-27T17:47:02.904964 [EDL:47EED9D1] super 69.83%
2026-03-27T17:47:03.010387 [EDL:47EED9D1] super 70.49%
2026-03-27T17:47:03.115979 [EDL:47EED9D1] super 71.16%
2026-03-27T17:47:03.221605 [EDL:47EED9D1] super 71.82%
2026-03-27T17:47:03.326939 [EDL:47EED9D1] super 72.48%
2026-03-27T17:47:03.432788 [EDL:47EED9D1] super 73.15%
2026-03-27T17:47:03.540966 [EDL:47EED9D1] super 73.81%
2026-03-27T17:47:03.647589 [EDL:47EED9D1] super 74.47%
2026-03-27T17:47:03.754030 [EDL:47EED9D1] super 75.14%
2026-03-27T17:47:03.860841 [EDL:47EED9D1] super 75.80%
2026-03-27T17:47:03.967521 [EDL:47EED9D1] super 76.46%
2026-03-27T17:47:04.072400 [EDL:47EED9D1] super 77.13%
2026-03-27T17:47:04.179070 [EDL:47EED9D1] super 77.79%
2026-03-27T17:47:04.284715 [EDL:47EED9D1] super 78.45%
2026-03-27T17:47:04.390083 [EDL:47EED9D1] super 79.12%
2026-03-27T17:47:04.495101 [EDL:47EED9D1] super 79.78%
2026-03-27T17:47:04.602276 [EDL:47EED9D1] super 80.44%
2026-03-27T17:47:04.707846 [EDL:47EED9D1] super 81.11%
2026-03-27T17:47:04.813152 [EDL:47EED9D1] super 81.77%
2026-03-27T17:47:04.918279 [EDL:47EED9D1] super 82.43%
2026-03-27T17:47:05.023717 [EDL:47EED9D1] super 83.10%
2026-03-27T17:47:05.129095 [EDL:47EED9D1] super 83.76%
2026-03-27T17:47:05.234166 [EDL:47EED9D1] super 84.42%
2026-03-27T17:47:05.339592 [EDL:47EED9D1] super 85.09%
2026-03-27T17:47:05.445641 [EDL:47EED9D1] super 85.75%
2026-03-27T17:47:05.550607 [EDL:47EED9D1] super 86.42%
2026-03-27T17:47:05.655468 [EDL:47EED9D1] super 87.08%
2026-03-27T17:47:05.760909 [EDL:47EED9D1] super 87.74%
2026-03-27T17:47:05.866478 [EDL:47EED9D1] super 88.41%
2026-03-27T17:47:05.971845 [EDL:47EED9D1] super 89.07%
2026-03-27T17:47:06.077168 [EDL:47EED9D1] super 89.73%
2026-03-27T17:47:06.183202 [EDL:47EED9D1] super 90.40%
2026-03-27T17:47:06.288595 [EDL:47EED9D1] super 91.06%
2026-03-27T17:47:06.395086 [EDL:47EED9D1] super 91.72%
2026-03-27T17:47:06.501344 [EDL:47EED9D1] super 92.39%
2026-03-27T17:47:06.607489 [EDL:47EED9D1] super 93.05%
2026-03-27T17:47:06.712720 [EDL:47EED9D1] super 93.71%
2026-03-27T17:47:06.817720 [EDL:47EED9D1] super 94.38%
2026-03-27T17:47:06.922878 [EDL:47EED9D1] super 95.04%
2026-03-27T17:47:07.027961 [EDL:47EED9D1] super 95.70%
2026-03-27T17:47:07.133652 [EDL:47EED9D1] super 96.37%
2026-03-27T17:47:07.238451 [EDL:47EED9D1] super 97.03%
2026-03-27T17:47:07.344528 [EDL:47EED9D1] super 97.69%
2026-03-27T17:47:07.449559 [EDL:47EED9D1] super 98.36%
2026-03-27T17:47:07.554777 [EDL:47EED9D1] super 99.02%
2026-03-27T17:47:07.715607 [EDL:47EED9D1] super 99.68%
2026-03-27T17:47:07.742710 [EDL:47EED9D1] flashed "super" successfully at 38585kB/s
2026-03-27T17:47:07.850228 [EDL:47EED9D1] super 1.52%
2026-03-27T17:47:07.955398 [EDL:47EED9D1] super 7.58%
2026-03-27T17:47:08.060372 [EDL:47EED9D1] super 13.65%
2026-03-27T17:47:08.166043 [EDL:47EED9D1] super 19.71%
2026-03-27T17:47:08.271348 [EDL:47EED9D1] super 25.78%
2026-03-27T17:47:08.376439 [EDL:47EED9D1] super 31.84%
2026-03-27T17:47:08.481393 [EDL:47EED9D1] super 37.91%
2026-03-27T17:47:08.586557 [EDL:47EED9D1] super 43.98%
2026-03-27T17:47:08.691700 [EDL:47EED9D1] super 50.04%
2026-03-27T17:47:08.797018 [EDL:47EED9D1] super 56.11%
2026-03-27T17:47:08.902294 [EDL:47EED9D1] super 62.17%
2026-03-27T17:47:09.007297 [EDL:47EED9D1] super 68.24%
2026-03-27T17:47:09.112615 [EDL:47EED9D1] super 74.30%
2026-03-27T17:47:09.217542 [EDL:47EED9D1] super 80.37%
2026-03-27T17:47:09.322440 [EDL:47EED9D1] super 86.44%
2026-03-27T17:47:09.427765 [EDL:47EED9D1] super 92.50%
2026-03-27T17:47:09.563454 [EDL:47EED9D1] super 98.57%
2026-03-27T17:47:09.570290 [EDL:47EED9D1] flashed "super" successfully at 33764kB/s
2026-03-27T17:47:09.666838 [EDL:47EED9D1] userdata 100.00%
2026-03-27T17:47:09.693759 [EDL:47EED9D1] flashed "userdata" successfully
2026-03-27T17:47:09.834091 [EDL:47EED9D1] userdata 45.96%
2026-03-27T17:47:09.834716 [EDL:47EED9D1] flashed "userdata" successfully
2026-03-27T17:47:09.936400 [EDL:47EED9D1] userdata 100.00%
2026-03-27T17:47:09.940598 [EDL:47EED9D1] flashed "userdata" successfully
2026-03-27T17:47:10.038859 [EDL:47EED9D1] userdata 100.00%
2026-03-27T17:47:10.042965 [EDL:47EED9D1] flashed "userdata" successfully
2026-03-27T17:47:10.141792 [EDL:47EED9D1] userdata 100.00%
2026-03-27T17:47:10.145875 [EDL:47EED9D1] flashed "userdata" successfully
2026-03-27T17:47:10.244512 [EDL:47EED9D1] userdata 100.00%
2026-03-27T17:47:10.248632 [EDL:47EED9D1] flashed "userdata" successfully
2026-03-27T17:47:10.347661 [EDL:47EED9D1] userdata 100.00%
2026-03-27T17:47:10.352298 [EDL:47EED9D1] flashed "userdata" successfully
2026-03-27T17:47:10.450464 [EDL:47EED9D1] userdata 100.00%
2026-03-27T17:47:10.454533 [EDL:47EED9D1] flashed "userdata" successfully
2026-03-27T17:47:10.579209 [EDL:47EED9D1] PrimaryGPT 100.00%
2026-03-27T17:47:10.580351 [EDL:47EED9D1] flashed "PrimaryGPT" successfully
2026-03-27T17:47:10.656928 [EDL:47EED9D1] BackupGPT 100.00%
2026-03-27T17:47:10.758890 [EDL:47EED9D1] flashed "BackupGPT" successfully
2026-03-27T17:47:10.861104 [EDL:47EED9D1] Applying patches 0.00%
2026-03-27T17:47:10.963131 [EDL:47EED9D1] Applying patches 7.69%
2026-03-27T17:47:11.065243 [EDL:47EED9D1] Applying patches 15.38%
2026-03-27T17:47:11.167169 [EDL:47EED9D1] Applying patches 23.08%
2026-03-27T17:47:11.269229 [EDL:47EED9D1] Applying patches 30.77%
2026-03-27T17:47:11.371305 [EDL:47EED9D1] Applying patches 38.46%
2026-03-27T17:47:11.473901 [EDL:47EED9D1] Applying patches 46.15%
2026-03-27T17:47:11.576267 [EDL:47EED9D1] Applying patches 53.85%
2026-03-27T17:47:11.678280 [EDL:47EED9D1] Applying patches 61.54%
2026-03-27T17:47:11.780379 [EDL:47EED9D1] Applying patches 69.23%
2026-03-27T17:47:11.882179 [EDL:47EED9D1] Applying patches 76.92%
2026-03-27T17:47:11.984354 [EDL:47EED9D1] Applying patches 84.62%
2026-03-27T17:47:12.084936 [EDL:47EED9D1] Applying patches 92.31%
2026-03-27T17:47:12.085890 [EDL:47EED9D1] 13 patches applied
2026-03-27T17:47:12.086939 [EDL:47EED9D1] partition 0 is now bootable
2026-03-27T17:47:13.601184 --- Parallel Firmware Flash Report ---
2026-03-27T17:47:13.601982 
========================================
       MULTI-DEVICE SESSION REPORT
========================================
Time: 2026-03-27 17:47:13
----------------------------------------
AIO: 47EED9D1       | HW: n/a          | SW: n/a            | ✅ PASS | Firmware flashed successfully.
----------------------------------------
TOTAL: 1 | PASSED: 1 | FAILED: 0
========================================
Firmware Flash Elapsed Time: 00:03:05

2026-03-27T17:47:13.607512 Parallel firmware flashing completed successfully. Total firmware flash time: 00:03:05.
