=== Session Log - 2026-03-27T12:04:26.797300 ===
2026-03-27T12:04:26.797783 Initializing Parallel EDL Firmware Flash...
2026-03-27T12:04:26.806571 
--- Starting Parallel EDL Firmware Flashing Process ---
2026-03-27T12:04:26.806893 ADB devices selected for EDL reboot: 1
2026-03-27T12:04:26.807085 Rebooting AT070AA2600020 to EDL...
2026-03-27T12:04:29.354018 Waiting for EDL devices via `qdl list`...
2026-03-27T12:04:29.354636 Restricting firmware flashing to approved EDL/HW serials: 5719F12D
2026-03-27T12:04:29.362205 Detected approved EDL devices: 0/1
2026-03-27T12:04:35.396488 EDL targets: 5719F12D
2026-03-27T12:04:35.400946 [EDL:5719F12D] Starting firmware flash...
2026-03-27T12:04:35.513944 [EDL:5719F12D] waiting for programmer...
2026-03-27T12:04:37.014208 [EDL:5719F12D] successfully erased 2349528+0x20000
2026-03-27T12:04:37.896540 [EDL:5719F12D] successfully erased 3677144+0x820000
2026-03-27T12:04:37.997798 [EDL:5719F12D] successfully erased 12196824+0x0
2026-03-27T12:04:38.158069 [EDL:5719F12D] modem_a 2.77%
2026-03-27T12:04:38.283413 [EDL:5719F12D] modem_a 13.86%
2026-03-27T12:04:38.408953 [EDL:5719F12D] modem_a 24.95%
2026-03-27T12:04:38.533781 [EDL:5719F12D] modem_a 36.03%
2026-03-27T12:04:38.660028 [EDL:5719F12D] modem_a 47.12%
2026-03-27T12:04:38.785892 [EDL:5719F12D] modem_a 58.21%
2026-03-27T12:04:38.910749 [EDL:5719F12D] modem_a 69.30%
2026-03-27T12:04:39.036724 [EDL:5719F12D] modem_a 80.38%
2026-03-27T12:04:39.141906 [EDL:5719F12D] modem_a 91.47%
2026-03-27T12:04:39.244737 [EDL:5719F12D] modem_a 100.00%
2026-03-27T12:04:39.276943 [EDL:5719F12D] flashed "modem_a" successfully at 18471kB/s
2026-03-27T12:04:39.402718 [EDL:5719F12D] modem_b 2.77%
2026-03-27T12:04:39.528167 [EDL:5719F12D] modem_b 13.86%
2026-03-27T12:04:39.653141 [EDL:5719F12D] modem_b 24.95%
2026-03-27T12:04:39.776083 [EDL:5719F12D] modem_b 36.03%
2026-03-27T12:04:39.900635 [EDL:5719F12D] modem_b 47.12%
2026-03-27T12:04:40.026159 [EDL:5719F12D] modem_b 58.21%
2026-03-27T12:04:40.150722 [EDL:5719F12D] modem_b 69.30%
2026-03-27T12:04:40.277322 [EDL:5719F12D] modem_b 80.38%
2026-03-27T12:04:40.383796 [EDL:5719F12D] modem_b 91.47%
2026-03-27T12:04:40.485358 [EDL:5719F12D] modem_b 100.00%
2026-03-27T12:04:40.519930 [EDL:5719F12D] flashed "modem_b" successfully at 36942kB/s
2026-03-27T12:04:40.665465 [EDL:5719F12D] imagefv_a 49.71%
2026-03-27T12:04:40.699210 [EDL:5719F12D] flashed "imagefv_a" successfully
2026-03-27T12:04:40.845257 [EDL:5719F12D] imagefv_b 49.71%
2026-03-27T12:04:40.857551 [EDL:5719F12D] flashed "imagefv_b" successfully
2026-03-27T12:04:40.963908 [EDL:5719F12D] cmnlib_a 100.00%
2026-03-27T12:04:40.979874 [EDL:5719F12D] flashed "cmnlib_a" successfully
2026-03-27T12:04:41.088046 [EDL:5719F12D] cmnlib64_a 100.00%
2026-03-27T12:04:41.100436 [EDL:5719F12D] flashed "cmnlib64_a" successfully
2026-03-27T12:04:41.206589 [EDL:5719F12D] cmnlib_b 100.00%
2026-03-27T12:04:41.222297 [EDL:5719F12D] flashed "cmnlib_b" successfully
2026-03-27T12:04:41.328820 [EDL:5719F12D] cmnlib64_b 100.00%
2026-03-27T12:04:41.331454 [EDL:5719F12D] flashed "cmnlib64_b" successfully
2026-03-27T12:04:41.435257 [EDL:5719F12D] devcfg_a 100.00%
2026-03-27T12:04:41.445790 [EDL:5719F12D] flashed "devcfg_a" successfully
2026-03-27T12:04:41.540530 [EDL:5719F12D] devcfg_b 100.00%
2026-03-27T12:04:41.544750 [EDL:5719F12D] flashed "devcfg_b" successfully
2026-03-27T12:04:41.642779 [EDL:5719F12D] devinfo 100.00%
2026-03-27T12:04:41.674531 [EDL:5719F12D] flashed "devinfo" successfully
2026-03-27T12:04:41.798959 [EDL:5719F12D] dsp_a 3.12%
2026-03-27T12:04:41.924219 [EDL:5719F12D] dsp_a 15.62%
2026-03-27T12:04:42.049459 [EDL:5719F12D] dsp_a 28.12%
2026-03-27T12:04:42.173068 [EDL:5719F12D] dsp_a 40.62%
2026-03-27T12:04:42.298488 [EDL:5719F12D] dsp_a 53.12%
2026-03-27T12:04:42.422491 [EDL:5719F12D] dsp_a 65.62%
2026-03-27T12:04:42.547251 [EDL:5719F12D] dsp_a 78.12%
2026-03-27T12:04:42.751500 [EDL:5719F12D] dsp_a 90.62%
2026-03-27T12:04:42.783066 [EDL:5719F12D] flashed "dsp_a" successfully at 32768kB/s
2026-03-27T12:04:42.908355 [EDL:5719F12D] dsp_b 3.12%
2026-03-27T12:04:43.033388 [EDL:5719F12D] dsp_b 15.62%
2026-03-27T12:04:43.157367 [EDL:5719F12D] dsp_b 28.12%
2026-03-27T12:04:43.281769 [EDL:5719F12D] dsp_b 40.62%
2026-03-27T12:04:43.405470 [EDL:5719F12D] dsp_b 53.12%
2026-03-27T12:04:43.528206 [EDL:5719F12D] dsp_b 65.62%
2026-03-27T12:04:43.652632 [EDL:5719F12D] dsp_b 78.12%
2026-03-27T12:04:43.856565 [EDL:5719F12D] dsp_b 90.62%
2026-03-27T12:04:43.868781 [EDL:5719F12D] flashed "dsp_b" successfully at 32768kB/s
2026-03-27T12:04:43.974432 [EDL:5719F12D] hyp_a 100.00%
2026-03-27T12:04:43.986481 [EDL:5719F12D] flashed "hyp_a" successfully
2026-03-27T12:04:44.092205 [EDL:5719F12D] hyp_b 100.00%
2026-03-27T12:04:44.105076 [EDL:5719F12D] flashed "hyp_b" successfully
2026-03-27T12:04:44.210851 [EDL:5719F12D] keymaster_a 100.00%
2026-03-27T12:04:44.223868 [EDL:5719F12D] flashed "keymaster_a" successfully
2026-03-27T12:04:44.329847 [EDL:5719F12D] keymaster_b 100.00%
2026-03-27T12:04:44.339040 [EDL:5719F12D] flashed "keymaster_b" successfully
2026-03-27T12:04:44.433389 [EDL:5719F12D] logfs 100.00%
2026-03-27T12:04:44.439882 [EDL:5719F12D] flashed "logfs" successfully
2026-03-27T12:04:44.539807 [EDL:5719F12D] qupfw_a 100.00%
2026-03-27T12:04:44.544506 [EDL:5719F12D] flashed "qupfw_a" successfully
2026-03-27T12:04:44.646088 [EDL:5719F12D] qupfw_b 100.00%
2026-03-27T12:04:44.653280 [EDL:5719F12D] flashed "qupfw_b" successfully
2026-03-27T12:04:44.757420 [EDL:5719F12D] rpm_a 100.00%
2026-03-27T12:04:44.765085 [EDL:5719F12D] flashed "rpm_a" successfully
2026-03-27T12:04:44.869309 [EDL:5719F12D] rpm_b 100.00%
2026-03-27T12:04:44.874141 [EDL:5719F12D] flashed "rpm_b" successfully
2026-03-27T12:04:44.972878 [EDL:5719F12D] storsec 100.00%
2026-03-27T12:04:45.005771 [EDL:5719F12D] flashed "storsec" successfully
2026-03-27T12:04:45.146090 [EDL:5719F12D] tz_a 51.61%
2026-03-27T12:04:45.177802 [EDL:5719F12D] flashed "tz_a" successfully at 1984kB/s
2026-03-27T12:04:45.317533 [EDL:5719F12D] tz_b 51.61%
2026-03-27T12:04:45.322296 [EDL:5719F12D] flashed "tz_b" successfully
2026-03-27T12:04:45.426151 [EDL:5719F12D] uefisecapp_a 100.00%
2026-03-27T12:04:45.430919 [EDL:5719F12D] flashed "uefisecapp_a" successfully
2026-03-27T12:04:45.535970 [EDL:5719F12D] uefisecapp_b 100.00%
2026-03-27T12:04:45.579400 [EDL:5719F12D] flashed "uefisecapp_b" successfully
2026-03-27T12:04:45.738119 [EDL:5719F12D] xbl_a 34.94%
2026-03-27T12:04:45.770468 [EDL:5719F12D] flashed "xbl_a" successfully
2026-03-27T12:04:45.939469 [EDL:5719F12D] xbl_b 34.94%
2026-03-27T12:04:45.943935 [EDL:5719F12D] flashed "xbl_b" successfully
2026-03-27T12:04:46.043895 [EDL:5719F12D] xbl_config_a 100.00%
2026-03-27T12:04:46.048424 [EDL:5719F12D] flashed "xbl_config_a" successfully
2026-03-27T12:04:46.148370 [EDL:5719F12D] xbl_config_b 100.00%
2026-03-27T12:04:46.155816 [EDL:5719F12D] flashed "xbl_config_b" successfully
2026-03-27T12:04:46.260539 [EDL:5719F12D] abl_a 100.00%
2026-03-27T12:04:46.269788 [EDL:5719F12D] flashed "abl_a" successfully
2026-03-27T12:04:46.372314 [EDL:5719F12D] abl_b 100.00%
2026-03-27T12:04:46.404357 [EDL:5719F12D] flashed "abl_b" successfully
2026-03-27T12:04:46.528535 [EDL:5719F12D] boot_a 1.04%
2026-03-27T12:04:46.652431 [EDL:5719F12D] boot_a 5.21%
2026-03-27T12:04:46.776002 [EDL:5719F12D] boot_a 9.38%
2026-03-27T12:04:46.902240 [EDL:5719F12D] boot_a 13.54%
2026-03-27T12:04:47.028719 [EDL:5719F12D] boot_a 17.71%
2026-03-27T12:04:47.153808 [EDL:5719F12D] boot_a 21.88%
2026-03-27T12:04:47.279907 [EDL:5719F12D] boot_a 26.04%
2026-03-27T12:04:47.404718 [EDL:5719F12D] boot_a 30.21%
2026-03-27T12:04:47.529729 [EDL:5719F12D] boot_a 34.38%
2026-03-27T12:04:47.657006 [EDL:5719F12D] boot_a 38.54%
2026-03-27T12:04:47.784219 [EDL:5719F12D] boot_a 42.71%
2026-03-27T12:04:47.910249 [EDL:5719F12D] boot_a 46.88%
2026-03-27T12:04:48.036175 [EDL:5719F12D] boot_a 51.04%
2026-03-27T12:04:48.160432 [EDL:5719F12D] boot_a 55.21%
2026-03-27T12:04:48.284817 [EDL:5719F12D] boot_a 59.38%
2026-03-27T12:04:48.410318 [EDL:5719F12D] boot_a 63.54%
2026-03-27T12:04:48.533797 [EDL:5719F12D] boot_a 67.71%
2026-03-27T12:04:48.657714 [EDL:5719F12D] boot_a 71.88%
2026-03-27T12:04:48.781623 [EDL:5719F12D] boot_a 76.04%
2026-03-27T12:04:48.905694 [EDL:5719F12D] boot_a 80.21%
2026-03-27T12:04:49.031359 [EDL:5719F12D] boot_a 84.38%
2026-03-27T12:04:49.155781 [EDL:5719F12D] boot_a 88.54%
2026-03-27T12:04:49.280702 [EDL:5719F12D] boot_a 92.71%
2026-03-27T12:04:49.485053 [EDL:5719F12D] boot_a 96.88%
2026-03-27T12:04:49.516393 [EDL:5719F12D] flashed "boot_a" successfully at 32768kB/s
2026-03-27T12:04:49.641620 [EDL:5719F12D] boot_b 1.04%
2026-03-27T12:04:49.767206 [EDL:5719F12D] boot_b 5.21%
2026-03-27T12:04:49.892310 [EDL:5719F12D] boot_b 9.38%
2026-03-27T12:04:50.017793 [EDL:5719F12D] boot_b 13.54%
2026-03-27T12:04:50.143857 [EDL:5719F12D] boot_b 17.71%
2026-03-27T12:04:50.268781 [EDL:5719F12D] boot_b 21.88%
2026-03-27T12:04:50.394231 [EDL:5719F12D] boot_b 26.04%
2026-03-27T12:04:50.518018 [EDL:5719F12D] boot_b 30.21%
2026-03-27T12:04:50.642988 [EDL:5719F12D] boot_b 34.38%
2026-03-27T12:04:50.768685 [EDL:5719F12D] boot_b 38.54%
2026-03-27T12:04:50.895585 [EDL:5719F12D] boot_b 42.71%
2026-03-27T12:04:51.020218 [EDL:5719F12D] boot_b 46.88%
2026-03-27T12:04:51.146461 [EDL:5719F12D] boot_b 51.04%
2026-03-27T12:04:51.272490 [EDL:5719F12D] boot_b 55.21%
2026-03-27T12:04:51.396994 [EDL:5719F12D] boot_b 59.38%
2026-03-27T12:04:51.521788 [EDL:5719F12D] boot_b 63.54%
2026-03-27T12:04:51.645737 [EDL:5719F12D] boot_b 67.71%
2026-03-27T12:04:51.769886 [EDL:5719F12D] boot_b 71.88%
2026-03-27T12:04:51.894394 [EDL:5719F12D] boot_b 76.04%
2026-03-27T12:04:52.019467 [EDL:5719F12D] boot_b 80.21%
2026-03-27T12:04:52.147369 [EDL:5719F12D] boot_b 84.38%
2026-03-27T12:04:52.271581 [EDL:5719F12D] boot_b 88.54%
2026-03-27T12:04:52.395771 [EDL:5719F12D] boot_b 92.71%
2026-03-27T12:04:52.600641 [EDL:5719F12D] boot_b 96.88%
2026-03-27T12:04:52.631919 [EDL:5719F12D] flashed "boot_b" successfully at 32768kB/s
2026-03-27T12:04:52.756768 [EDL:5719F12D] dtbo_a 12.50%
2026-03-27T12:04:52.961949 [EDL:5719F12D] dtbo_a 62.50%
2026-03-27T12:04:52.993882 [EDL:5719F12D] flashed "dtbo_a" successfully
2026-03-27T12:04:53.118360 [EDL:5719F12D] dtbo_b 12.50%
2026-03-27T12:04:53.322766 [EDL:5719F12D] dtbo_b 62.50%
2026-03-27T12:04:53.355538 [EDL:5719F12D] flashed "dtbo_b" successfully at 8192kB/s
2026-03-27T12:04:53.482052 [EDL:5719F12D] init_boot_a 12.50%
2026-03-27T12:04:53.687060 [EDL:5719F12D] init_boot_a 62.50%
2026-03-27T12:04:53.718454 [EDL:5719F12D] flashed "init_boot_a" successfully
2026-03-27T12:04:53.842895 [EDL:5719F12D] init_boot_b 12.50%
2026-03-27T12:04:54.047467 [EDL:5719F12D] init_boot_b 62.50%
2026-03-27T12:04:54.051836 [EDL:5719F12D] flashed "init_boot_b" successfully
2026-03-27T12:04:54.150163 [EDL:5719F12D] metadata 100.00%
2026-03-27T12:04:54.158380 [EDL:5719F12D] flashed "metadata" successfully
2026-03-27T12:04:54.254993 [EDL:5719F12D] metadata 100.00%
2026-03-27T12:04:54.286758 [EDL:5719F12D] flashed "metadata" successfully
2026-03-27T12:04:54.411282 [EDL:5719F12D] metadata 9.95%
2026-03-27T12:04:54.535589 [EDL:5719F12D] metadata 49.75%
2026-03-27T12:04:54.681304 [EDL:5719F12D] metadata 89.55%
2026-03-27T12:04:54.685680 [EDL:5719F12D] flashed "metadata" successfully
2026-03-27T12:04:54.783759 [EDL:5719F12D] metadata 100.00%
2026-03-27T12:04:54.791973 [EDL:5719F12D] flashed "metadata" successfully
2026-03-27T12:04:54.886380 [EDL:5719F12D] metadata 100.00%
2026-03-27T12:04:54.918403 [EDL:5719F12D] flashed "metadata" successfully
2026-03-27T12:04:55.043659 [EDL:5719F12D] recovery_a 1.00%
2026-03-27T12:04:55.169449 [EDL:5719F12D] recovery_a 5.00%
2026-03-27T12:04:55.294713 [EDL:5719F12D] recovery_a 9.00%
2026-03-27T12:04:55.420081 [EDL:5719F12D] recovery_a 13.00%
2026-03-27T12:04:55.545158 [EDL:5719F12D] recovery_a 17.00%
2026-03-27T12:04:55.670817 [EDL:5719F12D] recovery_a 21.00%
2026-03-27T12:04:55.795250 [EDL:5719F12D] recovery_a 25.00%
2026-03-27T12:04:55.920075 [EDL:5719F12D] recovery_a 29.00%
2026-03-27T12:04:56.046763 [EDL:5719F12D] recovery_a 33.00%
2026-03-27T12:04:56.172736 [EDL:5719F12D] recovery_a 37.00%
2026-03-27T12:04:56.297211 [EDL:5719F12D] recovery_a 41.00%
2026-03-27T12:04:56.422481 [EDL:5719F12D] recovery_a 45.00%
2026-03-27T12:04:56.547040 [EDL:5719F12D] recovery_a 49.00%
2026-03-27T12:04:56.672983 [EDL:5719F12D] recovery_a 53.00%
2026-03-27T12:04:56.798411 [EDL:5719F12D] recovery_a 57.00%
2026-03-27T12:04:56.923363 [EDL:5719F12D] recovery_a 61.00%
2026-03-27T12:04:57.048087 [EDL:5719F12D] recovery_a 65.00%
2026-03-27T12:04:57.172717 [EDL:5719F12D] recovery_a 69.00%
2026-03-27T12:04:57.297218 [EDL:5719F12D] recovery_a 73.00%
2026-03-27T12:04:57.421066 [EDL:5719F12D] recovery_a 77.00%
2026-03-27T12:04:57.545550 [EDL:5719F12D] recovery_a 81.00%
2026-03-27T12:04:57.669482 [EDL:5719F12D] recovery_a 85.00%
2026-03-27T12:04:57.793939 [EDL:5719F12D] recovery_a 89.00%
2026-03-27T12:04:57.917396 [EDL:5719F12D] recovery_a 93.00%
2026-03-27T12:04:58.120477 [EDL:5719F12D] recovery_a 97.00%
2026-03-27T12:04:58.151966 [EDL:5719F12D] flashed "recovery_a" successfully at 25600kB/s
2026-03-27T12:04:58.276208 [EDL:5719F12D] recovery_b 1.00%
2026-03-27T12:04:58.401245 [EDL:5719F12D] recovery_b 5.00%
2026-03-27T12:04:58.526679 [EDL:5719F12D] recovery_b 9.00%
2026-03-27T12:04:58.653985 [EDL:5719F12D] recovery_b 13.00%
2026-03-27T12:04:58.779752 [EDL:5719F12D] recovery_b 17.00%
2026-03-27T12:04:58.904636 [EDL:5719F12D] recovery_b 21.00%
2026-03-27T12:04:59.029309 [EDL:5719F12D] recovery_b 25.00%
2026-03-27T12:04:59.155077 [EDL:5719F12D] recovery_b 29.00%
2026-03-27T12:04:59.281250 [EDL:5719F12D] recovery_b 33.00%
2026-03-27T12:04:59.406648 [EDL:5719F12D] recovery_b 37.00%
2026-03-27T12:04:59.532390 [EDL:5719F12D] recovery_b 41.00%
2026-03-27T12:04:59.657002 [EDL:5719F12D] recovery_b 45.00%
2026-03-27T12:04:59.783948 [EDL:5719F12D] recovery_b 49.00%
2026-03-27T12:04:59.910189 [EDL:5719F12D] recovery_b 53.00%
2026-03-27T12:05:00.036615 [EDL:5719F12D] recovery_b 57.00%
2026-03-27T12:05:00.163865 [EDL:5719F12D] recovery_b 61.00%
2026-03-27T12:05:00.290182 [EDL:5719F12D] recovery_b 65.00%
2026-03-27T12:05:00.414797 [EDL:5719F12D] recovery_b 69.00%
2026-03-27T12:05:00.539926 [EDL:5719F12D] recovery_b 73.00%
2026-03-27T12:05:00.663883 [EDL:5719F12D] recovery_b 77.00%
2026-03-27T12:05:00.788339 [EDL:5719F12D] recovery_b 81.00%
2026-03-27T12:05:00.912985 [EDL:5719F12D] recovery_b 85.00%
2026-03-27T12:05:01.038300 [EDL:5719F12D] recovery_b 89.00%
2026-03-27T12:05:01.162511 [EDL:5719F12D] recovery_b 93.00%
2026-03-27T12:05:01.367237 [EDL:5719F12D] recovery_b 97.00%
2026-03-27T12:05:01.372008 [EDL:5719F12D] flashed "recovery_b" successfully at 34133kB/s
2026-03-27T12:05:01.469824 [EDL:5719F12D] vbmeta_a 100.00%
2026-03-27T12:05:01.474049 [EDL:5719F12D] flashed "vbmeta_a" successfully
2026-03-27T12:05:01.576308 [EDL:5719F12D] vbmeta_b 100.00%
2026-03-27T12:05:01.605126 [EDL:5719F12D] flashed "vbmeta_b" successfully
2026-03-27T12:05:01.730009 [EDL:5719F12D] vendor_boot_a 1.04%
2026-03-27T12:05:01.855895 [EDL:5719F12D] vendor_boot_a 5.21%
2026-03-27T12:05:01.980564 [EDL:5719F12D] vendor_boot_a 9.38%
2026-03-27T12:05:02.106383 [EDL:5719F12D] vendor_boot_a 13.54%
2026-03-27T12:05:02.231397 [EDL:5719F12D] vendor_boot_a 17.71%
2026-03-27T12:05:02.355929 [EDL:5719F12D] vendor_boot_a 21.88%
2026-03-27T12:05:02.480540 [EDL:5719F12D] vendor_boot_a 26.04%
2026-03-27T12:05:02.606208 [EDL:5719F12D] vendor_boot_a 30.21%
2026-03-27T12:05:02.731296 [EDL:5719F12D] vendor_boot_a 34.38%
2026-03-27T12:05:02.856894 [EDL:5719F12D] vendor_boot_a 38.54%
2026-03-27T12:05:02.983572 [EDL:5719F12D] vendor_boot_a 42.71%
2026-03-27T12:05:03.109356 [EDL:5719F12D] vendor_boot_a 46.88%
2026-03-27T12:05:03.235790 [EDL:5719F12D] vendor_boot_a 51.04%
2026-03-27T12:05:03.360522 [EDL:5719F12D] vendor_boot_a 55.21%
2026-03-27T12:05:03.486394 [EDL:5719F12D] vendor_boot_a 59.38%
2026-03-27T12:05:03.612454 [EDL:5719F12D] vendor_boot_a 63.54%
2026-03-27T12:05:03.737764 [EDL:5719F12D] vendor_boot_a 67.71%
2026-03-27T12:05:03.863280 [EDL:5719F12D] vendor_boot_a 71.88%
2026-03-27T12:05:03.988691 [EDL:5719F12D] vendor_boot_a 76.04%
2026-03-27T12:05:04.113761 [EDL:5719F12D] vendor_boot_a 80.21%
2026-03-27T12:05:04.238423 [EDL:5719F12D] vendor_boot_a 84.38%
2026-03-27T12:05:04.363973 [EDL:5719F12D] vendor_boot_a 88.54%
2026-03-27T12:05:04.489185 [EDL:5719F12D] vendor_boot_a 92.71%
2026-03-27T12:05:04.694845 [EDL:5719F12D] vendor_boot_a 96.88%
2026-03-27T12:05:04.726712 [EDL:5719F12D] flashed "vendor_boot_a" successfully at 32768kB/s
2026-03-27T12:05:04.851750 [EDL:5719F12D] vendor_boot_b 1.04%
2026-03-27T12:05:04.977849 [EDL:5719F12D] vendor_boot_b 5.21%
2026-03-27T12:05:05.103756 [EDL:5719F12D] vendor_boot_b 9.38%
2026-03-27T12:05:05.229550 [EDL:5719F12D] vendor_boot_b 13.54%
2026-03-27T12:05:05.354746 [EDL:5719F12D] vendor_boot_b 17.71%
2026-03-27T12:05:05.480883 [EDL:5719F12D] vendor_boot_b 21.88%
2026-03-27T12:05:05.606284 [EDL:5719F12D] vendor_boot_b 26.04%
2026-03-27T12:05:05.731325 [EDL:5719F12D] vendor_boot_b 30.21%
2026-03-27T12:05:05.856043 [EDL:5719F12D] vendor_boot_b 34.38%
2026-03-27T12:05:05.981560 [EDL:5719F12D] vendor_boot_b 38.54%
2026-03-27T12:05:06.105367 [EDL:5719F12D] vendor_boot_b 42.71%
2026-03-27T12:05:06.230414 [EDL:5719F12D] vendor_boot_b 46.88%
2026-03-27T12:05:06.356399 [EDL:5719F12D] vendor_boot_b 51.04%
2026-03-27T12:05:06.482210 [EDL:5719F12D] vendor_boot_b 55.21%
2026-03-27T12:05:06.608165 [EDL:5719F12D] vendor_boot_b 59.38%
2026-03-27T12:05:06.735870 [EDL:5719F12D] vendor_boot_b 63.54%
2026-03-27T12:05:06.862076 [EDL:5719F12D] vendor_boot_b 67.71%
2026-03-27T12:05:06.988408 [EDL:5719F12D] vendor_boot_b 71.88%
2026-03-27T12:05:07.113049 [EDL:5719F12D] vendor_boot_b 76.04%
2026-03-27T12:05:07.237768 [EDL:5719F12D] vendor_boot_b 80.21%
2026-03-27T12:05:07.363179 [EDL:5719F12D] vendor_boot_b 84.38%
2026-03-27T12:05:07.488150 [EDL:5719F12D] vendor_boot_b 88.54%
2026-03-27T12:05:07.612350 [EDL:5719F12D] vendor_boot_b 92.71%
2026-03-27T12:05:07.816461 [EDL:5719F12D] vendor_boot_b 96.88%
2026-03-27T12:05:07.817348 [EDL:5719F12D] flashed "vendor_boot_b" successfully at 32768kB/s
2026-03-27T12:05:07.919118 [EDL:5719F12D] vbmeta_system_a 100.00%
2026-03-27T12:05:07.920416 [EDL:5719F12D] flashed "vbmeta_system_a" successfully
2026-03-27T12:05:08.021042 [EDL:5719F12D] vbmeta_system_b 100.00%
2026-03-27T12:05:08.033986 [EDL:5719F12D] flashed "vbmeta_system_b" successfully
2026-03-27T12:05:08.140339 [EDL:5719F12D] super 100.00%
2026-03-27T12:05:08.173075 [EDL:5719F12D] flashed "super" successfully
2026-03-27T12:05:08.298124 [EDL:5719F12D] super 64.32%
2026-03-27T12:05:08.330445 [EDL:5719F12D] flashed "super" successfully
2026-03-27T12:05:08.456258 [EDL:5719F12D] super 0.07%
2026-03-27T12:05:08.581406 [EDL:5719F12D] super 0.35%
2026-03-27T12:05:08.707085 [EDL:5719F12D] super 0.64%
2026-03-27T12:05:08.833011 [EDL:5719F12D] super 0.92%
2026-03-27T12:05:08.958179 [EDL:5719F12D] super 1.20%
2026-03-27T12:05:09.083734 [EDL:5719F12D] super 1.48%
2026-03-27T12:05:09.209187 [EDL:5719F12D] super 1.77%
2026-03-27T12:05:09.335962 [EDL:5719F12D] super 2.05%
2026-03-27T12:05:09.462316 [EDL:5719F12D] super 2.33%
2026-03-27T12:05:09.588809 [EDL:5719F12D] super 2.61%
2026-03-27T12:05:09.715828 [EDL:5719F12D] super 2.90%
2026-03-27T12:05:09.841739 [EDL:5719F12D] super 3.18%
2026-03-27T12:05:09.965468 [EDL:5719F12D] super 3.46%
2026-03-27T12:05:10.090394 [EDL:5719F12D] super 3.75%
2026-03-27T12:05:10.216578 [EDL:5719F12D] super 4.03%
2026-03-27T12:05:10.340967 [EDL:5719F12D] super 4.31%
2026-03-27T12:05:10.466368 [EDL:5719F12D] super 4.59%
2026-03-27T12:05:10.591450 [EDL:5719F12D] super 4.88%
2026-03-27T12:05:10.716328 [EDL:5719F12D] super 5.16%
2026-03-27T12:05:10.841808 [EDL:5719F12D] super 5.44%
2026-03-27T12:05:10.965882 [EDL:5719F12D] super 5.72%
2026-03-27T12:05:11.092453 [EDL:5719F12D] super 6.01%
2026-03-27T12:05:11.219196 [EDL:5719F12D] super 6.29%
2026-03-27T12:05:11.345374 [EDL:5719F12D] super 6.57%
2026-03-27T12:05:11.472081 [EDL:5719F12D] super 6.85%
2026-03-27T12:05:11.599175 [EDL:5719F12D] super 7.14%
2026-03-27T12:05:11.723650 [EDL:5719F12D] super 7.42%
2026-03-27T12:05:11.848508 [EDL:5719F12D] super 7.70%
2026-03-27T12:05:11.974401 [EDL:5719F12D] super 7.99%
2026-03-27T12:05:12.100282 [EDL:5719F12D] super 8.27%
2026-03-27T12:05:12.224397 [EDL:5719F12D] super 8.55%
2026-03-27T12:05:12.348966 [EDL:5719F12D] super 8.83%
2026-03-27T12:05:12.473399 [EDL:5719F12D] super 9.12%
2026-03-27T12:05:12.598688 [EDL:5719F12D] super 9.40%
2026-03-27T12:05:12.723751 [EDL:5719F12D] super 9.68%
2026-03-27T12:05:12.843394 [EDL:5719F12D] super 9.96%
2026-03-27T12:05:12.968281 [EDL:5719F12D] super 10.25%
2026-03-27T12:05:13.093374 [EDL:5719F12D] super 10.53%
2026-03-27T12:05:13.217762 [EDL:5719F12D] super 10.81%
2026-03-27T12:05:13.342768 [EDL:5719F12D] super 11.09%
2026-03-27T12:05:13.468906 [EDL:5719F12D] super 11.38%
2026-03-27T12:05:13.594765 [EDL:5719F12D] super 11.66%
2026-03-27T12:05:13.717722 [EDL:5719F12D] super 11.94%
2026-03-27T12:05:13.843777 [EDL:5719F12D] super 12.22%
2026-03-27T12:05:13.968834 [EDL:5719F12D] super 12.51%
2026-03-27T12:05:14.095028 [EDL:5719F12D] super 12.79%
2026-03-27T12:05:14.221851 [EDL:5719F12D] super 13.07%
2026-03-27T12:05:14.347737 [EDL:5719F12D] super 13.36%
2026-03-27T12:05:14.472692 [EDL:5719F12D] super 13.64%
2026-03-27T12:05:14.598986 [EDL:5719F12D] super 13.92%
2026-03-27T12:05:14.724021 [EDL:5719F12D] super 14.20%
2026-03-27T12:05:14.849371 [EDL:5719F12D] super 14.49%
2026-03-27T12:05:14.975909 [EDL:5719F12D] super 14.77%
2026-03-27T12:05:15.101151 [EDL:5719F12D] super 15.05%
2026-03-27T12:05:15.225965 [EDL:5719F12D] super 15.33%
2026-03-27T12:05:15.351755 [EDL:5719F12D] super 15.62%
2026-03-27T12:05:15.477906 [EDL:5719F12D] super 15.90%
2026-03-27T12:05:15.604768 [EDL:5719F12D] super 16.18%
2026-03-27T12:05:15.730726 [EDL:5719F12D] super 16.46%
2026-03-27T12:05:15.855949 [EDL:5719F12D] super 16.75%
2026-03-27T12:05:15.981580 [EDL:5719F12D] super 17.03%
2026-03-27T12:05:16.105638 [EDL:5719F12D] super 17.31%
2026-03-27T12:05:16.231212 [EDL:5719F12D] super 17.60%
2026-03-27T12:05:16.356339 [EDL:5719F12D] super 17.88%
2026-03-27T12:05:16.481577 [EDL:5719F12D] super 18.16%
2026-03-27T12:05:16.606293 [EDL:5719F12D] super 18.44%
2026-03-27T12:05:16.731594 [EDL:5719F12D] super 18.73%
2026-03-27T12:05:16.856835 [EDL:5719F12D] super 19.01%
2026-03-27T12:05:16.982115 [EDL:5719F12D] super 19.29%
2026-03-27T12:05:17.106420 [EDL:5719F12D] super 19.57%
2026-03-27T12:05:17.232156 [EDL:5719F12D] super 19.86%
2026-03-27T12:05:17.357118 [EDL:5719F12D] super 20.14%
2026-03-27T12:05:17.485150 [EDL:5719F12D] super 20.42%
2026-03-27T12:05:17.614899 [EDL:5719F12D] super 20.70%
2026-03-27T12:05:17.741914 [EDL:5719F12D] super 20.99%
2026-03-27T12:05:17.869326 [EDL:5719F12D] super 21.27%
2026-03-27T12:05:17.997528 [EDL:5719F12D] super 21.55%
2026-03-27T12:05:18.122792 [EDL:5719F12D] super 21.84%
2026-03-27T12:05:18.247501 [EDL:5719F12D] super 22.12%
2026-03-27T12:05:18.371475 [EDL:5719F12D] super 22.40%
2026-03-27T12:05:18.497507 [EDL:5719F12D] super 22.68%
2026-03-27T12:05:18.621367 [EDL:5719F12D] super 22.97%
2026-03-27T12:05:18.747291 [EDL:5719F12D] super 23.25%
2026-03-27T12:05:18.873891 [EDL:5719F12D] super 23.53%
2026-03-27T12:05:18.999349 [EDL:5719F12D] super 23.81%
2026-03-27T12:05:19.125244 [EDL:5719F12D] super 24.10%
2026-03-27T12:05:19.251251 [EDL:5719F12D] super 24.38%
2026-03-27T12:05:19.377289 [EDL:5719F12D] super 24.66%
2026-03-27T12:05:19.501985 [EDL:5719F12D] super 24.94%
2026-03-27T12:05:19.627153 [EDL:5719F12D] super 25.23%
2026-03-27T12:05:19.751819 [EDL:5719F12D] super 25.51%
2026-03-27T12:05:19.877426 [EDL:5719F12D] super 25.79%
2026-03-27T12:05:20.002951 [EDL:5719F12D] super 26.08%
2026-03-27T12:05:20.128255 [EDL:5719F12D] super 26.36%
2026-03-27T12:05:20.253807 [EDL:5719F12D] super 26.64%
2026-03-27T12:05:20.380294 [EDL:5719F12D] super 26.92%
2026-03-27T12:05:20.506304 [EDL:5719F12D] super 27.21%
2026-03-27T12:05:20.632776 [EDL:5719F12D] super 27.49%
2026-03-27T12:05:20.759467 [EDL:5719F12D] super 27.77%
2026-03-27T12:05:20.885816 [EDL:5719F12D] super 28.05%
2026-03-27T12:05:21.012182 [EDL:5719F12D] super 28.34%
2026-03-27T12:05:21.137826 [EDL:5719F12D] super 28.62%
2026-03-27T12:05:21.264164 [EDL:5719F12D] super 28.90%
2026-03-27T12:05:21.390919 [EDL:5719F12D] super 29.18%
2026-03-27T12:05:21.517595 [EDL:5719F12D] super 29.47%
2026-03-27T12:05:21.643314 [EDL:5719F12D] super 29.75%
2026-03-27T12:05:21.767837 [EDL:5719F12D] super 30.03%
2026-03-27T12:05:21.894782 [EDL:5719F12D] super 30.32%
2026-03-27T12:05:22.021383 [EDL:5719F12D] super 30.60%
2026-03-27T12:05:22.148774 [EDL:5719F12D] super 30.88%
2026-03-27T12:05:22.275356 [EDL:5719F12D] super 31.16%
2026-03-27T12:05:22.400055 [EDL:5719F12D] super 31.45%
2026-03-27T12:05:22.526871 [EDL:5719F12D] super 31.73%
2026-03-27T12:05:22.652574 [EDL:5719F12D] super 32.01%
2026-03-27T12:05:22.777286 [EDL:5719F12D] super 32.29%
2026-03-27T12:05:22.901307 [EDL:5719F12D] super 32.58%
2026-03-27T12:05:23.027090 [EDL:5719F12D] super 32.86%
2026-03-27T12:05:23.152040 [EDL:5719F12D] super 33.14%
2026-03-27T12:05:23.276359 [EDL:5719F12D] super 33.42%
2026-03-27T12:05:23.401464 [EDL:5719F12D] super 33.71%
2026-03-27T12:05:23.528042 [EDL:5719F12D] super 33.99%
2026-03-27T12:05:23.654005 [EDL:5719F12D] super 34.27%
2026-03-27T12:05:23.778609 [EDL:5719F12D] super 34.55%
2026-03-27T12:05:23.904738 [EDL:5719F12D] super 34.84%
2026-03-27T12:05:24.030944 [EDL:5719F12D] super 35.12%
2026-03-27T12:05:24.156964 [EDL:5719F12D] super 35.40%
2026-03-27T12:05:24.281910 [EDL:5719F12D] super 35.69%
2026-03-27T12:05:24.406539 [EDL:5719F12D] super 35.97%
2026-03-27T12:05:24.531824 [EDL:5719F12D] super 36.25%
2026-03-27T12:05:24.657242 [EDL:5719F12D] super 36.53%
2026-03-27T12:05:24.781409 [EDL:5719F12D] super 36.82%
2026-03-27T12:05:24.906412 [EDL:5719F12D] super 37.10%
2026-03-27T12:05:25.032172 [EDL:5719F12D] super 37.38%
2026-03-27T12:05:25.159681 [EDL:5719F12D] super 37.66%
2026-03-27T12:05:25.285453 [EDL:5719F12D] super 37.95%
2026-03-27T12:05:25.411534 [EDL:5719F12D] super 38.23%
2026-03-27T12:05:25.536359 [EDL:5719F12D] super 38.51%
2026-03-27T12:05:25.661924 [EDL:5719F12D] super 38.79%
2026-03-27T12:05:25.787792 [EDL:5719F12D] super 39.08%
2026-03-27T12:05:25.913694 [EDL:5719F12D] super 39.36%
2026-03-27T12:05:26.040134 [EDL:5719F12D] super 39.64%
2026-03-27T12:05:26.165536 [EDL:5719F12D] super 39.93%
2026-03-27T12:05:26.291311 [EDL:5719F12D] super 40.21%
2026-03-27T12:05:26.418009 [EDL:5719F12D] super 40.49%
2026-03-27T12:05:26.543851 [EDL:5719F12D] super 40.77%
2026-03-27T12:05:26.668211 [EDL:5719F12D] super 41.06%
2026-03-27T12:05:26.793789 [EDL:5719F12D] super 41.34%
2026-03-27T12:05:26.919602 [EDL:5719F12D] super 41.62%
2026-03-27T12:05:27.045292 [EDL:5719F12D] super 41.90%
2026-03-27T12:05:27.171379 [EDL:5719F12D] super 42.19%
2026-03-27T12:05:27.297165 [EDL:5719F12D] super 42.47%
2026-03-27T12:05:27.422930 [EDL:5719F12D] super 42.75%
2026-03-27T12:05:27.547344 [EDL:5719F12D] super 43.03%
2026-03-27T12:05:27.673231 [EDL:5719F12D] super 43.32%
2026-03-27T12:05:27.798519 [EDL:5719F12D] super 43.60%
2026-03-27T12:05:27.924181 [EDL:5719F12D] super 43.88%
2026-03-27T12:05:28.048943 [EDL:5719F12D] super 44.17%
2026-03-27T12:05:28.175172 [EDL:5719F12D] super 44.45%
2026-03-27T12:05:28.300191 [EDL:5719F12D] super 44.73%
2026-03-27T12:05:28.425374 [EDL:5719F12D] super 45.01%
2026-03-27T12:05:28.551241 [EDL:5719F12D] super 45.30%
2026-03-27T12:05:28.676593 [EDL:5719F12D] super 45.58%
2026-03-27T12:05:28.803604 [EDL:5719F12D] super 45.86%
2026-03-27T12:05:28.931237 [EDL:5719F12D] super 46.14%
2026-03-27T12:05:29.058250 [EDL:5719F12D] super 46.43%
2026-03-27T12:05:29.182737 [EDL:5719F12D] super 46.71%
2026-03-27T12:05:29.308068 [EDL:5719F12D] super 46.99%
2026-03-27T12:05:29.432869 [EDL:5719F12D] super 47.27%
2026-03-27T12:05:29.578617 [EDL:5719F12D] super 47.56%
2026-03-27T12:05:29.684307 [EDL:5719F12D] super 47.84%
2026-03-27T12:05:29.810424 [EDL:5719F12D] super 48.12%
2026-03-27T12:05:29.936265 [EDL:5719F12D] super 48.41%
2026-03-27T12:05:30.063231 [EDL:5719F12D] super 48.69%
2026-03-27T12:05:30.188618 [EDL:5719F12D] super 48.97%
2026-03-27T12:05:30.313366 [EDL:5719F12D] super 49.25%
2026-03-27T12:05:30.439721 [EDL:5719F12D] super 49.54%
2026-03-27T12:05:30.564816 [EDL:5719F12D] super 49.82%
2026-03-27T12:05:30.690448 [EDL:5719F12D] super 50.10%
2026-03-27T12:05:30.816521 [EDL:5719F12D] super 50.38%
2026-03-27T12:05:30.942534 [EDL:5719F12D] super 50.67%
2026-03-27T12:05:31.067438 [EDL:5719F12D] super 50.95%
2026-03-27T12:05:31.193386 [EDL:5719F12D] super 51.23%
2026-03-27T12:05:31.320346 [EDL:5719F12D] super 51.51%
2026-03-27T12:05:31.445033 [EDL:5719F12D] super 51.80%
2026-03-27T12:05:31.584626 [EDL:5719F12D] super 52.08%
2026-03-27T12:05:31.696553 [EDL:5719F12D] super 52.36%
2026-03-27T12:05:31.823455 [EDL:5719F12D] super 52.64%
2026-03-27T12:05:31.950145 [EDL:5719F12D] super 52.93%
2026-03-27T12:05:32.076656 [EDL:5719F12D] super 53.21%
2026-03-27T12:05:32.202701 [EDL:5719F12D] super 53.49%
2026-03-27T12:05:32.330011 [EDL:5719F12D] super 53.78%
2026-03-27T12:05:32.456921 [EDL:5719F12D] super 54.06%
2026-03-27T12:05:32.581483 [EDL:5719F12D] super 54.34%
2026-03-27T12:05:32.705539 [EDL:5719F12D] super 54.62%
2026-03-27T12:05:32.830507 [EDL:5719F12D] super 54.91%
2026-03-27T12:05:32.956588 [EDL:5719F12D] super 55.19%
2026-03-27T12:05:33.082436 [EDL:5719F12D] super 55.47%
2026-03-27T12:05:33.209055 [EDL:5719F12D] super 55.75%
2026-03-27T12:05:33.334232 [EDL:5719F12D] super 56.04%
2026-03-27T12:05:33.458359 [EDL:5719F12D] super 56.32%
2026-03-27T12:05:33.583146 [EDL:5719F12D] super 56.60%
2026-03-27T12:05:33.709531 [EDL:5719F12D] super 56.88%
2026-03-27T12:05:33.835338 [EDL:5719F12D] super 57.17%
2026-03-27T12:05:33.958540 [EDL:5719F12D] super 57.45%
2026-03-27T12:05:34.082939 [EDL:5719F12D] super 57.73%
2026-03-27T12:05:34.209098 [EDL:5719F12D] super 58.02%
2026-03-27T12:05:34.332536 [EDL:5719F12D] super 58.30%
2026-03-27T12:05:34.456295 [EDL:5719F12D] super 58.58%
2026-03-27T12:05:34.579598 [EDL:5719F12D] super 58.86%
2026-03-27T12:05:34.703526 [EDL:5719F12D] super 59.15%
2026-03-27T12:05:34.828881 [EDL:5719F12D] super 59.43%
2026-03-27T12:05:34.954177 [EDL:5719F12D] super 59.71%
2026-03-27T12:05:35.078208 [EDL:5719F12D] super 59.99%
2026-03-27T12:05:35.202849 [EDL:5719F12D] super 60.28%
2026-03-27T12:05:35.328459 [EDL:5719F12D] super 60.56%
2026-03-27T12:05:35.455309 [EDL:5719F12D] super 60.84%
2026-03-27T12:05:35.581507 [EDL:5719F12D] super 61.12%
2026-03-27T12:05:35.708255 [EDL:5719F12D] super 61.41%
2026-03-27T12:05:35.833973 [EDL:5719F12D] super 61.69%
2026-03-27T12:05:35.958024 [EDL:5719F12D] super 61.97%
2026-03-27T12:05:36.082889 [EDL:5719F12D] super 62.26%
2026-03-27T12:05:36.206748 [EDL:5719F12D] super 62.54%
2026-03-27T12:05:36.331464 [EDL:5719F12D] super 62.82%
2026-03-27T12:05:36.454550 [EDL:5719F12D] super 63.10%
2026-03-27T12:05:36.578286 [EDL:5719F12D] super 63.39%
2026-03-27T12:05:36.702514 [EDL:5719F12D] super 63.67%
2026-03-27T12:05:36.825399 [EDL:5719F12D] super 63.95%
2026-03-27T12:05:36.953538 [EDL:5719F12D] super 64.23%
2026-03-27T12:05:37.085120 [EDL:5719F12D] super 64.52%
2026-03-27T12:05:37.212763 [EDL:5719F12D] super 64.80%
2026-03-27T12:05:37.338852 [EDL:5719F12D] super 65.08%
2026-03-27T12:05:37.462570 [EDL:5719F12D] super 65.36%
2026-03-27T12:05:37.586244 [EDL:5719F12D] super 65.65%
2026-03-27T12:05:37.710232 [EDL:5719F12D] super 65.93%
2026-03-27T12:05:37.834525 [EDL:5719F12D] super 66.21%
2026-03-27T12:05:37.959166 [EDL:5719F12D] super 66.50%
2026-03-27T12:05:38.085553 [EDL:5719F12D] super 66.78%
2026-03-27T12:05:38.212177 [EDL:5719F12D] super 67.06%
2026-03-27T12:05:38.337589 [EDL:5719F12D] super 67.34%
2026-03-27T12:05:38.462349 [EDL:5719F12D] super 67.63%
2026-03-27T12:05:38.587275 [EDL:5719F12D] super 67.91%
2026-03-27T12:05:38.712439 [EDL:5719F12D] super 68.19%
2026-03-27T12:05:38.837348 [EDL:5719F12D] super 68.47%
2026-03-27T12:05:38.962725 [EDL:5719F12D] super 68.76%
2026-03-27T12:05:39.088365 [EDL:5719F12D] super 69.04%
2026-03-27T12:05:39.214554 [EDL:5719F12D] super 69.32%
2026-03-27T12:05:39.338472 [EDL:5719F12D] super 69.60%
2026-03-27T12:05:39.464711 [EDL:5719F12D] super 69.89%
2026-03-27T12:05:39.589841 [EDL:5719F12D] super 70.17%
2026-03-27T12:05:39.715161 [EDL:5719F12D] super 70.45%
2026-03-27T12:05:39.839738 [EDL:5719F12D] super 70.74%
2026-03-27T12:05:39.964696 [EDL:5719F12D] super 71.02%
2026-03-27T12:05:40.089496 [EDL:5719F12D] super 71.30%
2026-03-27T12:05:40.215055 [EDL:5719F12D] super 71.58%
2026-03-27T12:05:40.342237 [EDL:5719F12D] super 71.87%
2026-03-27T12:05:40.470354 [EDL:5719F12D] super 72.15%
2026-03-27T12:05:40.595473 [EDL:5719F12D] super 72.43%
2026-03-27T12:05:40.720805 [EDL:5719F12D] super 72.71%
2026-03-27T12:05:40.846262 [EDL:5719F12D] super 73.00%
2026-03-27T12:05:40.971755 [EDL:5719F12D] super 73.28%
2026-03-27T12:05:41.095583 [EDL:5719F12D] super 73.56%
2026-03-27T12:05:41.222090 [EDL:5719F12D] super 73.84%
2026-03-27T12:05:41.347020 [EDL:5719F12D] super 74.13%
2026-03-27T12:05:41.471782 [EDL:5719F12D] super 74.41%
2026-03-27T12:05:41.597456 [EDL:5719F12D] super 74.69%
2026-03-27T12:05:41.722039 [EDL:5719F12D] super 74.97%
2026-03-27T12:05:41.847476 [EDL:5719F12D] super 75.26%
2026-03-27T12:05:41.972644 [EDL:5719F12D] super 75.54%
2026-03-27T12:05:42.097777 [EDL:5719F12D] super 75.82%
2026-03-27T12:05:42.223336 [EDL:5719F12D] super 76.11%
2026-03-27T12:05:42.350089 [EDL:5719F12D] super 76.39%
2026-03-27T12:05:42.475103 [EDL:5719F12D] super 76.67%
2026-03-27T12:05:42.600844 [EDL:5719F12D] super 76.95%
2026-03-27T12:05:42.726792 [EDL:5719F12D] super 77.24%
2026-03-27T12:05:42.850572 [EDL:5719F12D] super 77.52%
2026-03-27T12:05:42.975478 [EDL:5719F12D] super 77.80%
2026-03-27T12:05:43.101518 [EDL:5719F12D] super 78.08%
2026-03-27T12:05:43.226367 [EDL:5719F12D] super 78.37%
2026-03-27T12:05:43.351704 [EDL:5719F12D] super 78.65%
2026-03-27T12:05:43.477793 [EDL:5719F12D] super 78.93%
2026-03-27T12:05:43.603307 [EDL:5719F12D] super 79.21%
2026-03-27T12:05:43.727454 [EDL:5719F12D] super 79.50%
2026-03-27T12:05:43.851211 [EDL:5719F12D] super 79.78%
2026-03-27T12:05:43.975345 [EDL:5719F12D] super 80.06%
2026-03-27T12:05:44.100039 [EDL:5719F12D] super 80.35%
2026-03-27T12:05:44.225884 [EDL:5719F12D] super 80.63%
2026-03-27T12:05:44.351326 [EDL:5719F12D] super 80.91%
2026-03-27T12:05:44.477385 [EDL:5719F12D] super 81.19%
2026-03-27T12:05:44.603758 [EDL:5719F12D] super 81.48%
2026-03-27T12:05:44.727989 [EDL:5719F12D] super 81.76%
2026-03-27T12:05:44.852600 [EDL:5719F12D] super 82.04%
2026-03-27T12:05:44.979385 [EDL:5719F12D] super 82.32%
2026-03-27T12:05:45.105179 [EDL:5719F12D] super 82.61%
2026-03-27T12:05:45.230355 [EDL:5719F12D] super 82.89%
2026-03-27T12:05:45.354444 [EDL:5719F12D] super 83.17%
2026-03-27T12:05:45.479027 [EDL:5719F12D] super 83.45%
2026-03-27T12:05:45.603717 [EDL:5719F12D] super 83.74%
2026-03-27T12:05:45.727647 [EDL:5719F12D] super 84.02%
2026-03-27T12:05:45.851764 [EDL:5719F12D] super 84.30%
2026-03-27T12:05:45.977127 [EDL:5719F12D] super 84.59%
2026-03-27T12:05:46.102984 [EDL:5719F12D] super 84.87%
2026-03-27T12:05:46.226339 [EDL:5719F12D] super 85.15%
2026-03-27T12:05:46.351528 [EDL:5719F12D] super 85.43%
2026-03-27T12:05:46.475802 [EDL:5719F12D] super 85.72%
2026-03-27T12:05:46.598956 [EDL:5719F12D] super 86.00%
2026-03-27T12:05:46.721713 [EDL:5719F12D] super 86.28%
2026-03-27T12:05:46.847619 [EDL:5719F12D] super 86.56%
2026-03-27T12:05:46.971469 [EDL:5719F12D] super 86.85%
2026-03-27T12:05:47.098537 [EDL:5719F12D] super 87.13%
2026-03-27T12:05:47.223589 [EDL:5719F12D] super 87.41%
2026-03-27T12:05:47.348090 [EDL:5719F12D] super 87.69%
2026-03-27T12:05:47.473555 [EDL:5719F12D] super 87.98%
2026-03-27T12:05:47.599522 [EDL:5719F12D] super 88.26%
2026-03-27T12:05:47.724621 [EDL:5719F12D] super 88.54%
2026-03-27T12:05:47.847712 [EDL:5719F12D] super 88.83%
2026-03-27T12:05:47.973200 [EDL:5719F12D] super 89.11%
2026-03-27T12:05:48.097903 [EDL:5719F12D] super 89.39%
2026-03-27T12:05:48.221958 [EDL:5719F12D] super 89.67%
2026-03-27T12:05:48.344530 [EDL:5719F12D] super 89.96%
2026-03-27T12:05:48.467176 [EDL:5719F12D] super 90.24%
2026-03-27T12:05:48.591879 [EDL:5719F12D] super 90.52%
2026-03-27T12:05:48.716021 [EDL:5719F12D] super 90.80%
2026-03-27T12:05:48.840233 [EDL:5719F12D] super 91.09%
2026-03-27T12:05:48.966365 [EDL:5719F12D] super 91.37%
2026-03-27T12:05:49.091868 [EDL:5719F12D] super 91.65%
2026-03-27T12:05:49.215215 [EDL:5719F12D] super 91.93%
2026-03-27T12:05:49.338346 [EDL:5719F12D] super 92.22%
2026-03-27T12:05:49.465539 [EDL:5719F12D] super 92.50%
2026-03-27T12:05:49.592145 [EDL:5719F12D] super 92.78%
2026-03-27T12:05:49.718296 [EDL:5719F12D] super 93.06%
2026-03-27T12:05:49.843479 [EDL:5719F12D] super 93.35%
2026-03-27T12:05:49.967237 [EDL:5719F12D] super 93.63%
2026-03-27T12:05:50.092101 [EDL:5719F12D] super 93.91%
2026-03-27T12:05:50.216893 [EDL:5719F12D] super 94.20%
2026-03-27T12:05:50.341939 [EDL:5719F12D] super 94.48%
2026-03-27T12:05:50.467389 [EDL:5719F12D] super 94.76%
2026-03-27T12:05:50.593465 [EDL:5719F12D] super 95.04%
2026-03-27T12:05:50.719575 [EDL:5719F12D] super 95.33%
2026-03-27T12:05:50.844545 [EDL:5719F12D] super 95.61%
2026-03-27T12:05:50.969982 [EDL:5719F12D] super 95.89%
2026-03-27T12:05:51.096145 [EDL:5719F12D] super 96.17%
2026-03-27T12:05:51.222103 [EDL:5719F12D] super 96.46%
2026-03-27T12:05:51.348294 [EDL:5719F12D] super 96.74%
2026-03-27T12:05:51.473404 [EDL:5719F12D] super 97.02%
2026-03-27T12:05:51.598312 [EDL:5719F12D] super 97.30%
2026-03-27T12:05:51.726082 [EDL:5719F12D] super 97.59%
2026-03-27T12:05:51.855785 [EDL:5719F12D] super 97.87%
2026-03-27T12:05:51.980320 [EDL:5719F12D] super 98.15%
2026-03-27T12:05:52.105028 [EDL:5719F12D] super 98.44%
2026-03-27T12:05:52.228497 [EDL:5719F12D] super 98.72%
2026-03-27T12:05:52.352422 [EDL:5719F12D] super 99.00%
2026-03-27T12:05:52.477930 [EDL:5719F12D] super 99.28%
2026-03-27T12:05:52.602922 [EDL:5719F12D] super 99.57%
2026-03-27T12:05:52.780995 [EDL:5719F12D] super 99.85%
2026-03-27T12:05:52.813024 [EDL:5719F12D] flashed "super" successfully at 32934kB/s
2026-03-27T12:05:52.939413 [EDL:5719F12D] super 0.10%
2026-03-27T12:05:53.065613 [EDL:5719F12D] super 0.51%
2026-03-27T12:05:53.190862 [EDL:5719F12D] super 0.92%
2026-03-27T12:05:53.316576 [EDL:5719F12D] super 1.33%
2026-03-27T12:05:53.442025 [EDL:5719F12D] super 1.74%
2026-03-27T12:05:53.580496 [EDL:5719F12D] super 2.15%
2026-03-27T12:05:53.694147 [EDL:5719F12D] super 2.56%
2026-03-27T12:05:53.819862 [EDL:5719F12D] super 2.97%
2026-03-27T12:05:53.946019 [EDL:5719F12D] super 3.38%
2026-03-27T12:05:54.071983 [EDL:5719F12D] super 3.79%
2026-03-27T12:05:54.197723 [EDL:5719F12D] super 4.20%
2026-03-27T12:05:54.322390 [EDL:5719F12D] super 4.60%
2026-03-27T12:05:54.448138 [EDL:5719F12D] super 5.01%
2026-03-27T12:05:54.573082 [EDL:5719F12D] super 5.42%
2026-03-27T12:05:54.698507 [EDL:5719F12D] super 5.83%
2026-03-27T12:05:54.823562 [EDL:5719F12D] super 6.24%
2026-03-27T12:05:54.947632 [EDL:5719F12D] super 6.65%
2026-03-27T12:05:55.073538 [EDL:5719F12D] super 7.06%
2026-03-27T12:05:55.197736 [EDL:5719F12D] super 7.47%
2026-03-27T12:05:55.323618 [EDL:5719F12D] super 7.88%
2026-03-27T12:05:55.447137 [EDL:5719F12D] super 8.29%
2026-03-27T12:05:55.571724 [EDL:5719F12D] super 8.70%
2026-03-27T12:05:55.697179 [EDL:5719F12D] super 9.11%
2026-03-27T12:05:55.821277 [EDL:5719F12D] super 9.52%
2026-03-27T12:05:55.946187 [EDL:5719F12D] super 9.93%
2026-03-27T12:05:56.072083 [EDL:5719F12D] super 10.34%
2026-03-27T12:05:56.197172 [EDL:5719F12D] super 10.74%
2026-03-27T12:05:56.322703 [EDL:5719F12D] super 11.15%
2026-03-27T12:05:56.448003 [EDL:5719F12D] super 11.56%
2026-03-27T12:05:56.573862 [EDL:5719F12D] super 11.97%
2026-03-27T12:05:56.699411 [EDL:5719F12D] super 12.38%
2026-03-27T12:05:56.825531 [EDL:5719F12D] super 12.79%
2026-03-27T12:05:56.951302 [EDL:5719F12D] super 13.20%
2026-03-27T12:05:57.077778 [EDL:5719F12D] super 13.61%
2026-03-27T12:05:57.203184 [EDL:5719F12D] super 14.02%
2026-03-27T12:05:57.329836 [EDL:5719F12D] super 14.43%
2026-03-27T12:05:57.456258 [EDL:5719F12D] super 14.84%
2026-03-27T12:05:57.581553 [EDL:5719F12D] super 15.25%
2026-03-27T12:05:57.707565 [EDL:5719F12D] super 15.66%
2026-03-27T12:05:57.832974 [EDL:5719F12D] super 16.07%
2026-03-27T12:05:57.958645 [EDL:5719F12D] super 16.48%
2026-03-27T12:05:58.084370 [EDL:5719F12D] super 16.88%
2026-03-27T12:05:58.210241 [EDL:5719F12D] super 17.29%
2026-03-27T12:05:58.335008 [EDL:5719F12D] super 17.70%
2026-03-27T12:05:58.459468 [EDL:5719F12D] super 18.11%
2026-03-27T12:05:58.584119 [EDL:5719F12D] super 18.52%
2026-03-27T12:05:58.708959 [EDL:5719F12D] super 18.93%
2026-03-27T12:05:58.832765 [EDL:5719F12D] super 19.34%
2026-03-27T12:05:58.957728 [EDL:5719F12D] super 19.75%
2026-03-27T12:05:59.082501 [EDL:5719F12D] super 20.16%
2026-03-27T12:05:59.207970 [EDL:5719F12D] super 20.57%
2026-03-27T12:05:59.333155 [EDL:5719F12D] super 20.98%
2026-03-27T12:05:59.458058 [EDL:5719F12D] super 21.39%
2026-03-27T12:05:59.582528 [EDL:5719F12D] super 21.80%
2026-03-27T12:05:59.707849 [EDL:5719F12D] super 22.21%
2026-03-27T12:05:59.833232 [EDL:5719F12D] super 22.61%
2026-03-27T12:05:59.959078 [EDL:5719F12D] super 23.02%
2026-03-27T12:06:00.086397 [EDL:5719F12D] super 23.43%
2026-03-27T12:06:00.211977 [EDL:5719F12D] super 23.84%
2026-03-27T12:06:00.336545 [EDL:5719F12D] super 24.25%
2026-03-27T12:06:00.463177 [EDL:5719F12D] super 24.66%
2026-03-27T12:06:00.588890 [EDL:5719F12D] super 25.07%
2026-03-27T12:06:00.714893 [EDL:5719F12D] super 25.48%
2026-03-27T12:06:00.840176 [EDL:5719F12D] super 25.89%
2026-03-27T12:06:00.965340 [EDL:5719F12D] super 26.30%
2026-03-27T12:06:01.090430 [EDL:5719F12D] super 26.71%
2026-03-27T12:06:01.215432 [EDL:5719F12D] super 27.12%
2026-03-27T12:06:01.340510 [EDL:5719F12D] super 27.53%
2026-03-27T12:06:01.466960 [EDL:5719F12D] super 27.94%
2026-03-27T12:06:01.592709 [EDL:5719F12D] super 28.35%
2026-03-27T12:06:01.717419 [EDL:5719F12D] super 28.75%
2026-03-27T12:06:01.842990 [EDL:5719F12D] super 29.16%
2026-03-27T12:06:01.968072 [EDL:5719F12D] super 29.57%
2026-03-27T12:06:02.093312 [EDL:5719F12D] super 29.98%
2026-03-27T12:06:02.217797 [EDL:5719F12D] super 30.39%
2026-03-27T12:06:02.342359 [EDL:5719F12D] super 30.80%
2026-03-27T12:06:02.467221 [EDL:5719F12D] super 31.21%
2026-03-27T12:06:02.592894 [EDL:5719F12D] super 31.62%
2026-03-27T12:06:02.718202 [EDL:5719F12D] super 32.03%
2026-03-27T12:06:02.844228 [EDL:5719F12D] super 32.44%
2026-03-27T12:06:02.969917 [EDL:5719F12D] super 32.85%
2026-03-27T12:06:03.094951 [EDL:5719F12D] super 33.26%
2026-03-27T12:06:03.220935 [EDL:5719F12D] super 33.67%
2026-03-27T12:06:03.346245 [EDL:5719F12D] super 34.08%
2026-03-27T12:06:03.472716 [EDL:5719F12D] super 34.48%
2026-03-27T12:06:03.598588 [EDL:5719F12D] super 34.89%
2026-03-27T12:06:03.725202 [EDL:5719F12D] super 35.30%
2026-03-27T12:06:03.850218 [EDL:5719F12D] super 35.71%
2026-03-27T12:06:03.975601 [EDL:5719F12D] super 36.12%
2026-03-27T12:06:04.101448 [EDL:5719F12D] super 36.53%
2026-03-27T12:06:04.226861 [EDL:5719F12D] super 36.94%
2026-03-27T12:06:04.352011 [EDL:5719F12D] super 37.35%
2026-03-27T12:06:04.478069 [EDL:5719F12D] super 37.76%
2026-03-27T12:06:04.605090 [EDL:5719F12D] super 38.17%
2026-03-27T12:06:04.731958 [EDL:5719F12D] super 38.58%
2026-03-27T12:06:04.858391 [EDL:5719F12D] super 38.99%
2026-03-27T12:06:04.983339 [EDL:5719F12D] super 39.40%
2026-03-27T12:06:05.108175 [EDL:5719F12D] super 39.81%
2026-03-27T12:06:05.232500 [EDL:5719F12D] super 40.22%
2026-03-27T12:06:05.359010 [EDL:5719F12D] super 40.62%
2026-03-27T12:06:05.484733 [EDL:5719F12D] super 41.03%
2026-03-27T12:06:05.609555 [EDL:5719F12D] super 41.44%
2026-03-27T12:06:05.735763 [EDL:5719F12D] super 41.85%
2026-03-27T12:06:05.861429 [EDL:5719F12D] super 42.26%
2026-03-27T12:06:05.986799 [EDL:5719F12D] super 42.67%
2026-03-27T12:06:06.111445 [EDL:5719F12D] super 43.08%
2026-03-27T12:06:06.236995 [EDL:5719F12D] super 43.49%
2026-03-27T12:06:06.362259 [EDL:5719F12D] super 43.90%
2026-03-27T12:06:06.487488 [EDL:5719F12D] super 44.31%
2026-03-27T12:06:06.612503 [EDL:5719F12D] super 44.72%
2026-03-27T12:06:06.737640 [EDL:5719F12D] super 45.13%
2026-03-27T12:06:06.864296 [EDL:5719F12D] super 45.54%
2026-03-27T12:06:06.990495 [EDL:5719F12D] super 45.95%
2026-03-27T12:06:07.116089 [EDL:5719F12D] super 46.36%
2026-03-27T12:06:07.240932 [EDL:5719F12D] super 46.76%
2026-03-27T12:06:07.364546 [EDL:5719F12D] super 47.17%
2026-03-27T12:06:07.489212 [EDL:5719F12D] super 47.58%
2026-03-27T12:06:07.613995 [EDL:5719F12D] super 47.99%
2026-03-27T12:06:07.738413 [EDL:5719F12D] super 48.40%
2026-03-27T12:06:07.864595 [EDL:5719F12D] super 48.81%
2026-03-27T12:06:07.990575 [EDL:5719F12D] super 49.22%
2026-03-27T12:06:08.116585 [EDL:5719F12D] super 49.63%
2026-03-27T12:06:08.243624 [EDL:5719F12D] super 50.04%
2026-03-27T12:06:08.369519 [EDL:5719F12D] super 50.45%
2026-03-27T12:06:08.496062 [EDL:5719F12D] super 50.86%
2026-03-27T12:06:08.622202 [EDL:5719F12D] super 51.27%
2026-03-27T12:06:08.748723 [EDL:5719F12D] super 51.68%
2026-03-27T12:06:08.875590 [EDL:5719F12D] super 52.09%
2026-03-27T12:06:09.002012 [EDL:5719F12D] super 52.49%
2026-03-27T12:06:09.128107 [EDL:5719F12D] super 52.90%
2026-03-27T12:06:09.254782 [EDL:5719F12D] super 53.31%
2026-03-27T12:06:09.382513 [EDL:5719F12D] super 53.72%
2026-03-27T12:06:09.508142 [EDL:5719F12D] super 54.13%
2026-03-27T12:06:09.633872 [EDL:5719F12D] super 54.54%
2026-03-27T12:06:09.759296 [EDL:5719F12D] super 54.95%
2026-03-27T12:06:09.884111 [EDL:5719F12D] super 55.36%
2026-03-27T12:06:10.008455 [EDL:5719F12D] super 55.77%
2026-03-27T12:06:10.133564 [EDL:5719F12D] super 56.18%
2026-03-27T12:06:10.259921 [EDL:5719F12D] super 56.59%
2026-03-27T12:06:10.386352 [EDL:5719F12D] super 57.00%
2026-03-27T12:06:10.511735 [EDL:5719F12D] super 57.41%
2026-03-27T12:06:10.638274 [EDL:5719F12D] super 57.82%
2026-03-27T12:06:10.764393 [EDL:5719F12D] super 58.23%
2026-03-27T12:06:10.890581 [EDL:5719F12D] super 58.63%
2026-03-27T12:06:11.017448 [EDL:5719F12D] super 59.04%
2026-03-27T12:06:11.143993 [EDL:5719F12D] super 59.45%
2026-03-27T12:06:11.269489 [EDL:5719F12D] super 59.86%
2026-03-27T12:06:11.396454 [EDL:5719F12D] super 60.27%
2026-03-27T12:06:11.522435 [EDL:5719F12D] super 60.68%
2026-03-27T12:06:11.648086 [EDL:5719F12D] super 61.09%
2026-03-27T12:06:11.773827 [EDL:5719F12D] super 61.50%
2026-03-27T12:06:11.899542 [EDL:5719F12D] super 61.91%
2026-03-27T12:06:12.024262 [EDL:5719F12D] super 62.32%
2026-03-27T12:06:12.149707 [EDL:5719F12D] super 62.73%
2026-03-27T12:06:12.274228 [EDL:5719F12D] super 63.14%
2026-03-27T12:06:12.399446 [EDL:5719F12D] super 63.55%
2026-03-27T12:06:12.524586 [EDL:5719F12D] super 63.96%
2026-03-27T12:06:12.650365 [EDL:5719F12D] super 64.37%
2026-03-27T12:06:12.775753 [EDL:5719F12D] super 64.77%
2026-03-27T12:06:12.901437 [EDL:5719F12D] super 65.18%
2026-03-27T12:06:13.027302 [EDL:5719F12D] super 65.59%
2026-03-27T12:06:13.154526 [EDL:5719F12D] super 66.00%
2026-03-27T12:06:13.279087 [EDL:5719F12D] super 66.41%
2026-03-27T12:06:13.404243 [EDL:5719F12D] super 66.82%
2026-03-27T12:06:13.528809 [EDL:5719F12D] super 67.23%
2026-03-27T12:06:13.654960 [EDL:5719F12D] super 67.64%
2026-03-27T12:06:13.779621 [EDL:5719F12D] super 68.05%
2026-03-27T12:06:13.905278 [EDL:5719F12D] super 68.46%
2026-03-27T12:06:14.030874 [EDL:5719F12D] super 68.87%
2026-03-27T12:06:14.156305 [EDL:5719F12D] super 69.28%
2026-03-27T12:06:14.275413 [EDL:5719F12D] super 69.69%
2026-03-27T12:06:14.401076 [EDL:5719F12D] super 70.10%
2026-03-27T12:06:14.526038 [EDL:5719F12D] super 70.50%
2026-03-27T12:06:14.650753 [EDL:5719F12D] super 70.91%
2026-03-27T12:06:14.776698 [EDL:5719F12D] super 71.32%
2026-03-27T12:06:14.902836 [EDL:5719F12D] super 71.73%
2026-03-27T12:06:15.027990 [EDL:5719F12D] super 72.14%
2026-03-27T12:06:15.153470 [EDL:5719F12D] super 72.55%
2026-03-27T12:06:15.279346 [EDL:5719F12D] super 72.96%
2026-03-27T12:06:15.404420 [EDL:5719F12D] super 73.37%
2026-03-27T12:06:15.529861 [EDL:5719F12D] super 73.78%
2026-03-27T12:06:15.655796 [EDL:5719F12D] super 74.19%
2026-03-27T12:06:15.780757 [EDL:5719F12D] super 74.60%
2026-03-27T12:06:15.905830 [EDL:5719F12D] super 75.01%
2026-03-27T12:06:16.031455 [EDL:5719F12D] super 75.42%
2026-03-27T12:06:16.157008 [EDL:5719F12D] super 75.83%
2026-03-27T12:06:16.283250 [EDL:5719F12D] super 76.24%
2026-03-27T12:06:16.407115 [EDL:5719F12D] super 76.64%
2026-03-27T12:06:16.533131 [EDL:5719F12D] super 77.05%
2026-03-27T12:06:16.658960 [EDL:5719F12D] super 77.46%
2026-03-27T12:06:16.784224 [EDL:5719F12D] super 77.87%
2026-03-27T12:06:16.909268 [EDL:5719F12D] super 78.28%
2026-03-27T12:06:17.035297 [EDL:5719F12D] super 78.69%
2026-03-27T12:06:17.159587 [EDL:5719F12D] super 79.10%
2026-03-27T12:06:17.285334 [EDL:5719F12D] super 79.51%
2026-03-27T12:06:17.410272 [EDL:5719F12D] super 79.92%
2026-03-27T12:06:17.536712 [EDL:5719F12D] super 80.33%
2026-03-27T12:06:17.662004 [EDL:5719F12D] super 80.74%
2026-03-27T12:06:17.787631 [EDL:5719F12D] super 81.15%
2026-03-27T12:06:17.912228 [EDL:5719F12D] super 81.56%
2026-03-27T12:06:18.036940 [EDL:5719F12D] super 81.97%
2026-03-27T12:06:18.162531 [EDL:5719F12D] super 82.37%
2026-03-27T12:06:18.286842 [EDL:5719F12D] super 82.78%
2026-03-27T12:06:18.412564 [EDL:5719F12D] super 83.19%
2026-03-27T12:06:18.537805 [EDL:5719F12D] super 83.60%
2026-03-27T12:06:18.663388 [EDL:5719F12D] super 84.01%
2026-03-27T12:06:18.788026 [EDL:5719F12D] super 84.42%
2026-03-27T12:06:18.915259 [EDL:5719F12D] super 84.83%
2026-03-27T12:06:19.041078 [EDL:5719F12D] super 85.24%
2026-03-27T12:06:19.165801 [EDL:5719F12D] super 85.65%
2026-03-27T12:06:19.290325 [EDL:5719F12D] super 86.06%
2026-03-27T12:06:19.416145 [EDL:5719F12D] super 86.47%
2026-03-27T12:06:19.541412 [EDL:5719F12D] super 86.88%
2026-03-27T12:06:19.667546 [EDL:5719F12D] super 87.29%
2026-03-27T12:06:19.793418 [EDL:5719F12D] super 87.70%
2026-03-27T12:06:19.919364 [EDL:5719F12D] super 88.11%
2026-03-27T12:06:20.047549 [EDL:5719F12D] super 88.51%
2026-03-27T12:06:20.173100 [EDL:5719F12D] super 88.92%
2026-03-27T12:06:20.299550 [EDL:5719F12D] super 89.33%
2026-03-27T12:06:20.424500 [EDL:5719F12D] super 89.74%
2026-03-27T12:06:20.550561 [EDL:5719F12D] super 90.15%
2026-03-27T12:06:20.677169 [EDL:5719F12D] super 90.56%
2026-03-27T12:06:20.805118 [EDL:5719F12D] super 90.97%
2026-03-27T12:06:20.933742 [EDL:5719F12D] super 91.38%
2026-03-27T12:06:21.060031 [EDL:5719F12D] super 91.79%
2026-03-27T12:06:21.185292 [EDL:5719F12D] super 92.20%
2026-03-27T12:06:21.309731 [EDL:5719F12D] super 92.61%
2026-03-27T12:06:21.434963 [EDL:5719F12D] super 93.02%
2026-03-27T12:06:21.574098 [EDL:5719F12D] super 93.43%
2026-03-27T12:06:21.686167 [EDL:5719F12D] super 93.84%
2026-03-27T12:06:21.811854 [EDL:5719F12D] super 94.25%
2026-03-27T12:06:21.936283 [EDL:5719F12D] super 94.65%
2026-03-27T12:06:22.062172 [EDL:5719F12D] super 95.06%
2026-03-27T12:06:22.189068 [EDL:5719F12D] super 95.47%
2026-03-27T12:06:22.315263 [EDL:5719F12D] super 95.88%
2026-03-27T12:06:22.439028 [EDL:5719F12D] super 96.29%
2026-03-27T12:06:22.564115 [EDL:5719F12D] super 96.70%
2026-03-27T12:06:22.690256 [EDL:5719F12D] super 97.11%
2026-03-27T12:06:22.815645 [EDL:5719F12D] super 97.52%
2026-03-27T12:06:22.940283 [EDL:5719F12D] super 97.93%
2026-03-27T12:06:23.065737 [EDL:5719F12D] super 98.34%
2026-03-27T12:06:23.192004 [EDL:5719F12D] super 98.75%
2026-03-27T12:06:23.317504 [EDL:5719F12D] super 99.16%
2026-03-27T12:06:23.444291 [EDL:5719F12D] super 99.57%
2026-03-27T12:06:23.572561 [EDL:5719F12D] super 99.98%
2026-03-27T12:06:23.578711 [EDL:5719F12D] flashed "super" successfully at 32280kB/s
2026-03-27T12:06:23.682792 [EDL:5719F12D] super 100.00%
2026-03-27T12:06:23.714350 [EDL:5719F12D] flashed "super" successfully
2026-03-27T12:06:23.841994 [EDL:5719F12D] super 0.14%
2026-03-27T12:06:23.967318 [EDL:5719F12D] super 0.72%
2026-03-27T12:06:24.092829 [EDL:5719F12D] super 1.29%
2026-03-27T12:06:24.218502 [EDL:5719F12D] super 1.87%
2026-03-27T12:06:24.344579 [EDL:5719F12D] super 2.44%
2026-03-27T12:06:24.469157 [EDL:5719F12D] super 3.02%
2026-03-27T12:06:24.595836 [EDL:5719F12D] super 3.59%
2026-03-27T12:06:24.720422 [EDL:5719F12D] super 4.17%
2026-03-27T12:06:24.847305 [EDL:5719F12D] super 4.74%
2026-03-27T12:06:24.972543 [EDL:5719F12D] super 5.31%
2026-03-27T12:06:25.098133 [EDL:5719F12D] super 5.89%
2026-03-27T12:06:25.223186 [EDL:5719F12D] super 6.46%
2026-03-27T12:06:25.350272 [EDL:5719F12D] super 7.04%
2026-03-27T12:06:25.475464 [EDL:5719F12D] super 7.61%
2026-03-27T12:06:25.601079 [EDL:5719F12D] super 8.19%
2026-03-27T12:06:25.725446 [EDL:5719F12D] super 8.76%
2026-03-27T12:06:25.850968 [EDL:5719F12D] super 9.34%
2026-03-27T12:06:25.977230 [EDL:5719F12D] super 9.91%
2026-03-27T12:06:26.103157 [EDL:5719F12D] super 10.48%
2026-03-27T12:06:26.228397 [EDL:5719F12D] super 11.06%
2026-03-27T12:06:26.353824 [EDL:5719F12D] super 11.63%
2026-03-27T12:06:26.480530 [EDL:5719F12D] super 12.21%
2026-03-27T12:06:26.605894 [EDL:5719F12D] super 12.78%
2026-03-27T12:06:26.731134 [EDL:5719F12D] super 13.36%
2026-03-27T12:06:26.856752 [EDL:5719F12D] super 13.93%
2026-03-27T12:06:26.981785 [EDL:5719F12D] super 14.51%
2026-03-27T12:06:27.106699 [EDL:5719F12D] super 15.08%
2026-03-27T12:06:27.231802 [EDL:5719F12D] super 15.66%
2026-03-27T12:06:27.356575 [EDL:5719F12D] super 16.23%
2026-03-27T12:06:27.481931 [EDL:5719F12D] super 16.80%
2026-03-27T12:06:27.607219 [EDL:5719F12D] super 17.38%
2026-03-27T12:06:27.732282 [EDL:5719F12D] super 17.95%
2026-03-27T12:06:27.855864 [EDL:5719F12D] super 18.53%
2026-03-27T12:06:27.981338 [EDL:5719F12D] super 19.10%
2026-03-27T12:06:28.106434 [EDL:5719F12D] super 19.68%
2026-03-27T12:06:28.231069 [EDL:5719F12D] super 20.25%
2026-03-27T12:06:28.357237 [EDL:5719F12D] super 20.83%
2026-03-27T12:06:28.482124 [EDL:5719F12D] super 21.40%
2026-03-27T12:06:28.607287 [EDL:5719F12D] super 21.98%
2026-03-27T12:06:28.731503 [EDL:5719F12D] super 22.55%
2026-03-27T12:06:28.856549 [EDL:5719F12D] super 23.12%
2026-03-27T12:06:28.981308 [EDL:5719F12D] super 23.70%
2026-03-27T12:06:29.105953 [EDL:5719F12D] super 24.27%
2026-03-27T12:06:29.232160 [EDL:5719F12D] super 24.85%
2026-03-27T12:06:29.357761 [EDL:5719F12D] super 25.42%
2026-03-27T12:06:29.483314 [EDL:5719F12D] super 26.00%
2026-03-27T12:06:29.610107 [EDL:5719F12D] super 26.57%
2026-03-27T12:06:29.735077 [EDL:5719F12D] super 27.15%
2026-03-27T12:06:29.860102 [EDL:5719F12D] super 27.72%
2026-03-27T12:06:29.985280 [EDL:5719F12D] super 28.29%
2026-03-27T12:06:30.110492 [EDL:5719F12D] super 28.87%
2026-03-27T12:06:30.235911 [EDL:5719F12D] super 29.44%
2026-03-27T12:06:30.361292 [EDL:5719F12D] super 30.02%
2026-03-27T12:06:30.486176 [EDL:5719F12D] super 30.59%
2026-03-27T12:06:30.611604 [EDL:5719F12D] super 31.17%
2026-03-27T12:06:30.737071 [EDL:5719F12D] super 31.74%
2026-03-27T12:06:30.862656 [EDL:5719F12D] super 32.32%
2026-03-27T12:06:30.987646 [EDL:5719F12D] super 32.89%
2026-03-27T12:06:31.112032 [EDL:5719F12D] super 33.47%
2026-03-27T12:06:31.236480 [EDL:5719F12D] super 34.04%
2026-03-27T12:06:31.361608 [EDL:5719F12D] super 34.61%
2026-03-27T12:06:31.486518 [EDL:5719F12D] super 35.19%
2026-03-27T12:06:31.612907 [EDL:5719F12D] super 35.76%
2026-03-27T12:06:31.737973 [EDL:5719F12D] super 36.34%
2026-03-27T12:06:31.862907 [EDL:5719F12D] super 36.91%
2026-03-27T12:06:31.986122 [EDL:5719F12D] super 37.49%
2026-03-27T12:06:32.112150 [EDL:5719F12D] super 38.06%
2026-03-27T12:06:32.238090 [EDL:5719F12D] super 38.64%
2026-03-27T12:06:32.363635 [EDL:5719F12D] super 39.21%
2026-03-27T12:06:32.489132 [EDL:5719F12D] super 39.79%
2026-03-27T12:06:32.614594 [EDL:5719F12D] super 40.36%
2026-03-27T12:06:32.740877 [EDL:5719F12D] super 40.93%
2026-03-27T12:06:32.866502 [EDL:5719F12D] super 41.51%
2026-03-27T12:06:32.992843 [EDL:5719F12D] super 42.08%
2026-03-27T12:06:33.117660 [EDL:5719F12D] super 42.66%
2026-03-27T12:06:33.242807 [EDL:5719F12D] super 43.23%
2026-03-27T12:06:33.368999 [EDL:5719F12D] super 43.81%
2026-03-27T12:06:33.495786 [EDL:5719F12D] super 44.38%
2026-03-27T12:06:33.622850 [EDL:5719F12D] super 44.96%
2026-03-27T12:06:33.748122 [EDL:5719F12D] super 45.53%
2026-03-27T12:06:33.871864 [EDL:5719F12D] super 46.10%
2026-03-27T12:06:33.996955 [EDL:5719F12D] super 46.68%
2026-03-27T12:06:34.122766 [EDL:5719F12D] super 47.25%
2026-03-27T12:06:34.249899 [EDL:5719F12D] super 47.83%
2026-03-27T12:06:34.374754 [EDL:5719F12D] super 48.40%
2026-03-27T12:06:34.500107 [EDL:5719F12D] super 48.98%
2026-03-27T12:06:34.625311 [EDL:5719F12D] super 49.55%
2026-03-27T12:06:34.750547 [EDL:5719F12D] super 50.13%
2026-03-27T12:06:34.877177 [EDL:5719F12D] super 50.70%
2026-03-27T12:06:35.003103 [EDL:5719F12D] super 51.28%
2026-03-27T12:06:35.129568 [EDL:5719F12D] super 51.85%
2026-03-27T12:06:35.255250 [EDL:5719F12D] super 52.42%
2026-03-27T12:06:35.380237 [EDL:5719F12D] super 53.00%
2026-03-27T12:06:35.504752 [EDL:5719F12D] super 53.57%
2026-03-27T12:06:35.630685 [EDL:5719F12D] super 54.15%
2026-03-27T12:06:35.755468 [EDL:5719F12D] super 54.72%
2026-03-27T12:06:35.880370 [EDL:5719F12D] super 55.30%
2026-03-27T12:06:36.006354 [EDL:5719F12D] super 55.87%
2026-03-27T12:06:36.130368 [EDL:5719F12D] super 56.45%
2026-03-27T12:06:36.255081 [EDL:5719F12D] super 57.02%
2026-03-27T12:06:36.379550 [EDL:5719F12D] super 57.59%
2026-03-27T12:06:36.503946 [EDL:5719F12D] super 58.17%
2026-03-27T12:06:36.628142 [EDL:5719F12D] super 58.74%
2026-03-27T12:06:36.752725 [EDL:5719F12D] super 59.32%
2026-03-27T12:06:36.878181 [EDL:5719F12D] super 59.89%
2026-03-27T12:06:37.002155 [EDL:5719F12D] super 60.47%
2026-03-27T12:06:37.126017 [EDL:5719F12D] super 61.04%
2026-03-27T12:06:37.251378 [EDL:5719F12D] super 61.62%
2026-03-27T12:06:37.377258 [EDL:5719F12D] super 62.19%
2026-03-27T12:06:37.502123 [EDL:5719F12D] super 62.77%
2026-03-27T12:06:37.626752 [EDL:5719F12D] super 63.34%
2026-03-27T12:06:37.751376 [EDL:5719F12D] super 63.91%
2026-03-27T12:06:37.875510 [EDL:5719F12D] super 64.49%
2026-03-27T12:06:38.000530 [EDL:5719F12D] super 65.06%
2026-03-27T12:06:38.124978 [EDL:5719F12D] super 65.64%
2026-03-27T12:06:38.250147 [EDL:5719F12D] super 66.21%
2026-03-27T12:06:38.374248 [EDL:5719F12D] super 66.79%
2026-03-27T12:06:38.500486 [EDL:5719F12D] super 67.36%
2026-03-27T12:06:38.626154 [EDL:5719F12D] super 67.94%
2026-03-27T12:06:38.751610 [EDL:5719F12D] super 68.51%
2026-03-27T12:06:38.876022 [EDL:5719F12D] super 69.09%
2026-03-27T12:06:39.000873 [EDL:5719F12D] super 69.66%
2026-03-27T12:06:39.125108 [EDL:5719F12D] super 70.23%
2026-03-27T12:06:39.248559 [EDL:5719F12D] super 70.81%
2026-03-27T12:06:39.373332 [EDL:5719F12D] super 71.38%
2026-03-27T12:06:39.497948 [EDL:5719F12D] super 71.96%
2026-03-27T12:06:39.622375 [EDL:5719F12D] super 72.53%
2026-03-27T12:06:39.746825 [EDL:5719F12D] super 73.11%
2026-03-27T12:06:39.870225 [EDL:5719F12D] super 73.68%
2026-03-27T12:06:39.994465 [EDL:5719F12D] super 74.26%
2026-03-27T12:06:40.121512 [EDL:5719F12D] super 74.83%
2026-03-27T12:06:40.245729 [EDL:5719F12D] super 75.40%
2026-03-27T12:06:40.369219 [EDL:5719F12D] super 75.98%
2026-03-27T12:06:40.493745 [EDL:5719F12D] super 76.55%
2026-03-27T12:06:40.618713 [EDL:5719F12D] super 77.13%
2026-03-27T12:06:40.743215 [EDL:5719F12D] super 77.70%
2026-03-27T12:06:40.866091 [EDL:5719F12D] super 78.28%
2026-03-27T12:06:40.990041 [EDL:5719F12D] super 78.85%
2026-03-27T12:06:41.115168 [EDL:5719F12D] super 79.43%
2026-03-27T12:06:41.239152 [EDL:5719F12D] super 80.00%
2026-03-27T12:06:41.363364 [EDL:5719F12D] super 80.58%
2026-03-27T12:06:41.487983 [EDL:5719F12D] super 81.15%
2026-03-27T12:06:41.613120 [EDL:5719F12D] super 81.72%
2026-03-27T12:06:41.738248 [EDL:5719F12D] super 82.30%
2026-03-27T12:06:41.861938 [EDL:5719F12D] super 82.87%
2026-03-27T12:06:41.986407 [EDL:5719F12D] super 83.45%
2026-03-27T12:06:42.112048 [EDL:5719F12D] super 84.02%
2026-03-27T12:06:42.236718 [EDL:5719F12D] super 84.60%
2026-03-27T12:06:42.361311 [EDL:5719F12D] super 85.17%
2026-03-27T12:06:42.484662 [EDL:5719F12D] super 85.75%
2026-03-27T12:06:42.609773 [EDL:5719F12D] super 86.32%
2026-03-27T12:06:42.733006 [EDL:5719F12D] super 86.90%
2026-03-27T12:06:42.859505 [EDL:5719F12D] super 87.47%
2026-03-27T12:06:42.984804 [EDL:5719F12D] super 88.04%
2026-03-27T12:06:43.108702 [EDL:5719F12D] super 88.62%
2026-03-27T12:06:43.233270 [EDL:5719F12D] super 89.19%
2026-03-27T12:06:43.359082 [EDL:5719F12D] super 89.77%
2026-03-27T12:06:43.482450 [EDL:5719F12D] super 90.34%
2026-03-27T12:06:43.607184 [EDL:5719F12D] super 90.92%
2026-03-27T12:06:43.732467 [EDL:5719F12D] super 91.49%
2026-03-27T12:06:43.856946 [EDL:5719F12D] super 92.07%
2026-03-27T12:06:43.980581 [EDL:5719F12D] super 92.64%
2026-03-27T12:06:44.105042 [EDL:5719F12D] super 93.21%
2026-03-27T12:06:44.229006 [EDL:5719F12D] super 93.79%
2026-03-27T12:06:44.353791 [EDL:5719F12D] super 94.36%
2026-03-27T12:06:44.479888 [EDL:5719F12D] super 94.94%
2026-03-27T12:06:44.604904 [EDL:5719F12D] super 95.51%
2026-03-27T12:06:44.729254 [EDL:5719F12D] super 96.09%
2026-03-27T12:06:44.854526 [EDL:5719F12D] super 96.66%
2026-03-27T12:06:44.977831 [EDL:5719F12D] super 97.24%
2026-03-27T12:06:45.100688 [EDL:5719F12D] super 97.81%
2026-03-27T12:06:45.227175 [EDL:5719F12D] super 98.39%
2026-03-27T12:06:45.351615 [EDL:5719F12D] super 98.96%
2026-03-27T12:06:45.456215 [EDL:5719F12D] super 99.53%
2026-03-27T12:06:45.575187 [EDL:5719F12D] super 100.00%
2026-03-27T12:06:45.592929 [EDL:5719F12D] flashed "super" successfully at 32406kB/s
2026-03-27T12:06:45.716350 [EDL:5719F12D] super 0.15%
2026-03-27T12:06:45.839883 [EDL:5719F12D] super 0.77%
2026-03-27T12:06:45.964136 [EDL:5719F12D] super 1.39%
2026-03-27T12:06:46.088293 [EDL:5719F12D] super 2.01%
2026-03-27T12:06:46.212012 [EDL:5719F12D] super 2.63%
2026-03-27T12:06:46.335081 [EDL:5719F12D] super 3.25%
2026-03-27T12:06:46.459330 [EDL:5719F12D] super 3.87%
2026-03-27T12:06:46.582854 [EDL:5719F12D] super 4.49%
2026-03-27T12:06:46.707365 [EDL:5719F12D] super 5.10%
2026-03-27T12:06:46.831546 [EDL:5719F12D] super 5.72%
2026-03-27T12:06:46.956837 [EDL:5719F12D] super 6.34%
2026-03-27T12:06:47.080765 [EDL:5719F12D] super 6.96%
2026-03-27T12:06:47.207348 [EDL:5719F12D] super 7.58%
2026-03-27T12:06:47.331379 [EDL:5719F12D] super 8.20%
2026-03-27T12:06:47.455044 [EDL:5719F12D] super 8.82%
2026-03-27T12:06:47.580324 [EDL:5719F12D] super 9.44%
2026-03-27T12:06:47.705479 [EDL:5719F12D] super 10.05%
2026-03-27T12:06:47.829974 [EDL:5719F12D] super 10.67%
2026-03-27T12:06:47.954354 [EDL:5719F12D] super 11.29%
2026-03-27T12:06:48.079775 [EDL:5719F12D] super 11.91%
2026-03-27T12:06:48.203354 [EDL:5719F12D] super 12.53%
2026-03-27T12:06:48.328509 [EDL:5719F12D] super 13.15%
2026-03-27T12:06:48.452523 [EDL:5719F12D] super 13.77%
2026-03-27T12:06:48.577232 [EDL:5719F12D] super 14.39%
2026-03-27T12:06:48.700256 [EDL:5719F12D] super 15.00%
2026-03-27T12:06:48.823613 [EDL:5719F12D] super 15.62%
2026-03-27T12:06:48.947527 [EDL:5719F12D] super 16.24%
2026-03-27T12:06:49.071560 [EDL:5719F12D] super 16.86%
2026-03-27T12:06:49.196377 [EDL:5719F12D] super 17.48%
2026-03-27T12:06:49.323018 [EDL:5719F12D] super 18.10%
2026-03-27T12:06:49.447307 [EDL:5719F12D] super 18.72%
2026-03-27T12:06:49.573389 [EDL:5719F12D] super 19.34%
2026-03-27T12:06:49.698557 [EDL:5719F12D] super 19.95%
2026-03-27T12:06:49.821566 [EDL:5719F12D] super 20.57%
2026-03-27T12:06:49.946236 [EDL:5719F12D] super 21.19%
2026-03-27T12:06:50.070623 [EDL:5719F12D] super 21.81%
2026-03-27T12:06:50.196523 [EDL:5719F12D] super 22.43%
2026-03-27T12:06:50.321719 [EDL:5719F12D] super 23.05%
2026-03-27T12:06:50.447403 [EDL:5719F12D] super 23.67%
2026-03-27T12:06:50.572779 [EDL:5719F12D] super 24.29%
2026-03-27T12:06:50.698407 [EDL:5719F12D] super 24.90%
2026-03-27T12:06:50.823960 [EDL:5719F12D] super 25.52%
2026-03-27T12:06:50.950087 [EDL:5719F12D] super 26.14%
2026-03-27T12:06:51.075763 [EDL:5719F12D] super 26.76%
2026-03-27T12:06:51.199455 [EDL:5719F12D] super 27.38%
2026-03-27T12:06:51.324751 [EDL:5719F12D] super 28.00%
2026-03-27T12:06:51.450291 [EDL:5719F12D] super 28.62%
2026-03-27T12:06:51.576244 [EDL:5719F12D] super 29.24%
2026-03-27T12:06:51.700780 [EDL:5719F12D] super 29.85%
2026-03-27T12:06:51.825887 [EDL:5719F12D] super 30.47%
2026-03-27T12:06:51.952820 [EDL:5719F12D] super 31.09%
2026-03-27T12:06:52.077061 [EDL:5719F12D] super 31.71%
2026-03-27T12:06:52.201930 [EDL:5719F12D] super 32.33%
2026-03-27T12:06:52.325945 [EDL:5719F12D] super 32.95%
2026-03-27T12:06:52.450006 [EDL:5719F12D] super 33.57%
2026-03-27T12:06:52.574729 [EDL:5719F12D] super 34.19%
2026-03-27T12:06:52.697982 [EDL:5719F12D] super 34.80%
2026-03-27T12:06:52.822120 [EDL:5719F12D] super 35.42%
2026-03-27T12:06:52.945555 [EDL:5719F12D] super 36.04%
2026-03-27T12:06:53.071805 [EDL:5719F12D] super 36.66%
2026-03-27T12:06:53.197640 [EDL:5719F12D] super 37.28%
2026-03-27T12:06:53.322869 [EDL:5719F12D] super 37.90%
2026-03-27T12:06:53.448021 [EDL:5719F12D] super 38.52%
2026-03-27T12:06:53.572263 [EDL:5719F12D] super 39.14%
2026-03-27T12:06:53.697000 [EDL:5719F12D] super 39.75%
2026-03-27T12:06:53.822130 [EDL:5719F12D] super 40.37%
2026-03-27T12:06:53.946581 [EDL:5719F12D] super 40.99%
2026-03-27T12:06:54.072025 [EDL:5719F12D] super 41.61%
2026-03-27T12:06:54.197503 [EDL:5719F12D] super 42.23%
2026-03-27T12:06:54.323348 [EDL:5719F12D] super 42.85%
2026-03-27T12:06:54.448118 [EDL:5719F12D] super 43.47%
2026-03-27T12:06:54.572737 [EDL:5719F12D] super 44.09%
2026-03-27T12:06:54.698426 [EDL:5719F12D] super 44.70%
2026-03-27T12:06:54.824161 [EDL:5719F12D] super 45.32%
2026-03-27T12:06:54.947809 [EDL:5719F12D] super 45.94%
2026-03-27T12:06:55.071096 [EDL:5719F12D] super 46.56%
2026-03-27T12:06:55.195186 [EDL:5719F12D] super 47.18%
2026-03-27T12:06:55.319837 [EDL:5719F12D] super 47.80%
2026-03-27T12:06:55.441961 [EDL:5719F12D] super 48.42%
2026-03-27T12:06:55.579581 [EDL:5719F12D] super 49.04%
2026-03-27T12:06:55.691910 [EDL:5719F12D] super 49.65%
2026-03-27T12:06:55.815438 [EDL:5719F12D] super 50.27%
2026-03-27T12:06:55.940969 [EDL:5719F12D] super 50.89%
2026-03-27T12:06:56.065880 [EDL:5719F12D] super 51.51%
2026-03-27T12:06:56.189512 [EDL:5719F12D] super 52.13%
2026-03-27T12:06:56.313967 [EDL:5719F12D] super 52.75%
2026-03-27T12:06:56.439851 [EDL:5719F12D] super 53.37%
2026-03-27T12:06:56.565653 [EDL:5719F12D] super 53.99%
2026-03-27T12:06:56.691355 [EDL:5719F12D] super 54.60%
2026-03-27T12:06:56.815869 [EDL:5719F12D] super 55.22%
2026-03-27T12:06:56.941333 [EDL:5719F12D] super 55.84%
2026-03-27T12:06:57.066477 [EDL:5719F12D] super 56.46%
2026-03-27T12:06:57.190325 [EDL:5719F12D] super 57.08%
2026-03-27T12:06:57.314248 [EDL:5719F12D] super 57.70%
2026-03-27T12:06:57.438683 [EDL:5719F12D] super 58.32%
2026-03-27T12:06:57.585887 [EDL:5719F12D] super 58.94%
2026-03-27T12:06:57.688565 [EDL:5719F12D] super 59.55%
2026-03-27T12:06:57.812521 [EDL:5719F12D] super 60.17%
2026-03-27T12:06:57.938153 [EDL:5719F12D] super 60.79%
2026-03-27T12:06:58.061394 [EDL:5719F12D] super 61.41%
2026-03-27T12:06:58.187506 [EDL:5719F12D] super 62.03%
2026-03-27T12:06:58.311155 [EDL:5719F12D] super 62.65%
2026-03-27T12:06:58.434345 [EDL:5719F12D] super 63.27%
2026-03-27T12:06:58.557053 [EDL:5719F12D] super 63.89%
2026-03-27T12:06:58.682071 [EDL:5719F12D] super 64.50%
2026-03-27T12:06:58.806257 [EDL:5719F12D] super 65.12%
2026-03-27T12:06:58.930806 [EDL:5719F12D] super 65.74%
2026-03-27T12:06:59.056368 [EDL:5719F12D] super 66.36%
2026-03-27T12:06:59.182099 [EDL:5719F12D] super 66.98%
2026-03-27T12:06:59.307229 [EDL:5719F12D] super 67.60%
2026-03-27T12:06:59.431559 [EDL:5719F12D] super 68.22%
2026-03-27T12:06:59.574281 [EDL:5719F12D] super 68.84%
2026-03-27T12:06:59.680546 [EDL:5719F12D] super 69.45%
2026-03-27T12:06:59.805635 [EDL:5719F12D] super 70.07%
2026-03-27T12:06:59.930434 [EDL:5719F12D] super 70.69%
2026-03-27T12:07:00.055175 [EDL:5719F12D] super 71.31%
2026-03-27T12:07:00.179873 [EDL:5719F12D] super 71.93%
2026-03-27T12:07:00.303956 [EDL:5719F12D] super 72.55%
2026-03-27T12:07:00.429928 [EDL:5719F12D] super 73.17%
2026-03-27T12:07:00.556705 [EDL:5719F12D] super 73.79%
2026-03-27T12:07:00.682398 [EDL:5719F12D] super 74.40%
2026-03-27T12:07:00.806628 [EDL:5719F12D] super 75.02%
2026-03-27T12:07:00.933390 [EDL:5719F12D] super 75.64%
2026-03-27T12:07:01.058381 [EDL:5719F12D] super 76.26%
2026-03-27T12:07:01.183969 [EDL:5719F12D] super 76.88%
2026-03-27T12:07:01.308560 [EDL:5719F12D] super 77.50%
2026-03-27T12:07:01.432842 [EDL:5719F12D] super 78.12%
2026-03-27T12:07:01.577061 [EDL:5719F12D] super 78.74%
2026-03-27T12:07:01.684029 [EDL:5719F12D] super 79.35%
2026-03-27T12:07:01.809735 [EDL:5719F12D] super 79.97%
2026-03-27T12:07:01.934887 [EDL:5719F12D] super 80.59%
2026-03-27T12:07:02.060458 [EDL:5719F12D] super 81.21%
2026-03-27T12:07:02.185984 [EDL:5719F12D] super 81.83%
2026-03-27T12:07:02.311744 [EDL:5719F12D] super 82.45%
2026-03-27T12:07:02.437485 [EDL:5719F12D] super 83.07%
2026-03-27T12:07:02.562750 [EDL:5719F12D] super 83.69%
2026-03-27T12:07:02.687549 [EDL:5719F12D] super 84.30%
2026-03-27T12:07:02.812891 [EDL:5719F12D] super 84.92%
2026-03-27T12:07:02.938131 [EDL:5719F12D] super 85.54%
2026-03-27T12:07:03.063373 [EDL:5719F12D] super 86.16%
2026-03-27T12:07:03.188191 [EDL:5719F12D] super 86.78%
2026-03-27T12:07:03.314228 [EDL:5719F12D] super 87.40%
2026-03-27T12:07:03.439404 [EDL:5719F12D] super 88.02%
2026-03-27T12:07:03.577226 [EDL:5719F12D] super 88.64%
2026-03-27T12:07:03.689185 [EDL:5719F12D] super 89.25%
2026-03-27T12:07:03.812853 [EDL:5719F12D] super 89.87%
2026-03-27T12:07:03.936737 [EDL:5719F12D] super 90.49%
2026-03-27T12:07:04.061771 [EDL:5719F12D] super 91.11%
2026-03-27T12:07:04.187431 [EDL:5719F12D] super 91.73%
2026-03-27T12:07:04.315501 [EDL:5719F12D] super 92.35%
2026-03-27T12:07:04.441522 [EDL:5719F12D] super 92.97%
2026-03-27T12:07:04.564222 [EDL:5719F12D] super 93.59%
2026-03-27T12:07:04.687941 [EDL:5719F12D] super 94.20%
2026-03-27T12:07:04.813753 [EDL:5719F12D] super 94.82%
2026-03-27T12:07:04.937582 [EDL:5719F12D] super 95.44%
2026-03-27T12:07:05.062952 [EDL:5719F12D] super 96.06%
2026-03-27T12:07:05.188989 [EDL:5719F12D] super 96.68%
2026-03-27T12:07:05.314528 [EDL:5719F12D] super 97.30%
2026-03-27T12:07:05.439612 [EDL:5719F12D] super 97.92%
2026-03-27T12:07:05.578989 [EDL:5719F12D] super 98.54%
2026-03-27T12:07:05.691031 [EDL:5719F12D] super 99.15%
2026-03-27T12:07:05.844449 [EDL:5719F12D] super 99.77%
2026-03-27T12:07:05.876456 [EDL:5719F12D] flashed "super" successfully at 33099kB/s
2026-03-27T12:07:06.001465 [EDL:5719F12D] super 1.52%
2026-03-27T12:07:06.127037 [EDL:5719F12D] super 7.58%
2026-03-27T12:07:06.251249 [EDL:5719F12D] super 13.65%
2026-03-27T12:07:06.375195 [EDL:5719F12D] super 19.71%
2026-03-27T12:07:06.499108 [EDL:5719F12D] super 25.77%
2026-03-27T12:07:06.623635 [EDL:5719F12D] super 31.84%
2026-03-27T12:07:06.747888 [EDL:5719F12D] super 37.90%
2026-03-27T12:07:06.871510 [EDL:5719F12D] super 43.97%
2026-03-27T12:07:06.997131 [EDL:5719F12D] super 50.03%
2026-03-27T12:07:07.123024 [EDL:5719F12D] super 56.10%
2026-03-27T12:07:07.248466 [EDL:5719F12D] super 62.16%
2026-03-27T12:07:07.373594 [EDL:5719F12D] super 68.23%
2026-03-27T12:07:07.498470 [EDL:5719F12D] super 74.29%
2026-03-27T12:07:07.622654 [EDL:5719F12D] super 80.36%
2026-03-27T12:07:07.747081 [EDL:5719F12D] super 86.42%
2026-03-27T12:07:07.872145 [EDL:5719F12D] super 92.48%
2026-03-27T12:07:08.012525 [EDL:5719F12D] super 98.55%
2026-03-27T12:07:08.016787 [EDL:5719F12D] flashed "super" successfully at 33770kB/s
2026-03-27T12:07:08.116152 [EDL:5719F12D] userdata 100.00%
2026-03-27T12:07:08.149000 [EDL:5719F12D] flashed "userdata" successfully
2026-03-27T12:07:08.295514 [EDL:5719F12D] userdata 45.96%
2026-03-27T12:07:08.299711 [EDL:5719F12D] flashed "userdata" successfully
2026-03-27T12:07:08.397996 [EDL:5719F12D] userdata 100.00%
2026-03-27T12:07:08.404039 [EDL:5719F12D] flashed "userdata" successfully
2026-03-27T12:07:08.500719 [EDL:5719F12D] userdata 100.00%
2026-03-27T12:07:08.505036 [EDL:5719F12D] flashed "userdata" successfully
2026-03-27T12:07:08.603148 [EDL:5719F12D] userdata 100.00%
2026-03-27T12:07:08.607647 [EDL:5719F12D] flashed "userdata" successfully
2026-03-27T12:07:08.705483 [EDL:5719F12D] userdata 100.00%
2026-03-27T12:07:08.710130 [EDL:5719F12D] flashed "userdata" successfully
2026-03-27T12:07:08.808117 [EDL:5719F12D] userdata 100.00%
2026-03-27T12:07:08.812539 [EDL:5719F12D] flashed "userdata" successfully
2026-03-27T12:07:08.911302 [EDL:5719F12D] userdata 100.00%
2026-03-27T12:07:08.916957 [EDL:5719F12D] flashed "userdata" successfully
2026-03-27T12:07:09.015067 [EDL:5719F12D] PrimaryGPT 100.00%
2026-03-27T12:07:09.023296 [EDL:5719F12D] flashed "PrimaryGPT" successfully
2026-03-27T12:07:09.118131 [EDL:5719F12D] BackupGPT 100.00%
2026-03-27T12:07:09.220476 [EDL:5719F12D] flashed "BackupGPT" successfully
2026-03-27T12:07:09.322715 [EDL:5719F12D] Applying patches 0.00%
2026-03-27T12:07:09.424726 [EDL:5719F12D] Applying patches 7.69%
2026-03-27T12:07:09.526785 [EDL:5719F12D] Applying patches 15.38%
2026-03-27T12:07:09.629127 [EDL:5719F12D] Applying patches 23.08%
2026-03-27T12:07:09.731361 [EDL:5719F12D] Applying patches 30.77%
2026-03-27T12:07:09.833347 [EDL:5719F12D] Applying patches 38.46%
2026-03-27T12:07:09.936462 [EDL:5719F12D] Applying patches 46.15%
2026-03-27T12:07:10.038590 [EDL:5719F12D] Applying patches 53.85%
2026-03-27T12:07:10.140487 [EDL:5719F12D] Applying patches 61.54%
2026-03-27T12:07:10.242597 [EDL:5719F12D] Applying patches 69.23%
2026-03-27T12:07:10.344345 [EDL:5719F12D] Applying patches 76.92%
2026-03-27T12:07:10.446038 [EDL:5719F12D] Applying patches 84.62%
2026-03-27T12:07:10.546863 [EDL:5719F12D] Applying patches 92.31%
2026-03-27T12:07:10.547373 [EDL:5719F12D] 13 patches applied
2026-03-27T12:07:10.547767 [EDL:5719F12D] partition 0 is now bootable
2026-03-27T12:07:12.602727 --- Parallel Firmware Flash Report ---
2026-03-27T12:07:12.603551 
========================================
       MULTI-DEVICE SESSION REPORT
========================================
Time: 2026-03-27 12:07:11
----------------------------------------
AIO: 5719F12D       | HW: n/a          | SW: n/a            | ✅ PASS | Firmware flashed successfully.
----------------------------------------
TOTAL: 1 | PASSED: 1 | FAILED: 0
========================================
Firmware Flash Elapsed Time: 00:02:44

2026-03-27T12:07:12.607339 Parallel firmware flashing completed successfully. Total firmware flash time: 00:02:44.
2026-03-27T12:11:33.581816 ⚠️ androidboot.baseband=msm: Serial does not match AT070AAXXXXX. Keybox not generated.
2026-03-27T12:12:25.573570 ⚠️ androidboot.baseband=msm: Serial does not match AT070AAXXXXX. Keybox not generated.
2026-03-27T12:31:03.580437 ⚠️ androidboot.baseband=msm: Serial does not match AT070AAXXXXX. Keybox not generated.
2026-03-27T12:31:43.578699 ⚠️ androidboot.baseband=msm: Serial does not match AT070AAXXXXX. Keybox not generated.
2026-03-27T16:52:23.595130 ⚠️ ?: Serial does not match AT070AAXXXXX. Keybox not generated.
2026-03-27T17:06:17.573938 ⚠️ AIO-011: Serial does not match AT070AAXXXXX. Keybox not generated.
2026-03-27T17:06:47.583341 Auto-generated keybox for AT070AA2600032: /home/flasher02/keys_flashing_tool/data/keyboxes/AT070AA2600032.xml
2026-03-27T17:08:23.583533 ⚠️ AIO-012: Serial does not match AT070AAXXXXX. Keybox not generated.
2026-03-27T17:08:53.584036 Auto-generated keybox for AT070AA2600033: /home/flasher02/keys_flashing_tool/data/keyboxes/AT070AA2600033.xml
2026-03-27T17:09:03.576374 ⚠️ AIO-013: Serial does not match AT070AAXXXXX. Keybox not generated.
2026-03-27T17:09:35.577499 Auto-generated keybox for AT070AA2600034: /home/flasher02/keys_flashing_tool/data/keyboxes/AT070AA2600034.xml
2026-03-27T17:11:39.575245 ⚠️ AIO-015: Serial does not match AT070AAXXXXX. Keybox not generated.
2026-03-27T17:12:55.584027 ⚠️ AIO-016: Serial does not match AT070AAXXXXX. Keybox not generated.
2026-03-27T17:13:11.573732 ⚠️ AIO-016: Serial does not match AT070AAXXXXX. Keybox not generated.
2026-03-27T17:14:29.574942 Auto-generated keybox for AT070AA2600036: /home/flasher02/keys_flashing_tool/data/keyboxes/AT070AA2600036.xml
2026-03-27T17:14:43.578929 ⚠️ AIO-017: Serial does not match AT070AAXXXXX. Keybox not generated.
2026-03-27T17:15:11.575360 Auto-generated keybox for AT070AA2600037: /home/flasher02/keys_flashing_tool/data/keyboxes/AT070AA2600037.xml
2026-03-27T17:15:27.575752 ⚠️ AIO-018: Serial does not match AT070AAXXXXX. Keybox not generated.
2026-03-27T17:15:59.583905 Auto-generated keybox for AT070AA2600038: /home/flasher02/keys_flashing_tool/data/keyboxes/AT070AA2600038.xml
2026-03-27T17:17:27.580832 Keybox ready for AT070AA2600032: /home/flasher02/keys_flashing_tool/data/keyboxes/AT070AA2600032.xml
2026-03-27T17:17:27.581695 Keybox ready for AT070AA2600033: /home/flasher02/keys_flashing_tool/data/keyboxes/AT070AA2600033.xml
2026-03-27T17:17:27.582493 Keybox ready for AT070AA2600034: /home/flasher02/keys_flashing_tool/data/keyboxes/AT070AA2600034.xml
2026-03-27T17:17:47.584990 Auto-generated keybox for AT070AA2600035: /home/flasher02/keys_flashing_tool/data/keyboxes/AT070AA2600035.xml
2026-03-27T17:17:47.586207 Keybox ready for AT070AA2600036: /home/flasher02/keys_flashing_tool/data/keyboxes/AT070AA2600036.xml
2026-03-27T17:17:47.587287 Keybox ready for AT070AA2600037: /home/flasher02/keys_flashing_tool/data/keyboxes/AT070AA2600037.xml
2026-03-27T17:17:47.588416 Keybox ready for AT070AA2600038: /home/flasher02/keys_flashing_tool/data/keyboxes/AT070AA2600038.xml
2026-03-27T17:18:15.588284 Keybox ready for AT070AA2600032: /home/flasher02/keys_flashing_tool/data/keyboxes/AT070AA2600032.xml
2026-03-27T17:18:15.589169 Keybox ready for AT070AA2600033: /home/flasher02/keys_flashing_tool/data/keyboxes/AT070AA2600033.xml
2026-03-27T17:18:15.589938 Keybox ready for AT070AA2600034: /home/flasher02/keys_flashing_tool/data/keyboxes/AT070AA2600034.xml
2026-03-27T17:18:15.590766 Keybox ready for AT070AA2600035: /home/flasher02/keys_flashing_tool/data/keyboxes/AT070AA2600035.xml
2026-03-27T17:18:15.591681 Keybox ready for AT070AA2600036: /home/flasher02/keys_flashing_tool/data/keyboxes/AT070AA2600036.xml
2026-03-27T17:18:15.592688 Keybox ready for AT070AA2600037: /home/flasher02/keys_flashing_tool/data/keyboxes/AT070AA2600037.xml
2026-03-27T17:18:15.593807 Keybox ready for AT070AA2600038: /home/flasher02/keys_flashing_tool/data/keyboxes/AT070AA2600038.xml
2026-03-27T17:41:46.077070 Keybox ready for AT070AA2600033: /home/flasher02/keys_flashing_tool/data/keyboxes/AT070AA2600033.xml
2026-03-27T17:42:04.079604 Keybox ready for AT070AA2600032: /home/flasher02/keys_flashing_tool/data/keyboxes/AT070AA2600032.xml
2026-03-27T17:42:26.081022 Keybox ready for AT070AA2600036: /home/flasher02/keys_flashing_tool/data/keyboxes/AT070AA2600036.xml
2026-03-27T17:42:40.079428 Keybox ready for AT070AA2600037: /home/flasher02/keys_flashing_tool/data/keyboxes/AT070AA2600037.xml
2026-03-27T17:43:40.087093 Keybox ready for AT070AA2600038: /home/flasher02/keys_flashing_tool/data/keyboxes/AT070AA2600038.xml
2026-03-27T17:44:02.082731 Keybox ready for AT070AA2600032: /home/flasher02/keys_flashing_tool/data/keyboxes/AT070AA2600032.xml
2026-03-27T17:44:02.083888 Keybox ready for AT070AA2600033: /home/flasher02/keys_flashing_tool/data/keyboxes/AT070AA2600033.xml
2026-03-27T17:44:02.084937 Keybox ready for AT070AA2600038: /home/flasher02/keys_flashing_tool/data/keyboxes/AT070AA2600038.xml
2026-03-27T18:13:48.076730 Keybox ready for AT070AA2600036: /home/flasher02/keys_flashing_tool/data/keyboxes/AT070AA2600036.xml
2026-03-27T18:19:08.086719 ⚠️ AIO-024: Serial does not match AT070AAXXXXX. Keybox not generated.
2026-03-27T18:19:18.087298 ⚠️ AIO-021: Serial does not match AT070AAXXXXX. Keybox not generated.
2026-03-27T18:41:16.084833 Auto-generated keybox for AT070AA2600041: /home/flasher02/keys_flashing_tool/data/keyboxes/AT070AA2600041.xml
2026-03-27T18:41:34.081615 ⚠️ AIO-020: Serial does not match AT070AAXXXXX. Keybox not generated.
2026-03-27T18:42:48.078816 Auto-generated keybox for AT070AA2600039: /home/flasher02/keys_flashing_tool/data/keyboxes/AT070AA2600039.xml
2026-03-27T18:42:48.079997 Auto-generated keybox for AT070AA2600040: /home/flasher02/keys_flashing_tool/data/keyboxes/AT070AA2600040.xml
2026-03-27T18:43:10.089543 Auto-generated keybox for AT070AA2600042: /home/flasher02/keys_flashing_tool/data/keyboxes/AT070AA2600042.xml
2026-03-27T18:43:38.087296 Keybox ready for AT070AA2600039: /home/flasher02/keys_flashing_tool/data/keyboxes/AT070AA2600039.xml
2026-03-27T18:43:38.088206 Keybox ready for AT070AA2600040: /home/flasher02/keys_flashing_tool/data/keyboxes/AT070AA2600040.xml
2026-03-27T18:43:38.089036 Keybox ready for AT070AA2600041: /home/flasher02/keys_flashing_tool/data/keyboxes/AT070AA2600041.xml
2026-03-27T18:43:38.089895 Keybox ready for AT070AA2600042: /home/flasher02/keys_flashing_tool/data/keyboxes/AT070AA2600042.xml
