=== Session Log - 2026-03-27T17:53:51.374638 ===
2026-03-27T17:53:51.375075 Initializing Parallel EDL Firmware Flash...
2026-03-27T17:53:51.388233 
--- Starting Parallel EDL Firmware Flashing Process ---
2026-03-27T17:53:51.388953 Using provided EDL targets: A3E34554
2026-03-27T17:53:51.389510 EDL targets: A3E34554
2026-03-27T17:53:51.394863 [EDL:A3E34554] Starting firmware flash...
2026-03-27T17:53:51.505851 [EDL:A3E34554] waiting for programmer...
2026-03-27T17:53:53.028373 [EDL:A3E34554] successfully erased 2349528+0x20000
2026-03-27T17:53:54.140292 [EDL:A3E34554] successfully erased 3677144+0xe00000
2026-03-27T17:53:54.241192 [EDL:A3E34554] successfully erased 18357208+0x0
2026-03-27T17:53:54.378494 [EDL:A3E34554] modem_a 2.77%
2026-03-27T17:53:54.484070 [EDL:A3E34554] modem_a 13.86%
2026-03-27T17:53:54.592431 [EDL:A3E34554] modem_a 24.95%
2026-03-27T17:53:54.700380 [EDL:A3E34554] modem_a 36.03%
2026-03-27T17:53:54.808229 [EDL:A3E34554] modem_a 47.12%
2026-03-27T17:53:54.915323 [EDL:A3E34554] modem_a 58.21%
2026-03-27T17:53:55.020301 [EDL:A3E34554] modem_a 69.30%
2026-03-27T17:53:55.126848 [EDL:A3E34554] modem_a 80.38%
2026-03-27T17:53:55.320630 [EDL:A3E34554] modem_a 91.47%
2026-03-27T17:53:55.348139 [EDL:A3E34554] flashed "modem_a" successfully at 36942kB/s
2026-03-27T17:53:55.456697 [EDL:A3E34554] modem_b 2.77%
2026-03-27T17:53:55.563187 [EDL:A3E34554] modem_b 13.86%
2026-03-27T17:53:55.669301 [EDL:A3E34554] modem_b 24.95%
2026-03-27T17:53:55.775752 [EDL:A3E34554] modem_b 36.03%
2026-03-27T17:53:55.883604 [EDL:A3E34554] modem_b 47.12%
2026-03-27T17:53:55.991565 [EDL:A3E34554] modem_b 58.21%
2026-03-27T17:53:56.098186 [EDL:A3E34554] modem_b 69.30%
2026-03-27T17:53:56.204547 [EDL:A3E34554] modem_b 80.38%
2026-03-27T17:53:56.396890 [EDL:A3E34554] modem_b 91.47%
2026-03-27T17:53:56.425884 [EDL:A3E34554] flashed "modem_b" successfully at 36942kB/s
2026-03-27T17:53:56.589709 [EDL:A3E34554] imagefv_a 49.71%
2026-03-27T17:53:56.596382 [EDL:A3E34554] flashed "imagefv_a" successfully
2026-03-27T17:53:56.738721 [EDL:A3E34554] imagefv_b 49.71%
2026-03-27T17:53:56.749595 [EDL:A3E34554] flashed "imagefv_b" successfully
2026-03-27T17:53:56.855587 [EDL:A3E34554] cmnlib_a 100.00%
2026-03-27T17:53:56.869296 [EDL:A3E34554] flashed "cmnlib_a" successfully
2026-03-27T17:53:56.976375 [EDL:A3E34554] cmnlib64_a 100.00%
2026-03-27T17:53:56.988155 [EDL:A3E34554] flashed "cmnlib64_a" successfully
2026-03-27T17:53:57.093825 [EDL:A3E34554] cmnlib_b 100.00%
2026-03-27T17:53:57.107750 [EDL:A3E34554] flashed "cmnlib_b" successfully
2026-03-27T17:53:57.215335 [EDL:A3E34554] cmnlib64_b 100.00%
2026-03-27T17:53:57.218202 [EDL:A3E34554] flashed "cmnlib64_b" successfully
2026-03-27T17:53:57.319011 [EDL:A3E34554] devcfg_a 100.00%
2026-03-27T17:53:57.320965 [EDL:A3E34554] flashed "devcfg_a" successfully
2026-03-27T17:53:57.422683 [EDL:A3E34554] devcfg_b 100.00%
2026-03-27T17:53:57.423592 [EDL:A3E34554] flashed "devcfg_b" successfully
2026-03-27T17:53:57.525144 [EDL:A3E34554] devinfo 100.00%
2026-03-27T17:53:57.552908 [EDL:A3E34554] flashed "devinfo" successfully
2026-03-27T17:53:57.659830 [EDL:A3E34554] dsp_a 3.12%
2026-03-27T17:53:57.765437 [EDL:A3E34554] dsp_a 15.62%
2026-03-27T17:53:57.871162 [EDL:A3E34554] dsp_a 28.12%
2026-03-27T17:53:57.978056 [EDL:A3E34554] dsp_a 40.62%
2026-03-27T17:53:58.086416 [EDL:A3E34554] dsp_a 53.12%
2026-03-27T17:53:58.194378 [EDL:A3E34554] dsp_a 65.62%
2026-03-27T17:53:58.301089 [EDL:A3E34554] dsp_a 78.12%
2026-03-27T17:53:58.491921 [EDL:A3E34554] dsp_a 90.62%
2026-03-27T17:53:58.519691 [EDL:A3E34554] flashed "dsp_a" successfully at 32768kB/s
2026-03-27T17:53:58.627172 [EDL:A3E34554] dsp_b 3.12%
2026-03-27T17:53:58.733379 [EDL:A3E34554] dsp_b 15.62%
2026-03-27T17:53:58.841367 [EDL:A3E34554] dsp_b 28.12%
2026-03-27T17:53:58.948023 [EDL:A3E34554] dsp_b 40.62%
2026-03-27T17:53:59.053742 [EDL:A3E34554] dsp_b 53.12%
2026-03-27T17:53:59.161589 [EDL:A3E34554] dsp_b 65.62%
2026-03-27T17:53:59.268581 [EDL:A3E34554] dsp_b 78.12%
2026-03-27T17:53:59.460549 [EDL:A3E34554] dsp_b 90.62%
2026-03-27T17:53:59.471808 [EDL:A3E34554] flashed "dsp_b" successfully at 32768kB/s
2026-03-27T17:53:59.578259 [EDL:A3E34554] hyp_a 100.00%
2026-03-27T17:53:59.588778 [EDL:A3E34554] flashed "hyp_a" successfully
2026-03-27T17:53:59.694393 [EDL:A3E34554] hyp_b 100.00%
2026-03-27T17:53:59.705508 [EDL:A3E34554] flashed "hyp_b" successfully
2026-03-27T17:53:59.812619 [EDL:A3E34554] keymaster_a 100.00%
2026-03-27T17:53:59.823475 [EDL:A3E34554] flashed "keymaster_a" successfully
2026-03-27T17:53:59.930705 [EDL:A3E34554] keymaster_b 100.00%
2026-03-27T17:53:59.934900 [EDL:A3E34554] flashed "keymaster_b" successfully
2026-03-27T17:54:00.033153 [EDL:A3E34554] logfs 100.00%
2026-03-27T17:54:00.037425 [EDL:A3E34554] flashed "logfs" successfully
2026-03-27T17:54:00.137206 [EDL:A3E34554] qupfw_a 100.00%
2026-03-27T17:54:00.141369 [EDL:A3E34554] flashed "qupfw_a" successfully
2026-03-27T17:54:00.241730 [EDL:A3E34554] qupfw_b 100.00%
2026-03-27T17:54:00.248347 [EDL:A3E34554] flashed "qupfw_b" successfully
2026-03-27T17:54:00.353189 [EDL:A3E34554] rpm_a 100.00%
2026-03-27T17:54:00.359978 [EDL:A3E34554] flashed "rpm_a" successfully
2026-03-27T17:54:00.464609 [EDL:A3E34554] rpm_b 100.00%
2026-03-27T17:54:00.468777 [EDL:A3E34554] flashed "rpm_b" successfully
2026-03-27T17:54:00.577183 [EDL:A3E34554] storsec 100.00%
2026-03-27T17:54:00.595575 [EDL:A3E34554] flashed "storsec" successfully
2026-03-27T17:54:00.732606 [EDL:A3E34554] tz_a 51.61%
2026-03-27T17:54:00.759751 [EDL:A3E34554] flashed "tz_a" successfully
2026-03-27T17:54:00.895566 [EDL:A3E34554] tz_b 51.61%
2026-03-27T17:54:00.899801 [EDL:A3E34554] flashed "tz_b" successfully
2026-03-27T17:54:01.002168 [EDL:A3E34554] uefisecapp_a 100.00%
2026-03-27T17:54:01.007754 [EDL:A3E34554] flashed "uefisecapp_a" successfully
2026-03-27T17:54:01.110739 [EDL:A3E34554] uefisecapp_b 100.00%
2026-03-27T17:54:01.138068 [EDL:A3E34554] flashed "uefisecapp_b" successfully
2026-03-27T17:54:01.298181 [EDL:A3E34554] xbl_a 34.94%
2026-03-27T17:54:01.325798 [EDL:A3E34554] flashed "xbl_a" successfully
2026-03-27T17:54:01.485341 [EDL:A3E34554] xbl_b 34.94%
2026-03-27T17:54:01.491478 [EDL:A3E34554] flashed "xbl_b" successfully
2026-03-27T17:54:01.591164 [EDL:A3E34554] xbl_config_a 100.00%
2026-03-27T17:54:01.595442 [EDL:A3E34554] flashed "xbl_config_a" successfully
2026-03-27T17:54:01.696580 [EDL:A3E34554] xbl_config_b 100.00%
2026-03-27T17:54:01.703305 [EDL:A3E34554] flashed "xbl_config_b" successfully
2026-03-27T17:54:01.807146 [EDL:A3E34554] abl_a 100.00%
2026-03-27T17:54:01.813605 [EDL:A3E34554] flashed "abl_a" successfully
2026-03-27T17:54:01.917570 [EDL:A3E34554] abl_b 100.00%
2026-03-27T17:54:01.944478 [EDL:A3E34554] flashed "abl_b" successfully
2026-03-27T17:54:02.052843 [EDL:A3E34554] boot_a 1.04%
2026-03-27T17:54:02.162019 [EDL:A3E34554] boot_a 5.21%
2026-03-27T17:54:02.269019 [EDL:A3E34554] boot_a 9.38%
2026-03-27T17:54:02.376275 [EDL:A3E34554] boot_a 13.54%
2026-03-27T17:54:02.483710 [EDL:A3E34554] boot_a 17.71%
2026-03-27T17:54:02.591823 [EDL:A3E34554] boot_a 21.88%
2026-03-27T17:54:02.700595 [EDL:A3E34554] boot_a 26.04%
2026-03-27T17:54:02.807274 [EDL:A3E34554] boot_a 30.21%
2026-03-27T17:54:02.914328 [EDL:A3E34554] boot_a 34.38%
2026-03-27T17:54:03.020653 [EDL:A3E34554] boot_a 38.54%
2026-03-27T17:54:03.128759 [EDL:A3E34554] boot_a 42.71%
2026-03-27T17:54:03.236087 [EDL:A3E34554] boot_a 46.88%
2026-03-27T17:54:03.343082 [EDL:A3E34554] boot_a 51.04%
2026-03-27T17:54:03.449474 [EDL:A3E34554] boot_a 55.21%
2026-03-27T17:54:03.556724 [EDL:A3E34554] boot_a 59.38%
2026-03-27T17:54:03.664317 [EDL:A3E34554] boot_a 63.54%
2026-03-27T17:54:03.771954 [EDL:A3E34554] boot_a 67.71%
2026-03-27T17:54:03.878799 [EDL:A3E34554] boot_a 71.88%
2026-03-27T17:54:03.984865 [EDL:A3E34554] boot_a 76.04%
2026-03-27T17:54:04.094605 [EDL:A3E34554] boot_a 80.21%
2026-03-27T17:54:04.202157 [EDL:A3E34554] boot_a 84.38%
2026-03-27T17:54:04.309105 [EDL:A3E34554] boot_a 88.54%
2026-03-27T17:54:04.415463 [EDL:A3E34554] boot_a 92.71%
2026-03-27T17:54:04.607961 [EDL:A3E34554] boot_a 96.88%
2026-03-27T17:54:04.636227 [EDL:A3E34554] flashed "boot_a" successfully at 32768kB/s
2026-03-27T17:54:04.745053 [EDL:A3E34554] boot_b 1.04%
2026-03-27T17:54:04.851428 [EDL:A3E34554] boot_b 5.21%
2026-03-27T17:54:04.959319 [EDL:A3E34554] boot_b 9.38%
2026-03-27T17:54:05.067267 [EDL:A3E34554] boot_b 13.54%
2026-03-27T17:54:05.175049 [EDL:A3E34554] boot_b 17.71%
2026-03-27T17:54:05.281758 [EDL:A3E34554] boot_b 21.88%
2026-03-27T17:54:05.388782 [EDL:A3E34554] boot_b 26.04%
2026-03-27T17:54:05.495764 [EDL:A3E34554] boot_b 30.21%
2026-03-27T17:54:05.603033 [EDL:A3E34554] boot_b 34.38%
2026-03-27T17:54:05.709696 [EDL:A3E34554] boot_b 38.54%
2026-03-27T17:54:05.817715 [EDL:A3E34554] boot_b 42.71%
2026-03-27T17:54:05.922943 [EDL:A3E34554] boot_b 46.88%
2026-03-27T17:54:06.029316 [EDL:A3E34554] boot_b 51.04%
2026-03-27T17:54:06.134734 [EDL:A3E34554] boot_b 55.21%
2026-03-27T17:54:06.241136 [EDL:A3E34554] boot_b 59.38%
2026-03-27T17:54:06.347085 [EDL:A3E34554] boot_b 63.54%
2026-03-27T17:54:06.453245 [EDL:A3E34554] boot_b 67.71%
2026-03-27T17:54:06.581826 [EDL:A3E34554] boot_b 71.88%
2026-03-27T17:54:06.666801 [EDL:A3E34554] boot_b 76.04%
2026-03-27T17:54:06.773657 [EDL:A3E34554] boot_b 80.21%
2026-03-27T17:54:06.879395 [EDL:A3E34554] boot_b 84.38%
2026-03-27T17:54:06.984945 [EDL:A3E34554] boot_b 88.54%
2026-03-27T17:54:07.090574 [EDL:A3E34554] boot_b 92.71%
2026-03-27T17:54:07.291715 [EDL:A3E34554] boot_b 96.88%
2026-03-27T17:54:07.318485 [EDL:A3E34554] flashed "boot_b" successfully at 32768kB/s
2026-03-27T17:54:07.424592 [EDL:A3E34554] dtbo_a 12.50%
2026-03-27T17:54:07.616443 [EDL:A3E34554] dtbo_a 62.50%
2026-03-27T17:54:07.642897 [EDL:A3E34554] flashed "dtbo_a" successfully
2026-03-27T17:54:07.749660 [EDL:A3E34554] dtbo_b 12.50%
2026-03-27T17:54:07.941048 [EDL:A3E34554] dtbo_b 62.50%
2026-03-27T17:54:07.968247 [EDL:A3E34554] flashed "dtbo_b" successfully
2026-03-27T17:54:08.077137 [EDL:A3E34554] init_boot_a 12.50%
2026-03-27T17:54:08.268847 [EDL:A3E34554] init_boot_a 62.50%
2026-03-27T17:54:08.296493 [EDL:A3E34554] flashed "init_boot_a" successfully at 8192kB/s
2026-03-27T17:54:08.403386 [EDL:A3E34554] init_boot_b 12.50%
2026-03-27T17:54:08.595603 [EDL:A3E34554] init_boot_b 62.50%
2026-03-27T17:54:08.605890 [EDL:A3E34554] flashed "init_boot_b" successfully
2026-03-27T17:54:08.698242 [EDL:A3E34554] metadata 100.00%
2026-03-27T17:54:08.702639 [EDL:A3E34554] flashed "metadata" successfully
2026-03-27T17:54:08.800965 [EDL:A3E34554] metadata 100.00%
2026-03-27T17:54:08.827848 [EDL:A3E34554] flashed "metadata" successfully
2026-03-27T17:54:08.933007 [EDL:A3E34554] metadata 9.95%
2026-03-27T17:54:09.039284 [EDL:A3E34554] metadata 49.75%
2026-03-27T17:54:09.179307 [EDL:A3E34554] metadata 89.55%
2026-03-27T17:54:09.183565 [EDL:A3E34554] flashed "metadata" successfully at 10292kB/s
2026-03-27T17:54:09.282083 [EDL:A3E34554] metadata 100.00%
2026-03-27T17:54:09.286375 [EDL:A3E34554] flashed "metadata" successfully
2026-03-27T17:54:09.385318 [EDL:A3E34554] metadata 100.00%
2026-03-27T17:54:09.412656 [EDL:A3E34554] flashed "metadata" successfully
2026-03-27T17:54:09.519359 [EDL:A3E34554] recovery_a 1.00%
2026-03-27T17:54:09.625604 [EDL:A3E34554] recovery_a 5.00%
2026-03-27T17:54:09.731400 [EDL:A3E34554] recovery_a 9.00%
2026-03-27T17:54:09.839214 [EDL:A3E34554] recovery_a 13.00%
2026-03-27T17:54:09.944069 [EDL:A3E34554] recovery_a 17.00%
2026-03-27T17:54:10.051419 [EDL:A3E34554] recovery_a 21.00%
2026-03-27T17:54:10.159811 [EDL:A3E34554] recovery_a 25.00%
2026-03-27T17:54:10.265262 [EDL:A3E34554] recovery_a 29.00%
2026-03-27T17:54:10.371232 [EDL:A3E34554] recovery_a 33.00%
2026-03-27T17:54:10.476722 [EDL:A3E34554] recovery_a 37.00%
2026-03-27T17:54:10.584991 [EDL:A3E34554] recovery_a 41.00%
2026-03-27T17:54:10.691552 [EDL:A3E34554] recovery_a 45.00%
2026-03-27T17:54:10.798990 [EDL:A3E34554] recovery_a 49.00%
2026-03-27T17:54:10.904894 [EDL:A3E34554] recovery_a 53.00%
2026-03-27T17:54:11.010936 [EDL:A3E34554] recovery_a 57.00%
2026-03-27T17:54:11.116518 [EDL:A3E34554] recovery_a 61.00%
2026-03-27T17:54:11.223526 [EDL:A3E34554] recovery_a 65.00%
2026-03-27T17:54:11.330417 [EDL:A3E34554] recovery_a 69.00%
2026-03-27T17:54:11.436014 [EDL:A3E34554] recovery_a 73.00%
2026-03-27T17:54:11.541810 [EDL:A3E34554] recovery_a 77.00%
2026-03-27T17:54:11.647654 [EDL:A3E34554] recovery_a 81.00%
2026-03-27T17:54:11.752701 [EDL:A3E34554] recovery_a 85.00%
2026-03-27T17:54:11.857841 [EDL:A3E34554] recovery_a 89.00%
2026-03-27T17:54:11.963736 [EDL:A3E34554] recovery_a 93.00%
2026-03-27T17:54:12.154906 [EDL:A3E34554] recovery_a 97.00%
2026-03-27T17:54:12.183344 [EDL:A3E34554] flashed "recovery_a" successfully at 34133kB/s
2026-03-27T17:54:12.294777 [EDL:A3E34554] recovery_b 1.00%
2026-03-27T17:54:12.406366 [EDL:A3E34554] recovery_b 5.00%
2026-03-27T17:54:12.511736 [EDL:A3E34554] recovery_b 9.00%
2026-03-27T17:54:12.619467 [EDL:A3E34554] recovery_b 13.00%
2026-03-27T17:54:12.725826 [EDL:A3E34554] recovery_b 17.00%
2026-03-27T17:54:12.830771 [EDL:A3E34554] recovery_b 21.00%
2026-03-27T17:54:12.937255 [EDL:A3E34554] recovery_b 25.00%
2026-03-27T17:54:13.043234 [EDL:A3E34554] recovery_b 29.00%
2026-03-27T17:54:13.149275 [EDL:A3E34554] recovery_b 33.00%
2026-03-27T17:54:13.254977 [EDL:A3E34554] recovery_b 37.00%
2026-03-27T17:54:13.359785 [EDL:A3E34554] recovery_b 41.00%
2026-03-27T17:54:13.464721 [EDL:A3E34554] recovery_b 45.00%
2026-03-27T17:54:13.570461 [EDL:A3E34554] recovery_b 49.00%
2026-03-27T17:54:13.675979 [EDL:A3E34554] recovery_b 53.00%
2026-03-27T17:54:13.781459 [EDL:A3E34554] recovery_b 57.00%
2026-03-27T17:54:13.886844 [EDL:A3E34554] recovery_b 61.00%
2026-03-27T17:54:13.991859 [EDL:A3E34554] recovery_b 65.00%
2026-03-27T17:54:14.098441 [EDL:A3E34554] recovery_b 69.00%
2026-03-27T17:54:14.203648 [EDL:A3E34554] recovery_b 73.00%
2026-03-27T17:54:14.307939 [EDL:A3E34554] recovery_b 77.00%
2026-03-27T17:54:14.413584 [EDL:A3E34554] recovery_b 81.00%
2026-03-27T17:54:14.519175 [EDL:A3E34554] recovery_b 85.00%
2026-03-27T17:54:14.626595 [EDL:A3E34554] recovery_b 89.00%
2026-03-27T17:54:14.732013 [EDL:A3E34554] recovery_b 93.00%
2026-03-27T17:54:14.924202 [EDL:A3E34554] recovery_b 97.00%
2026-03-27T17:54:14.928335 [EDL:A3E34554] flashed "recovery_b" successfully at 51200kB/s
2026-03-27T17:54:15.027087 [EDL:A3E34554] vbmeta_a 100.00%
2026-03-27T17:54:15.036405 [EDL:A3E34554] flashed "vbmeta_a" successfully
2026-03-27T17:54:15.129292 [EDL:A3E34554] vbmeta_b 100.00%
2026-03-27T17:54:15.156745 [EDL:A3E34554] flashed "vbmeta_b" successfully
2026-03-27T17:54:15.262333 [EDL:A3E34554] vendor_boot_a 1.04%
2026-03-27T17:54:15.368342 [EDL:A3E34554] vendor_boot_a 5.21%
2026-03-27T17:54:15.475421 [EDL:A3E34554] vendor_boot_a 9.38%
2026-03-27T17:54:15.581955 [EDL:A3E34554] vendor_boot_a 13.54%
2026-03-27T17:54:15.688624 [EDL:A3E34554] vendor_boot_a 17.71%
2026-03-27T17:54:15.793622 [EDL:A3E34554] vendor_boot_a 21.88%
2026-03-27T17:54:15.899284 [EDL:A3E34554] vendor_boot_a 26.04%
2026-03-27T17:54:16.004646 [EDL:A3E34554] vendor_boot_a 30.21%
2026-03-27T17:54:16.111703 [EDL:A3E34554] vendor_boot_a 34.38%
2026-03-27T17:54:16.218618 [EDL:A3E34554] vendor_boot_a 38.54%
2026-03-27T17:54:16.324564 [EDL:A3E34554] vendor_boot_a 42.71%
2026-03-27T17:54:16.430542 [EDL:A3E34554] vendor_boot_a 46.88%
2026-03-27T17:54:16.535738 [EDL:A3E34554] vendor_boot_a 51.04%
2026-03-27T17:54:16.642612 [EDL:A3E34554] vendor_boot_a 55.21%
2026-03-27T17:54:16.747778 [EDL:A3E34554] vendor_boot_a 59.38%
2026-03-27T17:54:16.852977 [EDL:A3E34554] vendor_boot_a 63.54%
2026-03-27T17:54:16.959017 [EDL:A3E34554] vendor_boot_a 67.71%
2026-03-27T17:54:17.065796 [EDL:A3E34554] vendor_boot_a 71.88%
2026-03-27T17:54:17.172080 [EDL:A3E34554] vendor_boot_a 76.04%
2026-03-27T17:54:17.276457 [EDL:A3E34554] vendor_boot_a 80.21%
2026-03-27T17:54:17.381974 [EDL:A3E34554] vendor_boot_a 84.38%
2026-03-27T17:54:17.487000 [EDL:A3E34554] vendor_boot_a 88.54%
2026-03-27T17:54:17.592626 [EDL:A3E34554] vendor_boot_a 92.71%
2026-03-27T17:54:17.787367 [EDL:A3E34554] vendor_boot_a 96.88%
2026-03-27T17:54:17.814622 [EDL:A3E34554] flashed "vendor_boot_a" successfully at 49152kB/s
2026-03-27T17:54:17.920657 [EDL:A3E34554] vendor_boot_b 1.04%
2026-03-27T17:54:18.024436 [EDL:A3E34554] vendor_boot_b 5.21%
2026-03-27T17:54:18.132595 [EDL:A3E34554] vendor_boot_b 9.38%
2026-03-27T17:54:18.237460 [EDL:A3E34554] vendor_boot_b 13.54%
2026-03-27T17:54:18.341994 [EDL:A3E34554] vendor_boot_b 17.71%
2026-03-27T17:54:18.447496 [EDL:A3E34554] vendor_boot_b 21.88%
2026-03-27T17:54:18.576312 [EDL:A3E34554] vendor_boot_b 26.04%
2026-03-27T17:54:18.660390 [EDL:A3E34554] vendor_boot_b 30.21%
2026-03-27T17:54:18.766605 [EDL:A3E34554] vendor_boot_b 34.38%
2026-03-27T17:54:18.871716 [EDL:A3E34554] vendor_boot_b 38.54%
2026-03-27T17:54:18.976127 [EDL:A3E34554] vendor_boot_b 42.71%
2026-03-27T17:54:19.082126 [EDL:A3E34554] vendor_boot_b 46.88%
2026-03-27T17:54:19.187436 [EDL:A3E34554] vendor_boot_b 51.04%
2026-03-27T17:54:19.292237 [EDL:A3E34554] vendor_boot_b 55.21%
2026-03-27T17:54:19.398710 [EDL:A3E34554] vendor_boot_b 59.38%
2026-03-27T17:54:19.502964 [EDL:A3E34554] vendor_boot_b 63.54%
2026-03-27T17:54:19.608116 [EDL:A3E34554] vendor_boot_b 67.71%
2026-03-27T17:54:19.712908 [EDL:A3E34554] vendor_boot_b 71.88%
2026-03-27T17:54:19.818221 [EDL:A3E34554] vendor_boot_b 76.04%
2026-03-27T17:54:19.923719 [EDL:A3E34554] vendor_boot_b 80.21%
2026-03-27T17:54:20.029509 [EDL:A3E34554] vendor_boot_b 84.38%
2026-03-27T17:54:20.139727 [EDL:A3E34554] vendor_boot_b 88.54%
2026-03-27T17:54:20.244932 [EDL:A3E34554] vendor_boot_b 92.71%
2026-03-27T17:54:20.436633 [EDL:A3E34554] vendor_boot_b 96.88%
2026-03-27T17:54:20.437209 [EDL:A3E34554] flashed "vendor_boot_b" successfully at 32768kB/s
2026-03-27T17:54:20.538722 [EDL:A3E34554] vbmeta_system_a 100.00%
2026-03-27T17:54:20.539252 [EDL:A3E34554] flashed "vbmeta_system_a" successfully
2026-03-27T17:54:20.640932 [EDL:A3E34554] vbmeta_system_b 100.00%
2026-03-27T17:54:20.652189 [EDL:A3E34554] flashed "vbmeta_system_b" successfully
2026-03-27T17:54:20.758516 [EDL:A3E34554] super 100.00%
2026-03-27T17:54:20.785974 [EDL:A3E34554] flashed "super" successfully
2026-03-27T17:54:20.902370 [EDL:A3E34554] super 73.99%
2026-03-27T17:54:20.930269 [EDL:A3E34554] flashed "super" successfully
2026-03-27T17:54:21.039509 [EDL:A3E34554] super 0.03%
2026-03-27T17:54:21.148118 [EDL:A3E34554] super 0.17%
2026-03-27T17:54:21.254493 [EDL:A3E34554] super 0.30%
2026-03-27T17:54:21.360747 [EDL:A3E34554] super 0.44%
2026-03-27T17:54:21.467095 [EDL:A3E34554] super 0.57%
2026-03-27T17:54:21.572934 [EDL:A3E34554] super 0.70%
2026-03-27T17:54:21.678109 [EDL:A3E34554] super 0.84%
2026-03-27T17:54:21.785694 [EDL:A3E34554] super 0.97%
2026-03-27T17:54:21.892510 [EDL:A3E34554] super 1.11%
2026-03-27T17:54:21.997894 [EDL:A3E34554] super 1.24%
2026-03-27T17:54:22.105250 [EDL:A3E34554] super 1.37%
2026-03-27T17:54:22.212255 [EDL:A3E34554] super 1.51%
2026-03-27T17:54:22.318019 [EDL:A3E34554] super 1.64%
2026-03-27T17:54:22.424131 [EDL:A3E34554] super 1.78%
2026-03-27T17:54:22.530126 [EDL:A3E34554] super 1.91%
2026-03-27T17:54:22.638763 [EDL:A3E34554] super 2.04%
2026-03-27T17:54:22.745560 [EDL:A3E34554] super 2.18%
2026-03-27T17:54:22.852247 [EDL:A3E34554] super 2.31%
2026-03-27T17:54:22.958586 [EDL:A3E34554] super 2.45%
2026-03-27T17:54:23.065997 [EDL:A3E34554] super 2.58%
2026-03-27T17:54:23.173105 [EDL:A3E34554] super 2.72%
2026-03-27T17:54:23.280107 [EDL:A3E34554] super 2.85%
2026-03-27T17:54:23.386959 [EDL:A3E34554] super 2.98%
2026-03-27T17:54:23.493632 [EDL:A3E34554] super 3.12%
2026-03-27T17:54:23.599248 [EDL:A3E34554] super 3.25%
2026-03-27T17:54:23.706018 [EDL:A3E34554] super 3.39%
2026-03-27T17:54:23.812241 [EDL:A3E34554] super 3.52%
2026-03-27T17:54:23.919067 [EDL:A3E34554] super 3.65%
2026-03-27T17:54:24.025203 [EDL:A3E34554] super 3.79%
2026-03-27T17:54:24.131568 [EDL:A3E34554] super 3.92%
2026-03-27T17:54:24.238140 [EDL:A3E34554] super 4.06%
2026-03-27T17:54:24.344276 [EDL:A3E34554] super 4.19%
2026-03-27T17:54:24.450269 [EDL:A3E34554] super 4.32%
2026-03-27T17:54:24.575779 [EDL:A3E34554] super 4.46%
2026-03-27T17:54:24.664367 [EDL:A3E34554] super 4.59%
2026-03-27T17:54:24.774260 [EDL:A3E34554] super 4.73%
2026-03-27T17:54:24.879477 [EDL:A3E34554] super 4.86%
2026-03-27T17:54:24.985296 [EDL:A3E34554] super 4.99%
2026-03-27T17:54:25.094748 [EDL:A3E34554] super 5.13%
2026-03-27T17:54:25.202150 [EDL:A3E34554] super 5.26%
2026-03-27T17:54:25.307810 [EDL:A3E34554] super 5.40%
2026-03-27T17:54:25.413171 [EDL:A3E34554] super 5.53%
2026-03-27T17:54:25.519002 [EDL:A3E34554] super 5.67%
2026-03-27T17:54:25.624808 [EDL:A3E34554] super 5.80%
2026-03-27T17:54:25.731038 [EDL:A3E34554] super 5.93%
2026-03-27T17:54:25.837759 [EDL:A3E34554] super 6.07%
2026-03-27T17:54:25.943093 [EDL:A3E34554] super 6.20%
2026-03-27T17:54:26.048556 [EDL:A3E34554] super 6.34%
2026-03-27T17:54:26.156139 [EDL:A3E34554] super 6.47%
2026-03-27T17:54:26.261752 [EDL:A3E34554] super 6.60%
2026-03-27T17:54:26.368716 [EDL:A3E34554] super 6.74%
2026-03-27T17:54:26.474450 [EDL:A3E34554] super 6.87%
2026-03-27T17:54:26.582315 [EDL:A3E34554] super 7.01%
2026-03-27T17:54:26.687635 [EDL:A3E34554] super 7.14%
2026-03-27T17:54:26.793311 [EDL:A3E34554] super 7.27%
2026-03-27T17:54:26.898600 [EDL:A3E34554] super 7.41%
2026-03-27T17:54:27.003289 [EDL:A3E34554] super 7.54%
2026-03-27T17:54:27.109611 [EDL:A3E34554] super 7.68%
2026-03-27T17:54:27.215316 [EDL:A3E34554] super 7.81%
2026-03-27T17:54:27.321263 [EDL:A3E34554] super 7.94%
2026-03-27T17:54:27.427303 [EDL:A3E34554] super 8.08%
2026-03-27T17:54:27.532996 [EDL:A3E34554] super 8.21%
2026-03-27T17:54:27.639575 [EDL:A3E34554] super 8.35%
2026-03-27T17:54:27.745491 [EDL:A3E34554] super 8.48%
2026-03-27T17:54:27.850995 [EDL:A3E34554] super 8.62%
2026-03-27T17:54:27.956742 [EDL:A3E34554] super 8.75%
2026-03-27T17:54:28.062636 [EDL:A3E34554] super 8.88%
2026-03-27T17:54:28.169582 [EDL:A3E34554] super 9.02%
2026-03-27T17:54:28.274734 [EDL:A3E34554] super 9.15%
2026-03-27T17:54:28.381633 [EDL:A3E34554] super 9.29%
2026-03-27T17:54:28.487069 [EDL:A3E34554] super 9.42%
2026-03-27T17:54:28.595468 [EDL:A3E34554] super 9.55%
2026-03-27T17:54:28.702641 [EDL:A3E34554] super 9.69%
2026-03-27T17:54:28.808066 [EDL:A3E34554] super 9.82%
2026-03-27T17:54:28.913805 [EDL:A3E34554] super 9.96%
2026-03-27T17:54:29.019526 [EDL:A3E34554] super 10.09%
2026-03-27T17:54:29.125661 [EDL:A3E34554] super 10.22%
2026-03-27T17:54:29.233337 [EDL:A3E34554] super 10.36%
2026-03-27T17:54:29.341570 [EDL:A3E34554] super 10.49%
2026-03-27T17:54:29.447631 [EDL:A3E34554] super 10.63%
2026-03-27T17:54:29.552408 [EDL:A3E34554] super 10.76%
2026-03-27T17:54:29.657534 [EDL:A3E34554] super 10.89%
2026-03-27T17:54:29.763335 [EDL:A3E34554] super 11.03%
2026-03-27T17:54:29.868706 [EDL:A3E34554] super 11.16%
2026-03-27T17:54:29.973849 [EDL:A3E34554] super 11.30%
2026-03-27T17:54:30.081388 [EDL:A3E34554] super 11.43%
2026-03-27T17:54:30.188083 [EDL:A3E34554] super 11.57%
2026-03-27T17:54:30.293447 [EDL:A3E34554] super 11.70%
2026-03-27T17:54:30.400835 [EDL:A3E34554] super 11.83%
2026-03-27T17:54:30.507080 [EDL:A3E34554] super 11.97%
2026-03-27T17:54:30.613770 [EDL:A3E34554] super 12.10%
2026-03-27T17:54:30.720453 [EDL:A3E34554] super 12.24%
2026-03-27T17:54:30.827710 [EDL:A3E34554] super 12.37%
2026-03-27T17:54:30.933423 [EDL:A3E34554] super 12.50%
2026-03-27T17:54:31.039626 [EDL:A3E34554] super 12.64%
2026-03-27T17:54:31.144766 [EDL:A3E34554] super 12.77%
2026-03-27T17:54:31.250104 [EDL:A3E34554] super 12.91%
2026-03-27T17:54:31.355250 [EDL:A3E34554] super 13.04%
2026-03-27T17:54:31.460492 [EDL:A3E34554] super 13.17%
2026-03-27T17:54:31.565906 [EDL:A3E34554] super 13.31%
2026-03-27T17:54:31.671334 [EDL:A3E34554] super 13.44%
2026-03-27T17:54:31.776372 [EDL:A3E34554] super 13.58%
2026-03-27T17:54:31.881710 [EDL:A3E34554] super 13.71%
2026-03-27T17:54:31.987583 [EDL:A3E34554] super 13.84%
2026-03-27T17:54:32.094974 [EDL:A3E34554] super 13.98%
2026-03-27T17:54:32.201097 [EDL:A3E34554] super 14.11%
2026-03-27T17:54:32.306759 [EDL:A3E34554] super 14.25%
2026-03-27T17:54:32.413126 [EDL:A3E34554] super 14.38%
2026-03-27T17:54:32.519337 [EDL:A3E34554] super 14.51%
2026-03-27T17:54:32.628322 [EDL:A3E34554] super 14.65%
2026-03-27T17:54:32.734640 [EDL:A3E34554] super 14.78%
2026-03-27T17:54:32.841343 [EDL:A3E34554] super 14.92%
2026-03-27T17:54:32.947156 [EDL:A3E34554] super 15.05%
2026-03-27T17:54:33.054766 [EDL:A3E34554] super 15.19%
2026-03-27T17:54:33.161328 [EDL:A3E34554] super 15.32%
2026-03-27T17:54:33.266854 [EDL:A3E34554] super 15.45%
2026-03-27T17:54:33.372852 [EDL:A3E34554] super 15.59%
2026-03-27T17:54:33.482829 [EDL:A3E34554] super 15.72%
2026-03-27T17:54:33.589388 [EDL:A3E34554] super 15.86%
2026-03-27T17:54:33.696184 [EDL:A3E34554] super 15.99%
2026-03-27T17:54:33.801645 [EDL:A3E34554] super 16.12%
2026-03-27T17:54:33.907393 [EDL:A3E34554] super 16.26%
2026-03-27T17:54:34.012548 [EDL:A3E34554] super 16.39%
2026-03-27T17:54:34.120932 [EDL:A3E34554] super 16.53%
2026-03-27T17:54:34.231886 [EDL:A3E34554] super 16.66%
2026-03-27T17:54:34.338105 [EDL:A3E34554] super 16.79%
2026-03-27T17:54:34.444514 [EDL:A3E34554] super 16.93%
2026-03-27T17:54:34.577721 [EDL:A3E34554] super 17.06%
2026-03-27T17:54:34.657732 [EDL:A3E34554] super 17.20%
2026-03-27T17:54:34.763309 [EDL:A3E34554] super 17.33%
2026-03-27T17:54:34.868792 [EDL:A3E34554] super 17.46%
2026-03-27T17:54:34.973963 [EDL:A3E34554] super 17.60%
2026-03-27T17:54:35.079305 [EDL:A3E34554] super 17.73%
2026-03-27T17:54:35.184505 [EDL:A3E34554] super 17.87%
2026-03-27T17:54:35.289973 [EDL:A3E34554] super 18.00%
2026-03-27T17:54:35.396520 [EDL:A3E34554] super 18.14%
2026-03-27T17:54:35.502505 [EDL:A3E34554] super 18.27%
2026-03-27T17:54:35.608710 [EDL:A3E34554] super 18.40%
2026-03-27T17:54:35.714840 [EDL:A3E34554] super 18.54%
2026-03-27T17:54:35.820425 [EDL:A3E34554] super 18.67%
2026-03-27T17:54:35.925716 [EDL:A3E34554] super 18.81%
2026-03-27T17:54:36.031527 [EDL:A3E34554] super 18.94%
2026-03-27T17:54:36.139509 [EDL:A3E34554] super 19.07%
2026-03-27T17:54:36.245471 [EDL:A3E34554] super 19.21%
2026-03-27T17:54:36.350050 [EDL:A3E34554] super 19.34%
2026-03-27T17:54:36.458323 [EDL:A3E34554] super 19.48%
2026-03-27T17:54:36.581294 [EDL:A3E34554] super 19.61%
2026-03-27T17:54:36.673414 [EDL:A3E34554] super 19.74%
2026-03-27T17:54:36.778977 [EDL:A3E34554] super 19.88%
2026-03-27T17:54:36.884477 [EDL:A3E34554] super 20.01%
2026-03-27T17:54:36.989497 [EDL:A3E34554] super 20.15%
2026-03-27T17:54:37.094923 [EDL:A3E34554] super 20.28%
2026-03-27T17:54:37.200503 [EDL:A3E34554] super 20.41%
2026-03-27T17:54:37.305630 [EDL:A3E34554] super 20.55%
2026-03-27T17:54:37.410743 [EDL:A3E34554] super 20.68%
2026-03-27T17:54:37.516256 [EDL:A3E34554] super 20.82%
2026-03-27T17:54:37.622339 [EDL:A3E34554] super 20.95%
2026-03-27T17:54:37.728599 [EDL:A3E34554] super 21.09%
2026-03-27T17:54:37.834291 [EDL:A3E34554] super 21.22%
2026-03-27T17:54:37.940250 [EDL:A3E34554] super 21.35%
2026-03-27T17:54:38.045409 [EDL:A3E34554] super 21.49%
2026-03-27T17:54:38.153992 [EDL:A3E34554] super 21.62%
2026-03-27T17:54:38.260586 [EDL:A3E34554] super 21.76%
2026-03-27T17:54:38.367582 [EDL:A3E34554] super 21.89%
2026-03-27T17:54:38.473576 [EDL:A3E34554] super 22.02%
2026-03-27T17:54:38.579932 [EDL:A3E34554] super 22.16%
2026-03-27T17:54:38.686099 [EDL:A3E34554] super 22.29%
2026-03-27T17:54:38.792336 [EDL:A3E34554] super 22.43%
2026-03-27T17:54:38.896949 [EDL:A3E34554] super 22.56%
2026-03-27T17:54:39.001773 [EDL:A3E34554] super 22.69%
2026-03-27T17:54:39.108274 [EDL:A3E34554] super 22.83%
2026-03-27T17:54:39.213423 [EDL:A3E34554] super 22.96%
2026-03-27T17:54:39.318579 [EDL:A3E34554] super 23.10%
2026-03-27T17:54:39.424651 [EDL:A3E34554] super 23.23%
2026-03-27T17:54:39.529477 [EDL:A3E34554] super 23.36%
2026-03-27T17:54:39.637152 [EDL:A3E34554] super 23.50%
2026-03-27T17:54:39.742319 [EDL:A3E34554] super 23.63%
2026-03-27T17:54:39.848585 [EDL:A3E34554] super 23.77%
2026-03-27T17:54:39.954464 [EDL:A3E34554] super 23.90%
2026-03-27T17:54:40.061763 [EDL:A3E34554] super 24.04%
2026-03-27T17:54:40.168101 [EDL:A3E34554] super 24.17%
2026-03-27T17:54:40.273518 [EDL:A3E34554] super 24.30%
2026-03-27T17:54:40.378879 [EDL:A3E34554] super 24.44%
2026-03-27T17:54:40.484136 [EDL:A3E34554] super 24.57%
2026-03-27T17:54:40.592680 [EDL:A3E34554] super 24.71%
2026-03-27T17:54:40.698013 [EDL:A3E34554] super 24.84%
2026-03-27T17:54:40.803050 [EDL:A3E34554] super 24.97%
2026-03-27T17:54:40.907752 [EDL:A3E34554] super 25.11%
2026-03-27T17:54:41.012510 [EDL:A3E34554] super 25.24%
2026-03-27T17:54:41.117568 [EDL:A3E34554] super 25.38%
2026-03-27T17:54:41.222100 [EDL:A3E34554] super 25.51%
2026-03-27T17:54:41.326628 [EDL:A3E34554] super 25.64%
2026-03-27T17:54:41.431638 [EDL:A3E34554] super 25.78%
2026-03-27T17:54:41.536511 [EDL:A3E34554] super 25.91%
2026-03-27T17:54:41.641795 [EDL:A3E34554] super 26.05%
2026-03-27T17:54:41.747944 [EDL:A3E34554] super 26.18%
2026-03-27T17:54:41.853953 [EDL:A3E34554] super 26.31%
2026-03-27T17:54:41.960082 [EDL:A3E34554] super 26.45%
2026-03-27T17:54:42.066101 [EDL:A3E34554] super 26.58%
2026-03-27T17:54:42.173957 [EDL:A3E34554] super 26.72%
2026-03-27T17:54:42.279123 [EDL:A3E34554] super 26.85%
2026-03-27T17:54:42.385486 [EDL:A3E34554] super 26.99%
2026-03-27T17:54:42.490606 [EDL:A3E34554] super 27.12%
2026-03-27T17:54:42.597749 [EDL:A3E34554] super 27.25%
2026-03-27T17:54:42.704661 [EDL:A3E34554] super 27.39%
2026-03-27T17:54:42.811461 [EDL:A3E34554] super 27.52%
2026-03-27T17:54:42.917266 [EDL:A3E34554] super 27.66%
2026-03-27T17:54:43.024000 [EDL:A3E34554] super 27.79%
2026-03-27T17:54:43.131242 [EDL:A3E34554] super 27.92%
2026-03-27T17:54:43.237714 [EDL:A3E34554] super 28.06%
2026-03-27T17:54:43.344085 [EDL:A3E34554] super 28.19%
2026-03-27T17:54:43.451004 [EDL:A3E34554] super 28.33%
2026-03-27T17:54:43.558140 [EDL:A3E34554] super 28.46%
2026-03-27T17:54:43.664342 [EDL:A3E34554] super 28.59%
2026-03-27T17:54:43.771171 [EDL:A3E34554] super 28.73%
2026-03-27T17:54:43.877350 [EDL:A3E34554] super 28.86%
2026-03-27T17:54:43.983933 [EDL:A3E34554] super 29.00%
2026-03-27T17:54:44.093271 [EDL:A3E34554] super 29.13%
2026-03-27T17:54:44.202300 [EDL:A3E34554] super 29.26%
2026-03-27T17:54:44.310454 [EDL:A3E34554] super 29.40%
2026-03-27T17:54:44.416543 [EDL:A3E34554] super 29.53%
2026-03-27T17:54:44.523364 [EDL:A3E34554] super 29.67%
2026-03-27T17:54:44.632253 [EDL:A3E34554] super 29.80%
2026-03-27T17:54:44.738130 [EDL:A3E34554] super 29.94%
2026-03-27T17:54:44.844271 [EDL:A3E34554] super 30.07%
2026-03-27T17:54:44.950469 [EDL:A3E34554] super 30.20%
2026-03-27T17:54:45.056653 [EDL:A3E34554] super 30.34%
2026-03-27T17:54:45.163194 [EDL:A3E34554] super 30.47%
2026-03-27T17:54:45.269464 [EDL:A3E34554] super 30.61%
2026-03-27T17:54:45.375749 [EDL:A3E34554] super 30.74%
2026-03-27T17:54:45.481694 [EDL:A3E34554] super 30.87%
2026-03-27T17:54:45.588307 [EDL:A3E34554] super 31.01%
2026-03-27T17:54:45.694384 [EDL:A3E34554] super 31.14%
2026-03-27T17:54:45.800624 [EDL:A3E34554] super 31.28%
2026-03-27T17:54:45.907423 [EDL:A3E34554] super 31.41%
2026-03-27T17:54:46.013888 [EDL:A3E34554] super 31.54%
2026-03-27T17:54:46.121795 [EDL:A3E34554] super 31.68%
2026-03-27T17:54:46.226637 [EDL:A3E34554] super 31.81%
2026-03-27T17:54:46.332903 [EDL:A3E34554] super 31.95%
2026-03-27T17:54:46.438824 [EDL:A3E34554] super 32.08%
2026-03-27T17:54:46.544748 [EDL:A3E34554] super 32.21%
2026-03-27T17:54:46.651688 [EDL:A3E34554] super 32.35%
2026-03-27T17:54:46.756989 [EDL:A3E34554] super 32.48%
2026-03-27T17:54:46.862358 [EDL:A3E34554] super 32.62%
2026-03-27T17:54:46.968630 [EDL:A3E34554] super 32.75%
2026-03-27T17:54:47.074154 [EDL:A3E34554] super 32.88%
2026-03-27T17:54:47.180021 [EDL:A3E34554] super 33.02%
2026-03-27T17:54:47.286291 [EDL:A3E34554] super 33.15%
2026-03-27T17:54:47.394565 [EDL:A3E34554] super 33.29%
2026-03-27T17:54:47.500516 [EDL:A3E34554] super 33.42%
2026-03-27T17:54:47.606241 [EDL:A3E34554] super 33.56%
2026-03-27T17:54:47.712322 [EDL:A3E34554] super 33.69%
2026-03-27T17:54:47.818124 [EDL:A3E34554] super 33.82%
2026-03-27T17:54:47.924352 [EDL:A3E34554] super 33.96%
2026-03-27T17:54:48.030015 [EDL:A3E34554] super 34.09%
2026-03-27T17:54:48.135901 [EDL:A3E34554] super 34.23%
2026-03-27T17:54:48.241038 [EDL:A3E34554] super 34.36%
2026-03-27T17:54:48.346347 [EDL:A3E34554] super 34.49%
2026-03-27T17:54:48.452006 [EDL:A3E34554] super 34.63%
2026-03-27T17:54:48.577492 [EDL:A3E34554] super 34.76%
2026-03-27T17:54:48.668469 [EDL:A3E34554] super 34.90%
2026-03-27T17:54:48.774470 [EDL:A3E34554] super 35.03%
2026-03-27T17:54:48.880406 [EDL:A3E34554] super 35.16%
2026-03-27T17:54:48.985512 [EDL:A3E34554] super 35.30%
2026-03-27T17:54:49.092197 [EDL:A3E34554] super 35.43%
2026-03-27T17:54:49.196518 [EDL:A3E34554] super 35.57%
2026-03-27T17:54:49.301982 [EDL:A3E34554] super 35.70%
2026-03-27T17:54:49.408096 [EDL:A3E34554] super 35.83%
2026-03-27T17:54:49.513964 [EDL:A3E34554] super 35.97%
2026-03-27T17:54:49.619833 [EDL:A3E34554] super 36.10%
2026-03-27T17:54:49.726064 [EDL:A3E34554] super 36.24%
2026-03-27T17:54:49.831864 [EDL:A3E34554] super 36.37%
2026-03-27T17:54:49.937395 [EDL:A3E34554] super 36.51%
2026-03-27T17:54:50.043577 [EDL:A3E34554] super 36.64%
2026-03-27T17:54:50.151678 [EDL:A3E34554] super 36.77%
2026-03-27T17:54:50.257736 [EDL:A3E34554] super 36.91%
2026-03-27T17:54:50.363712 [EDL:A3E34554] super 37.04%
2026-03-27T17:54:50.469200 [EDL:A3E34554] super 37.18%
2026-03-27T17:54:50.590469 [EDL:A3E34554] super 37.31%
2026-03-27T17:54:50.682730 [EDL:A3E34554] super 37.44%
2026-03-27T17:54:50.788312 [EDL:A3E34554] super 37.58%
2026-03-27T17:54:50.894302 [EDL:A3E34554] super 37.71%
2026-03-27T17:54:51.000077 [EDL:A3E34554] super 37.85%
2026-03-27T17:54:51.105198 [EDL:A3E34554] super 37.98%
2026-03-27T17:54:51.211155 [EDL:A3E34554] super 38.11%
2026-03-27T17:54:51.316329 [EDL:A3E34554] super 38.25%
2026-03-27T17:54:51.421614 [EDL:A3E34554] super 38.38%
2026-03-27T17:54:51.527781 [EDL:A3E34554] super 38.52%
2026-03-27T17:54:51.633896 [EDL:A3E34554] super 38.65%
2026-03-27T17:54:51.739563 [EDL:A3E34554] super 38.78%
2026-03-27T17:54:51.845910 [EDL:A3E34554] super 38.92%
2026-03-27T17:54:51.950845 [EDL:A3E34554] super 39.05%
2026-03-27T17:54:52.056505 [EDL:A3E34554] super 39.19%
2026-03-27T17:54:52.162968 [EDL:A3E34554] super 39.32%
2026-03-27T17:54:52.268348 [EDL:A3E34554] super 39.46%
2026-03-27T17:54:52.373854 [EDL:A3E34554] super 39.59%
2026-03-27T17:54:52.480832 [EDL:A3E34554] super 39.72%
2026-03-27T17:54:52.587615 [EDL:A3E34554] super 39.86%
2026-03-27T17:54:52.696940 [EDL:A3E34554] super 39.99%
2026-03-27T17:54:52.802959 [EDL:A3E34554] super 40.13%
2026-03-27T17:54:52.907961 [EDL:A3E34554] super 40.26%
2026-03-27T17:54:53.013235 [EDL:A3E34554] super 40.39%
2026-03-27T17:54:53.119610 [EDL:A3E34554] super 40.53%
2026-03-27T17:54:53.224499 [EDL:A3E34554] super 40.66%
2026-03-27T17:54:53.331337 [EDL:A3E34554] super 40.80%
2026-03-27T17:54:53.438133 [EDL:A3E34554] super 40.93%
2026-03-27T17:54:53.543603 [EDL:A3E34554] super 41.06%
2026-03-27T17:54:53.649055 [EDL:A3E34554] super 41.20%
2026-03-27T17:54:53.754759 [EDL:A3E34554] super 41.33%
2026-03-27T17:54:53.860590 [EDL:A3E34554] super 41.47%
2026-03-27T17:54:53.965645 [EDL:A3E34554] super 41.60%
2026-03-27T17:54:54.071427 [EDL:A3E34554] super 41.73%
2026-03-27T17:54:54.176467 [EDL:A3E34554] super 41.87%
2026-03-27T17:54:54.282122 [EDL:A3E34554] super 42.00%
2026-03-27T17:54:54.387009 [EDL:A3E34554] super 42.14%
2026-03-27T17:54:54.491978 [EDL:A3E34554] super 42.27%
2026-03-27T17:54:54.599750 [EDL:A3E34554] super 42.41%
2026-03-27T17:54:54.705696 [EDL:A3E34554] super 42.54%
2026-03-27T17:54:54.811361 [EDL:A3E34554] super 42.67%
2026-03-27T17:54:54.917120 [EDL:A3E34554] super 42.81%
2026-03-27T17:54:55.021499 [EDL:A3E34554] super 42.94%
2026-03-27T17:54:55.127386 [EDL:A3E34554] super 43.08%
2026-03-27T17:54:55.233375 [EDL:A3E34554] super 43.21%
2026-03-27T17:54:55.339411 [EDL:A3E34554] super 43.34%
2026-03-27T17:54:55.444650 [EDL:A3E34554] super 43.48%
2026-03-27T17:54:55.549857 [EDL:A3E34554] super 43.61%
2026-03-27T17:54:55.655698 [EDL:A3E34554] super 43.75%
2026-03-27T17:54:55.761597 [EDL:A3E34554] super 43.88%
2026-03-27T17:54:55.866766 [EDL:A3E34554] super 44.01%
2026-03-27T17:54:55.978594 [EDL:A3E34554] super 44.15%
2026-03-27T17:54:56.086236 [EDL:A3E34554] super 44.28%
2026-03-27T17:54:56.191508 [EDL:A3E34554] super 44.42%
2026-03-27T17:54:56.297186 [EDL:A3E34554] super 44.55%
2026-03-27T17:54:56.402321 [EDL:A3E34554] super 44.68%
2026-03-27T17:54:56.507627 [EDL:A3E34554] super 44.82%
2026-03-27T17:54:56.614071 [EDL:A3E34554] super 44.95%
2026-03-27T17:54:56.719091 [EDL:A3E34554] super 45.09%
2026-03-27T17:54:56.823982 [EDL:A3E34554] super 45.22%
2026-03-27T17:54:56.929179 [EDL:A3E34554] super 45.36%
2026-03-27T17:54:57.034787 [EDL:A3E34554] super 45.49%
2026-03-27T17:54:57.139770 [EDL:A3E34554] super 45.62%
2026-03-27T17:54:57.244414 [EDL:A3E34554] super 45.76%
2026-03-27T17:54:57.349862 [EDL:A3E34554] super 45.89%
2026-03-27T17:54:57.455212 [EDL:A3E34554] super 46.03%
2026-03-27T17:54:57.561346 [EDL:A3E34554] super 46.16%
2026-03-27T17:54:57.668261 [EDL:A3E34554] super 46.29%
2026-03-27T17:54:57.774547 [EDL:A3E34554] super 46.43%
2026-03-27T17:54:57.879382 [EDL:A3E34554] super 46.56%
2026-03-27T17:54:57.985348 [EDL:A3E34554] super 46.70%
2026-03-27T17:54:58.092064 [EDL:A3E34554] super 46.83%
2026-03-27T17:54:58.196784 [EDL:A3E34554] super 46.96%
2026-03-27T17:54:58.302100 [EDL:A3E34554] super 47.10%
2026-03-27T17:54:58.408165 [EDL:A3E34554] super 47.23%
2026-03-27T17:54:58.513559 [EDL:A3E34554] super 47.37%
2026-03-27T17:54:58.620734 [EDL:A3E34554] super 47.50%
2026-03-27T17:54:58.726548 [EDL:A3E34554] super 47.63%
2026-03-27T17:54:58.832596 [EDL:A3E34554] super 47.77%
2026-03-27T17:54:58.938081 [EDL:A3E34554] super 47.90%
2026-03-27T17:54:59.043413 [EDL:A3E34554] super 48.04%
2026-03-27T17:54:59.149009 [EDL:A3E34554] super 48.17%
2026-03-27T17:54:59.254505 [EDL:A3E34554] super 48.30%
2026-03-27T17:54:59.361078 [EDL:A3E34554] super 48.44%
2026-03-27T17:54:59.466535 [EDL:A3E34554] super 48.57%
2026-03-27T17:54:59.572257 [EDL:A3E34554] super 48.71%
2026-03-27T17:54:59.678386 [EDL:A3E34554] super 48.84%
2026-03-27T17:54:59.784031 [EDL:A3E34554] super 48.98%
2026-03-27T17:54:59.889589 [EDL:A3E34554] super 49.11%
2026-03-27T17:54:59.995483 [EDL:A3E34554] super 49.24%
2026-03-27T17:55:00.102973 [EDL:A3E34554] super 49.38%
2026-03-27T17:55:00.210320 [EDL:A3E34554] super 49.51%
2026-03-27T17:55:00.316561 [EDL:A3E34554] super 49.65%
2026-03-27T17:55:00.423248 [EDL:A3E34554] super 49.78%
2026-03-27T17:55:00.531391 [EDL:A3E34554] super 49.91%
2026-03-27T17:55:00.640103 [EDL:A3E34554] super 50.05%
2026-03-27T17:55:00.746445 [EDL:A3E34554] super 50.18%
2026-03-27T17:55:00.852402 [EDL:A3E34554] super 50.32%
2026-03-27T17:55:00.958147 [EDL:A3E34554] super 50.45%
2026-03-27T17:55:01.065160 [EDL:A3E34554] super 50.58%
2026-03-27T17:55:01.171817 [EDL:A3E34554] super 50.72%
2026-03-27T17:55:01.277375 [EDL:A3E34554] super 50.85%
2026-03-27T17:55:01.382253 [EDL:A3E34554] super 50.99%
2026-03-27T17:55:01.488092 [EDL:A3E34554] super 51.12%
2026-03-27T17:55:01.594082 [EDL:A3E34554] super 51.25%
2026-03-27T17:55:01.700443 [EDL:A3E34554] super 51.39%
2026-03-27T17:55:01.805584 [EDL:A3E34554] super 51.52%
2026-03-27T17:55:01.910960 [EDL:A3E34554] super 51.66%
2026-03-27T17:55:02.016595 [EDL:A3E34554] super 51.79%
2026-03-27T17:55:02.124564 [EDL:A3E34554] super 51.93%
2026-03-27T17:55:02.232024 [EDL:A3E34554] super 52.06%
2026-03-27T17:55:02.337227 [EDL:A3E34554] super 52.19%
2026-03-27T17:55:02.441958 [EDL:A3E34554] super 52.33%
2026-03-27T17:55:02.547303 [EDL:A3E34554] super 52.46%
2026-03-27T17:55:02.653230 [EDL:A3E34554] super 52.60%
2026-03-27T17:55:02.757624 [EDL:A3E34554] super 52.73%
2026-03-27T17:55:02.862240 [EDL:A3E34554] super 52.86%
2026-03-27T17:55:02.968008 [EDL:A3E34554] super 53.00%
2026-03-27T17:55:03.073219 [EDL:A3E34554] super 53.13%
2026-03-27T17:55:03.178697 [EDL:A3E34554] super 53.27%
2026-03-27T17:55:03.284583 [EDL:A3E34554] super 53.40%
2026-03-27T17:55:03.391170 [EDL:A3E34554] super 53.53%
2026-03-27T17:55:03.496294 [EDL:A3E34554] super 53.67%
2026-03-27T17:55:03.602109 [EDL:A3E34554] super 53.80%
2026-03-27T17:55:03.706990 [EDL:A3E34554] super 53.94%
2026-03-27T17:55:03.811761 [EDL:A3E34554] super 54.07%
2026-03-27T17:55:03.919513 [EDL:A3E34554] super 54.20%
2026-03-27T17:55:04.025725 [EDL:A3E34554] super 54.34%
2026-03-27T17:55:04.135268 [EDL:A3E34554] super 54.47%
2026-03-27T17:55:04.242447 [EDL:A3E34554] super 54.61%
2026-03-27T17:55:04.347762 [EDL:A3E34554] super 54.74%
2026-03-27T17:55:04.453575 [EDL:A3E34554] super 54.88%
2026-03-27T17:55:04.579389 [EDL:A3E34554] super 55.01%
2026-03-27T17:55:04.667957 [EDL:A3E34554] super 55.14%
2026-03-27T17:55:04.774005 [EDL:A3E34554] super 55.28%
2026-03-27T17:55:04.880308 [EDL:A3E34554] super 55.41%
2026-03-27T17:55:04.986211 [EDL:A3E34554] super 55.55%
2026-03-27T17:55:05.092967 [EDL:A3E34554] super 55.68%
2026-03-27T17:55:05.199122 [EDL:A3E34554] super 55.81%
2026-03-27T17:55:05.305314 [EDL:A3E34554] super 55.95%
2026-03-27T17:55:05.412113 [EDL:A3E34554] super 56.08%
2026-03-27T17:55:05.519244 [EDL:A3E34554] super 56.22%
2026-03-27T17:55:05.628414 [EDL:A3E34554] super 56.35%
2026-03-27T17:55:05.735294 [EDL:A3E34554] super 56.48%
2026-03-27T17:55:05.841343 [EDL:A3E34554] super 56.62%
2026-03-27T17:55:05.947173 [EDL:A3E34554] super 56.75%
2026-03-27T17:55:06.052948 [EDL:A3E34554] super 56.89%
2026-03-27T17:55:06.158815 [EDL:A3E34554] super 57.02%
2026-03-27T17:55:06.263627 [EDL:A3E34554] super 57.15%
2026-03-27T17:55:06.368536 [EDL:A3E34554] super 57.29%
2026-03-27T17:55:06.473016 [EDL:A3E34554] super 57.42%
2026-03-27T17:55:06.593455 [EDL:A3E34554] super 57.56%
2026-03-27T17:55:06.684741 [EDL:A3E34554] super 57.69%
2026-03-27T17:55:06.789287 [EDL:A3E34554] super 57.83%
2026-03-27T17:55:06.895290 [EDL:A3E34554] super 57.96%
2026-03-27T17:55:07.000291 [EDL:A3E34554] super 58.09%
2026-03-27T17:55:07.106830 [EDL:A3E34554] super 58.23%
2026-03-27T17:55:07.212389 [EDL:A3E34554] super 58.36%
2026-03-27T17:55:07.317308 [EDL:A3E34554] super 58.50%
2026-03-27T17:55:07.422485 [EDL:A3E34554] super 58.63%
2026-03-27T17:55:07.528337 [EDL:A3E34554] super 58.76%
2026-03-27T17:55:07.633312 [EDL:A3E34554] super 58.90%
2026-03-27T17:55:07.738447 [EDL:A3E34554] super 59.03%
2026-03-27T17:55:07.844370 [EDL:A3E34554] super 59.17%
2026-03-27T17:55:07.949967 [EDL:A3E34554] super 59.30%
2026-03-27T17:55:08.055603 [EDL:A3E34554] super 59.43%
2026-03-27T17:55:08.162403 [EDL:A3E34554] super 59.57%
2026-03-27T17:55:08.267398 [EDL:A3E34554] super 59.70%
2026-03-27T17:55:08.373042 [EDL:A3E34554] super 59.84%
2026-03-27T17:55:08.477760 [EDL:A3E34554] super 59.97%
2026-03-27T17:55:08.584739 [EDL:A3E34554] super 60.10%
2026-03-27T17:55:08.691393 [EDL:A3E34554] super 60.24%
2026-03-27T17:55:08.798010 [EDL:A3E34554] super 60.37%
2026-03-27T17:55:08.904371 [EDL:A3E34554] super 60.51%
2026-03-27T17:55:09.009615 [EDL:A3E34554] super 60.64%
2026-03-27T17:55:09.115228 [EDL:A3E34554] super 60.78%
2026-03-27T17:55:09.221302 [EDL:A3E34554] super 60.91%
2026-03-27T17:55:09.327349 [EDL:A3E34554] super 61.04%
2026-03-27T17:55:09.433307 [EDL:A3E34554] super 61.18%
2026-03-27T17:55:09.539382 [EDL:A3E34554] super 61.31%
2026-03-27T17:55:09.644789 [EDL:A3E34554] super 61.45%
2026-03-27T17:55:09.750348 [EDL:A3E34554] super 61.58%
2026-03-27T17:55:09.856210 [EDL:A3E34554] super 61.71%
2026-03-27T17:55:09.962720 [EDL:A3E34554] super 61.85%
2026-03-27T17:55:10.068411 [EDL:A3E34554] super 61.98%
2026-03-27T17:55:10.174080 [EDL:A3E34554] super 62.12%
2026-03-27T17:55:10.280330 [EDL:A3E34554] super 62.25%
2026-03-27T17:55:10.385771 [EDL:A3E34554] super 62.38%
2026-03-27T17:55:10.491205 [EDL:A3E34554] super 62.52%
2026-03-27T17:55:10.598265 [EDL:A3E34554] super 62.65%
2026-03-27T17:55:10.704422 [EDL:A3E34554] super 62.79%
2026-03-27T17:55:10.808631 [EDL:A3E34554] super 62.92%
2026-03-27T17:55:10.913406 [EDL:A3E34554] super 63.05%
2026-03-27T17:55:11.018032 [EDL:A3E34554] super 63.19%
2026-03-27T17:55:11.123967 [EDL:A3E34554] super 63.32%
2026-03-27T17:55:11.229814 [EDL:A3E34554] super 63.46%
2026-03-27T17:55:11.335068 [EDL:A3E34554] super 63.59%
2026-03-27T17:55:11.440740 [EDL:A3E34554] super 63.73%
2026-03-27T17:55:11.545760 [EDL:A3E34554] super 63.86%
2026-03-27T17:55:11.650783 [EDL:A3E34554] super 63.99%
2026-03-27T17:55:11.756559 [EDL:A3E34554] super 64.13%
2026-03-27T17:55:11.865810 [EDL:A3E34554] super 64.26%
2026-03-27T17:55:11.975426 [EDL:A3E34554] super 64.40%
2026-03-27T17:55:12.080696 [EDL:A3E34554] super 64.53%
2026-03-27T17:55:12.186333 [EDL:A3E34554] super 64.66%
2026-03-27T17:55:12.293313 [EDL:A3E34554] super 64.80%
2026-03-27T17:55:12.400571 [EDL:A3E34554] super 64.93%
2026-03-27T17:55:12.507447 [EDL:A3E34554] super 65.07%
2026-03-27T17:55:12.616893 [EDL:A3E34554] super 65.20%
2026-03-27T17:55:12.722982 [EDL:A3E34554] super 65.33%
2026-03-27T17:55:12.829141 [EDL:A3E34554] super 65.47%
2026-03-27T17:55:12.934569 [EDL:A3E34554] super 65.60%
2026-03-27T17:55:13.041295 [EDL:A3E34554] super 65.74%
2026-03-27T17:55:13.147072 [EDL:A3E34554] super 65.87%
2026-03-27T17:55:13.253424 [EDL:A3E34554] super 66.00%
2026-03-27T17:55:13.359996 [EDL:A3E34554] super 66.14%
2026-03-27T17:55:13.466070 [EDL:A3E34554] super 66.27%
2026-03-27T17:55:13.572936 [EDL:A3E34554] super 66.41%
2026-03-27T17:55:13.680730 [EDL:A3E34554] super 66.54%
2026-03-27T17:55:13.786961 [EDL:A3E34554] super 66.67%
2026-03-27T17:55:13.892390 [EDL:A3E34554] super 66.81%
2026-03-27T17:55:13.997267 [EDL:A3E34554] super 66.94%
2026-03-27T17:55:14.105058 [EDL:A3E34554] super 67.08%
2026-03-27T17:55:14.212885 [EDL:A3E34554] super 67.21%
2026-03-27T17:55:14.319115 [EDL:A3E34554] super 67.35%
2026-03-27T17:55:14.425399 [EDL:A3E34554] super 67.48%
2026-03-27T17:55:14.533265 [EDL:A3E34554] super 67.61%
2026-03-27T17:55:14.641288 [EDL:A3E34554] super 67.75%
2026-03-27T17:55:14.748488 [EDL:A3E34554] super 67.88%
2026-03-27T17:55:14.854630 [EDL:A3E34554] super 68.02%
2026-03-27T17:55:14.960569 [EDL:A3E34554] super 68.15%
2026-03-27T17:55:15.066590 [EDL:A3E34554] super 68.28%
2026-03-27T17:55:15.172303 [EDL:A3E34554] super 68.42%
2026-03-27T17:55:15.277868 [EDL:A3E34554] super 68.55%
2026-03-27T17:55:15.384030 [EDL:A3E34554] super 68.69%
2026-03-27T17:55:15.489780 [EDL:A3E34554] super 68.82%
2026-03-27T17:55:15.595708 [EDL:A3E34554] super 68.95%
2026-03-27T17:55:15.701754 [EDL:A3E34554] super 69.09%
2026-03-27T17:55:15.807641 [EDL:A3E34554] super 69.22%
2026-03-27T17:55:15.913420 [EDL:A3E34554] super 69.36%
2026-03-27T17:55:16.018517 [EDL:A3E34554] super 69.49%
2026-03-27T17:55:16.126563 [EDL:A3E34554] super 69.62%
2026-03-27T17:55:16.232656 [EDL:A3E34554] super 69.76%
2026-03-27T17:55:16.337803 [EDL:A3E34554] super 69.89%
2026-03-27T17:55:16.443384 [EDL:A3E34554] super 70.03%
2026-03-27T17:55:16.548563 [EDL:A3E34554] super 70.16%
2026-03-27T17:55:16.654514 [EDL:A3E34554] super 70.30%
2026-03-27T17:55:16.759997 [EDL:A3E34554] super 70.43%
2026-03-27T17:55:16.864843 [EDL:A3E34554] super 70.56%
2026-03-27T17:55:16.969899 [EDL:A3E34554] super 70.70%
2026-03-27T17:55:17.075465 [EDL:A3E34554] super 70.83%
2026-03-27T17:55:17.180243 [EDL:A3E34554] super 70.97%
2026-03-27T17:55:17.283911 [EDL:A3E34554] super 71.10%
2026-03-27T17:55:17.388999 [EDL:A3E34554] super 71.23%
2026-03-27T17:55:17.493987 [EDL:A3E34554] super 71.37%
2026-03-27T17:55:17.600563 [EDL:A3E34554] super 71.50%
2026-03-27T17:55:17.705010 [EDL:A3E34554] super 71.64%
2026-03-27T17:55:17.810019 [EDL:A3E34554] super 71.77%
2026-03-27T17:55:17.915485 [EDL:A3E34554] super 71.90%
2026-03-27T17:55:18.022321 [EDL:A3E34554] super 72.04%
2026-03-27T17:55:18.130641 [EDL:A3E34554] super 72.17%
2026-03-27T17:55:18.237744 [EDL:A3E34554] super 72.31%
2026-03-27T17:55:18.343342 [EDL:A3E34554] super 72.44%
2026-03-27T17:55:18.448810 [EDL:A3E34554] super 72.57%
2026-03-27T17:55:18.578822 [EDL:A3E34554] super 72.71%
2026-03-27T17:55:18.660501 [EDL:A3E34554] super 72.84%
2026-03-27T17:55:18.765883 [EDL:A3E34554] super 72.98%
2026-03-27T17:55:18.871647 [EDL:A3E34554] super 73.11%
2026-03-27T17:55:18.976749 [EDL:A3E34554] super 73.25%
2026-03-27T17:55:19.082628 [EDL:A3E34554] super 73.38%
2026-03-27T17:55:19.187862 [EDL:A3E34554] super 73.51%
2026-03-27T17:55:19.295755 [EDL:A3E34554] super 73.65%
2026-03-27T17:55:19.410655 [EDL:A3E34554] super 73.78%
2026-03-27T17:55:19.520813 [EDL:A3E34554] super 73.92%
2026-03-27T17:55:19.626422 [EDL:A3E34554] super 74.05%
2026-03-27T17:55:19.732293 [EDL:A3E34554] super 74.18%
2026-03-27T17:55:19.838223 [EDL:A3E34554] super 74.32%
2026-03-27T17:55:19.944299 [EDL:A3E34554] super 74.45%
2026-03-27T17:55:20.051400 [EDL:A3E34554] super 74.59%
2026-03-27T17:55:20.159030 [EDL:A3E34554] super 74.72%
2026-03-27T17:55:20.265296 [EDL:A3E34554] super 74.85%
2026-03-27T17:55:20.371951 [EDL:A3E34554] super 74.99%
2026-03-27T17:55:20.478570 [EDL:A3E34554] super 75.12%
2026-03-27T17:55:20.586168 [EDL:A3E34554] super 75.26%
2026-03-27T17:55:20.691964 [EDL:A3E34554] super 75.39%
2026-03-27T17:55:20.797535 [EDL:A3E34554] super 75.52%
2026-03-27T17:55:20.903396 [EDL:A3E34554] super 75.66%
2026-03-27T17:55:21.008599 [EDL:A3E34554] super 75.79%
2026-03-27T17:55:21.114487 [EDL:A3E34554] super 75.93%
2026-03-27T17:55:21.220840 [EDL:A3E34554] super 76.06%
2026-03-27T17:55:21.327739 [EDL:A3E34554] super 76.20%
2026-03-27T17:55:21.434610 [EDL:A3E34554] super 76.33%
2026-03-27T17:55:21.539538 [EDL:A3E34554] super 76.46%
2026-03-27T17:55:21.644225 [EDL:A3E34554] super 76.60%
2026-03-27T17:55:21.749941 [EDL:A3E34554] super 76.73%
2026-03-27T17:55:21.855691 [EDL:A3E34554] super 76.87%
2026-03-27T17:55:21.961032 [EDL:A3E34554] super 77.00%
2026-03-27T17:55:22.067191 [EDL:A3E34554] super 77.13%
2026-03-27T17:55:22.173389 [EDL:A3E34554] super 77.27%
2026-03-27T17:55:22.281736 [EDL:A3E34554] super 77.40%
2026-03-27T17:55:22.388875 [EDL:A3E34554] super 77.54%
2026-03-27T17:55:22.494221 [EDL:A3E34554] super 77.67%
2026-03-27T17:55:22.599850 [EDL:A3E34554] super 77.80%
2026-03-27T17:55:22.706221 [EDL:A3E34554] super 77.94%
2026-03-27T17:55:22.811321 [EDL:A3E34554] super 78.07%
2026-03-27T17:55:22.915937 [EDL:A3E34554] super 78.21%
2026-03-27T17:55:23.021942 [EDL:A3E34554] super 78.34%
2026-03-27T17:55:23.127618 [EDL:A3E34554] super 78.47%
2026-03-27T17:55:23.233345 [EDL:A3E34554] super 78.61%
2026-03-27T17:55:23.338596 [EDL:A3E34554] super 78.74%
2026-03-27T17:55:23.443731 [EDL:A3E34554] super 78.88%
2026-03-27T17:55:23.548373 [EDL:A3E34554] super 79.01%
2026-03-27T17:55:23.653619 [EDL:A3E34554] super 79.15%
2026-03-27T17:55:23.759643 [EDL:A3E34554] super 79.28%
2026-03-27T17:55:23.866350 [EDL:A3E34554] super 79.41%
2026-03-27T17:55:23.970157 [EDL:A3E34554] super 79.55%
2026-03-27T17:55:24.075614 [EDL:A3E34554] super 79.68%
2026-03-27T17:55:24.180174 [EDL:A3E34554] super 79.82%
2026-03-27T17:55:24.285091 [EDL:A3E34554] super 79.95%
2026-03-27T17:55:24.390038 [EDL:A3E34554] super 80.08%
2026-03-27T17:55:24.495768 [EDL:A3E34554] super 80.22%
2026-03-27T17:55:24.602297 [EDL:A3E34554] super 80.35%
2026-03-27T17:55:24.707994 [EDL:A3E34554] super 80.49%
2026-03-27T17:55:24.813714 [EDL:A3E34554] super 80.62%
2026-03-27T17:55:24.919342 [EDL:A3E34554] super 80.75%
2026-03-27T17:55:25.024543 [EDL:A3E34554] super 80.89%
2026-03-27T17:55:25.131222 [EDL:A3E34554] super 81.02%
2026-03-27T17:55:25.235220 [EDL:A3E34554] super 81.16%
2026-03-27T17:55:25.339495 [EDL:A3E34554] super 81.29%
2026-03-27T17:55:25.445380 [EDL:A3E34554] super 81.42%
2026-03-27T17:55:25.550164 [EDL:A3E34554] super 81.56%
2026-03-27T17:55:25.655502 [EDL:A3E34554] super 81.69%
2026-03-27T17:55:25.760833 [EDL:A3E34554] super 81.83%
2026-03-27T17:55:25.866470 [EDL:A3E34554] super 81.96%
2026-03-27T17:55:25.971873 [EDL:A3E34554] super 82.10%
2026-03-27T17:55:26.077974 [EDL:A3E34554] super 82.23%
2026-03-27T17:55:26.183286 [EDL:A3E34554] super 82.36%
2026-03-27T17:55:26.288548 [EDL:A3E34554] super 82.50%
2026-03-27T17:55:26.392977 [EDL:A3E34554] super 82.63%
2026-03-27T17:55:26.497935 [EDL:A3E34554] super 82.77%
2026-03-27T17:55:26.604358 [EDL:A3E34554] super 82.90%
2026-03-27T17:55:26.712890 [EDL:A3E34554] super 83.03%
2026-03-27T17:55:26.820282 [EDL:A3E34554] super 83.17%
2026-03-27T17:55:26.927703 [EDL:A3E34554] super 83.30%
2026-03-27T17:55:27.033217 [EDL:A3E34554] super 83.44%
2026-03-27T17:55:27.139030 [EDL:A3E34554] super 83.57%
2026-03-27T17:55:27.245022 [EDL:A3E34554] super 83.70%
2026-03-27T17:55:27.349496 [EDL:A3E34554] super 83.84%
2026-03-27T17:55:27.456021 [EDL:A3E34554] super 83.97%
2026-03-27T17:55:27.562717 [EDL:A3E34554] super 84.11%
2026-03-27T17:55:27.667407 [EDL:A3E34554] super 84.24%
2026-03-27T17:55:27.773223 [EDL:A3E34554] super 84.37%
2026-03-27T17:55:27.879279 [EDL:A3E34554] super 84.51%
2026-03-27T17:55:27.984451 [EDL:A3E34554] super 84.64%
2026-03-27T17:55:28.090729 [EDL:A3E34554] super 84.78%
2026-03-27T17:55:28.197574 [EDL:A3E34554] super 84.91%
2026-03-27T17:55:28.301635 [EDL:A3E34554] super 85.04%
2026-03-27T17:55:28.406639 [EDL:A3E34554] super 85.18%
2026-03-27T17:55:28.511494 [EDL:A3E34554] super 85.31%
2026-03-27T17:55:28.616869 [EDL:A3E34554] super 85.45%
2026-03-27T17:55:28.721982 [EDL:A3E34554] super 85.58%
2026-03-27T17:55:28.826985 [EDL:A3E34554] super 85.72%
2026-03-27T17:55:28.932447 [EDL:A3E34554] super 85.85%
2026-03-27T17:55:29.038861 [EDL:A3E34554] super 85.98%
2026-03-27T17:55:29.144946 [EDL:A3E34554] super 86.12%
2026-03-27T17:55:29.250066 [EDL:A3E34554] super 86.25%
2026-03-27T17:55:29.355499 [EDL:A3E34554] super 86.39%
2026-03-27T17:55:29.459809 [EDL:A3E34554] super 86.52%
2026-03-27T17:55:29.564799 [EDL:A3E34554] super 86.65%
2026-03-27T17:55:29.669527 [EDL:A3E34554] super 86.79%
2026-03-27T17:55:29.777602 [EDL:A3E34554] super 86.92%
2026-03-27T17:55:29.883241 [EDL:A3E34554] super 87.06%
2026-03-27T17:55:29.991524 [EDL:A3E34554] super 87.19%
2026-03-27T17:55:30.097545 [EDL:A3E34554] super 87.32%
2026-03-27T17:55:30.202007 [EDL:A3E34554] super 87.46%
2026-03-27T17:55:30.307436 [EDL:A3E34554] super 87.59%
2026-03-27T17:55:30.412687 [EDL:A3E34554] super 87.73%
2026-03-27T17:55:30.518070 [EDL:A3E34554] super 87.86%
2026-03-27T17:55:30.624503 [EDL:A3E34554] super 87.99%
2026-03-27T17:55:30.730165 [EDL:A3E34554] super 88.13%
2026-03-27T17:55:30.835396 [EDL:A3E34554] super 88.26%
2026-03-27T17:55:30.941640 [EDL:A3E34554] super 88.40%
2026-03-27T17:55:31.048433 [EDL:A3E34554] super 88.53%
2026-03-27T17:55:31.155589 [EDL:A3E34554] super 88.67%
2026-03-27T17:55:31.263315 [EDL:A3E34554] super 88.80%
2026-03-27T17:55:31.369798 [EDL:A3E34554] super 88.93%
2026-03-27T17:55:31.475094 [EDL:A3E34554] super 89.07%
2026-03-27T17:55:31.580285 [EDL:A3E34554] super 89.20%
2026-03-27T17:55:31.684767 [EDL:A3E34554] super 89.34%
2026-03-27T17:55:31.791118 [EDL:A3E34554] super 89.47%
2026-03-27T17:55:31.897439 [EDL:A3E34554] super 89.60%
2026-03-27T17:55:32.002544 [EDL:A3E34554] super 89.74%
2026-03-27T17:55:32.107566 [EDL:A3E34554] super 89.87%
2026-03-27T17:55:32.214226 [EDL:A3E34554] super 90.01%
2026-03-27T17:55:32.319373 [EDL:A3E34554] super 90.14%
2026-03-27T17:55:32.424460 [EDL:A3E34554] super 90.27%
2026-03-27T17:55:32.529316 [EDL:A3E34554] super 90.41%
2026-03-27T17:55:32.635307 [EDL:A3E34554] super 90.54%
2026-03-27T17:55:32.741219 [EDL:A3E34554] super 90.68%
2026-03-27T17:55:32.847835 [EDL:A3E34554] super 90.81%
2026-03-27T17:55:32.953542 [EDL:A3E34554] super 90.94%
2026-03-27T17:55:33.059343 [EDL:A3E34554] super 91.08%
2026-03-27T17:55:33.163797 [EDL:A3E34554] super 91.21%
2026-03-27T17:55:33.269511 [EDL:A3E34554] super 91.35%
2026-03-27T17:55:33.375192 [EDL:A3E34554] super 91.48%
2026-03-27T17:55:33.479754 [EDL:A3E34554] super 91.62%
2026-03-27T17:55:33.583863 [EDL:A3E34554] super 91.75%
2026-03-27T17:55:33.689514 [EDL:A3E34554] super 91.88%
2026-03-27T17:55:33.794133 [EDL:A3E34554] super 92.02%
2026-03-27T17:55:33.899376 [EDL:A3E34554] super 92.15%
2026-03-27T17:55:34.005384 [EDL:A3E34554] super 92.29%
2026-03-27T17:55:34.110596 [EDL:A3E34554] super 92.42%
2026-03-27T17:55:34.215038 [EDL:A3E34554] super 92.55%
2026-03-27T17:55:34.318736 [EDL:A3E34554] super 92.69%
2026-03-27T17:55:34.423863 [EDL:A3E34554] super 92.82%
2026-03-27T17:55:34.527397 [EDL:A3E34554] super 92.96%
2026-03-27T17:55:34.632442 [EDL:A3E34554] super 93.09%
2026-03-27T17:55:34.736308 [EDL:A3E34554] super 93.22%
2026-03-27T17:55:34.838872 [EDL:A3E34554] super 93.36%
2026-03-27T17:55:34.942376 [EDL:A3E34554] super 93.49%
2026-03-27T17:55:35.046530 [EDL:A3E34554] super 93.63%
2026-03-27T17:55:35.151714 [EDL:A3E34554] super 93.76%
2026-03-27T17:55:35.256532 [EDL:A3E34554] super 93.89%
2026-03-27T17:55:35.362483 [EDL:A3E34554] super 94.03%
2026-03-27T17:55:35.468341 [EDL:A3E34554] super 94.16%
2026-03-27T17:55:35.575190 [EDL:A3E34554] super 94.30%
2026-03-27T17:55:35.681388 [EDL:A3E34554] super 94.43%
2026-03-27T17:55:35.784250 [EDL:A3E34554] super 94.57%
2026-03-27T17:55:35.890763 [EDL:A3E34554] super 94.70%
2026-03-27T17:55:35.997201 [EDL:A3E34554] super 94.83%
2026-03-27T17:55:36.105648 [EDL:A3E34554] super 94.97%
2026-03-27T17:55:36.212033 [EDL:A3E34554] super 95.10%
2026-03-27T17:55:36.316974 [EDL:A3E34554] super 95.24%
2026-03-27T17:55:36.422976 [EDL:A3E34554] super 95.37%
2026-03-27T17:55:36.533252 [EDL:A3E34554] super 95.50%
2026-03-27T17:55:36.638371 [EDL:A3E34554] super 95.64%
2026-03-27T17:55:36.745545 [EDL:A3E34554] super 95.77%
2026-03-27T17:55:36.851219 [EDL:A3E34554] super 95.91%
2026-03-27T17:55:36.957224 [EDL:A3E34554] super 96.04%
2026-03-27T17:55:37.062785 [EDL:A3E34554] super 96.17%
2026-03-27T17:55:37.167608 [EDL:A3E34554] super 96.31%
2026-03-27T17:55:37.277836 [EDL:A3E34554] super 96.44%
2026-03-27T17:55:37.382692 [EDL:A3E34554] super 96.58%
2026-03-27T17:55:37.487020 [EDL:A3E34554] super 96.71%
2026-03-27T17:55:37.591079 [EDL:A3E34554] super 96.84%
2026-03-27T17:55:37.697233 [EDL:A3E34554] super 96.98%
2026-03-27T17:55:37.803469 [EDL:A3E34554] super 97.11%
2026-03-27T17:55:37.909004 [EDL:A3E34554] super 97.25%
2026-03-27T17:55:38.013510 [EDL:A3E34554] super 97.38%
2026-03-27T17:55:38.119597 [EDL:A3E34554] super 97.52%
2026-03-27T17:55:38.224520 [EDL:A3E34554] super 97.65%
2026-03-27T17:55:38.330492 [EDL:A3E34554] super 97.78%
2026-03-27T17:55:38.435518 [EDL:A3E34554] super 97.92%
2026-03-27T17:55:38.541083 [EDL:A3E34554] super 98.05%
2026-03-27T17:55:38.649714 [EDL:A3E34554] super 98.19%
2026-03-27T17:55:38.756387 [EDL:A3E34554] super 98.32%
2026-03-27T17:55:38.862601 [EDL:A3E34554] super 98.45%
2026-03-27T17:55:38.969314 [EDL:A3E34554] super 98.59%
2026-03-27T17:55:39.074929 [EDL:A3E34554] super 98.72%
2026-03-27T17:55:39.180555 [EDL:A3E34554] super 98.86%
2026-03-27T17:55:39.285168 [EDL:A3E34554] super 98.99%
2026-03-27T17:55:39.391295 [EDL:A3E34554] super 99.12%
2026-03-27T17:55:39.496777 [EDL:A3E34554] super 99.26%
2026-03-27T17:55:39.601255 [EDL:A3E34554] super 99.39%
2026-03-27T17:55:39.705914 [EDL:A3E34554] super 99.53%
2026-03-27T17:55:39.810456 [EDL:A3E34554] super 99.66%
2026-03-27T17:55:39.915889 [EDL:A3E34554] super 99.79%
2026-03-27T17:55:40.083376 [EDL:A3E34554] super 99.93%
2026-03-27T17:55:40.110795 [EDL:A3E34554] flashed "super" successfully at 38667kB/s
2026-03-27T17:55:40.216753 [EDL:A3E34554] super 0.10%
2026-03-27T17:55:40.321825 [EDL:A3E34554] super 0.52%
2026-03-27T17:55:40.426510 [EDL:A3E34554] super 0.93%
2026-03-27T17:55:40.531872 [EDL:A3E34554] super 1.35%
2026-03-27T17:55:40.637538 [EDL:A3E34554] super 1.77%
2026-03-27T17:55:40.741987 [EDL:A3E34554] super 2.18%
2026-03-27T17:55:40.846804 [EDL:A3E34554] super 2.60%
2026-03-27T17:55:40.951471 [EDL:A3E34554] super 3.01%
2026-03-27T17:55:41.055623 [EDL:A3E34554] super 3.43%
2026-03-27T17:55:41.159721 [EDL:A3E34554] super 3.84%
2026-03-27T17:55:41.263735 [EDL:A3E34554] super 4.26%
2026-03-27T17:55:41.369065 [EDL:A3E34554] super 4.67%
2026-03-27T17:55:41.473635 [EDL:A3E34554] super 5.09%
2026-03-27T17:55:41.577589 [EDL:A3E34554] super 5.50%
2026-03-27T17:55:41.681526 [EDL:A3E34554] super 5.92%
2026-03-27T17:55:41.786299 [EDL:A3E34554] super 6.34%
2026-03-27T17:55:41.890477 [EDL:A3E34554] super 6.75%
2026-03-27T17:55:41.996775 [EDL:A3E34554] super 7.17%
2026-03-27T17:55:42.101205 [EDL:A3E34554] super 7.58%
2026-03-27T17:55:42.204548 [EDL:A3E34554] super 8.00%
2026-03-27T17:55:42.308918 [EDL:A3E34554] super 8.41%
2026-03-27T17:55:42.414258 [EDL:A3E34554] super 8.83%
2026-03-27T17:55:42.518322 [EDL:A3E34554] super 9.24%
2026-03-27T17:55:42.623141 [EDL:A3E34554] super 9.66%
2026-03-27T17:55:42.726822 [EDL:A3E34554] super 10.07%
2026-03-27T17:55:42.830593 [EDL:A3E34554] super 10.49%
2026-03-27T17:55:42.934776 [EDL:A3E34554] super 10.90%
2026-03-27T17:55:43.038452 [EDL:A3E34554] super 11.32%
2026-03-27T17:55:43.142248 [EDL:A3E34554] super 11.74%
2026-03-27T17:55:43.246555 [EDL:A3E34554] super 12.15%
2026-03-27T17:55:43.350567 [EDL:A3E34554] super 12.57%
2026-03-27T17:55:43.454895 [EDL:A3E34554] super 12.98%
2026-03-27T17:55:43.559598 [EDL:A3E34554] super 13.40%
2026-03-27T17:55:43.664312 [EDL:A3E34554] super 13.81%
2026-03-27T17:55:43.769201 [EDL:A3E34554] super 14.23%
2026-03-27T17:55:43.874401 [EDL:A3E34554] super 14.64%
2026-03-27T17:55:43.979250 [EDL:A3E34554] super 15.06%
2026-03-27T17:55:44.084751 [EDL:A3E34554] super 15.47%
2026-03-27T17:55:44.190561 [EDL:A3E34554] super 15.89%
2026-03-27T17:55:44.295582 [EDL:A3E34554] super 16.30%
2026-03-27T17:55:44.400847 [EDL:A3E34554] super 16.72%
2026-03-27T17:55:44.506293 [EDL:A3E34554] super 17.14%
2026-03-27T17:55:44.612250 [EDL:A3E34554] super 17.55%
2026-03-27T17:55:44.717863 [EDL:A3E34554] super 17.97%
2026-03-27T17:55:44.824236 [EDL:A3E34554] super 18.38%
2026-03-27T17:55:44.929826 [EDL:A3E34554] super 18.80%
2026-03-27T17:55:45.035099 [EDL:A3E34554] super 19.21%
2026-03-27T17:55:45.140309 [EDL:A3E34554] super 19.63%
2026-03-27T17:55:45.247109 [EDL:A3E34554] super 20.04%
2026-03-27T17:55:45.352207 [EDL:A3E34554] super 20.46%
2026-03-27T17:55:45.458111 [EDL:A3E34554] super 20.87%
2026-03-27T17:55:45.564528 [EDL:A3E34554] super 21.29%
2026-03-27T17:55:45.670286 [EDL:A3E34554] super 21.71%
2026-03-27T17:55:45.775469 [EDL:A3E34554] super 22.12%
2026-03-27T17:55:45.880830 [EDL:A3E34554] super 22.54%
2026-03-27T17:55:45.986953 [EDL:A3E34554] super 22.95%
2026-03-27T17:55:46.093968 [EDL:A3E34554] super 23.37%
2026-03-27T17:55:46.198920 [EDL:A3E34554] super 23.78%
2026-03-27T17:55:46.303586 [EDL:A3E34554] super 24.20%
2026-03-27T17:55:46.409432 [EDL:A3E34554] super 24.61%
2026-03-27T17:55:46.515194 [EDL:A3E34554] super 25.03%
2026-03-27T17:55:46.621615 [EDL:A3E34554] super 25.44%
2026-03-27T17:55:46.727235 [EDL:A3E34554] super 25.86%
2026-03-27T17:55:46.832919 [EDL:A3E34554] super 26.27%
2026-03-27T17:55:46.938525 [EDL:A3E34554] super 26.69%
2026-03-27T17:55:47.044093 [EDL:A3E34554] super 27.11%
2026-03-27T17:55:47.149451 [EDL:A3E34554] super 27.52%
2026-03-27T17:55:47.255142 [EDL:A3E34554] super 27.94%
2026-03-27T17:55:47.360329 [EDL:A3E34554] super 28.35%
2026-03-27T17:55:47.466629 [EDL:A3E34554] super 28.77%
2026-03-27T17:55:47.571914 [EDL:A3E34554] super 29.18%
2026-03-27T17:55:47.677464 [EDL:A3E34554] super 29.60%
2026-03-27T17:55:47.783341 [EDL:A3E34554] super 30.01%
2026-03-27T17:55:47.888206 [EDL:A3E34554] super 30.43%
2026-03-27T17:55:47.990923 [EDL:A3E34554] super 30.84%
2026-03-27T17:55:48.096644 [EDL:A3E34554] super 31.26%
2026-03-27T17:55:48.201871 [EDL:A3E34554] super 31.68%
2026-03-27T17:55:48.307719 [EDL:A3E34554] super 32.09%
2026-03-27T17:55:48.413621 [EDL:A3E34554] super 32.51%
2026-03-27T17:55:48.520064 [EDL:A3E34554] super 32.92%
2026-03-27T17:55:48.625641 [EDL:A3E34554] super 33.34%
2026-03-27T17:55:48.731816 [EDL:A3E34554] super 33.75%
2026-03-27T17:55:48.837023 [EDL:A3E34554] super 34.17%
2026-03-27T17:55:48.943031 [EDL:A3E34554] super 34.58%
2026-03-27T17:55:49.049007 [EDL:A3E34554] super 35.00%
2026-03-27T17:55:49.154758 [EDL:A3E34554] super 35.41%
2026-03-27T17:55:49.260916 [EDL:A3E34554] super 35.83%
2026-03-27T17:55:49.367282 [EDL:A3E34554] super 36.24%
2026-03-27T17:55:49.471975 [EDL:A3E34554] super 36.66%
2026-03-27T17:55:49.577837 [EDL:A3E34554] super 37.08%
2026-03-27T17:55:49.682736 [EDL:A3E34554] super 37.49%
2026-03-27T17:55:49.786485 [EDL:A3E34554] super 37.91%
2026-03-27T17:55:49.891375 [EDL:A3E34554] super 38.32%
2026-03-27T17:55:49.995792 [EDL:A3E34554] super 38.74%
2026-03-27T17:55:50.101151 [EDL:A3E34554] super 39.15%
2026-03-27T17:55:50.208164 [EDL:A3E34554] super 39.57%
2026-03-27T17:55:50.314012 [EDL:A3E34554] super 39.98%
2026-03-27T17:55:50.420217 [EDL:A3E34554] super 40.40%
2026-03-27T17:55:50.526001 [EDL:A3E34554] super 40.81%
2026-03-27T17:55:50.631522 [EDL:A3E34554] super 41.23%
2026-03-27T17:55:50.736588 [EDL:A3E34554] super 41.65%
2026-03-27T17:55:50.842003 [EDL:A3E34554] super 42.06%
2026-03-27T17:55:50.947555 [EDL:A3E34554] super 42.48%
2026-03-27T17:55:51.052049 [EDL:A3E34554] super 42.89%
2026-03-27T17:55:51.157612 [EDL:A3E34554] super 43.31%
2026-03-27T17:55:51.262890 [EDL:A3E34554] super 43.72%
2026-03-27T17:55:51.367926 [EDL:A3E34554] super 44.14%
2026-03-27T17:55:51.473475 [EDL:A3E34554] super 44.55%
2026-03-27T17:55:51.578890 [EDL:A3E34554] super 44.97%
2026-03-27T17:55:51.684277 [EDL:A3E34554] super 45.38%
2026-03-27T17:55:51.790238 [EDL:A3E34554] super 45.80%
2026-03-27T17:55:51.895553 [EDL:A3E34554] super 46.21%
2026-03-27T17:55:52.001751 [EDL:A3E34554] super 46.63%
2026-03-27T17:55:52.109468 [EDL:A3E34554] super 47.05%
2026-03-27T17:55:52.213753 [EDL:A3E34554] super 47.46%
2026-03-27T17:55:52.319354 [EDL:A3E34554] super 47.88%
2026-03-27T17:55:52.424626 [EDL:A3E34554] super 48.29%
2026-03-27T17:55:52.529364 [EDL:A3E34554] super 48.71%
2026-03-27T17:55:52.635427 [EDL:A3E34554] super 49.12%
2026-03-27T17:55:52.740407 [EDL:A3E34554] super 49.54%
2026-03-27T17:55:52.845799 [EDL:A3E34554] super 49.95%
2026-03-27T17:55:52.950250 [EDL:A3E34554] super 50.37%
2026-03-27T17:55:53.055657 [EDL:A3E34554] super 50.78%
2026-03-27T17:55:53.161023 [EDL:A3E34554] super 51.20%
2026-03-27T17:55:53.266198 [EDL:A3E34554] super 51.61%
2026-03-27T17:55:53.372208 [EDL:A3E34554] super 52.03%
2026-03-27T17:55:53.478715 [EDL:A3E34554] super 52.45%
2026-03-27T17:55:53.584820 [EDL:A3E34554] super 52.86%
2026-03-27T17:55:53.690413 [EDL:A3E34554] super 53.28%
2026-03-27T17:55:53.796989 [EDL:A3E34554] super 53.69%
2026-03-27T17:55:53.903497 [EDL:A3E34554] super 54.11%
2026-03-27T17:55:54.009404 [EDL:A3E34554] super 54.52%
2026-03-27T17:55:54.115174 [EDL:A3E34554] super 54.94%
2026-03-27T17:55:54.219434 [EDL:A3E34554] super 55.35%
2026-03-27T17:55:54.324635 [EDL:A3E34554] super 55.77%
2026-03-27T17:55:54.428657 [EDL:A3E34554] super 56.18%
2026-03-27T17:55:54.533791 [EDL:A3E34554] super 56.60%
2026-03-27T17:55:54.640992 [EDL:A3E34554] super 57.02%
2026-03-27T17:55:54.745523 [EDL:A3E34554] super 57.43%
2026-03-27T17:55:54.850425 [EDL:A3E34554] super 57.85%
2026-03-27T17:55:54.955286 [EDL:A3E34554] super 58.26%
2026-03-27T17:55:55.061549 [EDL:A3E34554] super 58.68%
2026-03-27T17:55:55.167093 [EDL:A3E34554] super 59.09%
2026-03-27T17:55:55.271259 [EDL:A3E34554] super 59.51%
2026-03-27T17:55:55.375290 [EDL:A3E34554] super 59.92%
2026-03-27T17:55:55.479454 [EDL:A3E34554] super 60.34%
2026-03-27T17:55:55.585564 [EDL:A3E34554] super 60.75%
2026-03-27T17:55:55.690680 [EDL:A3E34554] super 61.17%
2026-03-27T17:55:55.796217 [EDL:A3E34554] super 61.58%
2026-03-27T17:55:55.903087 [EDL:A3E34554] super 62.00%
2026-03-27T17:55:56.008238 [EDL:A3E34554] super 62.42%
2026-03-27T17:55:56.114345 [EDL:A3E34554] super 62.83%
2026-03-27T17:55:56.219040 [EDL:A3E34554] super 63.25%
2026-03-27T17:55:56.324925 [EDL:A3E34554] super 63.66%
2026-03-27T17:55:56.431219 [EDL:A3E34554] super 64.08%
2026-03-27T17:55:56.535799 [EDL:A3E34554] super 64.49%
2026-03-27T17:55:56.642360 [EDL:A3E34554] super 64.91%
2026-03-27T17:55:56.748115 [EDL:A3E34554] super 65.32%
2026-03-27T17:55:56.853106 [EDL:A3E34554] super 65.74%
2026-03-27T17:55:56.958435 [EDL:A3E34554] super 66.15%
2026-03-27T17:55:57.065126 [EDL:A3E34554] super 66.57%
2026-03-27T17:55:57.170218 [EDL:A3E34554] super 66.99%
2026-03-27T17:55:57.275261 [EDL:A3E34554] super 67.40%
2026-03-27T17:55:57.381195 [EDL:A3E34554] super 67.82%
2026-03-27T17:55:57.485415 [EDL:A3E34554] super 68.23%
2026-03-27T17:55:57.590460 [EDL:A3E34554] super 68.65%
2026-03-27T17:55:57.698268 [EDL:A3E34554] super 69.06%
2026-03-27T17:55:57.805254 [EDL:A3E34554] super 69.48%
2026-03-27T17:55:57.910947 [EDL:A3E34554] super 69.89%
2026-03-27T17:55:58.018057 [EDL:A3E34554] super 70.31%
2026-03-27T17:55:58.126442 [EDL:A3E34554] super 70.72%
2026-03-27T17:55:58.233860 [EDL:A3E34554] super 71.14%
2026-03-27T17:55:58.340741 [EDL:A3E34554] super 71.55%
2026-03-27T17:55:58.448054 [EDL:A3E34554] super 71.97%
2026-03-27T17:55:58.575763 [EDL:A3E34554] super 72.39%
2026-03-27T17:55:58.661660 [EDL:A3E34554] super 72.80%
2026-03-27T17:55:58.766589 [EDL:A3E34554] super 73.22%
2026-03-27T17:55:58.870892 [EDL:A3E34554] super 73.63%
2026-03-27T17:55:58.974747 [EDL:A3E34554] super 74.05%
2026-03-27T17:55:59.079079 [EDL:A3E34554] super 74.46%
2026-03-27T17:55:59.183641 [EDL:A3E34554] super 74.88%
2026-03-27T17:55:59.286808 [EDL:A3E34554] super 75.29%
2026-03-27T17:55:59.390650 [EDL:A3E34554] super 75.71%
2026-03-27T17:55:59.495633 [EDL:A3E34554] super 76.12%
2026-03-27T17:55:59.601983 [EDL:A3E34554] super 76.54%
2026-03-27T17:55:59.706781 [EDL:A3E34554] super 76.96%
2026-03-27T17:55:59.811743 [EDL:A3E34554] super 77.37%
2026-03-27T17:55:59.916079 [EDL:A3E34554] super 77.79%
2026-03-27T17:56:00.020311 [EDL:A3E34554] super 78.20%
2026-03-27T17:56:00.126174 [EDL:A3E34554] super 78.62%
2026-03-27T17:56:00.230920 [EDL:A3E34554] super 79.03%
2026-03-27T17:56:00.335086 [EDL:A3E34554] super 79.45%
2026-03-27T17:56:00.441051 [EDL:A3E34554] super 79.86%
2026-03-27T17:56:00.545942 [EDL:A3E34554] super 80.28%
2026-03-27T17:56:00.655251 [EDL:A3E34554] super 80.69%
2026-03-27T17:56:00.762350 [EDL:A3E34554] super 81.11%
2026-03-27T17:56:00.865935 [EDL:A3E34554] super 81.52%
2026-03-27T17:56:00.969599 [EDL:A3E34554] super 81.94%
2026-03-27T17:56:01.074008 [EDL:A3E34554] super 82.36%
2026-03-27T17:56:01.176971 [EDL:A3E34554] super 82.77%
2026-03-27T17:56:01.280783 [EDL:A3E34554] super 83.19%
2026-03-27T17:56:01.386993 [EDL:A3E34554] super 83.60%
2026-03-27T17:56:01.492452 [EDL:A3E34554] super 84.02%
2026-03-27T17:56:01.597159 [EDL:A3E34554] super 84.43%
2026-03-27T17:56:01.701777 [EDL:A3E34554] super 84.85%
2026-03-27T17:56:01.806486 [EDL:A3E34554] super 85.26%
2026-03-27T17:56:01.910434 [EDL:A3E34554] super 85.68%
2026-03-27T17:56:02.015222 [EDL:A3E34554] super 86.09%
2026-03-27T17:56:02.120836 [EDL:A3E34554] super 86.51%
2026-03-27T17:56:02.227127 [EDL:A3E34554] super 86.93%
2026-03-27T17:56:02.333408 [EDL:A3E34554] super 87.34%
2026-03-27T17:56:02.442620 [EDL:A3E34554] super 87.76%
2026-03-27T17:56:02.589578 [EDL:A3E34554] super 88.17%
2026-03-27T17:56:02.658622 [EDL:A3E34554] super 88.59%
2026-03-27T17:56:02.766117 [EDL:A3E34554] super 89.00%
2026-03-27T17:56:02.872255 [EDL:A3E34554] super 89.42%
2026-03-27T17:56:02.978749 [EDL:A3E34554] super 89.83%
2026-03-27T17:56:03.084400 [EDL:A3E34554] super 90.25%
2026-03-27T17:56:03.190646 [EDL:A3E34554] super 90.66%
2026-03-27T17:56:03.295990 [EDL:A3E34554] super 91.08%
2026-03-27T17:56:03.400565 [EDL:A3E34554] super 91.49%
2026-03-27T17:56:03.507322 [EDL:A3E34554] super 91.91%
2026-03-27T17:56:03.615510 [EDL:A3E34554] super 92.33%
2026-03-27T17:56:03.721646 [EDL:A3E34554] super 92.74%
2026-03-27T17:56:03.826903 [EDL:A3E34554] super 93.16%
2026-03-27T17:56:03.932525 [EDL:A3E34554] super 93.57%
2026-03-27T17:56:04.038182 [EDL:A3E34554] super 93.99%
2026-03-27T17:56:04.146405 [EDL:A3E34554] super 94.40%
2026-03-27T17:56:04.252768 [EDL:A3E34554] super 94.82%
2026-03-27T17:56:04.358836 [EDL:A3E34554] super 95.23%
2026-03-27T17:56:04.464889 [EDL:A3E34554] super 95.65%
2026-03-27T17:56:04.585303 [EDL:A3E34554] super 96.06%
2026-03-27T17:56:04.677460 [EDL:A3E34554] super 96.48%
2026-03-27T17:56:04.785461 [EDL:A3E34554] super 96.89%
2026-03-27T17:56:04.891860 [EDL:A3E34554] super 97.31%
2026-03-27T17:56:04.997121 [EDL:A3E34554] super 97.73%
2026-03-27T17:56:05.102361 [EDL:A3E34554] super 98.14%
2026-03-27T17:56:05.207622 [EDL:A3E34554] super 98.56%
2026-03-27T17:56:05.314487 [EDL:A3E34554] super 98.97%
2026-03-27T17:56:05.419882 [EDL:A3E34554] super 99.39%
2026-03-27T17:56:05.580589 [EDL:A3E34554] super 99.80%
2026-03-27T17:56:05.592474 [EDL:A3E34554] flashed "super" successfully at 39440kB/s
2026-03-27T17:56:05.698263 [EDL:A3E34554] super 100.00%
2026-03-27T17:56:05.725144 [EDL:A3E34554] flashed "super" successfully
2026-03-27T17:56:05.830110 [EDL:A3E34554] super 0.14%
2026-03-27T17:56:05.936300 [EDL:A3E34554] super 0.68%
2026-03-27T17:56:06.040240 [EDL:A3E34554] super 1.23%
2026-03-27T17:56:06.145195 [EDL:A3E34554] super 1.77%
2026-03-27T17:56:06.250078 [EDL:A3E34554] super 2.32%
2026-03-27T17:56:06.352739 [EDL:A3E34554] super 2.87%
2026-03-27T17:56:06.456948 [EDL:A3E34554] super 3.41%
2026-03-27T17:56:06.579477 [EDL:A3E34554] super 3.96%
2026-03-27T17:56:06.666098 [EDL:A3E34554] super 4.51%
2026-03-27T17:56:06.771374 [EDL:A3E34554] super 5.05%
2026-03-27T17:56:06.875812 [EDL:A3E34554] super 5.60%
2026-03-27T17:56:06.981129 [EDL:A3E34554] super 6.14%
2026-03-27T17:56:07.086229 [EDL:A3E34554] super 6.69%
2026-03-27T17:56:07.191475 [EDL:A3E34554] super 7.24%
2026-03-27T17:56:07.296376 [EDL:A3E34554] super 7.78%
2026-03-27T17:56:07.402266 [EDL:A3E34554] super 8.33%
2026-03-27T17:56:07.507903 [EDL:A3E34554] super 8.87%
2026-03-27T17:56:07.613199 [EDL:A3E34554] super 9.42%
2026-03-27T17:56:07.718293 [EDL:A3E34554] super 9.97%
2026-03-27T17:56:07.822501 [EDL:A3E34554] super 10.51%
2026-03-27T17:56:07.926797 [EDL:A3E34554] super 11.06%
2026-03-27T17:56:08.031480 [EDL:A3E34554] super 11.61%
2026-03-27T17:56:08.136546 [EDL:A3E34554] super 12.15%
2026-03-27T17:56:08.242554 [EDL:A3E34554] super 12.70%
2026-03-27T17:56:08.345921 [EDL:A3E34554] super 13.24%
2026-03-27T17:56:08.450565 [EDL:A3E34554] super 13.79%
2026-03-27T17:56:08.580073 [EDL:A3E34554] super 14.34%
2026-03-27T17:56:08.659976 [EDL:A3E34554] super 14.88%
2026-03-27T17:56:08.765712 [EDL:A3E34554] super 15.43%
2026-03-27T17:56:08.871310 [EDL:A3E34554] super 15.97%
2026-03-27T17:56:08.977068 [EDL:A3E34554] super 16.52%
2026-03-27T17:56:09.084414 [EDL:A3E34554] super 17.07%
2026-03-27T17:56:09.189337 [EDL:A3E34554] super 17.61%
2026-03-27T17:56:09.293056 [EDL:A3E34554] super 18.16%
2026-03-27T17:56:09.398231 [EDL:A3E34554] super 18.71%
2026-03-27T17:56:09.503736 [EDL:A3E34554] super 19.25%
2026-03-27T17:56:09.612417 [EDL:A3E34554] super 19.80%
2026-03-27T17:56:09.718439 [EDL:A3E34554] super 20.34%
2026-03-27T17:56:09.825516 [EDL:A3E34554] super 20.89%
2026-03-27T17:56:09.932072 [EDL:A3E34554] super 21.44%
2026-03-27T17:56:10.038213 [EDL:A3E34554] super 21.98%
2026-03-27T17:56:10.143149 [EDL:A3E34554] super 22.53%
2026-03-27T17:56:10.247999 [EDL:A3E34554] super 23.07%
2026-03-27T17:56:10.353097 [EDL:A3E34554] super 23.62%
2026-03-27T17:56:10.458707 [EDL:A3E34554] super 24.17%
2026-03-27T17:56:10.580521 [EDL:A3E34554] super 24.71%
2026-03-27T17:56:10.671140 [EDL:A3E34554] super 25.26%
2026-03-27T17:56:10.775285 [EDL:A3E34554] super 25.81%
2026-03-27T17:56:10.879576 [EDL:A3E34554] super 26.35%
2026-03-27T17:56:10.984208 [EDL:A3E34554] super 26.90%
2026-03-27T17:56:11.089433 [EDL:A3E34554] super 27.44%
2026-03-27T17:56:11.192299 [EDL:A3E34554] super 27.99%
2026-03-27T17:56:11.296973 [EDL:A3E34554] super 28.54%
2026-03-27T17:56:11.404030 [EDL:A3E34554] super 29.08%
2026-03-27T17:56:11.508063 [EDL:A3E34554] super 29.63%
2026-03-27T17:56:11.612554 [EDL:A3E34554] super 30.17%
2026-03-27T17:56:11.717516 [EDL:A3E34554] super 30.72%
2026-03-27T17:56:11.823232 [EDL:A3E34554] super 31.27%
2026-03-27T17:56:11.928585 [EDL:A3E34554] super 31.81%
2026-03-27T17:56:12.034740 [EDL:A3E34554] super 32.36%
2026-03-27T17:56:12.141138 [EDL:A3E34554] super 32.91%
2026-03-27T17:56:12.246272 [EDL:A3E34554] super 33.45%
2026-03-27T17:56:12.351272 [EDL:A3E34554] super 34.00%
2026-03-27T17:56:12.454661 [EDL:A3E34554] super 34.54%
2026-03-27T17:56:12.576526 [EDL:A3E34554] super 35.09%
2026-03-27T17:56:12.666645 [EDL:A3E34554] super 35.64%
2026-03-27T17:56:12.773548 [EDL:A3E34554] super 36.18%
2026-03-27T17:56:12.878693 [EDL:A3E34554] super 36.73%
2026-03-27T17:56:12.984295 [EDL:A3E34554] super 37.27%
2026-03-27T17:56:13.090214 [EDL:A3E34554] super 37.82%
2026-03-27T17:56:13.195227 [EDL:A3E34554] super 38.37%
2026-03-27T17:56:13.301445 [EDL:A3E34554] super 38.91%
2026-03-27T17:56:13.406357 [EDL:A3E34554] super 39.46%
2026-03-27T17:56:13.512413 [EDL:A3E34554] super 40.01%
2026-03-27T17:56:13.619427 [EDL:A3E34554] super 40.55%
2026-03-27T17:56:13.726530 [EDL:A3E34554] super 41.10%
2026-03-27T17:56:13.833420 [EDL:A3E34554] super 41.64%
2026-03-27T17:56:13.939735 [EDL:A3E34554] super 42.19%
2026-03-27T17:56:14.045577 [EDL:A3E34554] super 42.74%
2026-03-27T17:56:14.149505 [EDL:A3E34554] super 43.28%
2026-03-27T17:56:14.252386 [EDL:A3E34554] super 43.83%
2026-03-27T17:56:14.354862 [EDL:A3E34554] super 44.37%
2026-03-27T17:56:14.458411 [EDL:A3E34554] super 44.92%
2026-03-27T17:56:14.581844 [EDL:A3E34554] super 45.47%
2026-03-27T17:56:14.665397 [EDL:A3E34554] super 46.01%
2026-03-27T17:56:14.770581 [EDL:A3E34554] super 46.56%
2026-03-27T17:56:14.875960 [EDL:A3E34554] super 47.11%
2026-03-27T17:56:14.981350 [EDL:A3E34554] super 47.65%
2026-03-27T17:56:15.085209 [EDL:A3E34554] super 48.20%
2026-03-27T17:56:15.190302 [EDL:A3E34554] super 48.74%
2026-03-27T17:56:15.293760 [EDL:A3E34554] super 49.29%
2026-03-27T17:56:15.397253 [EDL:A3E34554] super 49.84%
2026-03-27T17:56:15.502870 [EDL:A3E34554] super 50.38%
2026-03-27T17:56:15.605909 [EDL:A3E34554] super 50.93%
2026-03-27T17:56:15.710465 [EDL:A3E34554] super 51.47%
2026-03-27T17:56:15.814377 [EDL:A3E34554] super 52.02%
2026-03-27T17:56:15.917863 [EDL:A3E34554] super 52.57%
2026-03-27T17:56:16.023452 [EDL:A3E34554] super 53.11%
2026-03-27T17:56:16.129261 [EDL:A3E34554] super 53.66%
2026-03-27T17:56:16.235207 [EDL:A3E34554] super 54.21%
2026-03-27T17:56:16.341740 [EDL:A3E34554] super 54.75%
2026-03-27T17:56:16.448405 [EDL:A3E34554] super 55.30%
2026-03-27T17:56:16.577180 [EDL:A3E34554] super 55.84%
2026-03-27T17:56:16.660188 [EDL:A3E34554] super 56.39%
2026-03-27T17:56:16.765501 [EDL:A3E34554] super 56.94%
2026-03-27T17:56:16.871177 [EDL:A3E34554] super 57.48%
2026-03-27T17:56:16.976168 [EDL:A3E34554] super 58.03%
2026-03-27T17:56:17.081603 [EDL:A3E34554] super 58.57%
2026-03-27T17:56:17.186489 [EDL:A3E34554] super 59.12%
2026-03-27T17:56:17.291589 [EDL:A3E34554] super 59.67%
2026-03-27T17:56:17.396166 [EDL:A3E34554] super 60.21%
2026-03-27T17:56:17.500594 [EDL:A3E34554] super 60.76%
2026-03-27T17:56:17.606131 [EDL:A3E34554] super 61.31%
2026-03-27T17:56:17.711788 [EDL:A3E34554] super 61.85%
2026-03-27T17:56:17.817343 [EDL:A3E34554] super 62.40%
2026-03-27T17:56:17.922580 [EDL:A3E34554] super 62.94%
2026-03-27T17:56:18.027698 [EDL:A3E34554] super 63.49%
2026-03-27T17:56:18.133787 [EDL:A3E34554] super 64.04%
2026-03-27T17:56:18.238324 [EDL:A3E34554] super 64.58%
2026-03-27T17:56:18.342533 [EDL:A3E34554] super 65.13%
2026-03-27T17:56:18.447370 [EDL:A3E34554] super 65.67%
2026-03-27T17:56:18.590559 [EDL:A3E34554] super 66.22%
2026-03-27T17:56:18.656621 [EDL:A3E34554] super 66.77%
2026-03-27T17:56:18.761539 [EDL:A3E34554] super 67.31%
2026-03-27T17:56:18.865629 [EDL:A3E34554] super 67.86%
2026-03-27T17:56:18.970686 [EDL:A3E34554] super 68.41%
2026-03-27T17:56:19.078221 [EDL:A3E34554] super 68.95%
2026-03-27T17:56:19.184970 [EDL:A3E34554] super 69.50%
2026-03-27T17:56:19.290570 [EDL:A3E34554] super 70.04%
2026-03-27T17:56:19.395197 [EDL:A3E34554] super 70.59%
2026-03-27T17:56:19.500194 [EDL:A3E34554] super 71.14%
2026-03-27T17:56:19.605558 [EDL:A3E34554] super 71.68%
2026-03-27T17:56:19.712153 [EDL:A3E34554] super 72.23%
2026-03-27T17:56:19.817207 [EDL:A3E34554] super 72.77%
2026-03-27T17:56:19.923469 [EDL:A3E34554] super 73.32%
2026-03-27T17:56:20.028431 [EDL:A3E34554] super 73.87%
2026-03-27T17:56:20.133968 [EDL:A3E34554] super 74.41%
2026-03-27T17:56:20.239615 [EDL:A3E34554] super 74.96%
2026-03-27T17:56:20.345591 [EDL:A3E34554] super 75.50%
2026-03-27T17:56:20.450949 [EDL:A3E34554] super 76.05%
2026-03-27T17:56:20.598122 [EDL:A3E34554] super 76.60%
2026-03-27T17:56:20.661869 [EDL:A3E34554] super 77.14%
2026-03-27T17:56:20.766721 [EDL:A3E34554] super 77.69%
2026-03-27T17:56:20.872508 [EDL:A3E34554] super 78.24%
2026-03-27T17:56:20.978835 [EDL:A3E34554] super 78.78%
2026-03-27T17:56:21.084818 [EDL:A3E34554] super 79.33%
2026-03-27T17:56:21.190924 [EDL:A3E34554] super 79.87%
2026-03-27T17:56:21.294582 [EDL:A3E34554] super 80.42%
2026-03-27T17:56:21.399054 [EDL:A3E34554] super 80.97%
2026-03-27T17:56:21.505411 [EDL:A3E34554] super 81.51%
2026-03-27T17:56:21.609854 [EDL:A3E34554] super 82.06%
2026-03-27T17:56:21.713293 [EDL:A3E34554] super 82.60%
2026-03-27T17:56:21.816236 [EDL:A3E34554] super 83.15%
2026-03-27T17:56:21.919713 [EDL:A3E34554] super 83.70%
2026-03-27T17:56:22.024805 [EDL:A3E34554] super 84.24%
2026-03-27T17:56:22.129987 [EDL:A3E34554] super 84.79%
2026-03-27T17:56:22.234936 [EDL:A3E34554] super 85.34%
2026-03-27T17:56:22.340453 [EDL:A3E34554] super 85.88%
2026-03-27T17:56:22.445712 [EDL:A3E34554] super 86.43%
2026-03-27T17:56:22.575413 [EDL:A3E34554] super 86.97%
2026-03-27T17:56:22.661596 [EDL:A3E34554] super 87.52%
2026-03-27T17:56:22.769223 [EDL:A3E34554] super 88.07%
2026-03-27T17:56:22.875284 [EDL:A3E34554] super 88.61%
2026-03-27T17:56:22.980736 [EDL:A3E34554] super 89.16%
2026-03-27T17:56:23.086258 [EDL:A3E34554] super 89.70%
2026-03-27T17:56:23.194142 [EDL:A3E34554] super 90.25%
2026-03-27T17:56:23.298889 [EDL:A3E34554] super 90.80%
2026-03-27T17:56:23.402704 [EDL:A3E34554] super 91.34%
2026-03-27T17:56:23.506292 [EDL:A3E34554] super 91.89%
2026-03-27T17:56:23.610983 [EDL:A3E34554] super 92.44%
2026-03-27T17:56:23.714551 [EDL:A3E34554] super 92.98%
2026-03-27T17:56:23.819631 [EDL:A3E34554] super 93.53%
2026-03-27T17:56:23.923740 [EDL:A3E34554] super 94.07%
2026-03-27T17:56:24.029245 [EDL:A3E34554] super 94.62%
2026-03-27T17:56:24.135352 [EDL:A3E34554] super 95.17%
2026-03-27T17:56:24.240465 [EDL:A3E34554] super 95.71%
2026-03-27T17:56:24.344046 [EDL:A3E34554] super 96.26%
2026-03-27T17:56:24.448844 [EDL:A3E34554] super 96.80%
2026-03-27T17:56:24.576593 [EDL:A3E34554] super 97.35%
2026-03-27T17:56:24.659158 [EDL:A3E34554] super 97.90%
2026-03-27T17:56:24.763061 [EDL:A3E34554] super 98.44%
2026-03-27T17:56:24.867785 [EDL:A3E34554] super 98.99%
2026-03-27T17:56:25.066994 [EDL:A3E34554] super 99.54%
2026-03-27T17:56:25.094153 [EDL:A3E34554] flashed "super" successfully at 39472kB/s
2026-03-27T17:56:25.200694 [EDL:A3E34554] super 0.17%
2026-03-27T17:56:25.305469 [EDL:A3E34554] super 0.83%
2026-03-27T17:56:25.411009 [EDL:A3E34554] super 1.49%
2026-03-27T17:56:25.517171 [EDL:A3E34554] super 2.16%
2026-03-27T17:56:25.622063 [EDL:A3E34554] super 2.82%
2026-03-27T17:56:25.727570 [EDL:A3E34554] super 3.48%
2026-03-27T17:56:25.832381 [EDL:A3E34554] super 4.15%
2026-03-27T17:56:25.940607 [EDL:A3E34554] super 4.81%
2026-03-27T17:56:26.046684 [EDL:A3E34554] super 5.47%
2026-03-27T17:56:26.152424 [EDL:A3E34554] super 6.14%
2026-03-27T17:56:26.258888 [EDL:A3E34554] super 6.80%
2026-03-27T17:56:26.363147 [EDL:A3E34554] super 7.46%
2026-03-27T17:56:26.465235 [EDL:A3E34554] super 8.13%
2026-03-27T17:56:26.582999 [EDL:A3E34554] super 8.79%
2026-03-27T17:56:26.672625 [EDL:A3E34554] super 9.45%
2026-03-27T17:56:26.776608 [EDL:A3E34554] super 10.12%
2026-03-27T17:56:26.881561 [EDL:A3E34554] super 10.78%
2026-03-27T17:56:26.985701 [EDL:A3E34554] super 11.44%
2026-03-27T17:56:27.091641 [EDL:A3E34554] super 12.11%
2026-03-27T17:56:27.198354 [EDL:A3E34554] super 12.77%
2026-03-27T17:56:27.303049 [EDL:A3E34554] super 13.44%
2026-03-27T17:56:27.408773 [EDL:A3E34554] super 14.10%
2026-03-27T17:56:27.513002 [EDL:A3E34554] super 14.76%
2026-03-27T17:56:27.618624 [EDL:A3E34554] super 15.43%
2026-03-27T17:56:27.722569 [EDL:A3E34554] super 16.09%
2026-03-27T17:56:27.826585 [EDL:A3E34554] super 16.75%
2026-03-27T17:56:27.931686 [EDL:A3E34554] super 17.42%
2026-03-27T17:56:28.036572 [EDL:A3E34554] super 18.08%
2026-03-27T17:56:28.141465 [EDL:A3E34554] super 18.74%
2026-03-27T17:56:28.245652 [EDL:A3E34554] super 19.41%
2026-03-27T17:56:28.351754 [EDL:A3E34554] super 20.07%
2026-03-27T17:56:28.457379 [EDL:A3E34554] super 20.73%
2026-03-27T17:56:28.576554 [EDL:A3E34554] super 21.40%
2026-03-27T17:56:28.664455 [EDL:A3E34554] super 22.06%
2026-03-27T17:56:28.767980 [EDL:A3E34554] super 22.72%
2026-03-27T17:56:28.871544 [EDL:A3E34554] super 23.39%
2026-03-27T17:56:28.975604 [EDL:A3E34554] super 24.05%
2026-03-27T17:56:29.080629 [EDL:A3E34554] super 24.71%
2026-03-27T17:56:29.184632 [EDL:A3E34554] super 25.38%
2026-03-27T17:56:29.289703 [EDL:A3E34554] super 26.04%
2026-03-27T17:56:29.395372 [EDL:A3E34554] super 26.70%
2026-03-27T17:56:29.500150 [EDL:A3E34554] super 27.37%
2026-03-27T17:56:29.603861 [EDL:A3E34554] super 28.03%
2026-03-27T17:56:29.708886 [EDL:A3E34554] super 28.69%
2026-03-27T17:56:29.812916 [EDL:A3E34554] super 29.36%
2026-03-27T17:56:29.917397 [EDL:A3E34554] super 30.02%
2026-03-27T17:56:30.023482 [EDL:A3E34554] super 30.68%
2026-03-27T17:56:30.128101 [EDL:A3E34554] super 31.35%
2026-03-27T17:56:30.233332 [EDL:A3E34554] super 32.01%
2026-03-27T17:56:30.338358 [EDL:A3E34554] super 32.68%
2026-03-27T17:56:30.444575 [EDL:A3E34554] super 33.34%
2026-03-27T17:56:30.590908 [EDL:A3E34554] super 34.00%
2026-03-27T17:56:30.656399 [EDL:A3E34554] super 34.67%
2026-03-27T17:56:30.761587 [EDL:A3E34554] super 35.33%
2026-03-27T17:56:30.866549 [EDL:A3E34554] super 35.99%
2026-03-27T17:56:30.971329 [EDL:A3E34554] super 36.66%
2026-03-27T17:56:31.076740 [EDL:A3E34554] super 37.32%
2026-03-27T17:56:31.181587 [EDL:A3E34554] super 37.98%
2026-03-27T17:56:31.286719 [EDL:A3E34554] super 38.65%
2026-03-27T17:56:31.391763 [EDL:A3E34554] super 39.31%
2026-03-27T17:56:31.497060 [EDL:A3E34554] super 39.97%
2026-03-27T17:56:31.602333 [EDL:A3E34554] super 40.64%
2026-03-27T17:56:31.707160 [EDL:A3E34554] super 41.30%
2026-03-27T17:56:31.811304 [EDL:A3E34554] super 41.96%
2026-03-27T17:56:31.916081 [EDL:A3E34554] super 42.63%
2026-03-27T17:56:32.020227 [EDL:A3E34554] super 43.29%
2026-03-27T17:56:32.126155 [EDL:A3E34554] super 43.95%
2026-03-27T17:56:32.230577 [EDL:A3E34554] super 44.62%
2026-03-27T17:56:32.335594 [EDL:A3E34554] super 45.28%
2026-03-27T17:56:32.440291 [EDL:A3E34554] super 45.94%
2026-03-27T17:56:32.544543 [EDL:A3E34554] super 46.61%
2026-03-27T17:56:32.650589 [EDL:A3E34554] super 47.27%
2026-03-27T17:56:32.757211 [EDL:A3E34554] super 47.93%
2026-03-27T17:56:32.861827 [EDL:A3E34554] super 48.60%
2026-03-27T17:56:32.967338 [EDL:A3E34554] super 49.26%
2026-03-27T17:56:33.072530 [EDL:A3E34554] super 49.93%
2026-03-27T17:56:33.177387 [EDL:A3E34554] super 50.59%
2026-03-27T17:56:33.282607 [EDL:A3E34554] super 51.25%
2026-03-27T17:56:33.387621 [EDL:A3E34554] super 51.92%
2026-03-27T17:56:33.492625 [EDL:A3E34554] super 52.58%
2026-03-27T17:56:33.596745 [EDL:A3E34554] super 53.24%
2026-03-27T17:56:33.701071 [EDL:A3E34554] super 53.91%
2026-03-27T17:56:33.806632 [EDL:A3E34554] super 54.57%
2026-03-27T17:56:33.911519 [EDL:A3E34554] super 55.23%
2026-03-27T17:56:34.016865 [EDL:A3E34554] super 55.90%
2026-03-27T17:56:34.123508 [EDL:A3E34554] super 56.56%
2026-03-27T17:56:34.227531 [EDL:A3E34554] super 57.22%
2026-03-27T17:56:34.334131 [EDL:A3E34554] super 57.89%
2026-03-27T17:56:34.440952 [EDL:A3E34554] super 58.55%
2026-03-27T17:56:34.548419 [EDL:A3E34554] super 59.21%
2026-03-27T17:56:34.654020 [EDL:A3E34554] super 59.88%
2026-03-27T17:56:34.758834 [EDL:A3E34554] super 60.54%
2026-03-27T17:56:34.864247 [EDL:A3E34554] super 61.20%
2026-03-27T17:56:34.969954 [EDL:A3E34554] super 61.87%
2026-03-27T17:56:35.074576 [EDL:A3E34554] super 62.53%
2026-03-27T17:56:35.178937 [EDL:A3E34554] super 63.19%
2026-03-27T17:56:35.284999 [EDL:A3E34554] super 63.86%
2026-03-27T17:56:35.393212 [EDL:A3E34554] super 64.52%
2026-03-27T17:56:35.501643 [EDL:A3E34554] super 65.18%
2026-03-27T17:56:35.609345 [EDL:A3E34554] super 65.85%
2026-03-27T17:56:35.716494 [EDL:A3E34554] super 66.51%
2026-03-27T17:56:35.823056 [EDL:A3E34554] super 67.18%
2026-03-27T17:56:35.930656 [EDL:A3E34554] super 67.84%
2026-03-27T17:56:36.036409 [EDL:A3E34554] super 68.50%
2026-03-27T17:56:36.142736 [EDL:A3E34554] super 69.17%
2026-03-27T17:56:36.247849 [EDL:A3E34554] super 69.83%
2026-03-27T17:56:36.353049 [EDL:A3E34554] super 70.49%
2026-03-27T17:56:36.457809 [EDL:A3E34554] super 71.16%
2026-03-27T17:56:36.576653 [EDL:A3E34554] super 71.82%
2026-03-27T17:56:36.669085 [EDL:A3E34554] super 72.48%
2026-03-27T17:56:36.775242 [EDL:A3E34554] super 73.15%
2026-03-27T17:56:36.880788 [EDL:A3E34554] super 73.81%
2026-03-27T17:56:36.987083 [EDL:A3E34554] super 74.47%
2026-03-27T17:56:37.093715 [EDL:A3E34554] super 75.14%
2026-03-27T17:56:37.200072 [EDL:A3E34554] super 75.80%
2026-03-27T17:56:37.305831 [EDL:A3E34554] super 76.46%
2026-03-27T17:56:37.412841 [EDL:A3E34554] super 77.13%
2026-03-27T17:56:37.518729 [EDL:A3E34554] super 77.79%
2026-03-27T17:56:37.626163 [EDL:A3E34554] super 78.45%
2026-03-27T17:56:37.732688 [EDL:A3E34554] super 79.12%
2026-03-27T17:56:37.839073 [EDL:A3E34554] super 79.78%
2026-03-27T17:56:37.944218 [EDL:A3E34554] super 80.44%
2026-03-27T17:56:38.050355 [EDL:A3E34554] super 81.11%
2026-03-27T17:56:38.156461 [EDL:A3E34554] super 81.77%
2026-03-27T17:56:38.261896 [EDL:A3E34554] super 82.43%
2026-03-27T17:56:38.369650 [EDL:A3E34554] super 83.10%
2026-03-27T17:56:38.475151 [EDL:A3E34554] super 83.76%
2026-03-27T17:56:38.581391 [EDL:A3E34554] super 84.42%
2026-03-27T17:56:38.686505 [EDL:A3E34554] super 85.09%
2026-03-27T17:56:38.792012 [EDL:A3E34554] super 85.75%
2026-03-27T17:56:38.896953 [EDL:A3E34554] super 86.42%
2026-03-27T17:56:39.001981 [EDL:A3E34554] super 87.08%
2026-03-27T17:56:39.107108 [EDL:A3E34554] super 87.74%
2026-03-27T17:56:39.211465 [EDL:A3E34554] super 88.41%
2026-03-27T17:56:39.315987 [EDL:A3E34554] super 89.07%
2026-03-27T17:56:39.420810 [EDL:A3E34554] super 89.73%
2026-03-27T17:56:39.525274 [EDL:A3E34554] super 90.40%
2026-03-27T17:56:39.629757 [EDL:A3E34554] super 91.06%
2026-03-27T17:56:39.733945 [EDL:A3E34554] super 91.72%
2026-03-27T17:56:39.838532 [EDL:A3E34554] super 92.39%
2026-03-27T17:56:39.942950 [EDL:A3E34554] super 93.05%
2026-03-27T17:56:40.047969 [EDL:A3E34554] super 93.71%
2026-03-27T17:56:40.154644 [EDL:A3E34554] super 94.38%
2026-03-27T17:56:40.259355 [EDL:A3E34554] super 95.04%
2026-03-27T17:56:40.363969 [EDL:A3E34554] super 95.70%
2026-03-27T17:56:40.468942 [EDL:A3E34554] super 96.37%
2026-03-27T17:56:40.587645 [EDL:A3E34554] super 97.03%
2026-03-27T17:56:40.680392 [EDL:A3E34554] super 97.69%
2026-03-27T17:56:40.785909 [EDL:A3E34554] super 98.36%
2026-03-27T17:56:40.891483 [EDL:A3E34554] super 99.02%
2026-03-27T17:56:41.061031 [EDL:A3E34554] super 99.68%
2026-03-27T17:56:41.087824 [EDL:A3E34554] flashed "super" successfully at 41158kB/s
2026-03-27T17:56:41.195483 [EDL:A3E34554] super 1.52%
2026-03-27T17:56:41.301627 [EDL:A3E34554] super 7.58%
2026-03-27T17:56:41.408963 [EDL:A3E34554] super 13.65%
2026-03-27T17:56:41.515351 [EDL:A3E34554] super 19.71%
2026-03-27T17:56:41.619769 [EDL:A3E34554] super 25.78%
2026-03-27T17:56:41.724363 [EDL:A3E34554] super 31.84%
2026-03-27T17:56:41.828820 [EDL:A3E34554] super 37.91%
2026-03-27T17:56:41.932490 [EDL:A3E34554] super 43.98%
2026-03-27T17:56:42.035783 [EDL:A3E34554] super 50.04%
2026-03-27T17:56:42.141427 [EDL:A3E34554] super 56.11%
2026-03-27T17:56:42.247302 [EDL:A3E34554] super 62.17%
2026-03-27T17:56:42.352341 [EDL:A3E34554] super 68.24%
2026-03-27T17:56:42.455968 [EDL:A3E34554] super 74.30%
2026-03-27T17:56:42.576049 [EDL:A3E34554] super 80.37%
2026-03-27T17:56:42.664223 [EDL:A3E34554] super 86.44%
2026-03-27T17:56:42.766622 [EDL:A3E34554] super 92.50%
2026-03-27T17:56:42.902512 [EDL:A3E34554] super 98.57%
2026-03-27T17:56:42.909342 [EDL:A3E34554] flashed "super" successfully at 67528kB/s
2026-03-27T17:56:43.005493 [EDL:A3E34554] userdata 100.00%
2026-03-27T17:56:43.031854 [EDL:A3E34554] flashed "userdata" successfully
2026-03-27T17:56:43.182173 [EDL:A3E34554] userdata 45.96%
2026-03-27T17:56:43.183196 [EDL:A3E34554] flashed "userdata" successfully
2026-03-27T17:56:43.284377 [EDL:A3E34554] userdata 100.00%
2026-03-27T17:56:43.284986 [EDL:A3E34554] flashed "userdata" successfully
2026-03-27T17:56:43.386441 [EDL:A3E34554] userdata 100.00%
2026-03-27T17:56:43.387024 [EDL:A3E34554] flashed "userdata" successfully
2026-03-27T17:56:43.488641 [EDL:A3E34554] userdata 100.00%
2026-03-27T17:56:43.489240 [EDL:A3E34554] flashed "userdata" successfully
2026-03-27T17:56:43.591120 [EDL:A3E34554] userdata 100.00%
2026-03-27T17:56:43.595528 [EDL:A3E34554] flashed "userdata" successfully
2026-03-27T17:56:43.693514 [EDL:A3E34554] userdata 100.00%
2026-03-27T17:56:43.697692 [EDL:A3E34554] flashed "userdata" successfully
2026-03-27T17:56:43.796073 [EDL:A3E34554] userdata 100.00%
2026-03-27T17:56:43.800134 [EDL:A3E34554] flashed "userdata" successfully
2026-03-27T17:56:43.899764 [EDL:A3E34554] PrimaryGPT 100.00%
2026-03-27T17:56:43.909230 [EDL:A3E34554] flashed "PrimaryGPT" successfully
2026-03-27T17:56:44.002941 [EDL:A3E34554] BackupGPT 100.00%
2026-03-27T17:56:44.104757 [EDL:A3E34554] flashed "BackupGPT" successfully
2026-03-27T17:56:44.207165 [EDL:A3E34554] Applying patches 0.00%
2026-03-27T17:56:44.309025 [EDL:A3E34554] Applying patches 7.69%
2026-03-27T17:56:44.410548 [EDL:A3E34554] Applying patches 15.38%
2026-03-27T17:56:44.512605 [EDL:A3E34554] Applying patches 23.08%
2026-03-27T17:56:44.614655 [EDL:A3E34554] Applying patches 30.77%
2026-03-27T17:56:44.716810 [EDL:A3E34554] Applying patches 38.46%
2026-03-27T17:56:44.819428 [EDL:A3E34554] Applying patches 46.15%
2026-03-27T17:56:44.921764 [EDL:A3E34554] Applying patches 53.85%
2026-03-27T17:56:45.023867 [EDL:A3E34554] Applying patches 61.54%
2026-03-27T17:56:45.126109 [EDL:A3E34554] Applying patches 69.23%
2026-03-27T17:56:45.227983 [EDL:A3E34554] Applying patches 76.92%
2026-03-27T17:56:45.330084 [EDL:A3E34554] Applying patches 84.62%
2026-03-27T17:56:45.430756 [EDL:A3E34554] Applying patches 92.31%
2026-03-27T17:56:45.431350 [EDL:A3E34554] 13 patches applied
2026-03-27T17:56:45.431736 [EDL:A3E34554] partition 0 is now bootable
2026-03-27T17:56:46.540026 --- Parallel Firmware Flash Report ---
2026-03-27T17:56:46.541619 
========================================
       MULTI-DEVICE SESSION REPORT
========================================
Time: 2026-03-27 17:56:46
----------------------------------------
AIO: A3E34554       | HW: n/a          | SW: n/a            | ✅ PASS | Firmware flashed successfully.
----------------------------------------
TOTAL: 1 | PASSED: 1 | FAILED: 0
========================================
Firmware Flash Elapsed Time: 00:02:55

2026-03-27T17:56:46.543588 Parallel firmware flashing completed successfully. Total firmware flash time: 00:02:55.
2026-03-27T18:13:48.573910 Keybox ready for AT070AA2600036: /home/flasher02/keys_flashing_tool/data/keyboxes/AT070AA2600036.xml
2026-03-27T18:19:08.589368 ⚠️ AIO-024: Serial does not match AT070XXXXXXX. Keybox not generated.
2026-03-27T18:19:16.579826 ⚠️ AIO-021: Serial does not match AT070XXXXXXX. Keybox not generated.
