=== Session Log - 2026-04-08T16:36:43.724684 ===
2026-04-08T16:36:43.725179 Initializing Parallel Multi-Device Flash Process...
2026-04-08T16:36:43.727397 [AT070AA2600099] --- Starting Multi-Device Flash Process ---
2026-04-08T16:36:43.735267 [AT070AA2600099] Target devices captured at START FLASHING: 1
2026-04-08T16:36:43.735456 [AT070AA2600099] Processing 1 selected device(s) directly without reboot...
2026-04-08T16:36:43.735580 [AT070AA2600099] 
>>> PROCESSING DEVICE: AT070AA2600099 <<<
2026-04-08T16:36:43.735711 [AT070AA2600099] Device Identity (AT070AA2600099) -> HW: 8D7804F7 | SW: AT070AA2600099 | AIO: AT070AA2600099
2026-04-08T16:36:44.009313 [AT070AA2600099] Secure Boot State (AT070AA2600099): green
2026-04-08T16:36:44.016116 [AT070AA2600099] Checking Root for AT070AA2600099...
2026-04-08T16:36:44.024008 [AT070AA2600099] Pushing rkp_factory_extraction_tool to device...
2026-04-08T16:36:44.082351 [AT070AA2600099] /home/flasher02/keys_flashing_tool/data/rkp_factory_extraction_tool: 1 file pushed, 0 skipped. 85.3 MB/s (710524 bytes in 0.008s)
2026-04-08T16:36:44.084767 [AT070AA2600099] Setting permissions...
2026-04-08T16:36:44.224666 [AT070AA2600099] Executing CSR Generation on device...
2026-04-08T16:36:44.503018 [AT070AA2600099] ❌ ERROR: Device is missing Attestation IDs.
2026-04-08T16:36:44.503300 [AT070AA2600099] Saving CSR error log on device: /data/csr_error_AT070AA2600099.txt
2026-04-08T16:36:44.589372 [AT070AA2600099] Pulling CSR error log to PC...
2026-04-08T16:36:44.618301 [AT070AA2600099] /data/csr_error_AT070AA2600099.txt: 1 file pulled, 0 skipped. 0.1 MB/s (514 bytes in 0.006s)
2026-04-08T16:36:44.623014 [AT070AA2600099] ✅ CSR error log saved to: /home/flasher02/keys_flashing_tool/data/errors/csr_error_AT070AA2600099.txt
2026-04-08T16:36:44.623471 [AT070AA2600099] CSR not available yet for AT070AA2600099 (Device Error: Attestation IDs are missing or malprovisioned.). Proceeding with keybox flashing.
2026-04-08T16:36:44.629592 [AT070AA2600099] Using Keybox: /home/flasher02/keys_flashing_tool/data/keyboxes/AT070AA2600099.xml
2026-04-08T16:36:46.630385 [AT070AA2600099] Pushing keybox XML...
2026-04-08T16:36:46.673410 [AT070AA2600099] /home/flasher02/keys_flashing_tool/data/keyboxes/AT070AA2600099.xml: 1 file pushed, 0 skipped. 107.4 MB/s (12719 bytes in 0.000s)
2026-04-08T16:36:46.674987 [AT070AA2600099] Installing keybox...
2026-04-08T16:36:51.832687 [AT070AA2600099] Brand: AIOAPPInc
2026-04-08T16:36:52.753380 [AT070AA2600099] Device: T7
2026-04-08T16:36:52.753517 [AT070AA2600099] Product: TSAI
2026-04-08T16:36:52.753599 [AT070AA2600099] SerialNum: AT070AA2600099
2026-04-08T16:36:52.753674 [AT070AA2600099] Manufacturer: AIO
2026-04-08T16:36:52.753737 [AT070AA2600099] Model: T7
2026-04-08T16:36:52.753812 [AT070AA2600099] Number of keyboxes 1
2026-04-08T16:36:52.754620 [AT070AA2600099] myDeviceID: AT070AA2600099
2026-04-08T16:36:52.878820 [AT070AA2600099] keyboxCtx.device_id.data: AT070AA2600099
2026-04-08T16:36:52.878979 [AT070AA2600099] KeyMaster Attestation Key Provisioning success for KeyIDAT070AA2600099
2026-04-08T16:36:54.437007 [AT070AA2600099] TEE done
2026-04-08T16:36:54.448431 [AT070AA2600099] InstallKeybox is done!
2026-04-08T16:36:54.465482 [AT070AA2600099] Checking Root for AT070AA2600099...
2026-04-08T16:36:54.474771 [AT070AA2600099] Pushing rkp_factory_extraction_tool to device...
2026-04-08T16:36:54.526129 [AT070AA2600099] /home/flasher02/keys_flashing_tool/data/rkp_factory_extraction_tool: 1 file pushed, 0 skipped. 318.5 MB/s (710524 bytes in 0.002s)
2026-04-08T16:36:54.527220 [AT070AA2600099] Setting permissions...
2026-04-08T16:36:54.639360 [AT070AA2600099] Executing CSR Generation on device...
2026-04-08T16:36:55.039480 [AT070AA2600099] Pulling CSR to PC...
2026-04-08T16:36:55.067769 [AT070AA2600099] /data/csr_AT070AA2600099.json: 1 file pulled, 0 skipped. 0.2 MB/s (1235 bytes in 0.005s)
2026-04-08T16:36:55.068638 [AT070AA2600099] ✅ CSR Successfully Saved: csr_AT070AA2600099.json

2026-04-08T16:36:55.077178 [AT070AA2600099] 
========================================
       MULTI-DEVICE SESSION REPORT
========================================
Time: 2026-04-08 16:36:55
----------------------------------------
AIO: AT070AA2600099 | HW: 8D7804F7     | SW: AT070AA2600099 | ✅ PASS | Completed Successfully
----------------------------------------
TOTAL: 1 | PASSED: 1 | FAILED: 0
========================================

2026-04-08T16:36:55.077380 [AT070AA2600099] Processed initial devices: TOTAL=1 | PASSED=1 | FAILED=0
2026-04-08T16:36:55.077518 [AT070AA2600099] Total Elapsed Time (from START FLASHING click): 00:00:11
2026-04-08T16:36:55.077674 [AT070AA2600099] --- FINAL RESULT: PASS - Completed Successfully ---
2026-04-08T16:36:55.077784 --- Parallel Flashing Session Report ---
2026-04-08T16:36:55.078042 
========================================
       MULTI-DEVICE SESSION REPORT
========================================
Time: 2026-04-08 16:36:55
----------------------------------------
AIO: AT070AA2600099 | HW: 8D7804F7     | SW: AT070AA2600099 | ✅ PASS | Completed Successfully
----------------------------------------
TOTAL: 1 | PASSED: 1 | FAILED: 0
========================================

2026-04-08T16:36:55.078117 Processed devices in parallel: 1/1
2026-04-08T16:36:55.078185 Total Elapsed Time (from START FLASHING click): 00:00:11
2026-04-08T16:36:55.078277 --- Devices Eligible For User Firmware ---
2026-04-08T16:36:55.078366 AIO: AT070AA2600099 | HW: 8D7804F7 | SW: AT070AA2600099 | READY FOR USER FIRMWARE
2026-04-08T16:36:55.078451 Starting automatic user firmware flashing for 1 eligible device(s)...
2026-04-08T16:36:55.081509 Initializing Automatic User Firmware Flash...
2026-04-08T16:36:55.088457 
--- Starting Parallel EDL Firmware Flashing Process ---
2026-04-08T16:36:55.088898 --- Final Production Flash Report ---
2026-04-08T16:36:55.089184 
========================================
       MULTI-DEVICE SESSION REPORT
========================================
Time: 2026-04-08 16:36:55
----------------------------------------
AIO: AT070AA2600099 | HW: 8D7804F7     | SW: AT070AA2600099 | ❌ FAIL | Keybox/CSR passed; User firmware result could not be matched to this device.
----------------------------------------
TOTAL: 1 | PASSED: 0 | FAILED: 1
========================================

2026-04-08T16:36:55.089890 Start flashing finished with failures or skipped firmware. Check the final production report.
